ARM GAS  C:\Users\kroko\AppData\Local\Temp\ccHfaYmF.s 			page 1


   1              		.cpu cortex-m4
   2              		.arch armv7e-m
   3              		.fpu fpv4-sp-d16
   4              		.eabi_attribute 27, 1
   5              		.eabi_attribute 28, 1
   6              		.eabi_attribute 20, 1
   7              		.eabi_attribute 21, 1
   8              		.eabi_attribute 23, 3
   9              		.eabi_attribute 24, 1
  10              		.eabi_attribute 25, 1
  11              		.eabi_attribute 26, 1
  12              		.eabi_attribute 30, 1
  13              		.eabi_attribute 34, 1
  14              		.eabi_attribute 18, 4
  15              		.file	"font12.c"
  16              		.text
  17              	.Ltext0:
  18              		.cfi_sections	.debug_frame
  19              		.file 1 "Core/Src/Fonts/font12.c"
  20              		.global	Font12
  21              		.section	.data.Font12,"aw"
  22              		.align	2
  25              	Font12:
  26 0000 00000000 		.word	Font12_Table
  27 0004 0700     		.short	7
  28 0006 0C00     		.short	12
  29              		.global	Font12_Table
  30              		.section	.rodata.Font12_Table,"a"
  31              		.align	2
  34              	Font12_Table:
  35 0000 00000000 		.ascii	"\000\000\000\000\000\000\000\000\000\000\000\000\000"
  35      00000000 
  35      00000000 
  35      00
  36 000d 10101010 		.ascii	"\020\020\020\020\020\000\000\020\000\000\000\000lHH"
  36      10000010 
  36      00000000 
  36      6C4848
  37 001c 00000000 		.ascii	"\000\000\000\000\000\000\000\000\000\024\024(|(|(PP"
  37      00000000 
  37      00141428 
  37      7C287C28 
  37      5050
  38 002e 00000010 		.ascii	"\000\000\000\0208@@8Hp\020\020\000\000\000 P \014p\010"
  38      38404038 
  38      48701010 
  38      00000020 
  38      50200C70 
  39 0043 14080000 		.ascii	"\024\010\000\000\000\000\000\000\030  TH4\000\000\000"
  39      00000000 
  39      18202054 
  39      48340000 
  39      00
  40 0054 00101010 		.ascii	"\000\020\020\020\020\000\000\000\000\000\000\000\000"
  40      10000000 
  40      00000000 
  40      00
ARM GAS  C:\Users\kroko\AppData\Local\Temp\ccHfaYmF.s 			page 2


  41 0061 08081010 		.ascii	"\010\010\020\020\020\020\020\020\010\010\000\000  \020"
  41      10101010 
  41      08080000 
  41      202010
  42 0070 10101010 		.ascii	"\020\020\020\020\020  \000\000\020|\020((\000\000\000"
  42      10202000 
  42      00107C10 
  42      28280000 
  42      00
  43 0081 00000000 		.ascii	"\000\000\000\000\000\020\020\020\376\020\020\020\000"
  43      00101010 
  43      FE101010 
  43      00
  44 008e 00000000 		.ascii	"\000\000\000\000\000\000\000\000\000\030\0200 \000\000"
  44      00000000 
  44      00181030 
  44      200000
  45 009d 00000000 		.ascii	"\000\000\000\000|\000\000\000\000\000\000\000\000\000"
  45      7C000000 
  45      00000000 
  45      0000
  46 00ab 00000000 		.ascii	"\000\000\000\00000\000\000\000\000\004\004\010\010\020"
  46      30300000 
  46      00000404 
  46      080810
  47 00ba 10202040 		.ascii	"\020  @\000\000\0008DDDDDD8\000\000\000\0000\020\020"
  47      00000038 
  47      44444444 
  47      44443800 
  47      00000030 
  48 00d0 10101010 		.ascii	"\020\020\020\020|\000\000\000\0008D\004\010\020 D|\000"
  48      7C000000 
  48      00384404 
  48      08102044 
  48      7C00
  49 00e2 00000038 		.ascii	"\000\000\0008D\004\030\004\004D8\000\000\000\000\014"
  49      44041804 
  49      04443800 
  49      0000000C 
  50 00f2 14142444 		.ascii	"\024\024$D~\004\016\000\000\000\000<  8\004\004D8\000"
  50      7E040E00 
  50      0000003C 
  50      20203804 
  50      04443800 
  51 0106 0000001C 		.ascii	"\000\000\000\034 @xDDD8\000\000\000\000|D\004\010\010"
  51      20407844 
  51      44443800 
  51      0000007C 
  51      44040808 
  52 011a 08101000 		.ascii	"\010\020\020\000\000\000\0008DD8DDD8\000\000\000\000"
  52      00000038 
  52      44443844 
  52      44443800 
  52      000000
  53 012d 38444444 		.ascii	"8DDD<\004\010p\000\000\000\000\000\00000\000\00000\000"
  53      3C040870 
  53      00000000 
ARM GAS  C:\Users\kroko\AppData\Local\Temp\ccHfaYmF.s 			page 3


  53      00003030 
  53      00003030 
  54 0142 00000000 		.ascii	"\000\000\000\000\000\030\030\000\000\0300 \000\000\000"
  54      00181800 
  54      00183020 
  54      000000
  55 0151 000C1060 		.ascii	"\000\014\020`\200`\020\014\000\000\000\000\000\000\000"
  55      8060100C 
  55      00000000 
  55      000000
  56 0160 7C007C00 		.ascii	"|\000|\000\000\000\000\000\000\000\300 \030\004\030"
  56      00000000 
  56      0000C020 
  56      180418
  57 016f 20C00000 		.ascii	" \300\000\000\000\000\000\030$\004\010\020\0000\000"
  57      00000018 
  57      24040810 
  57      003000
  58 017e 00003844 		.ascii	"\000\0008DDLTTL@D8\000\000\0000\020(((|D\356\000\000"
  58      444C5454 
  58      4C404438 
  58      00000030 
  58      10282828 
  59 0197 0000F844 		.ascii	"\000\000\370DDxDDD\370\000\000\000\000<D@@@@D8\000\000"
  59      44784444 
  59      44F80000 
  59      00003C44 
  59      40404040 
  60 01af 0000F048 		.ascii	"\000\000\360HDDDDH\360\000\000\000\000\374DPpP@D\374"
  60      44444444 
  60      48F00000 
  60      0000FC44 
  60      50705040 
  61 01c5 00000000 		.ascii	"\000\000\000\000~\"(8(  p\000\000\000\000<D@@NDD8\000"
  61      7E222838 
  61      28202070 
  61      00000000 
  61      3C444040 
  62 01de 000000EE 		.ascii	"\000\000\000\356DD|DDD\356\000\000\000\000|\020\020"
  62      44447C44 
  62      4444EE00 
  62      0000007C 
  62      1010
  63 01f0 10101010 		.ascii	"\020\020\020\020|\000\000\000\000<\010\010\010HHH0\000"
  63      7C000000 
  63      003C0808 
  63      08484848 
  63      3000
  64 0202 000000EE 		.ascii	"\000\000\000\356DHPpHD\346\000\000\000\000p    $$|\000"
  64      44485070 
  64      4844E600 
  64      00000070 
  64      20202020 
  65 021a 000000EE 		.ascii	"\000\000\000\356llTTDD\356\000\000\000\000\356ddTTT"
  65      6C6C5454 
  65      4444EE00 
  65      000000EE 
ARM GAS  C:\Users\kroko\AppData\Local\Temp\ccHfaYmF.s 			page 4


  65      64645454 
  66 022f 4CEC0000 		.ascii	"L\354\000\000\000\0008DDDDDD8\000\000\000\000x$$$8 "
  66      00003844 
  66      44444444 
  66      44380000 
  66      00007824 
  67 0247 20700000 		.ascii	" p\000\000\000\0008DDDDDD8\034\000\000\000\370DDDxH"
  67      00003844 
  67      44444444 
  67      44381C00 
  67      0000F844 
  68 025f 44E20000 		.ascii	"D\342\000\000\000\0004L@8\004\004dX\000\000\000\000"
  68      0000344C 
  68      40380404 
  68      64580000 
  68      0000
  69 0271 FE921010 		.ascii	"\376\222\020\020\020\020\0208\000\000\000\000\356DD"
  69      10101038 
  69      00000000 
  69      EE4444
  70 0280 44444444 		.ascii	"DDDD8\000\000\000\000\356DD(((\020\020\000\000\000\000"
  70      38000000 
  70      00EE4444 
  70      28282810 
  70      10000000 
  71 0295 EE444454 		.ascii	"\356DDTTTT(\000\000\000\000\306D(\020\020(D\306\000"
  71      54545428 
  71      00000000 
  71      C6442810 
  71      102844C6 
  72 02aa 000000EE 		.ascii	"\000\000\000\356D((\020\020\0208\000\000\000\000|D\010"
  72      44282810 
  72      10103800 
  72      0000007C 
  72      4408
  73 02bc 10102044 		.ascii	"\020\020 D|\000\000\000\0008        8\000\000@   \020"
  73      7C000000 
  73      00382020 
  73      20202020 
  73      20203800 
  74 02d6 10080808 		.ascii	"\020\010\010\010\000\000\0008\010\010\010\010\010\010"
  74      00000038 
  74      08080808 
  74      0808
  75 02e4 08083800 		.ascii	"\010\0108\000\000\020\020(D\000\000\000\000\000\000"
  75      00101028 
  75      44000000 
  75      000000
  76 02f3 00000000 		.ascii	"\000\000\000\000\000\000\000\000\000\000\000\000\376"
  76      00000000 
  76      00000000 
  76      FE
  77 0300 00100800 		.ascii	"\000\020\010\000\000\000\000\000\000\000\000\000\000"
  77      00000000 
  77      00000000 
  77      00
  78 030d 00003844 		.ascii	"\000\0008D<DD>\000\000\000\000\300@XdDDD\370\000\000"
ARM GAS  C:\Users\kroko\AppData\Local\Temp\ccHfaYmF.s 			page 5


  78      3C44443E 
  78      00000000 
  78      C0405864 
  78      444444F8 
  79 0323 00000000 		.ascii	"\000\000\000\000<D@@D8\000\000\000\000\014\0044LDDD"
  79      3C444040 
  79      44380000 
  79      00000C04 
  79      344C4444 
  80 0338 3E000000 		.ascii	">\000\000\000\000\000\0008D|@@<\000\000\000\000\034"
  80      00000038 
  80      447C4040 
  80      3C000000 
  80      001C
  81 034a 207C2020 		.ascii	" |    |\000\000\000\000\000\0006LDDD<\0048\000\000\300"
  81      20207C00 
  81      00000000 
  81      00364C44 
  81      44443C04 
  82 0362 40586444 		.ascii	"@XdDDD\356\000\000\000\000\020\000p\020\020\020\020"
  82      4444EE00 
  82      00000010 
  82      00701010 
  82      1010
  83 0374 7C000000 		.ascii	"|\000\000\000\000\020\000x\010\010\010\010\010\010p"
  83      00100078 
  83      08080808 
  83      080870
  84 0383 0000C040 		.ascii	"\000\000\300@\\HpPH\334\000\000\000\0000\020\020\020"
  84      5C487050 
  84      48DC0000 
  84      00003010 
  84      1010
  85 0395 1010107C 		.ascii	"\020\020\020|\000\000\000\000\000\000\350TTTT\376\000"
  85      00000000 
  85      0000E854 
  85      545454FE 
  85      00
  86 03a6 00000000 		.ascii	"\000\000\000\000\000\330dDDD\356\000\000\000\000\000"
  86      00D86444 
  86      4444EE00 
  86      00000000 
  87 03b6 00384444 		.ascii	"\0008DDDD8\000\000\000\000\000\000\330dDDDx@\340\000"
  87      44443800 
  87      00000000 
  87      00D86444 
  87      44447840 
  88 03cc 00000036 		.ascii	"\000\000\0006LDDD<\004\016\000\000\000\000l0   |\000"
  88      4C444444 
  88      3C040E00 
  88      0000006C 
  88      30202020 
  89 03e2 00000000 		.ascii	"\000\000\000\000\000<D8\004Dx\000\000\000\000\000 |"
  89      003C4438 
  89      04447800 
  89      00000000 
  89      207C
ARM GAS  C:\Users\kroko\AppData\Local\Temp\ccHfaYmF.s 			page 6


  90 03f4 20202022 		.ascii	"   \"\034\000\000\000\000\000\000\314DDDL6\000\000\000"
  90      1C000000 
  90      000000CC 
  90      4444444C 
  90      36000000 
  91 0408 000000EE 		.ascii	"\000\000\000\356DD((\020\000\000\000\000\000\000\356"
  91      44442828 
  91      10000000 
  91      000000EE 
  92 0418 44545454 		.ascii	"DTTT(\000\000\000\000\000\000\314H00H\314\000\000\000"
  92      28000000 
  92      000000CC 
  92      48303048 
  92      CC000000 
  93 042c 000000EE 		.ascii	"\000\000\000\356D$(\030\020\020x\000\000\000\000|H\020"
  93      44242818 
  93      10107800 
  93      0000007C 
  93      4810
  94 043e 20447C00 		.ascii	" D|\000\000\000\000\010\020\020\020\020 \020\020\020"
  94      00000008 
  94      10101010 
  94      20101010 
  95 044e 08000010 		.ascii	"\010\000\000\020\020\020\020\020\020\020\020\020\000"
  95      10101010 
  95      10101010 
  95      00
  96 045b 00002010 		.ascii	"\000\000 \020\020\020\020\010\020\020\020 \000\000\000"
  96      10101008 
  96      10101020 
  96      000000
  97 046a 00000024 		.ascii	"\000\000\000$X\000\000\000\000\000"
  97      58000000 
  97      0000
  98              		.text
  99              	.Letext0:
 100              		.file 2 "C:/Program Files (x86)/Arm GNU Toolchain arm-none-eabi/14.2 rel1/arm-none-eabi/include/ma
 101              		.file 3 "C:/Program Files (x86)/Arm GNU Toolchain arm-none-eabi/14.2 rel1/arm-none-eabi/include/sy
 102              		.file 4 "Core/Inc/Fonts/fonts.h"
ARM GAS  C:\Users\kroko\AppData\Local\Temp\ccHfaYmF.s 			page 7


DEFINED SYMBOLS
                            *ABS*:00000000 font12.c
C:\Users\kroko\AppData\Local\Temp\ccHfaYmF.s:25     .data.Font12:00000000 Font12
C:\Users\kroko\AppData\Local\Temp\ccHfaYmF.s:22     .data.Font12:00000000 $d
C:\Users\kroko\AppData\Local\Temp\ccHfaYmF.s:34     .rodata.Font12_Table:00000000 Font12_Table
C:\Users\kroko\AppData\Local\Temp\ccHfaYmF.s:31     .rodata.Font12_Table:00000000 $d

NO UNDEFINED SYMBOLS
