ARM GAS  C:\Users\kroko\AppData\Local\Temp\cc6XqO26.s 			page 1


   1              		.cpu cortex-m4
   2              		.arch armv7e-m
   3              		.fpu fpv4-sp-d16
   4              		.eabi_attribute 27, 1
   5              		.eabi_attribute 28, 1
   6              		.eabi_attribute 20, 1
   7              		.eabi_attribute 21, 1
   8              		.eabi_attribute 23, 3
   9              		.eabi_attribute 24, 1
  10              		.eabi_attribute 25, 1
  11              		.eabi_attribute 26, 1
  12              		.eabi_attribute 30, 1
  13              		.eabi_attribute 34, 1
  14              		.eabi_attribute 18, 4
  15              		.file	"font20.c"
  16              		.text
  17              	.Ltext0:
  18              		.cfi_sections	.debug_frame
  19              		.file 1 "Core/Src/Fonts/font20.c"
  20              		.global	Font20
  21              		.section	.data.Font20,"aw"
  22              		.align	2
  25              	Font20:
  26 0000 00000000 		.word	Font20_Table
  27 0004 0E00     		.short	14
  28 0006 1400     		.short	20
  29              		.global	Font20_Table
  30              		.section	.rodata.Font20_Table,"a"
  31              		.align	2
  34              	Font20_Table:
  35 0000 00000000 		.ascii	"\000\000\000\000\000\000\000\000\000\000\000\000\000"
  35      00000000 
  35      00000000 
  35      00
  36 000d 00000000 		.ascii	"\000\000\000\000\000\000\000\000\000\000\000\000\000"
  36      00000000 
  36      00000000 
  36      00
  37 001a 00000000 		.ascii	"\000\000\000\000\000\000\000\000\000\000\000\000\000"
  37      00000000 
  37      00000000 
  37      00
  38 0027 00000007 		.ascii	"\000\000\000\007\000\007\000\007\000\007\000\007\000"
  38      00070007 
  38      00070007 
  38      00
  39 0034 07000700 		.ascii	"\007\000\007\000\002\000\002\000\000\000\000\000\007"
  39      02000200 
  39      00000000 
  39      07
  40 0041 00070000 		.ascii	"\000\007\000\000\000\000\000\000\000\000\000\000\000"
  40      00000000 
  40      00000000 
  40      00
  41 004e 00000000 		.ascii	"\000\000\000\000\000\000\034\340\034\340\034\340\010"
  41      00001CE0 
  41      1CE01CE0 
ARM GAS  C:\Users\kroko\AppData\Local\Temp\cc6XqO26.s 			page 2


  41      08
  42 005b 40084008 		.ascii	"@\010@\010@\000\000\000\000\000\000\000\000\000\000"
  42      40000000 
  42      00000000 
  42      000000
  43 006a 00000000 		.ascii	"\000\000\000\000\000\000\000\000\000\000\000\000\000"
  43      00000000 
  43      00000000 
  43      00
  44 0077 000CC00C 		.ascii	"\000\014\300\014\300\014\300\014\300\014\300?\360?\360"
  44      C00CC00C 
  44      C00CC03F 
  44      F03FF0
  45 0086 0CC00CC0 		.ascii	"\014\300\014\300?\360?\360\014\300\014\300\014\300\014"
  45      3FF03FF0 
  45      0CC00CC0 
  45      0CC00C
  46 0095 C00CC000 		.ascii	"\300\014\300\000\000\000\000\000\000\000\000\003\000"
  46      00000000 
  46      00000003 
  46      00
  47 00a2 030007E0 		.ascii	"\003\000\007\340\017\340\030`\030\000\037\000\017\300"
  47      0FE01860 
  47      18001F00 
  47      0FC0
  48 00b0 00E01860 		.ascii	"\000\340\030`\030`\037\300\037\200\003\000\003\000\003"
  48      18601FC0 
  48      1F800300 
  48      030003
  49 00bf 00000000 		.ascii	"\000\000\000\000\000\000\000\000\000\000\000\034\000"
  49      00000000 
  49      0000001C 
  49      00
  50 00cc 22002200 		.ascii	"\"\000\"\000\"\000\034`\001\340\017\200<\0001\300\002"
  50      22001C60 
  50      01E00F80 
  50      3C0031C0 
  50      02
  51 00dd 20022002 		.ascii	" \002 \002 \001\300\000\000\000\000\000\000\000\000"
  51      2001C000 
  51      00000000 
  51      000000
  52 00ec 00000000 		.ascii	"\000\000\000\000\000\000\000\000\000\000\003\340\017"
  52      00000000 
  52      000003E0 
  52      0F
  53 00f9 E00C000C 		.ascii	"\340\014\000\014\000\006\000\0170\037\360\031\340\030"
  53      0006000F 
  53      301FF019 
  53      E018
  54 0107 C01FF007 		.ascii	"\300\037\360\007\260\000\000\000\000\000\000\000\000"
  54      B0000000 
  54      00000000 
  54      00
  55 0114 00000000 		.ascii	"\000\000\000\000\000\000\000\000\003\200\003\200\003"
  55      00000000 
  55      03800380 
ARM GAS  C:\Users\kroko\AppData\Local\Temp\cc6XqO26.s 			page 3


  55      03
  56 0121 80010001 		.ascii	"\200\001\000\001\000\001\000\000\000\000\000\000\000"
  56      00010000 
  56      00000000 
  56      00
  57 012e 00000000 		.ascii	"\000\000\000\000\000\000\000\000\000\000\000\000\000"
  57      00000000 
  57      00000000 
  57      00
  58 013b 00000000 		.ascii	"\000\000\000\000\000\000\000\000\300\000\300\001\200"
  58      00000000 
  58      C000C001 
  58      80
  59 0148 01800180 		.ascii	"\001\200\001\200\003\000\003\000\003\000\003\000\003"
  59      03000300 
  59      03000300 
  59      03
  60 0155 00030001 		.ascii	"\000\003\000\001\200\001\200\001\200\000\300\000\300"
  60      80018001 
  60      8000C000 
  60      C0
  61 0162 00000000 		.ascii	"\000\000\000\000\000\000\000\000\014\000\014\000\006"
  61      00000000 
  61      0C000C00 
  61      06
  62 016f 00060006 		.ascii	"\000\006\000\006\000\003\000\003\000\003\000\003\000"
  62      00030003 
  62      00030003 
  62      00
  63 017c 03000300 		.ascii	"\003\000\003\000\006\000\006\000\006\000\014\000\014"
  63      06000600 
  63      06000C00 
  63      0C
  64 0189 00000000 		.ascii	"\000\000\000\000\000\000\000\000\000\003\000\003\000"
  64      00000000 
  64      00030003 
  64      00
  65 0196 03001B60 		.ascii	"\003\000\033`\037\340\007\200\007\200\017\300\014\300"
  65      1FE00780 
  65      07800FC0 
  65      0CC0
  66 01a4 00000000 		.ascii	"\000\000\000\000\000\000\000\000\000\000\000\000\000"
  66      00000000 
  66      00000000 
  66      00
  67 01b1 00000000 		.ascii	"\000\000\000\000\000\000\000\000\000\000\000\000\000"
  67      00000000 
  67      00000000 
  67      00
  68 01be 03000300 		.ascii	"\003\000\003\000\003\000\003\000?\360?\360\003\000\003"
  68      03000300 
  68      3FF03FF0 
  68      030003
  69 01cd 00030003 		.ascii	"\000\003\000\003\000\000\000\000\000\000\000\000\000"
  69      00000000 
  69      00000000 
  69      00
ARM GAS  C:\Users\kroko\AppData\Local\Temp\cc6XqO26.s 			page 4


  70 01da 00000000 		.ascii	"\000\000\000\000\000\000\000\000\000\000\000\000\000"
  70      00000000 
  70      00000000 
  70      00
  71 01e7 00000000 		.ascii	"\000\000\000\000\000\000\000\000\000\000\000\000\000"
  71      00000000 
  71      00000000 
  71      00
  72 01f4 00000380 		.ascii	"\000\000\003\200\003\000\003\000\006\000\006\000\004"
  72      03000300 
  72      06000600 
  72      04
  73 0201 00000000 		.ascii	"\000\000\000\000\000\000\000\000\000\000\000\000\000"
  73      00000000 
  73      00000000 
  73      00
  74 020e 00000000 		.ascii	"\000\000\000\000\000\000\000\000?\340?\340\000\000\000"
  74      00000000 
  74      3FE03FE0 
  74      000000
  75 021d 00000000 		.ascii	"\000\000\000\000\000\000\000\000\000\000\000\000\000"
  75      00000000 
  75      00000000 
  75      00
  76 022a 00000000 		.ascii	"\000\000\000\000\000\000\000\000\000\000\000\000\000"
  76      00000000 
  76      00000000 
  76      00
  77 0237 00000000 		.ascii	"\000\000\000\000\000\000\000\000\000\000\000\000\000"
  77      00000000 
  77      00000000 
  77      00
  78 0244 00000380 		.ascii	"\000\000\003\200\003\200\003\200\000\000\000\000\000"
  78      03800380 
  78      00000000 
  78      00
  79 0251 00000000 		.ascii	"\000\000\000\000\000\000\000\000`\000`\000\300\000\300"
  79      00000000 
  79      60006000 
  79      C000C0
  80 0260 00C00180 		.ascii	"\000\300\001\200\001\200\003\000\003\000\006\000\006"
  80      01800300 
  80      03000600 
  80      06
  81 026d 000C000C 		.ascii	"\000\014\000\014\000\014\000\030\000\030\000\000\000"
  81      000C0018 
  81      00180000 
  81      00
  82 027a 00000000 		.ascii	"\000\000\000\000\000\000\000\000\017\200\037\300\030"
  82      00000000 
  82      0F801FC0 
  82      18
  83 0287 C0306030 		.ascii	"\3000`0`0`0`0`0`0`\030\300\037\300\017\200\000\000\000"
  83      60306030 
  83      60306030 
  83      60306018 
  83      C01FC00F 
ARM GAS  C:\Users\kroko\AppData\Local\Temp\cc6XqO26.s 			page 5


  84 029f 00000000 		.ascii	"\000\000\000\000\000\000\000\000\000\000\000\003\000"
  84      00000000 
  84      00000003 
  84      00
  85 02ac 1F001F00 		.ascii	"\037\000\037\000\003\000\003\000\003\000\003\000\003"
  85      03000300 
  85      03000300 
  85      03
  86 02b9 00030003 		.ascii	"\000\003\000\003\000\003\000\037\340\037\340\000\000"
  86      0003001F 
  86      E01FE000 
  86      00
  87 02c6 00000000 		.ascii	"\000\000\000\000\000\000\000\000\000\000\000\000\017"
  87      00000000 
  87      00000000 
  87      0F
  88 02d3 801FC038 		.ascii	"\200\037\3008\3400`\000`\000\300\001\200\003\000\006"
  88      E0306000 
  88      6000C001 
  88      80030006 
  89 02e3 000C0018 		.ascii	"\000\014\000\030\000?\340?\340\000\000\000\000\000\000"
  89      003FE03F 
  89      E0000000 
  89      000000
  90 02f2 00000000 		.ascii	"\000\000\000\000\000\000\000\000\017\200?\3000\340\000"
  90      00000000 
  90      0F803FC0 
  90      30E000
  91 0301 6000E007 		.ascii	"`\000\340\007\300\007\300\000\340\000`\000``\340\177"
  91      C007C000 
  91      E0006000 
  91      6060E07F 
  92 0311 C03F8000 		.ascii	"\300?\200\000\000\000\000\000\000\000\000\000\000\000"
  92      00000000 
  92      00000000 
  92      0000
  93 031f 00000001 		.ascii	"\000\000\000\001\300\003\300\003\300\006\300\014\300"
  93      C003C003 
  93      C006C00C 
  93      C0
  94 032c 0CC018C0 		.ascii	"\014\300\030\3000\300?\340?\340\000\300\003\340\003"
  94      30C03FE0 
  94      3FE000C0 
  94      03E003
  95 033b E0000000 		.ascii	"\340\000\000\000\000\000\000\000\000\000\000\000\000"
  95      00000000 
  95      00000000 
  95      00
  96 0348 00001FC0 		.ascii	"\000\000\037\300\037\300\030\000\030\000\037\200\037"
  96      1FC01800 
  96      18001F80 
  96      1F
  97 0355 C018E000 		.ascii	"\300\030\340\000`\000`\000`0\340?\300\037\200\000\000"
  97      60006000 
  97      6030E03F 
  97      C01F8000 
  97      00
ARM GAS  C:\Users\kroko\AppData\Local\Temp\cc6XqO26.s 			page 6


  98 0366 00000000 		.ascii	"\000\000\000\000\000\000\000\000\000\000\000\000\003"
  98      00000000 
  98      00000000 
  98      03
  99 0373 E00FE01E 		.ascii	"\340\017\340\036\000\030\0008\0007\200?\3008\3400`0"
  99      00180038 
  99      0037803F 
  99      C038E030 
  99      6030
 100 0385 6018E01F 		.ascii	"`\030\340\037\300\007\200\000\000\000\000\000\000\000"
 100      C0078000 
 100      00000000 
 100      0000
 101 0393 00000000 		.ascii	"\000\000\000\000\000\000\000?\340?\3400`\000`\000\300"
 101      0000003F 
 101      E03FE030 
 101      60006000 
 101      C0
 102 03a4 00C000C0 		.ascii	"\000\300\000\300\001\200\001\200\001\200\003\000\003"
 102      01800180 
 102      01800300 
 102      03
 103 03b1 00030000 		.ascii	"\000\003\000\000\000\000\000\000\000\000\000\000\000"
 103      00000000 
 103      00000000 
 103      00
 104 03be 00000000 		.ascii	"\000\000\000\000\017\200\037\3008\3400`8\340\037\300"
 104      0F801FC0 
 104      38E03060 
 104      38E01FC0 
 105 03ce 1FC038E0 		.ascii	"\037\3008\3400`0`8\340\037\300\017\200\000\000\000\000"
 105      30603060 
 105      38E01FC0 
 105      0F800000 
 105      0000
 106 03e0 00000000 		.ascii	"\000\000\000\000\000\000\000\000\000\000\017\000\037"
 106      00000000 
 106      00000F00 
 106      1F
 107 03ed C038C030 		.ascii	"\3008\3000`0`8\340\037\340\017`\000\340\000\300\003"
 107      60306038 
 107      E01FE00F 
 107      6000E000 
 107      C003
 108 03ff C03F803E 		.ascii	"\300?\200>\000\000\000\000\000\000\000\000\000\000\000"
 108      00000000 
 108      00000000 
 108      000000
 109 040e 00000000 		.ascii	"\000\000\000\000\000\000\000\000\000\000\000\000\003"
 109      00000000 
 109      00000000 
 109      03
 110 041b 80038003 		.ascii	"\200\003\200\003\200\000\000\000\000\000\000\003\200"
 110      80000000 
 110      00000003 
 110      80
 111 0428 03800380 		.ascii	"\003\200\003\200\000\000\000\000\000\000\000\000\000"
ARM GAS  C:\Users\kroko\AppData\Local\Temp\cc6XqO26.s 			page 7


 111      00000000 
 111      00000000 
 111      00
 112 0435 00000000 		.ascii	"\000\000\000\000\000\000\000\000\000\000\000\000\000"
 112      00000000 
 112      00000000 
 112      00
 113 0442 01C001C0 		.ascii	"\001\300\001\300\001\300\000\000\000\000\000\000\003"
 113      01C00000 
 113      00000000 
 113      03
 114 044f 80030006 		.ascii	"\200\003\000\006\000\006\000\004\000\000\000\000\000"
 114      00060004 
 114      00000000 
 114      00
 115 045c 00000000 		.ascii	"\000\000\000\000\000\000\000\000\000\000\0000\000\360"
 115      00000000 
 115      00000030 
 115      00F0
 116 046a 03C00700 		.ascii	"\003\300\007\000\034\000x\000\034\000\007\000\003\300"
 116      1C007800 
 116      1C000700 
 116      03C0
 117 0478 00F00030 		.ascii	"\000\360\0000\000\000\000\000\000\000\000\000\000\000"
 117      00000000 
 117      00000000 
 117      0000
 118 0486 00000000 		.ascii	"\000\000\000\000\000\000\000\000\000\000\000\000\177"
 118      00000000 
 118      00000000 
 118      7F
 119 0493 F07FF000 		.ascii	"\360\177\360\000\000\000\000\177\360\177\360\000\000"
 119      0000007F 
 119      F07FF000 
 119      00
 120 04a0 00000000 		.ascii	"\000\000\000\000\000\000\000\000\000\000\000\000\000"
 120      00000000 
 120      00000000 
 120      00
 121 04ad 00000000 		.ascii	"\000\000\000\000\000\000\000\000\0000\000<\000\017\000"
 121      00000000 
 121      0030003C 
 121      000F00
 122 04bc 038000E0 		.ascii	"\003\200\000\340\000x\000\340\003\200\017\000<\0000"
 122      007800E0 
 122      03800F00 
 122      3C0030
 123 04cb 00000000 		.ascii	"\000\000\000\000\000\000\000\000\000\000\000\000\000"
 123      00000000 
 123      00000000 
 123      00
 124 04d8 00000000 		.ascii	"\000\000\000\000\017\200\037\300\030`\030`\000`\001"
 124      0F801FC0 
 124      18601860 
 124      006001
 125 04e7 C0038003 		.ascii	"\300\003\200\003\000\000\000\000\000\007\000\007\000"
 125      00000000 
ARM GAS  C:\Users\kroko\AppData\Local\Temp\cc6XqO26.s 			page 8


 125      00070007 
 125      00
 126 04f4 00000000 		.ascii	"\000\000\000\000\000\000\000\000\000\000\000\000\000"
 126      00000000 
 126      00000000 
 126      00
 127 0501 0003800C 		.ascii	"\000\003\200\014\200\010@\020@\020@\021\300\022@\022"
 127      80084010 
 127      40104011 
 127      C0124012 
 128 0511 40124011 		.ascii	"@\022@\021\300\020\000\010\000\010@\007\200\000\000"
 128      C0100008 
 128      00084007 
 128      800000
 129 0520 00000000 		.ascii	"\000\000\000\000\000\000\000\000\000\000\000\000\037"
 129      00000000 
 129      00000000 
 129      1F
 130 052d 801F8003 		.ascii	"\200\037\200\003\200\006\300\006\300\014\300\014`\037"
 130      8006C006 
 130      C00CC00C 
 130      601F
 131 053b E01FE030 		.ascii	"\340\037\34000xxxx\000\000\000\000\000\000\000\000\000"
 131      30787878 
 131      78000000 
 131      00000000 
 131      0000
 132 054d 00000000 		.ascii	"\000\000\000\000\000\000\000?\200?\300\030`\030`\030"
 132      0000003F 
 132      803FC018 
 132      60186018 
 133 055d E01FC01F 		.ascii	"\340\037\300\037\340\030p\0300\0300?\360?\340\000\000"
 133      E0187018 
 133      3018303F 
 133      F03FE000 
 133      00
 134 056e 00000000 		.ascii	"\000\000\000\000\000\000\000\000\000\000\000\000\000"
 134      00000000 
 134      00000000 
 134      00
 135 057b 0007B00F 		.ascii	"\000\007\260\017\360\034p800\0000\0000\0000\00080\034"
 135      F01C7038 
 135      30300030 
 135      00300030 
 135      0038301C 
 136 058f 700FE007 		.ascii	"p\017\340\007\300\000\000\000\000\000\000\000\000\000"
 136      C0000000 
 136      00000000 
 136      0000
 137 059d 00000000 		.ascii	"\000\000\000\000\000\000\000\177\200\177\3000\3400p"
 137      0000007F 
 137      807FC030 
 137      E03070
 138 05ac 30303030 		.ascii	"000000000p0\340\177\300\177\200\000\000\000\000\000"
 138      30303030 
 138      307030E0 
 138      7FC07F80 
ARM GAS  C:\Users\kroko\AppData\Local\Temp\cc6XqO26.s 			page 9


 138      00000000 
 139 05c1 00000000 		.ascii	"\000\000\000\000\000\000\000\000\000\000\000?\360?\360"
 139      00000000 
 139      0000003F 
 139      F03FF0
 140 05d0 18301830 		.ascii	"\0300\0300\031\200\037\200\037\200\031\200\0300\030"
 140      19801F80 
 140      1F801980 
 140      183018
 141 05df 303FF03F 		.ascii	"0?\360?\360\000\000\000\000\000\000\000\000\000\000"
 141      F0000000 
 141      00000000 
 141      000000
 142 05ee 00000000 		.ascii	"\000\000\000\000\000\000?\360?\360\0300\0300\031\200"
 142      00003FF0 
 142      3FF01830 
 142      18301980 
 143 05fe 1F801F80 		.ascii	"\037\200\037\200\031\200\030\000\030\000?\000?\000\000"
 143      19801800 
 143      18003F00 
 143      3F0000
 144 060d 00000000 		.ascii	"\000\000\000\000\000\000\000\000\000\000\000\000\000"
 144      00000000 
 144      00000000 
 144      00
 145 061a 000007B0 		.ascii	"\000\000\007\260\037\360\030p000\0000\0001\3701\370"
 145      1FF01870 
 145      30303000 
 145      300031F8 
 145      31F8
 146 062c 30301830 		.ascii	"00\0300\037\360\007\300\000\000\000\000\000\000\000"
 146      1FF007C0 
 146      00000000 
 146      000000
 147 063b 00000000 		.ascii	"\000\000\000\000\000\000\000\000\000<\360<\360\030`"
 147      00000000 
 147      003CF03C 
 147      F01860
 148 064a 18601860 		.ascii	"\030`\030`\037\340\037\340\030`\030`\030`<\360<\360"
 148      1FE01FE0 
 148      18601860 
 148      18603CF0 
 148      3CF0
 149 065c 00000000 		.ascii	"\000\000\000\000\000\000\000\000\000\000\000\000\000"
 149      00000000 
 149      00000000 
 149      00
 150 0669 0000001F 		.ascii	"\000\000\000\037\340\037\340\003\000\003\000\003\000"
 150      E01FE003 
 150      00030003 
 150      00
 151 0676 03000300 		.ascii	"\003\000\003\000\003\000\003\000\003\000\037\340\037"
 151      03000300 
 151      03001FE0 
 151      1F
 152 0683 E0000000 		.ascii	"\340\000\000\000\000\000\000\000\000\000\000\000\000"
 152      00000000 
ARM GAS  C:\Users\kroko\AppData\Local\Temp\cc6XqO26.s 			page 10


 152      00000000 
 152      00
 153 0690 00000000 		.ascii	"\000\000\000\000\003\370\003\370\000`\000`\000`\000"
 153      03F803F8 
 153      00600060 
 153      006000
 154 069f 60306030 		.ascii	"`0`0`0`0\340?\300\017\200\000\000\000\000\000\000\000"
 154      60306030 
 154      E03FC00F 
 154      80000000 
 154      00000000 
 155 06b3 00000000 		.ascii	"\000\000\000\000\000\000\000\000\000>\370>\370\030\340"
 155      00000000 
 155      003EF83E 
 155      F818E0
 156 06c2 19801B00 		.ascii	"\031\200\033\000\037\000\035\200\030\300\030\300\030"
 156      1F001D80 
 156      18C018C0 
 156      18
 157 06cf 603E783E 		.ascii	"`>x>8\000\000\000\000\000\000\000\000\000\000\000\000"
 157      38000000 
 157      00000000 
 157      00000000 
 157      00
 158 06e0 00000000 		.ascii	"\000\000\000\000?\000?\000\014\000\014\000\014\000\014"
 158      3F003F00 
 158      0C000C00 
 158      0C000C
 159 06ef 000C000C 		.ascii	"\000\014\000\0140\0140\0140?\360?\360\000\000\000\000"
 159      300C300C 
 159      303FF03F 
 159      F0000000 
 159      00
 160 0700 00000000 		.ascii	"\000\000\000\000\000\000\000\000\000\000\000\000xxx"
 160      00000000 
 160      00000000 
 160      787878
 161 070f 7838703C 		.ascii	"x8p<\3604\2607\2607\260303000|\370|\370\000\000\000"
 161      F034B037 
 161      B037B033 
 161      30333030 
 161      307CF87C 
 162 0727 00000000 		.ascii	"\000\000\000\000\000\000\000\000\000\000\000\000\000"
 162      00000000 
 162      00000000 
 162      00
 163 0734 39F03DF0 		.ascii	"9\360=\360\034`\036`\036`\033`\033`\031\340\031\340"
 163      1C601E60 
 163      1E601B60 
 163      1B6019E0 
 163      19E0
 164 0746 18E03EE0 		.ascii	"\030\340>\340>`\000\000\000\000\000\000\000\000\000"
 164      3E600000 
 164      00000000 
 164      000000
 165 0755 00000000 		.ascii	"\000\000\000\000\000\000\000\007\200\017\300\034\340"
 165      00000007 
ARM GAS  C:\Users\kroko\AppData\Local\Temp\cc6XqO26.s 			page 11


 165      800FC01C 
 165      E0
 166 0762 38703030 		.ascii	"8p000000008p\034\340\017\300\007\200\000\000\000\000"
 166      30303030 
 166      30303870 
 166      1CE00FC0 
 166      07800000 
 167 0778 00000000 		.ascii	"\000\000\000\000\000\000\000\000\000\000\000\000?\300"
 167      00000000 
 167      00000000 
 167      3FC0
 168 0786 3FE01870 		.ascii	"?\340\030p\0300\0300\030p\037\340\037\300\030\000\030"
 168      18301830 
 168      18701FE0 
 168      1FC01800 
 168      18
 169 0797 003F003F 		.ascii	"\000?\000?\000\000\000\000\000\000\000\000\000\000\000"
 169      00000000 
 169      00000000 
 169      000000
 170 07a6 00000000 		.ascii	"\000\000\000\000\000\000\007\200\017\300\034\3408p0"
 170      00000780 
 170      0FC01CE0 
 170      387030
 171 07b5 30303030 		.ascii	"00000008p\034\340\017\300\007\200\007\260\017\360\014"
 171      30303038 
 171      701CE00F 
 171      C0078007 
 171      B00FF00C 
 172 07c9 E0000000 		.ascii	"\340\000\000\000\000\000\000"
 172      000000
 173 07d0 00000000 		.ascii	"\000\000\000\000?\300?\340\030p\0300\030p\037\340\037"
 173      3FC03FE0 
 173      18701830 
 173      18701FE0 
 173      1F
 174 07e1 C018E018 		.ascii	"\300\030\340\030`\030p>8>\030\000\000\000\000\000\000"
 174      6018703E 
 174      383E1800 
 174      00000000 
 174      00
 175 07f2 00000000 		.ascii	"\000\000\000\000\000\000\000\000\000\000\017\260\037"
 175      00000000 
 175      00000FB0 
 175      1F
 176 07ff F0387030 		.ascii	"\3608p008\000\037\200\007\340\000p008p?\3407\300\000"
 176      3038001F 
 176      8007E000 
 176      70303038 
 176      703FE037 
 177 0815 00000000 		.ascii	"\000\000\000\000\000\000\000\000\000\000\000\000\000"
 177      00000000 
 177      00000000 
 177      00
 178 0822 00003FF0 		.ascii	"\000\000?\360?\360303030\003\000\003\000\003\000\003"
 178      3FF03330 
 178      33303330 
ARM GAS  C:\Users\kroko\AppData\Local\Temp\cc6XqO26.s 			page 12


 178      03000300 
 178      030003
 179 0835 0003000F 		.ascii	"\000\003\000\017\300\017\300\000\000\000\000\000\000"
 179      C00FC000 
 179      00000000 
 179      00
 180 0842 00000000 		.ascii	"\000\000\000\000\000\000\000\000\000\000<\360<\360\030"
 180      00000000 
 180      00003CF0 
 180      3CF018
 181 0851 60186018 		.ascii	"`\030`\030`\030`\030`\030`\030`\034\340\017\300\007"
 181      60186018 
 181      60186018 
 181      601CE00F 
 181      C007
 182 0863 80000000 		.ascii	"\200\000\000\000\000\000\000\000\000\000\000\000\000"
 182      00000000 
 182      00000000 
 182      00
 183 0870 00000000 		.ascii	"\000\000\000\000x\360x\3600`0`\030\300\030\300\015\200"
 183      78F078F0 
 183      30603060 
 183      18C018C0 
 183      0D80
 184 0882 0D800D80 		.ascii	"\015\200\015\200\007\000\007\000\007\000\000\000\000"
 184      07000700 
 184      07000000 
 184      00
 185 088f 00000000 		.ascii	"\000\000\000\000\000\000\000\000\000\000\000\000\000"
 185      00000000 
 185      00000000 
 185      00
 186 089c 7C7C7C7C 		.ascii	"||||0\0303\2303\2303\2306\330\026\320\034p\034p\034"
 186      30183398 
 186      33983398 
 186      36D816D0 
 186      1C701C70 
 187 08b1 70183000 		.ascii	"p\0300\000\000\000\000\000\000\000\000\000\000\000\000"
 187      00000000 
 187      00000000 
 187      000000
 188 08c0 00000000 		.ascii	"\000\000\000\000x\360x\3600`\030\300\015\200\007\000"
 188      78F078F0 
 188      306018C0 
 188      0D800700 
 189 08d0 07000D80 		.ascii	"\007\000\015\200\030\3000`x\360x\360\000\000\000\000"
 189      18C03060 
 189      78F078F0 
 189      00000000 
 190 08e0 00000000 		.ascii	"\000\000\000\000\000\000\000\000\000\000\000\000<\360"
 190      00000000 
 190      00000000 
 190      3CF0
 191 08ee 3CF01860 		.ascii	"<\360\030`\014\300\007\200\007\200\003\000\003\000\003"
 191      0CC00780 
 191      07800300 
 191      030003
ARM GAS  C:\Users\kroko\AppData\Local\Temp\cc6XqO26.s 			page 13


 192 08fd 0003000F 		.ascii	"\000\003\000\017\300\017\300\000\000\000\000\000\000"
 192      C00FC000 
 192      00000000 
 192      00
 193 090a 00000000 		.ascii	"\000\000\000\000\000\000\000\000\000\000\037\340\037"
 193      00000000 
 193      00001FE0 
 193      1F
 194 0917 E0186018 		.ascii	"\340\030`\030\300\001\200\003\000\003\000\006\000\014"
 194      C0018003 
 194      00030006 
 194      000C
 195 0925 6018601F 		.ascii	"`\030`\037\340\037\340\000\000\000\000\000\000\000\000"
 195      E01FE000 
 195      00000000 
 195      000000
 196 0934 00000000 		.ascii	"\000\000\000\000\000\000\003\300\003\300\003\000\003"
 196      000003C0 
 196      03C00300 
 196      03
 197 0941 00030003 		.ascii	"\000\003\000\003\000\003\000\003\000\003\000\003\000"
 197      00030003 
 197      00030003 
 197      00
 198 094e 03000300 		.ascii	"\003\000\003\000\003\000\003\000\003\300\003\300\000"
 198      03000300 
 198      03C003C0 
 198      00
 199 095b 00000000 		.ascii	"\000\000\000\000\000\030\000\030\000\014\000\014\000"
 199      00180018 
 199      000C000C 
 199      00
 200 0968 0C000600 		.ascii	"\014\000\006\000\006\000\003\000\003\000\001\200\001"
 200      06000300 
 200      03000180 
 200      01
 201 0975 8000C000 		.ascii	"\200\000\300\000\300\000\300\000`\000`\000\000\000\000"
 201      C000C000 
 201      60006000 
 201      000000
 202 0984 00000000 		.ascii	"\000\000\000\000\000\000\017\000\017\000\003\000\003"
 202      00000F00 
 202      0F000300 
 202      03
 203 0991 00030003 		.ascii	"\000\003\000\003\000\003\000\003\000\003\000\003\000"
 203      00030003 
 203      00030003 
 203      00
 204 099e 03000300 		.ascii	"\003\000\003\000\003\000\003\000\017\000\017\000\000"
 204      03000300 
 204      0F000F00 
 204      00
 205 09ab 00000000 		.ascii	"\000\000\000\000\000\000\000\002\000\007\000\015\200"
 205      00000002 
 205      0007000D 
 205      80
 206 09b8 18C03060 		.ascii	"\030\3000`  \000\000\000\000\000\000\000\000\000\000"
ARM GAS  C:\Users\kroko\AppData\Local\Temp\cc6XqO26.s 			page 14


 206      20200000 
 206      00000000 
 206      00000000 
 207 09c8 00000000 		.ascii	"\000\000\000\000\000\000\000\000\000\000\000\000\000"
 207      00000000 
 207      00000000 
 207      00
 208 09d5 00000000 		.ascii	"\000\000\000\000\000\000\000\000\000\000\000\000\000"
 208      00000000 
 208      00000000 
 208      00
 209 09e2 00000000 		.ascii	"\000\000\000\000\000\000\000\000\000\000\000\000\000"
 209      00000000 
 209      00000000 
 209      00
 210 09ef 00000000 		.ascii	"\000\000\000\000\000\000\000\000\000\000\000\000\000"
 210      00000000 
 210      00000000 
 210      00
 211 09fc FFFCFFFC 		.ascii	"\377\374\377\374\000\000\004\000\003\000\000\200\000"
 211      00000400 
 211      03000080 
 211      00
 212 0a09 00000000 		.ascii	"\000\000\000\000\000\000\000\000\000\000\000\000\000"
 212      00000000 
 212      00000000 
 212      00
 213 0a16 00000000 		.ascii	"\000\000\000\000\000\000\000\000\000\000\000\000\000"
 213      00000000 
 213      00000000 
 213      00
 214 0a23 00000000 		.ascii	"\000\000\000\000\000\000\000\000\000\000\000\000\000"
 214      00000000 
 214      00000000 
 214      00
 215 0a30 00000FC0 		.ascii	"\000\000\017\300\037\340\000`\017\340\037\3408`0\340"
 215      1FE00060 
 215      0FE01FE0 
 215      386030E0 
 216 0a40 3FF01F70 		.ascii	"?\360\037p\000\000\000\000\000\000\000\000\000\000\000"
 216      00000000 
 216      00000000 
 216      000000
 217 0a4f 00000070 		.ascii	"\000\000\000p\000p\0000\0000\0007\200?\3408`0000008"
 217      00700030 
 217      00300037 
 217      803FE038 
 217      60303030 
 218 0a67 607FE077 		.ascii	"`\177\340w\200\000\000\000\000\000\000\000\000\000\000"
 218      80000000 
 218      00000000 
 218      000000
 219 0a76 00000000 		.ascii	"\000\000\000\000\000\000\000\000\000\000\000\000\007"
 219      00000000 
 219      00000000 
 219      07
 220 0a83 B01FF018 		.ascii	"\260\037\360\0300000\0000\00080\037\360\017\300\000"
ARM GAS  C:\Users\kroko\AppData\Local\Temp\cc6XqO26.s 			page 15


 220      30303030 
 220      00300038 
 220      301FF00F 
 220      C000
 221 0a95 00000000 		.ascii	"\000\000\000\000\000\000\000\000\000\000\000\000\000"
 221      00000000 
 221      00000000 
 221      00
 222 0aa2 00700070 		.ascii	"\000p\000p\0000\0000\007\260\037\360\030p0000008p\037"
 222      00300030 
 222      07B01FF0 
 222      18703030 
 222      30303030 
 223 0ab9 F807B800 		.ascii	"\370\007\270\000\000\000\000\000\000\000\000\000\000"
 223      00000000 
 223      00000000 
 223      00
 224 0ac6 00000000 		.ascii	"\000\000\000\000\000\000\000\000\000\000\000\000\007"
 224      00000000 
 224      00000000 
 224      07
 225 0ad3 801FE018 		.ascii	"\200\037\340\030`?\360?\3600\000\0300\037\360\007\300"
 225      603FF03F 
 225      F0300018 
 225      301FF007 
 225      C0
 226 0ae4 00000000 		.ascii	"\000\000\000\000\000\000\000\000\000\000\000\000\000"
 226      00000000 
 226      00000000 
 226      00
 227 0af1 0003F007 		.ascii	"\000\003\360\007\360\006\000\006\000\037\340\037\340"
 227      F0060006 
 227      001FE01F 
 227      E0
 228 0afe 06000600 		.ascii	"\006\000\006\000\006\000\006\000\006\000\037\340\037"
 228      06000600 
 228      06001FE0 
 228      1F
 229 0b0b E0000000 		.ascii	"\340\000\000\000\000\000\000\000\000\000\000\000\000"
 229      00000000 
 229      00000000 
 229      00
 230 0b18 00000000 		.ascii	"\000\000\000\000\000\000\000\000\000\000\007\270\037"
 230      00000000 
 230      000007B8 
 230      1F
 231 0b25 F8187030 		.ascii	"\370\030p000000\030p\037\360\007\260\0000\000p\017\340"
 231      30303030 
 231      3018701F 
 231      F007B000 
 231      3000700F 
 232 0b3a 0FC00000 		.ascii	"\017\300\000\000\000\000\000\0008\0008\000\030\000\030"
 232      00000000 
 232      38003800 
 232      180018
 233 0b49 001BC01F 		.ascii	"\000\033\300\037\340\034`\030`\030`\030`\030`<\360<"
 233      E01C6018 
ARM GAS  C:\Users\kroko\AppData\Local\Temp\cc6XqO26.s 			page 16


 233      60186018 
 233      6018603C 
 233      F03C
 234 0b5b F0000000 		.ascii	"\360\000\000\000\000\000\000\000\000\000\000\000\000"
 234      00000000 
 234      00000000 
 234      00
 235 0b68 00000300 		.ascii	"\000\000\003\000\003\000\000\000\000\000\037\000\037"
 235      03000000 
 235      00001F00 
 235      1F
 236 0b75 00030003 		.ascii	"\000\003\000\003\000\003\000\003\000\003\000\037\340"
 236      00030003 
 236      0003001F 
 236      E0
 237 0b82 1FE00000 		.ascii	"\037\340\000\000\000\000\000\000\000\000\000\000\000"
 237      00000000 
 237      00000000 
 237      00
 238 0b8f 00000003 		.ascii	"\000\000\000\003\000\003\000\000\000\000\000\037\300"
 238      00030000 
 238      0000001F 
 238      C0
 239 0b9c 1FC000C0 		.ascii	"\037\300\000\300\000\300\000\300\000\300\000\300\000"
 239      00C000C0 
 239      00C000C0 
 239      00
 240 0ba9 C000C000 		.ascii	"\300\000\300\000\300\001\300?\200?\000\000\000\000\000"
 240      C001C03F 
 240      803F0000 
 240      000000
 241 0bb8 00003800 		.ascii	"\000\0008\0008\000\030\000\030\000\033\340\033\340\033"
 241      38001800 
 241      18001BE0 
 241      1BE01B
 242 0bc7 001E001E 		.ascii	"\000\036\000\036\000\033\000\031\2009\3609\360\000\000"
 242      001B0019 
 242      8039F039 
 242      F00000
 243 0bd6 00000000 		.ascii	"\000\000\000\000\000\000\000\000\000\000\000\000\037"
 243      00000000 
 243      00000000 
 243      1F
 244 0be3 001F0003 		.ascii	"\000\037\000\003\000\003\000\003\000\003\000\003\000"
 244      00030003 
 244      00030003 
 244      00
 245 0bf0 03000300 		.ascii	"\003\000\003\000\003\000\003\000\037\340\037\340\000"
 245      03000300 
 245      1FE01FE0 
 245      00
 246 0bfd 00000000 		.ascii	"\000\000\000\000\000\000\000\000\000\000\000\000\000"
 246      00000000 
 246      00000000 
 246      00
 247 0c0a 00000000 		.ascii	"\000\000\000\000\000\000\000\000~\340\177\360303030"
 247      00000000 
ARM GAS  C:\Users\kroko\AppData\Local\Temp\cc6XqO26.s 			page 17


 247      7EE07FF0 
 247      33303330 
 247      3330
 248 0c1c 33303330 		.ascii	"3030{\270{\270\000\000\000\000\000\000\000\000\000\000"
 248      7BB87BB8 
 248      00000000 
 248      00000000 
 248      0000
 249 0c2e 00000000 		.ascii	"\000\000\000\000\000\000\000\000\000\000\000\000;\300"
 249      00000000 
 249      00000000 
 249      3BC0
 250 0c3c 3FE01C60 		.ascii	"?\340\034`\030`\030`\030`\030`<\360<\360\000\000\000"
 250      18601860 
 250      18601860 
 250      3CF03CF0 
 250      000000
 251 0c4f 00000000 		.ascii	"\000\000\000\000\000\000\000\000\000\000\000\000\000"
 251      00000000 
 251      00000000 
 251      00
 252 0c5c 00000000 		.ascii	"\000\000\000\000\000\000\007\200\037\340\030`000000"
 252      00000780 
 252      1FE01860 
 252      30303030 
 252      3030
 253 0c6e 18601FE0 		.ascii	"\030`\037\340\007\200\000\000\000\000\000\000\000\000"
 253      07800000 
 253      00000000 
 253      0000
 254 0c7c 00000000 		.ascii	"\000\000\000\000\000\000\000\000\000\000\000\000\000"
 254      00000000 
 254      00000000 
 254      00
 255 0c89 0077807F 		.ascii	"\000w\200\177\3408`0000008`?\3407\2000\0000\000|\000"
 255      E0386030 
 255      30303030 
 255      3038603F 
 255      E0378030 
 256 0ca2 7C000000 		.ascii	"|\000\000\000\000\000\000\000\000\000\000\000\000\000"
 256      00000000 
 256      00000000 
 256      0000
 257 0cb0 000007B8 		.ascii	"\000\000\007\270\037\370\030p000000\030p\037\360\007"
 257      1FF81870 
 257      30303030 
 257      30301870 
 257      1FF007
 258 0cc3 B0003000 		.ascii	"\260\0000\0000\000\370\000\370\000\000\000\000\000\000"
 258      3000F800 
 258      F8000000 
 258      000000
 259 0cd2 00000000 		.ascii	"\000\000\000\000\000\000\000\000<\340=\360\0170\016"
 259      00000000 
 259      3CE03DF0 
 259      0F300E
 260 0ce1 000C000C 		.ascii	"\000\014\000\014\000\014\000?\300?\300\000\000\000\000"
ARM GAS  C:\Users\kroko\AppData\Local\Temp\cc6XqO26.s 			page 18


 260      000C003F 
 260      C03FC000 
 260      000000
 261 0cf0 00000000 		.ascii	"\000\000\000\000\000\000\000\000\000\000\000\000\000"
 261      00000000 
 261      00000000 
 261      00
 262 0cfd 00000000 		.ascii	"\000\000\000\000\000\007\340\037\340\030`\036\000\017"
 262      0007E01F 
 262      E018601E 
 262      000F
 263 0d0b C001E018 		.ascii	"\300\001\340\030`\037\340\037\200\000\000\000\000\000"
 263      601FE01F 
 263      80000000 
 263      0000
 264 0d19 00000000 		.ascii	"\000\000\000\000\000\000\000\000\000\000\000\014\000"
 264      00000000 
 264      0000000C 
 264      00
 265 0d26 0C000C00 		.ascii	"\014\000\014\000?\340?\340\014\000\014\000\014\000\014"
 265      3FE03FE0 
 265      0C000C00 
 265      0C000C
 266 0d35 000C300F 		.ascii	"\000\0140\017\360\007\300\000\000\000\000\000\000\000"
 266      F007C000 
 266      00000000 
 266      0000
 267 0d43 00000000 		.ascii	"\000\000\000\000\000\000\000\000\000\000\000\000\000"
 267      00000000 
 267      00000000 
 267      00
 268 0d50 000038E0 		.ascii	"\000\0008\3408\340\030`\030`\030`\030`\030\340\037\360"
 268      38E01860 
 268      18601860 
 268      186018E0 
 268      1FF0
 269 0d62 0F700000 		.ascii	"\017p\000\000\000\000\000\000\000\000\000\000\000\000"
 269      00000000 
 269      00000000 
 269      0000
 270 0d70 00000000 		.ascii	"\000\000\000\000\000\000\000\000\000\000x\360x\3600"
 270      00000000 
 270      000078F0 
 270      78F030
 271 0d7f 6018C018 		.ascii	"`\030\300\030\300\015\200\015\200\007\000\007\000\000"
 271      C00D800D 
 271      80070007 
 271      0000
 272 0d8d 00000000 		.ascii	"\000\000\000\000\000\000\000\000\000\000\000\000\000"
 272      00000000 
 272      00000000 
 272      00
 273 0d9a 00000000 		.ascii	"\000\000\000\000\000\000\000\000x\360x\3602`2`7\340"
 273      00000000 
 273      78F078F0 
 273      32603260 
 273      37E0
ARM GAS  C:\Users\kroko\AppData\Local\Temp\cc6XqO26.s 			page 19


 274 0dac 1DC01DC0 		.ascii	"\035\300\035\300\030\300\030\300\000\000\000\000\000"
 274      18C018C0 
 274      00000000 
 274      00
 275 0db9 00000000 		.ascii	"\000\000\000\000\000\000\000\000\000\000\000\000\000"
 275      00000000 
 275      00000000 
 275      00
 276 0dc6 00000000 		.ascii	"\000\000\000\000<\360<\360\014\300\007\200\003\000\007"
 276      3CF03CF0 
 276      0CC00780 
 276      030007
 277 0dd5 800CC03C 		.ascii	"\200\014\300<\360<\360\000\000\000\000\000\000\000\000"
 277      F03CF000 
 277      00000000 
 277      000000
 278 0de4 00000000 		.ascii	"\000\000\000\000\000\000\000\000\000\000\000\000\000"
 278      00000000 
 278      00000000 
 278      00
 279 0df1 0078F078 		.ascii	"\000x\360x\3600`\030\300\030\300\015\200\017\200\007"
 279      F0306018 
 279      C018C00D 
 279      800F8007 
 280 0e01 00060006 		.ascii	"\000\006\000\006\000\014\000\177\000\177\000\000\000"
 280      000C007F 
 280      007F0000 
 280      00
 281 0e0e 00000000 		.ascii	"\000\000\000\000\000\000\000\000\000\000\000\000\037"
 281      00000000 
 281      00000000 
 281      1F
 282 0e1b E01FE018 		.ascii	"\340\037\340\030\300\001\200\003\000\006\000\014`\037"
 282      C0018003 
 282      0006000C 
 282      601F
 283 0e29 E01FE000 		.ascii	"\340\037\340\000\000\000\000\000\000\000\000\000\000"
 283      00000000 
 283      00000000 
 283      00
 284 0e36 00000000 		.ascii	"\000\000\000\000\001\300\003\300\003\000\003\000\003"
 284      01C003C0 
 284      03000300 
 284      03
 285 0e43 00030003 		.ascii	"\000\003\000\003\000\007\000\016\000\007\000\003\000"
 285      0007000E 
 285      00070003 
 285      00
 286 0e50 03000300 		.ascii	"\003\000\003\000\003\000\003\300\001\300\000\000\000"
 286      030003C0 
 286      01C00000 
 286      00
 287 0e5d 00000000 		.ascii	"\000\000\000\000\000\003\000\003\000\003\000\003\000"
 287      00030003 
 287      00030003 
 287      00
 288 0e6a 03000300 		.ascii	"\003\000\003\000\003\000\003\000\003\000\003\000\003"
ARM GAS  C:\Users\kroko\AppData\Local\Temp\cc6XqO26.s 			page 20


 288      03000300 
 288      03000300 
 288      03
 289 0e77 00030003 		.ascii	"\000\003\000\003\000\003\000\003\000\003\000\000\000"
 289      00030003 
 289      00030000 
 289      00
 290 0e84 00000000 		.ascii	"\000\000\000\000\000\000\034\000\036\000\006\000\006"
 290      00001C00 
 290      1E000600 
 290      06
 291 0e91 00060006 		.ascii	"\000\006\000\006\000\006\000\007\000\003\200\007\000"
 291      00060007 
 291      00038007 
 291      00
 292 0e9e 06000600 		.ascii	"\006\000\006\000\006\000\006\000\036\000\034\000\000"
 292      06000600 
 292      1E001C00 
 292      00
 293 0eab 00000000 		.ascii	"\000\000\000\000\000\000\000\000\000\000\000\000\000"
 293      00000000 
 293      00000000 
 293      00
 294 0eb8 00000000 		.ascii	"\000\000\000\000\016\000?03\360\001\340\000\000\000"
 294      0E003F30 
 294      33F001E0 
 294      000000
 295 0ec7 00000000 		.ascii	"\000\000\000\000\000\000\000\000\000\000\000\000\000"
 295      00000000 
 295      00000000 
 295      00
 296 0ed4 00000000 		.ascii	"\000\000\000\000"
 297              		.text
 298              	.Letext0:
 299              		.file 2 "C:/Program Files (x86)/Arm GNU Toolchain arm-none-eabi/14.2 rel1/arm-none-eabi/include/ma
 300              		.file 3 "C:/Program Files (x86)/Arm GNU Toolchain arm-none-eabi/14.2 rel1/arm-none-eabi/include/sy
 301              		.file 4 "Core/Inc/Fonts/fonts.h"
ARM GAS  C:\Users\kroko\AppData\Local\Temp\cc6XqO26.s 			page 21


DEFINED SYMBOLS
                            *ABS*:00000000 font20.c
C:\Users\kroko\AppData\Local\Temp\cc6XqO26.s:25     .data.Font20:00000000 Font20
C:\Users\kroko\AppData\Local\Temp\cc6XqO26.s:22     .data.Font20:00000000 $d
C:\Users\kroko\AppData\Local\Temp\cc6XqO26.s:34     .rodata.Font20_Table:00000000 Font20_Table
C:\Users\kroko\AppData\Local\Temp\cc6XqO26.s:31     .rodata.Font20_Table:00000000 $d

NO UNDEFINED SYMBOLS
