ARM GAS  C:\Users\kroko\AppData\Local\Temp\ccOcB234.s 			page 1


   1              		.cpu cortex-m4
   2              		.arch armv7e-m
   3              		.fpu fpv4-sp-d16
   4              		.eabi_attribute 27, 1
   5              		.eabi_attribute 28, 1
   6              		.eabi_attribute 20, 1
   7              		.eabi_attribute 21, 1
   8              		.eabi_attribute 23, 3
   9              		.eabi_attribute 24, 1
  10              		.eabi_attribute 25, 1
  11              		.eabi_attribute 26, 1
  12              		.eabi_attribute 30, 1
  13              		.eabi_attribute 34, 1
  14              		.eabi_attribute 18, 4
  15              		.file	"font24.c"
  16              		.text
  17              	.Ltext0:
  18              		.cfi_sections	.debug_frame
  19              		.file 1 "Core/Src/Fonts/font24.c"
  20              		.global	Font24
  21              		.section	.data.Font24,"aw"
  22              		.align	2
  25              	Font24:
  26 0000 00000000 		.word	Font24_Table
  27 0004 1100     		.short	17
  28 0006 1800     		.short	24
  29              		.global	Font24_Table
  30              		.section	.rodata.Font24_Table,"a"
  31              		.align	2
  34              	Font24_Table:
  35 0000 00000000 		.ascii	"\000\000\000\000\000\000\000\000\000\000\000\000\000"
  35      00000000 
  35      00000000 
  35      00
  36 000d 00000000 		.ascii	"\000\000\000\000\000\000\000\000\000\000\000\000\000"
  36      00000000 
  36      00000000 
  36      00
  37 001a 00000000 		.ascii	"\000\000\000\000\000\000\000\000\000\000\000\000\000"
  37      00000000 
  37      00000000 
  37      00
  38 0027 00000000 		.ascii	"\000\000\000\000\000\000\000\000\000\000\000\000\000"
  38      00000000 
  38      00000000 
  38      00
  39 0034 00000000 		.ascii	"\000\000\000\000\000\000\000\000\000\000\000\000\000"
  39      00000000 
  39      00000000 
  39      00
  40 0041 00000000 		.ascii	"\000\000\000\000\000\000\000\000\000\000\000\000\000"
  40      00000000 
  40      00000000 
  40      00
  41 004e 03800003 		.ascii	"\003\200\000\003\200\000\003\200\000\003\200\000\003"
  41      80000380 
  41      00038000 
ARM GAS  C:\Users\kroko\AppData\Local\Temp\ccOcB234.s 			page 2


  41      03
  42 005b 80000380 		.ascii	"\200\000\003\200\000\003\200\000\003\200\000\003\200"
  42      00038000 
  42      03800003 
  42      80
  43 0068 00010000 		.ascii	"\000\001\000\000\001\000\000\000\000\000\000\000\000"
  43      01000000 
  43      00000000 
  43      00
  44 0075 03800003 		.ascii	"\003\200\000\003\200\000\000\000\000\000\000\000\000"
  44      80000000 
  44      00000000 
  44      00
  45 0082 00000000 		.ascii	"\000\000\000\000\000\000\000\000\000\000\000\000\000"
  45      00000000 
  45      00000000 
  45      00
  46 008f 00000000 		.ascii	"\000\000\000\000\000\000\000\000\000\000\016p\000\016"
  46      00000000 
  46      00000E70 
  46      000E
  47 009d 70000E70 		.ascii	"p\000\016p\000\004 \000\004 \000\004 \000\004 \000\000"
  47      00042000 
  47      04200004 
  47      20000420 
  47      0000
  48 00af 00000000 		.ascii	"\000\000\000\000\000\000\000\000\000\000\000\000\000"
  48      00000000 
  48      00000000 
  48      00
  49 00bc 00000000 		.ascii	"\000\000\000\000\000\000\000\000\000\000\000\000\000"
  49      00000000 
  49      00000000 
  49      00
  50 00c9 00000000 		.ascii	"\000\000\000\000\000\000\000\000\000\000\000\000\000"
  50      00000000 
  50      00000000 
  50      00
  51 00d6 00000000 		.ascii	"\000\000\000\000\000\000\000\000\006`\000\006`\000\006"
  51      00000000 
  51      06600006 
  51      600006
  52 00e5 60000660 		.ascii	"`\000\006`\000\006`\000?\370\000?\370\000\006`\000\014"
  52      00066000 
  52      3FF8003F 
  52      F8000660 
  52      000C
  53 00f7 C0003FF8 		.ascii	"\300\000?\370\000?\370\000\014\300\000\014\300\000\014"
  53      003FF800 
  53      0CC0000C 
  53      C0000C
  54 0106 C0000CC0 		.ascii	"\300\000\014\300\000\014\300\000\000\000\000\000\000"
  54      000CC000 
  54      00000000 
  54      00
  55 0113 00000000 		.ascii	"\000\000\000\000\000\000\000\000\000\000\000\000\000"
  55      00000000 
ARM GAS  C:\Users\kroko\AppData\Local\Temp\ccOcB234.s 			page 3


  55      00000000 
  55      00
  56 0120 00000001 		.ascii	"\000\000\000\001\200\000\001\200\000\007\260\000\017"
  56      80000180 
  56      0007B000 
  56      0F
  57 012d F0001870 		.ascii	"\360\000\030p\000\030p\000\034\000\000\017\200\000\007"
  57      00187000 
  57      1C00000F 
  57      800007
  58 013c E00000F0 		.ascii	"\340\000\000\360\000\0300\000\0340\000\034p\000\037"
  58      00183000 
  58      1C30001C 
  58      70001F
  59 014b E0001BC0 		.ascii	"\340\000\033\300\000\001\200\000\001\200\000\001\200"
  59      00018000 
  59      01800001 
  59      80
  60 0158 00018000 		.ascii	"\000\001\200\000\000\000\000\000\000\000\000\000\000"
  60      00000000 
  60      00000000 
  60      00
  61 0165 00000000 		.ascii	"\000\000\000\000\000\000\000\000\000\007\200\000\017"
  61      00000000 
  61      00078000 
  61      0F
  62 0172 C0001CE0 		.ascii	"\300\000\034\340\000\030`\000\030`\000\034\340\000\017"
  62      00186000 
  62      1860001C 
  62      E0000F
  63 0181 F80007E0 		.ascii	"\370\000\007\340\000\037\360\000\0078\000\006\030\000"
  63      001FF000 
  63      07380006 
  63      1800
  64 018f 06180007 		.ascii	"\006\030\000\0078\000\003\360\000\001\340\000\000\000"
  64      380003F0 
  64      0001E000 
  64      0000
  65 019d 00000000 		.ascii	"\000\000\000\000\000\000\000\000\000\000\000\000\000"
  65      00000000 
  65      00000000 
  65      00
  66 01aa 00000000 		.ascii	"\000\000\000\000\000\000\000\000\000\000\000\000\000"
  66      00000000 
  66      00000000 
  66      00
  67 01b7 00000000 		.ascii	"\000\000\000\000\000\003\360\000\007\360\000\014`\000"
  67      0003F000 
  67      07F0000C 
  67      6000
  68 01c5 0C00000C 		.ascii	"\014\000\000\014\000\000\006\000\000\007\000\000\017"
  68      00000600 
  68      00070000 
  68      0F
  69 01d2 9C001DFC 		.ascii	"\234\000\035\374\000\030\360\000\030p\000\017\374\000"
  69      0018F000 
  69      1870000F 
ARM GAS  C:\Users\kroko\AppData\Local\Temp\ccOcB234.s 			page 4


  69      FC00
  70 01e0 07DC0000 		.ascii	"\007\334\000\000\000\000\000\000\000\000\000\000\000"
  70      00000000 
  70      00000000 
  70      00
  71 01ed 00000000 		.ascii	"\000\000\000\000\000\000\000\000\000\000\000\000\000"
  71      00000000 
  71      00000000 
  71      00
  72 01fa 00000000 		.ascii	"\000\000\000\000\000\000\000\003\200\000\003\200\000"
  72      00000003 
  72      80000380 
  72      00
  73 0207 03800001 		.ascii	"\003\200\000\001\000\000\001\000\000\001\000\000\001"
  73      00000100 
  73      00010000 
  73      01
  74 0214 00000000 		.ascii	"\000\000\000\000\000\000\000\000\000\000\000\000\000"
  74      00000000 
  74      00000000 
  74      00
  75 0221 00000000 		.ascii	"\000\000\000\000\000\000\000\000\000\000\000\000\000"
  75      00000000 
  75      00000000 
  75      00
  76 022e 00000000 		.ascii	"\000\000\000\000\000\000\000\000\000\000\000\000\000"
  76      00000000 
  76      00000000 
  76      00
  77 023b 00000000 		.ascii	"\000\000\000\000\000\000\000\000\000\000\000\000\030"
  77      00000000 
  77      00000000 
  77      18
  78 0248 00003800 		.ascii	"\000\0008\000\000p\000\000\360\000\000\340\000\000\340"
  78      00700000 
  78      F00000E0 
  78      0000E0
  79 0257 0001C000 		.ascii	"\000\001\300\000\001\300\000\001\300\000\001\300\000"
  79      01C00001 
  79      C00001C0 
  79      00
  80 0264 01C00001 		.ascii	"\001\300\000\001\300\000\000\340\000\000\340\000\000"
  80      C00000E0 
  80      0000E000 
  80      00
  81 0271 70000070 		.ascii	"p\000\000p\000\0008\000\000\030\000\000\000\000\000"
  81      00003800 
  81      00180000 
  81      000000
  82 0280 00000000 		.ascii	"\000\000\000\000\000\000\000\000\000\000\000\000\000"
  82      00000000 
  82      00000000 
  82      00
  83 028d 00180000 		.ascii	"\000\030\000\000\034\000\000\016\000\000\016\000\000"
  83      1C00000E 
  83      00000E00 
  83      00
ARM GAS  C:\Users\kroko\AppData\Local\Temp\ccOcB234.s 			page 5


  84 029a 07000007 		.ascii	"\007\000\000\007\000\000\003\200\000\003\200\000\003"
  84      00000380 
  84      00038000 
  84      03
  85 02a7 80000380 		.ascii	"\200\000\003\200\000\003\200\000\003\200\000\007\000"
  85      00038000 
  85      03800007 
  85      00
  86 02b4 00070000 		.ascii	"\000\007\000\000\017\000\000\016\000\000\034\000\000"
  86      0F00000E 
  86      00001C00 
  86      00
  87 02c1 18000000 		.ascii	"\030\000\000\000\000\000\000\000\000\000\000\000\000"
  87      00000000 
  87      00000000 
  87      00
  88 02ce 00000000 		.ascii	"\000\000\000\000\000\000\000\000\001\200\000\001\200"
  88      00000000 
  88      01800001 
  88      80
  89 02db 00018000 		.ascii	"\000\001\200\000\035\270\000\037\370\000\007\340\000"
  89      1DB8001F 
  89      F80007E0 
  89      00
  90 02e8 03C00003 		.ascii	"\003\300\000\003\300\000\006`\000\006`\000\000\000\000"
  90      C0000660 
  90      00066000 
  90      000000
  91 02f7 00000000 		.ascii	"\000\000\000\000\000\000\000\000\000\000\000\000\000"
  91      00000000 
  91      00000000 
  91      00
  92 0304 00000000 		.ascii	"\000\000\000\000\000\000\000\000\000\000\000\000\000"
  92      00000000 
  92      00000000 
  92      00
  93 0311 00000000 		.ascii	"\000\000\000\000\000\000\000\000\000\000\000\000\000"
  93      00000000 
  93      00000000 
  93      00
  94 031e 00000000 		.ascii	"\000\000\000\000\000\000\001\200\000\001\200\000\001"
  94      00000180 
  94      00018000 
  94      01
  95 032b 80000180 		.ascii	"\200\000\001\200\000\001\200\000?\374\000?\374\000\001"
  95      00018000 
  95      3FFC003F 
  95      FC0001
  96 033a 80000180 		.ascii	"\200\000\001\200\000\001\200\000\001\200\000\001\200"
  96      00018000 
  96      01800001 
  96      80
  97 0347 00000000 		.ascii	"\000\000\000\000\000\000\000\000\000\000\000\000\000"
  97      00000000 
  97      00000000 
  97      00
  98 0354 00000000 		.ascii	"\000\000\000\000\000\000\000\000\000\000\000\000\000"
ARM GAS  C:\Users\kroko\AppData\Local\Temp\ccOcB234.s 			page 6


  98      00000000 
  98      00000000 
  98      00
  99 0361 00000000 		.ascii	"\000\000\000\000\000\000\000\000\000\000\000\000\000"
  99      00000000 
  99      00000000 
  99      00
 100 036e 00000000 		.ascii	"\000\000\000\000\000\000\000\000\000\000\000\000\000"
 100      00000000 
 100      00000000 
 100      00
 101 037b 00000000 		.ascii	"\000\000\000\000\000\000\000\000\000\000\000\000\000"
 101      00000000 
 101      00000000 
 101      00
 102 0388 000000E0 		.ascii	"\000\000\000\340\000\000\300\000\001\300\000\001\200"
 102      0000C000 
 102      01C00001 
 102      80
 103 0395 00018000 		.ascii	"\000\001\200\000\003\000\000\003\000\000\000\000\000"
 103      03000003 
 103      00000000 
 103      00
 104 03a2 00000000 		.ascii	"\000\000\000\000\000\000\000\000\000\000\000\000\000"
 104      00000000 
 104      00000000 
 104      00
 105 03af 00000000 		.ascii	"\000\000\000\000\000\000\000\000\000\000\000\000\000"
 105      00000000 
 105      00000000 
 105      00
 106 03bc 00000000 		.ascii	"\000\000\000\000\000\000\000\037\370\000\037\370\000"
 106      0000001F 
 106      F8001FF8 
 106      00
 107 03c9 00000000 		.ascii	"\000\000\000\000\000\000\000\000\000\000\000\000\000"
 107      00000000 
 107      00000000 
 107      00
 108 03d6 00000000 		.ascii	"\000\000\000\000\000\000\000\000\000\000\000\000\000"
 108      00000000 
 108      00000000 
 108      00
 109 03e3 00000000 		.ascii	"\000\000\000\000\000\000\000\000\000\000\000\000\000"
 109      00000000 
 109      00000000 
 109      00
 110 03f0 00000000 		.ascii	"\000\000\000\000\000\000\000\000\000\000\000\000\000"
 110      00000000 
 110      00000000 
 110      00
 111 03fd 00000000 		.ascii	"\000\000\000\000\000\000\000\000\000\000\000\000\000"
 111      00000000 
 111      00000000 
 111      00
 112 040a 00000000 		.ascii	"\000\000\000\000\000\000\000\000\000\000\000\000\000"
 112      00000000 
ARM GAS  C:\Users\kroko\AppData\Local\Temp\ccOcB234.s 			page 7


 112      00000000 
 112      00
 113 0417 00000003 		.ascii	"\000\000\000\003\300\000\003\300\000\003\300\000\000"
 113      C00003C0 
 113      0003C000 
 113      00
 114 0424 00000000 		.ascii	"\000\000\000\000\000\000\000\000\000\000\000\000\000"
 114      00000000 
 114      00000000 
 114      00
 115 0431 00000000 		.ascii	"\000\000\000\000\000\000\000\000\030\000\000\030\000"
 115      00000000 
 115      18000018 
 115      00
 116 043e 00380000 		.ascii	"\0008\000\0000\000\000p\000\000`\000\000`\000\000\300"
 116      30000070 
 116      00006000 
 116      00600000 
 116      C0
 117 044f 0000C000 		.ascii	"\000\000\300\000\001\200\000\001\200\000\003\000\000"
 117      01800001 
 117      80000300 
 117      00
 118 045c 03000006 		.ascii	"\003\000\000\006\000\000\006\000\000\016\000\000\014"
 118      00000600 
 118      000E0000 
 118      0C
 119 0469 00001C00 		.ascii	"\000\000\034\000\000\030\000\000\030\000\000\000\000"
 119      00180000 
 119      18000000 
 119      00
 120 0476 00000000 		.ascii	"\000\000\000\000\000\000\000\000\000\000\000\000\000"
 120      00000000 
 120      00000000 
 120      00
 121 0483 00000003 		.ascii	"\000\000\000\003\300\000\007\340\000\0140\000\0140\000"
 121      C00007E0 
 121      000C3000 
 121      0C3000
 122 0492 18180018 		.ascii	"\030\030\000\030\030\000\030\030\000\030\030\000\030"
 122      18001818 
 122      00181800 
 122      18
 123 049f 18001818 		.ascii	"\030\000\030\030\000\030\030\000\0140\000\0140\000\007"
 123      00181800 
 123      0C30000C 
 123      300007
 124 04ae E00003C0 		.ascii	"\340\000\003\300\000\000\000\000\000\000\000\000\000"
 124      00000000 
 124      00000000 
 124      00
 125 04bb 00000000 		.ascii	"\000\000\000\000\000\000\000\000\000\000\000\000\000"
 125      00000000 
 125      00000000 
 125      00
 126 04c8 00000000 		.ascii	"\000\000\000\000\000\000\000\200\000\007\200\000\037"
 126      00000080 
ARM GAS  C:\Users\kroko\AppData\Local\Temp\ccOcB234.s 			page 8


 126      00078000 
 126      1F
 127 04d5 80001D80 		.ascii	"\200\000\035\200\000\001\200\000\001\200\000\001\200"
 127      00018000 
 127      01800001 
 127      80
 128 04e2 00018000 		.ascii	"\000\001\200\000\001\200\000\001\200\000\001\200\000"
 128      01800001 
 128      80000180 
 128      00
 129 04ef 01800001 		.ascii	"\001\200\000\001\200\000\037\370\000\037\370\000\000"
 129      80001FF8 
 129      001FF800 
 129      00
 130 04fc 00000000 		.ascii	"\000\000\000\000\000\000\000\000\000\000\000\000\000"
 130      00000000 
 130      00000000 
 130      00
 131 0509 00000000 		.ascii	"\000\000\000\000\000\000\000\000\000\000\000\000\000"
 131      00000000 
 131      00000000 
 131      00
 132 0516 07C0001F 		.ascii	"\007\300\000\037\360\00080\0000\030\0000\030\000\000"
 132      F0003830 
 132      00301800 
 132      30180000 
 133 0526 18000030 		.ascii	"\030\000\0000\000\000`\000\001\300\000\003\200\000\006"
 133      00006000 
 133      01C00003 
 133      800006
 134 0535 00000C00 		.ascii	"\000\000\014\000\000\030\000\000?\370\000?\370\000\000"
 134      00180000 
 134      3FF8003F 
 134      F80000
 135 0544 00000000 		.ascii	"\000\000\000\000\000\000\000\000\000\000\000\000\000"
 135      00000000 
 135      00000000 
 135      00
 136 0551 00000000 		.ascii	"\000\000\000\000\000\000\000\000\000\000\000\000\000"
 136      00000000 
 136      00000000 
 136      00
 137 055e 03C0000F 		.ascii	"\003\300\000\017\340\000\014p\000\0000\000\0000\000"
 137      E0000C70 
 137      00003000 
 137      003000
 138 056d 00600003 		.ascii	"\000`\000\003\300\000\003\340\000\000p\000\000\030\000"
 138      C00003E0 
 138      00007000 
 138      001800
 139 057c 00180000 		.ascii	"\000\030\000\000\030\000\0308\000\037\360\000\017\300"
 139      18001838 
 139      001FF000 
 139      0FC0
 140 058a 00000000 		.ascii	"\000\000\000\000\000\000\000\000\000\000\000\000\000"
 140      00000000 
 140      00000000 
ARM GAS  C:\Users\kroko\AppData\Local\Temp\ccOcB234.s 			page 9


 140      00
 141 0597 00000000 		.ascii	"\000\000\000\000\000\000\000\000\000\000\000\000\000"
 141      00000000 
 141      00000000 
 141      00
 142 05a4 000000E0 		.ascii	"\000\000\000\340\000\001\340\000\001\340\000\003`\000"
 142      0001E000 
 142      01E00003 
 142      6000
 143 05b2 06600006 		.ascii	"\006`\000\006`\000\014`\000\014`\000\030`\0000`\000"
 143      60000C60 
 143      000C6000 
 143      18600030 
 143      6000
 144 05c4 3FF8003F 		.ascii	"?\370\000?\370\000\000`\000\003\370\000\003\370\000"
 144      F8000060 
 144      0003F800 
 144      03F800
 145 05d3 00000000 		.ascii	"\000\000\000\000\000\000\000\000\000\000\000\000\000"
 145      00000000 
 145      00000000 
 145      00
 146 05e0 00000000 		.ascii	"\000\000\000\000\000\000\000\000\000\000\000\000\000"
 146      00000000 
 146      00000000 
 146      00
 147 05ed 001FF000 		.ascii	"\000\037\360\000\037\360\000\030\000\000\030\000\000"
 147      1FF00018 
 147      00001800 
 147      00
 148 05fa 1800001B 		.ascii	"\030\000\000\033\300\000\037\360\000\0340\000\000\030"
 148      C0001FF0 
 148      001C3000 
 148      0018
 149 0608 00001800 		.ascii	"\000\000\030\000\000\030\000\000\030\00000\000?\360"
 149      00180000 
 149      18003030 
 149      003FF0
 150 0617 000FC000 		.ascii	"\000\017\300\000\000\000\000\000\000\000\000\000\000"
 150      00000000 
 150      00000000 
 150      00
 151 0624 00000000 		.ascii	"\000\000\000\000\000\000\000\000\000\000\000\000\000"
 151      00000000 
 151      00000000 
 151      00
 152 0631 00000000 		.ascii	"\000\000\000\000\000\000\370\000\003\370\000\007\000"
 152      0000F800 
 152      03F80007 
 152      00
 153 063e 000E0000 		.ascii	"\000\016\000\000\014\000\000\030\000\000\033\300\000"
 153      0C000018 
 153      00001BC0 
 153      00
 154 064b 1FF0001C 		.ascii	"\037\360\000\0340\000\030\030\000\030\030\000\030\030"
 154      30001818 
 154      00181800 
ARM GAS  C:\Users\kroko\AppData\Local\Temp\ccOcB234.s 			page 10


 154      1818
 155 0659 000C3800 		.ascii	"\000\0148\000\017\360\000\003\340\000\000\000\000\000"
 155      0FF00003 
 155      E0000000 
 155      0000
 156 0667 00000000 		.ascii	"\000\000\000\000\000\000\000\000\000\000\000\000\000"
 156      00000000 
 156      00000000 
 156      00
 157 0674 00000000 		.ascii	"\000\000\000\000\000\000\000\000\000\000\037\370\000"
 157      00000000 
 157      00001FF8 
 157      00
 158 0681 1FF80018 		.ascii	"\037\370\000\030\030\000\0308\000\0000\000\0000\000"
 158      18001838 
 158      00003000 
 158      003000
 159 0690 00700000 		.ascii	"\000p\000\000`\000\000`\000\000\340\000\000\300\000"
 159      60000060 
 159      0000E000 
 159      00C000
 160 069f 00C00001 		.ascii	"\000\300\000\001\300\000\001\200\000\001\200\000\000"
 160      C0000180 
 160      00018000 
 160      00
 161 06ac 00000000 		.ascii	"\000\000\000\000\000\000\000\000\000\000\000\000\000"
 161      00000000 
 161      00000000 
 161      00
 162 06b9 00000000 		.ascii	"\000\000\000\000\000\000\000\000\000\000\000\000\000"
 162      00000000 
 162      00000000 
 162      00
 163 06c6 07E0000F 		.ascii	"\007\340\000\017\360\000\0348\000\030\030\000\030\030"
 163      F0001C38 
 163      00181800 
 163      1818
 164 06d4 000C3000 		.ascii	"\000\0140\000\007\340\000\007\340\000\0140\000\030\030"
 164      07E00007 
 164      E0000C30 
 164      001818
 165 06e3 00181800 		.ascii	"\000\030\030\000\030\030\000\0348\000\017\360\000\007"
 165      1818001C 
 165      38000FF0 
 165      0007
 166 06f1 E0000000 		.ascii	"\340\000\000\000\000\000\000\000\000\000\000\000\000"
 166      00000000 
 166      00000000 
 166      00
 167 06fe 00000000 		.ascii	"\000\000\000\000\000\000\000\000\000\000\000\000\000"
 167      00000000 
 167      00000000 
 167      00
 168 070b 00000007 		.ascii	"\000\000\000\007\300\000\017\360\000\0340\000\030\030"
 168      C0000FF0 
 168      001C3000 
 168      1818
ARM GAS  C:\Users\kroko\AppData\Local\Temp\ccOcB234.s 			page 11


 169 0719 00181800 		.ascii	"\000\030\030\000\030\030\000\0148\000\017\370\000\003"
 169      1818000C 
 169      38000FF8 
 169      0003
 170 0727 D8000018 		.ascii	"\330\000\000\030\000\0000\000\000p\000\000\340\000\037"
 170      00003000 
 170      00700000 
 170      E0001F
 171 0736 C0001F00 		.ascii	"\300\000\037\000\000\000\000\000\000\000\000\000\000"
 171      00000000 
 171      00000000 
 171      00
 172 0743 00000000 		.ascii	"\000\000\000\000\000\000\000\000\000\000\000\000\000"
 172      00000000 
 172      00000000 
 172      00
 173 0750 00000000 		.ascii	"\000\000\000\000\000\000\000\000\000\000\000\000\000"
 173      00000000 
 173      00000000 
 173      00
 174 075d 00000000 		.ascii	"\000\000\000\000\000\003\300\000\003\300\000\003\300"
 174      0003C000 
 174      03C00003 
 174      C0
 175 076a 00000000 		.ascii	"\000\000\000\000\000\000\000\000\000\000\000\000\000"
 175      00000000 
 175      00000000 
 175      00
 176 0777 00000003 		.ascii	"\000\000\000\003\300\000\003\300\000\003\300\000\000"
 176      C00003C0 
 176      0003C000 
 176      00
 177 0784 00000000 		.ascii	"\000\000\000\000\000\000\000\000\000\000\000\000\000"
 177      00000000 
 177      00000000 
 177      00
 178 0791 00000000 		.ascii	"\000\000\000\000\000\000\000\000\000\000\000\000\000"
 178      00000000 
 178      00000000 
 178      00
 179 079e 00000000 		.ascii	"\000\000\000\000\000\000\000\000\000\000\000\000\000"
 179      00000000 
 179      00000000 
 179      00
 180 07ab F00000F0 		.ascii	"\360\000\000\360\000\000\360\000\000\000\000\000\000"
 180      0000F000 
 180      00000000 
 180      00
 181 07b8 00000000 		.ascii	"\000\000\000\000\000\000\000\000\340\000\001\300\000"
 181      00000000 
 181      E00001C0 
 181      00
 182 07c5 01800001 		.ascii	"\001\200\000\001\200\000\003\000\000\002\000"
 182      80000300 
 182      000200
 183 07d0 00000000 		.ascii	"\000\000\000\000\000\000\000\000\000\000\000\000\000"
 183      00000000 
ARM GAS  C:\Users\kroko\AppData\Local\Temp\ccOcB234.s 			page 12


 183      00000000 
 183      00
 184 07dd 00000000 		.ascii	"\000\000\000\000\000\000\000\000\000\000\000\000\000"
 184      00000000 
 184      00000000 
 184      00
 185 07ea 0000001C 		.ascii	"\000\000\000\034\000\000<\000\000\360\000\003\300\000"
 185      00003C00 
 185      00F00003 
 185      C000
 186 07f8 0F00003C 		.ascii	"\017\000\000<\000\000\360\000\000<\000\000\017\000\000"
 186      0000F000 
 186      003C0000 
 186      0F0000
 187 0807 03C00000 		.ascii	"\003\300\000\000\360\000\000<\000\000\034\000\000\000"
 187      F000003C 
 187      00001C00 
 187      0000
 188 0815 00000000 		.ascii	"\000\000\000\000\000\000\000\000\000\000\000\000\000"
 188      00000000 
 188      00000000 
 188      00
 189 0822 00000000 		.ascii	"\000\000\000\000\000\000\000\000\000\000\000\000\000"
 189      00000000 
 189      00000000 
 189      00
 190 082f 00000000 		.ascii	"\000\000\000\000\000\000\000\000\000\000\000\000\000"
 190      00000000 
 190      00000000 
 190      00
 191 083c 007FFC00 		.ascii	"\000\177\374\000\177\374\000\000\000\000\000\000\000"
 191      7FFC0000 
 191      00000000 
 191      00
 192 0849 7FFC007F 		.ascii	"\177\374\000\177\374\000\000\000\000\000\000\000\000"
 192      FC000000 
 192      00000000 
 192      00
 193 0856 00000000 		.ascii	"\000\000\000\000\000\000\000\000\000\000\000\000\000"
 193      00000000 
 193      00000000 
 193      00
 194 0863 00000000 		.ascii	"\000\000\000\000\000\000\000\000\000\000\000\000\000"
 194      00000000 
 194      00000000 
 194      00
 195 0870 00000000 		.ascii	"\000\000\000\000\000\000\000\000\000\000\000\000p\000"
 195      00000000 
 195      00000000 
 195      7000
 196 087e 00780000 		.ascii	"\000x\000\000\036\000\000\007\200\000\001\340\000\000"
 196      1E000007 
 196      800001E0 
 196      0000
 197 088c 7800001E 		.ascii	"x\000\000\036\000\000x\000\001\340\000\007\200\000\036"
 197      00007800 
 197      01E00007 
ARM GAS  C:\Users\kroko\AppData\Local\Temp\ccOcB234.s 			page 13


 197      80001E
 198 089b 00007800 		.ascii	"\000\000x\000\000p\000\000\000\000\000\000\000\000\000"
 198      00700000 
 198      00000000 
 198      000000
 199 08aa 00000000 		.ascii	"\000\000\000\000\000\000\000\000\000\000\000\000\000"
 199      00000000 
 199      00000000 
 199      00
 200 08b7 00000000 		.ascii	"\000\000\000\000\000\000\000\000\000\000\007\300\000"
 200      00000000 
 200      000007C0 
 200      00
 201 08c4 0FE00018 		.ascii	"\017\340\000\030p\000\0300\000\0300\000\000p\000\000"
 201      70001830 
 201      00183000 
 201      00700000 
 202 08d4 E00003C0 		.ascii	"\340\000\003\300\000\003\200\000\003\000\000\000\000"
 202      00038000 
 202      03000000 
 202      00
 203 08e1 00000000 		.ascii	"\000\000\000\000\007\000\000\007\000\000\000\000\000"
 203      07000007 
 203      00000000 
 203      00
 204 08ee 00000000 		.ascii	"\000\000\000\000\000\000\000\000\000\000\000\000\000"
 204      00000000 
 204      00000000 
 204      00
 205 08fb 00000000 		.ascii	"\000\000\000\000\000\000\000\000\000\000\000\003\340"
 205      00000000 
 205      00000003 
 205      E0
 206 0908 0007F000 		.ascii	"\000\007\360\000\0168\000\014\030\000\030x\000\030\370"
 206      0E38000C 
 206      18001878 
 206      0018F8
 207 0917 0019D800 		.ascii	"\000\031\330\000\031\230\000\031\230\000\031\230\000"
 207      19980019 
 207      98001998 
 207      00
 208 0924 18F80018 		.ascii	"\030\370\000\030x\000\030\000\000\014\000\000\016\030"
 208      78001800 
 208      000C0000 
 208      0E18
 209 0932 0007F800 		.ascii	"\000\007\370\000\003\340\000\000\000\000\000\000\000"
 209      03E00000 
 209      00000000 
 209      00
 210 093f 00000000 		.ascii	"\000\000\000\000\000\000\000\000\000\000\000\000\000"
 210      00000000 
 210      00000000 
 210      00
 211 094c 00000000 		.ascii	"\000\000\000\000\000\037\200\000\037\300\000\001\300"
 211      001F8000 
 211      1FC00001 
 211      C0
ARM GAS  C:\Users\kroko\AppData\Local\Temp\ccOcB234.s 			page 14


 212 0959 00036000 		.ascii	"\000\003`\000\003`\000\0060\000\0060\000\0140\000\017"
 212      03600006 
 212      30000630 
 212      000C3000 
 212      0F
 213 096a F8001FF8 		.ascii	"\370\000\037\370\000\030\014\0000\014\000\374\177\000"
 213      00180C00 
 213      300C00FC 
 213      7F00
 214 0978 FC7F0000 		.ascii	"\374\177\000\000\000\000\000\000\000\000\000\000\000"
 214      00000000 
 214      00000000 
 214      00
 215 0985 00000000 		.ascii	"\000\000\000\000\000\000\000\000\000\000\000\000\000"
 215      00000000 
 215      00000000 
 215      00
 216 0992 00000000 		.ascii	"\000\000\000\000\000\000\000\177\340\000\177\360\000"
 216      0000007F 
 216      E0007FF0 
 216      00
 217 099f 18380018 		.ascii	"\0308\000\030\030\000\030\030\000\0308\000\037\360\000"
 217      18001818 
 217      00183800 
 217      1FF000
 218 09ae 1FF80018 		.ascii	"\037\370\000\030\034\000\030\014\000\030\014\000\030"
 218      1C00180C 
 218      00180C00 
 218      18
 219 09bb 0C007FF8 		.ascii	"\014\000\177\370\000\177\360\000\000\000\000\000\000"
 219      007FF000 
 219      00000000 
 219      00
 220 09c8 00000000 		.ascii	"\000\000\000\000\000\000\000\000\000\000\000\000\000"
 220      00000000 
 220      00000000 
 220      00
 221 09d5 00000000 		.ascii	"\000\000\000\000\000\000\000\000\000\000\000\000\003"
 221      00000000 
 221      00000000 
 221      03
 222 09e2 EC000FFC 		.ascii	"\354\000\017\374\000\034\034\000\030\014\0000\014\000"
 222      001C1C00 
 222      180C0030 
 222      0C00
 223 09f0 30000030 		.ascii	"0\000\0000\000\0000\000\0000\000\0000\000\000\030\014"
 223      00003000 
 223      00300000 
 223      30000018 
 223      0C
 224 0a01 001C1C00 		.ascii	"\000\034\034\000\017\370\000\003\360\000\000\000\000"
 224      0FF80003 
 224      F0000000 
 224      00
 225 0a0e 00000000 		.ascii	"\000\000\000\000\000\000\000\000\000\000\000\000\000"
 225      00000000 
 225      00000000 
ARM GAS  C:\Users\kroko\AppData\Local\Temp\ccOcB234.s 			page 15


 225      00
 226 0a1b 00000000 		.ascii	"\000\000\000\000\000\000\000\000\000\000\000\000\000"
 226      00000000 
 226      00000000 
 226      00
 227 0a28 007FC000 		.ascii	"\000\177\300\000\177\360\000\0308\000\030\030\000\030"
 227      7FF00018 
 227      38001818 
 227      0018
 228 0a36 0C00180C 		.ascii	"\014\000\030\014\000\030\014\000\030\014\000\030\014"
 228      00180C00 
 228      180C0018 
 228      0C
 229 0a43 00180C00 		.ascii	"\000\030\014\000\030\030\000\0308\000\177\360\000\177"
 229      18180018 
 229      38007FF0 
 229      007F
 230 0a51 E0000000 		.ascii	"\340\000\000\000\000\000\000\000\000\000\000\000\000"
 230      00000000 
 230      00000000 
 230      00
 231 0a5e 00000000 		.ascii	"\000\000\000\000\000\000\000\000\000\000\000\000\000"
 231      00000000 
 231      00000000 
 231      00
 232 0a6b 00000000 		.ascii	"\000\000\000\000\000\000\177\370\000\177\370\000\030"
 232      00007FF8 
 232      007FF800 
 232      18
 233 0a78 18001818 		.ascii	"\030\000\030\030\000\031\230\000\031\200\000\037\200"
 233      00199800 
 233      1980001F 
 233      80
 234 0a85 001F8000 		.ascii	"\000\037\200\000\031\200\000\031\230\000\030\030\000"
 234      19800019 
 234      98001818 
 234      00
 235 0a92 1818007F 		.ascii	"\030\030\000\177\370\000\177\370\000\000\000\000\000"
 235      F8007FF8 
 235      00000000 
 235      00
 236 0a9f 00000000 		.ascii	"\000\000\000\000\000\000\000\000\000\000\000\000\000"
 236      00000000 
 236      00000000 
 236      00
 237 0aac 00000000 		.ascii	"\000\000\000\000\000\000\000\000\000\000\000\000\000"
 237      00000000 
 237      00000000 
 237      00
 238 0ab9 3FFC003F 		.ascii	"?\374\000?\374\000\014\014\000\014\014\000\014\314\000"
 238      FC000C0C 
 238      000C0C00 
 238      0CCC00
 239 0ac8 0CC0000F 		.ascii	"\014\300\000\017\300\000\017\300\000\014\300\000\014"
 239      C0000FC0 
 239      000CC000 
 239      0C
ARM GAS  C:\Users\kroko\AppData\Local\Temp\ccOcB234.s 			page 16


 240 0ad5 C0000C00 		.ascii	"\300\000\014\000\000\014\000\000?\300\000?\300\000\000"
 240      000C0000 
 240      3FC0003F 
 240      C00000
 241 0ae4 00000000 		.ascii	"\000\000\000\000\000\000\000\000\000\000\000\000\000"
 241      00000000 
 241      00000000 
 241      00
 242 0af1 00000000 		.ascii	"\000\000\000\000\000\000\000\000\000\000\000\000\000"
 242      00000000 
 242      00000000 
 242      00
 243 0afe 00000003 		.ascii	"\000\000\000\003\354\000\017\374\000\034\034\000\030"
 243      EC000FFC 
 243      001C1C00 
 243      18
 244 0b0b 0C00300C 		.ascii	"\014\0000\014\0000\000\0000\000\0000\376\0000\376\000"
 244      00300000 
 244      30000030 
 244      FE0030FE 
 244      00
 245 0b1c 300C0038 		.ascii	"0\014\0008\014\000\034\034\000\017\374\000\003\360\000"
 245      0C001C1C 
 245      000FFC00 
 245      03F000
 246 0b2b 00000000 		.ascii	"\000\000\000\000\000\000\000\000\000\000\000\000\000"
 246      00000000 
 246      00000000 
 246      00
 247 0b38 00000000 		.ascii	"\000\000\000\000\000\000\000\000\000\000\000\000\000"
 247      00000000 
 247      00000000 
 247      00
 248 0b45 00000000 		.ascii	"\000\000\000\000~~\000~~\000\030\030\000\030\030\000"
 248      7E7E007E 
 248      7E001818 
 248      00181800 
 249 0b55 18180018 		.ascii	"\030\030\000\030\030\000\037\370\000\037\370\000\030"
 249      18001FF8 
 249      001FF800 
 249      18
 250 0b62 18001818 		.ascii	"\030\000\030\030\000\030\030\000\030\030\000~~\000~"
 250      00181800 
 250      1818007E 
 250      7E007E
 251 0b71 7E000000 		.ascii	"~\000\000\000\000\000\000\000\000\000\000\000\000\000"
 251      00000000 
 251      00000000 
 251      0000
 252 0b7f 00000000 		.ascii	"\000\000\000\000\000\000\000\000\000\000\000\000\000"
 252      00000000 
 252      00000000 
 252      00
 253 0b8c 00000000 		.ascii	"\000\000\000\000\000\037\370\000\037\370\000\001\200"
 253      001FF800 
 253      1FF80001 
 253      80
ARM GAS  C:\Users\kroko\AppData\Local\Temp\ccOcB234.s 			page 17


 254 0b99 00018000 		.ascii	"\000\001\200\000\001\200\000\001\200\000\001\200\000"
 254      01800001 
 254      80000180 
 254      00
 255 0ba6 01800001 		.ascii	"\001\200\000\001\200\000\001\200\000\001\200\000\001"
 255      80000180 
 255      00018000 
 255      01
 256 0bb3 80001FF8 		.ascii	"\200\000\037\370\000\037\370\000\000\000\000\000\000"
 256      001FF800 
 256      00000000 
 256      00
 257 0bc0 00000000 		.ascii	"\000\000\000\000\000\000\000\000\000\000\000\000\000"
 257      00000000 
 257      00000000 
 257      00
 258 0bcd 00000000 		.ascii	"\000\000\000\000\000\000\000\000\000\000\000\000\007"
 258      00000000 
 258      00000000 
 258      07
 259 0bda FE0007FE 		.ascii	"\376\000\007\376\000\0000\000\0000\000\0000\000\000"
 259      00003000 
 259      00300000 
 259      300000
 260 0be9 30000030 		.ascii	"0\000\0000\00000\00000\00000\00000\0000`\000?\340\000"
 260      00303000 
 260      30300030 
 260      30003030 
 260      00306000 
 261 0c00 0F800000 		.ascii	"\017\200\000\000\000\000\000\000\000\000\000\000\000"
 261      00000000 
 261      00000000 
 261      00
 262 0c0d 00000000 		.ascii	"\000\000\000\000\000\000\000\000\000\000\000\000\000"
 262      00000000 
 262      00000000 
 262      00
 263 0c1a 00000000 		.ascii	"\000\000\000\000\000\000\000\177>\000\177>\000\0300"
 263      0000007F 
 263      3E007F3E 
 263      001830
 264 0c29 00186000 		.ascii	"\000\030`\000\030\300\000\031\200\000\033\200\000\037"
 264      18C00019 
 264      80001B80 
 264      001F
 265 0c37 C0001CE0 		.ascii	"\300\000\034\340\000\030p\000\0300\000\0308\000\177"
 265      00187000 
 265      18300018 
 265      38007F
 266 0c46 1F007F1F 		.ascii	"\037\000\177\037\000\000\000\000\000\000\000\000\000"
 266      00000000 
 266      00000000 
 266      00
 267 0c53 00000000 		.ascii	"\000\000\000\000\000\000\000\000\000\000\000\000\000"
 267      00000000 
 267      00000000 
 267      00
ARM GAS  C:\Users\kroko\AppData\Local\Temp\ccOcB234.s 			page 18


 268 0c60 00000000 		.ascii	"\000\000\000\000\000\000\000\000\000\177\200\000\177"
 268      00000000 
 268      007F8000 
 268      7F
 269 0c6d 80000C00 		.ascii	"\200\000\014\000\000\014\000\000\014\000\000\014\000"
 269      000C0000 
 269      0C00000C 
 269      00
 270 0c7a 000C0000 		.ascii	"\000\014\000\000\014\000\000\014\014\000\014\014\000"
 270      0C00000C 
 270      0C000C0C 
 270      00
 271 0c87 0C0C000C 		.ascii	"\014\014\000\014\014\000\177\374\000\177\374\000\000"
 271      0C007FFC 
 271      007FFC00 
 271      00
 272 0c94 00000000 		.ascii	"\000\000\000\000\000\000\000\000\000\000\000\000\000"
 272      00000000 
 272      00000000 
 272      00
 273 0ca1 00000000 		.ascii	"\000\000\000\000\000\000\000\000\000\000\000\000\000"
 273      00000000 
 273      00000000 
 273      00
 274 0cae 000000F0 		.ascii	"\000\000\000\360\017\000\370\037\0008\034\000<<\000"
 274      0F00F81F 
 274      00381C00 
 274      3C3C00
 275 0cbd 3C3C0036 		.ascii	"<<\0006l\0006l\0003\314\0003\314\0001\214\0000\014\000"
 275      6C00366C 
 275      0033CC00 
 275      33CC0031 
 275      8C00300C 
 276 0cd2 300C00FE 		.ascii	"0\014\000\376\177\000\376\177\000\000\000\000\000\000"
 276      7F00FE7F 
 276      00000000 
 276      0000
 277 0ce0 00000000 		.ascii	"\000\000\000\000\000\000\000\000\000\000\000\000\000"
 277      00000000 
 277      00000000 
 277      00
 278 0ced 00000000 		.ascii	"\000\000\000\000\000\000\000\000\000\000\000\000x\376"
 278      00000000 
 278      00000000 
 278      78FE
 279 0cfb 0078FE00 		.ascii	"\000x\376\000\034\030\000\036\030\000\037\030\000\033"
 279      1C18001E 
 279      18001F18 
 279      001B
 280 0d09 18001B98 		.ascii	"\030\000\033\230\000\031\330\000\030\330\000\030\370"
 280      0019D800 
 280      18D80018 
 280      F8
 281 0d16 00187800 		.ascii	"\000\030x\000\0308\000\177\030\000\177\030\000\000\000"
 281      1838007F 
 281      18007F18 
 281      000000
ARM GAS  C:\Users\kroko\AppData\Local\Temp\ccOcB234.s 			page 19


 282 0d25 00000000 		.ascii	"\000\000\000\000\000\000\000\000\000\000\000\000\000"
 282      00000000 
 282      00000000 
 282      00
 283 0d32 00000000 		.ascii	"\000\000\000\000\000\000\000\000\000\000\000\000\000"
 283      00000000 
 283      00000000 
 283      00
 284 0d3f 000003C0 		.ascii	"\000\000\003\300\000\017\360\000\0348\000\030\030\000"
 284      000FF000 
 284      1C380018 
 284      1800
 285 0d4d 381C0030 		.ascii	"8\034\0000\014\0000\014\0000\014\0000\014\0008\034\000"
 285      0C00300C 
 285      00300C00 
 285      300C0038 
 285      1C00
 286 0d5f 1818001C 		.ascii	"\030\030\000\0348\000\017\360\000\003\300\000\000\000"
 286      38000FF0 
 286      0003C000 
 286      0000
 287 0d6d 00000000 		.ascii	"\000\000\000\000\000\000\000\000\000\000\000\000\000"
 287      00000000 
 287      00000000 
 287      00
 288 0d7a 00000000 		.ascii	"\000\000\000\000\000\000\000\000\000\000\000\000\000"
 288      00000000 
 288      00000000 
 288      00
 289 0d87 00003FF0 		.ascii	"\000\000?\360\000?\370\000\014\034\000\014\014\000\014"
 289      003FF800 
 289      0C1C000C 
 289      0C000C
 290 0d96 0C000C0C 		.ascii	"\014\000\014\014\000\014\030\000\017\370\000\017\340"
 290      000C1800 
 290      0FF8000F 
 290      E0
 291 0da3 000C0000 		.ascii	"\000\014\000\000\014\000\000\014\000\000?\300\000?\300"
 291      0C00000C 
 291      00003FC0 
 291      003FC0
 292 0db2 00000000 		.ascii	"\000\000\000\000\000\000\000\000\000\000\000\000\000"
 292      00000000 
 292      00000000 
 292      00
 293 0dbf 00000000 		.ascii	"\000\000\000\000\000\000\000\000\000\000\000\000\000"
 293      00000000 
 293      00000000 
 293      00
 294 0dcc 00000000 		.ascii	"\000\000\000\000\000\003\300\000\017\360\000\0348\000"
 294      0003C000 
 294      0FF0001C 
 294      3800
 295 0dda 18180038 		.ascii	"\030\030\0008\034\0000\014\0000\014\0000\014\0000\014"
 295      1C00300C 
 295      00300C00 
 295      300C0030 
ARM GAS  C:\Users\kroko\AppData\Local\Temp\ccOcB234.s 			page 20


 295      0C
 296 0deb 00381C00 		.ascii	"\0008\034\000\030\030\000\0348\000\017\360\000\007\300"
 296      1818001C 
 296      38000FF0 
 296      0007C0
 297 0dfa 0007CC00 		.ascii	"\000\007\314\000\017\374\000\0148\000\000\000\000\000"
 297      0FFC000C 
 297      38000000 
 297      0000
 298 0e08 00000000 		.ascii	"\000\000\000\000\000\000\000\000\000\000\000\000\000"
 298      00000000 
 298      00000000 
 298      00
 299 0e15 00000000 		.ascii	"\000\000\000\000\177\340\000\177\360\000\0308\000\030"
 299      7FE0007F 
 299      F0001838 
 299      0018
 300 0e23 18001818 		.ascii	"\030\000\030\030\000\0308\000\037\360\000\037\300\000"
 300      00183800 
 300      1FF0001F 
 300      C000
 301 0e31 18E00018 		.ascii	"\030\340\000\030p\000\0300\000\0308\000\177\036\000"
 301      70001830 
 301      00183800 
 301      7F1E00
 302 0e40 7F0E0000 		.ascii	"\177\016\000\000\000\000\000\000\000\000\000\000\000"
 302      00000000 
 302      00000000 
 302      00
 303 0e4d 00000000 		.ascii	"\000\000\000\000\000\000\000\000\000\000\000\000\000"
 303      00000000 
 303      00000000 
 303      00
 304 0e5a 00000000 		.ascii	"\000\000\000\000\000\000\000\007\330\000\017\370\000"
 304      00000007 
 304      D8000FF8 
 304      00
 305 0e67 1C380018 		.ascii	"\0348\000\030\030\000\030\030\000\036\000\000\017\300"
 305      18001818 
 305      001E0000 
 305      0FC0
 306 0e75 0003F000 		.ascii	"\000\003\360\000\000x\000\030\030\000\030\030\000\034"
 306      00780018 
 306      18001818 
 306      001C
 307 0e83 38001FF0 		.ascii	"8\000\037\360\000\033\340\000\000\000\000\000\000\000"
 307      001BE000 
 307      00000000 
 307      0000
 308 0e91 00000000 		.ascii	"\000\000\000\000\000\000\000\000\000\000\000\000\000"
 308      00000000 
 308      00000000 
 308      00
 309 0e9e 00000000 		.ascii	"\000\000\000\000\000\000\000\000\000\000\000?\374\000"
 309      00000000 
 309      0000003F 
 309      FC00
ARM GAS  C:\Users\kroko\AppData\Local\Temp\ccOcB234.s 			page 21


 310 0eac 3FFC0031 		.ascii	"?\374\0001\214\0001\214\0001\214\0001\214\000\001\200"
 310      8C00318C 
 310      00318C00 
 310      318C0001 
 310      80
 311 0ebd 00018000 		.ascii	"\000\001\200\000\001\200\000\001\200\000\001\200\000"
 311      01800001 
 311      80000180 
 311      00
 312 0eca 0180000F 		.ascii	"\001\200\000\017\360\000\017\360\000\000\000\000\000"
 312      F0000FF0 
 312      00000000 
 312      00
 313 0ed7 00000000 		.ascii	"\000\000\000\000\000\000\000\000\000\000\000\000\000"
 313      00000000 
 313      00000000 
 313      00
 314 0ee4 00000000 		.ascii	"\000\000\000\000\000\000\000\000\000\000\000\000\000"
 314      00000000 
 314      00000000 
 314      00
 315 0ef1 7E7E007E 		.ascii	"~~\000~~\000\030\030\000\030\030\000\030\030\000\030"
 315      7E001818 
 315      00181800 
 315      18180018 
 316 0f01 18001818 		.ascii	"\030\000\030\030\000\030\030\000\030\030\000\030\030"
 316      00181800 
 316      18180018 
 316      18
 317 0f0e 00181800 		.ascii	"\000\030\030\000\0140\000\017\360\000\003\300\000\000"
 317      0C30000F 
 317      F00003C0 
 317      0000
 318 0f1c 00000000 		.ascii	"\000\000\000\000\000\000\000\000\000\000\000\000\000"
 318      00000000 
 318      00000000 
 318      00
 319 0f29 00000000 		.ascii	"\000\000\000\000\000\000\000\000\000\000\000\000\000"
 319      00000000 
 319      00000000 
 319      00
 320 0f36 0000007F 		.ascii	"\000\000\000\177\177\000\177\177\000\030\014\000\014"
 320      7F007F7F 
 320      00180C00 
 320      0C
 321 0f43 18000C18 		.ascii	"\030\000\014\030\000\014\030\000\0060\000\0060\000\003"
 321      000C1800 
 321      06300006 
 321      300003
 322 0f52 60000360 		.ascii	"`\000\003`\000\003`\000\001\300\000\001\300\000\000"
 322      00036000 
 322      01C00001 
 322      C00000
 323 0f61 80000000 		.ascii	"\200\000\000\000\000\000\000\000\000\000\000\000\000"
 323      00000000 
 323      00000000 
 323      00
ARM GAS  C:\Users\kroko\AppData\Local\Temp\ccOcB234.s 			page 22


 324 0f6e 00000000 		.ascii	"\000\000\000\000\000\000\000\000\000\000\000\000\000"
 324      00000000 
 324      00000000 
 324      00
 325 0f7b 00000000 		.ascii	"\000\000\000\000\000\000\376?\200\376?\2000\006\000"
 325      0000FE3F 
 325      80FE3F80 
 325      300600
 326 0f8a 30060030 		.ascii	"0\006\0000\206\000\031\314\000\031\314\000\033l\000"
 326      860019CC 
 326      0019CC00 
 326      1B6C00
 327 0f99 1B6C001E 		.ascii	"\033l\000\036|\000\016"
 327      7C000E
 328 0fa0 38000E38 		.ascii	"8\000\0168\000\014\030\000\014\030\000\000\000\000\000"
 328      000C1800 
 328      0C180000 
 328      000000
 329 0faf 00000000 		.ascii	"\000\000\000\000\000\000\000\000\000\000\000\000\000"
 329      00000000 
 329      00000000 
 329      00
 330 0fbc 00000000 		.ascii	"\000\000\000\000\000\000\000\000\000\000\000\000\000"
 330      00000000 
 330      00000000 
 330      00
 331 0fc9 7E7E007E 		.ascii	"~~\000~~\000\030\030\000\0140\000\006`\000\003\300\000"
 331      7E001818 
 331      000C3000 
 331      06600003 
 331      C000
 332 0fdb 01800001 		.ascii	"\001\200\000\001\200\000\003\300\000\006`\000\0140\000"
 332      800003C0 
 332      00066000 
 332      0C3000
 333 0fea 1818007E 		.ascii	"\030\030\000~~\000~~\000\000\000\000\000\000\000\000"
 333      7E007E7E 
 333      00000000 
 333      00000000 
 334 0ffa 00000000 		.ascii	"\000\000\000\000\000\000\000\000\000\000\000\000\000"
 334      00000000 
 334      00000000 
 334      00
 335 1007 00000000 		.ascii	"\000\000\000\000\000\000\000\000\000\000|~\000|~\000"
 335      00000000 
 335      00007C7E 
 335      007C7E00 
 336 1017 1818000C 		.ascii	"\030\030\000\0140\000\006`\000\006`\000\003\300\000"
 336      30000660 
 336      00066000 
 336      03C000
 337 1026 01800001 		.ascii	"\001\200\000\001\200\000\001\200\000\001\200\000\001"
 337      80000180 
 337      00018000 
 337      01
 338 1033 80000FF0 		.ascii	"\200\000\017\360\000\017\360\000\000\000\000\000\000"
 338      000FF000 
ARM GAS  C:\Users\kroko\AppData\Local\Temp\ccOcB234.s 			page 23


 338      00000000 
 338      00
 339 1040 00000000 		.ascii	"\000\000\000\000\000\000\000\000\000\000\000\000\000"
 339      00000000 
 339      00000000 
 339      00
 340 104d 00000000 		.ascii	"\000\000\000\000\000\000\000\000\000\000\000\000\037"
 340      00000000 
 340      00000000 
 340      1F
 341 105a F8001FF8 		.ascii	"\370\000\037\370\000\030\030\000\0300\000\030`\000\030"
 341      00181800 
 341      18300018 
 341      600018
 342 1069 C0000180 		.ascii	"\300\000\001\200\000\003\000\000\006\030\000\014\030"
 342      00030000 
 342      0618000C 
 342      18
 343 1076 00181800 		.ascii	"\000\030\030\0000\030\000?\370\000?\370\000\000\000"
 343      3018003F 
 343      F8003FF8 
 343      000000
 344 1085 00000000 		.ascii	"\000\000\000\000\000\000\000\000\000\000\000\000\000"
 344      00000000 
 344      00000000 
 344      00
 345 1092 00000000 		.ascii	"\000\000\000\000\000\000\000\000\000\000\000\000\001"
 345      00000000 
 345      00000000 
 345      01
 346 109f F00001F0 		.ascii	"\360\000\001\360\000\001\200\000\001\200\000\001\200"
 346      00018000 
 346      01800001 
 346      80
 347 10ac 00018000 		.ascii	"\000\001\200\000\001\200\000\001\200\000\001\200\000"
 347      01800001 
 347      80000180 
 347      00
 348 10b9 01800001 		.ascii	"\001\200\000\001\200\000\001\200\000\001\200\000\001"
 348      80000180 
 348      00018000 
 348      01
 349 10c6 80000180 		.ascii	"\200\000\001\200\000\001\200\000\001\360\000\001\360"
 349      00018000 
 349      01F00001 
 349      F0
 350 10d3 00000000 		.ascii	"\000\000\000\000\000\000\000\000\000\000\000\000\000"
 350      00000000 
 350      00000000 
 350      00
 351 10e0 18000018 		.ascii	"\030\000\000\030\000\000\034\000\000\014\000\000\016"
 351      00001C00 
 351      000C0000 
 351      0E
 352 10ed 00000600 		.ascii	"\000\000\006\000\000\006\000\000\003\000\000\003\000"
 352      00060000 
 352      03000003 
ARM GAS  C:\Users\kroko\AppData\Local\Temp\ccOcB234.s 			page 24


 352      00
 353 10fa 00018000 		.ascii	"\000\001\200\000\001\200\000\000\300\000\000\300\000"
 353      01800000 
 353      C00000C0 
 353      00
 354 1107 00600000 		.ascii	"\000`\000\000`\000\000p\000\0000\000\0008\000\000\030"
 354      60000070 
 354      00003000 
 354      00380000 
 354      18
 355 1118 00001800 		.ascii	"\000\000\030\000\000\000\000\000\000\000\000\000\000"
 355      00000000 
 355      00000000 
 355      00
 356 1125 00000000 		.ascii	"\000\000\000\000\000\000\000\000\000\017\200\000\017"
 356      00000000 
 356      000F8000 
 356      0F
 357 1132 80000180 		.ascii	"\200\000\001\200\000\001\200\000\001\200\000\001\200"
 357      00018000 
 357      01800001 
 357      80
 358 113f 00018000 		.ascii	"\000\001\200\000\001\200\000\001\200\000\001\200\000"
 358      01800001 
 358      80000180 
 358      00
 359 114c 01800001 		.ascii	"\001\200\000\001\200\000\001\200\000\001\200\000\001"
 359      80000180 
 359      00018000 
 359      01
 360 1159 80000180 		.ascii	"\200\000\001\200\000\017\200\000\017\200\000\000\000"
 360      000F8000 
 360      0F800000 
 360      00
 361 1166 00000000 		.ascii	"\000\000\000\000\000\000\000\000\000\000\000\000\000"
 361      00000000 
 361      00000000 
 361      00
 362 1173 00800001 		.ascii	"\000\200\000\001\300\000\003\340\000\007p\000\0060\000"
 362      C00003E0 
 362      00077000 
 362      063000
 363 1182 0C180018 		.ascii	"\014\030\000\030\014\000\020\004\000\000\000\000\000"
 363      0C001004 
 363      00000000 
 363      00
 364 118f 00000000 		.ascii	"\000\000\000\000\000\000\000\000\000\000\000\000\000"
 364      00000000 
 364      00000000 
 364      00
 365 119c 00000000 		.ascii	"\000\000\000\000\000\000\000\000\000\000\000\000\000"
 365      00000000 
 365      00000000 
 365      00
 366 11a9 00000000 		.ascii	"\000\000\000\000\000\000\000\000\000\000\000\000\000"
 366      00000000 
 366      00000000 
ARM GAS  C:\Users\kroko\AppData\Local\Temp\ccOcB234.s 			page 25


 366      00
 367 11b6 00000000 		.ascii	"\000\000\000\000\000\000\000\000\000\000\000\000\000"
 367      00000000 
 367      00000000 
 367      00
 368 11c3 00000000 		.ascii	"\000\000\000\000\000\000\000\000\000\000\000\000\000"
 368      00000000 
 368      00000000 
 368      00
 369 11d0 00000000 		.ascii	"\000\000\000\000\000\000\000\000\000\000\000\000\000"
 369      00000000 
 369      00000000 
 369      00
 370 11dd 00000000 		.ascii	"\000\000\000\000\000\000\000\000\000\000\000\000\000"
 370      00000000 
 370      00000000 
 370      00
 371 11ea 00000000 		.ascii	"\000\000\000\000\000\000\000\000\000\000\000\000\000"
 371      00000000 
 371      00000000 
 371      00
 372 11f7 000000FF 		.ascii	"\000\000\000\377\377\000\377\377\000\000\000\000\003"
 372      FF00FFFF 
 372      00000000 
 372      03
 373 1204 00000380 		.ascii	"\000\000\003\200\000\000\340\000\000`\000\000\000\000"
 373      0000E000 
 373      00600000 
 373      0000
 374 1212 00000000 		.ascii	"\000\000\000\000\000\000\000\000\000\000\000\000\000"
 374      00000000 
 374      00000000 
 374      00
 375 121f 00000000 		.ascii	"\000\000\000\000\000\000\000\000\000\000\000\000\000"
 375      00000000 
 375      00000000 
 375      00
 376 122c 00000000 		.ascii	"\000\000\000\000\000\000\000\000\000\000\000\000\000"
 376      00000000 
 376      00000000 
 376      00
 377 1239 00000000 		.ascii	"\000\000\000\000\000\000\000\000\000\000\000\000\000"
 377      00000000 
 377      00000000 
 377      00
 378 1246 00000000 		.ascii	"\000\000\000\000\000\000\000\000\000\000\000\000\000"
 378      00000000 
 378      00000000 
 378      00
 379 1253 00000000 		.ascii	"\000\000\000\000\000\000\000\017\300\000\037\340\000"
 379      0000000F 
 379      C0001FE0 
 379      00
 380 1260 00300000 		.ascii	"\0000\000\0000\000\007\360\000\037\360\00080\00000\000"
 380      300007F0 
 380      001FF000 
 380      38300030 
ARM GAS  C:\Users\kroko\AppData\Local\Temp\ccOcB234.s 			page 26


 380      3000
 381 1272 3070001F 		.ascii	"0p\000\037\374\000\017\274\000\000\000\000\000\000\000"
 381      FC000FBC 
 381      00000000 
 381      000000
 382 1281 00000000 		.ascii	"\000\000\000\000\000\000\000\000\000\000\000\000\000"
 382      00000000 
 382      00000000 
 382      00
 383 128e 00000000 		.ascii	"\000\000\000\000\000\000\000\000x\000\000x\000\000\030"
 383      00000000 
 383      78000078 
 383      000018
 384 129d 00001800 		.ascii	"\000\000\030\000\000\033\340\000\037\370\000\034\030"
 384      001BE000 
 384      1FF8001C 
 384      18
 385 12aa 00180C00 		.ascii	"\000\030\014\000\030\014\000\030\014\000\030\014\000"
 385      180C0018 
 385      0C00180C 
 385      00
 386 12b7 180C001C 		.ascii	"\030\014\000\034\030\000\177\370\000{\340\000\000\000"
 386      18007FF8 
 386      007BE000 
 386      0000
 387 12c5 00000000 		.ascii	"\000\000\000\000\000\000\000\000\000\000\000\000\000"
 387      00000000 
 387      00000000 
 387      00
 388 12d2 00000000 		.ascii	"\000\000\000\000\000\000\000\000\000\000\000\000\000"
 388      00000000 
 388      00000000 
 388      00
 389 12df 00000000 		.ascii	"\000\000\000\000\000\000\000\000\000\000\000\003\354"
 389      00000000 
 389      00000003 
 389      EC
 390 12ec 000FFC00 		.ascii	"\000\017\374\000\034\034\0008\014\0000\014\0000\000"
 390      1C1C0038 
 390      0C00300C 
 390      003000
 391 12fb 00300000 		.ascii	"\0000\000\0008\014\000\034\034\000\017\370\000\003\360"
 391      380C001C 
 391      1C000FF8 
 391      0003F0
 392 130a 00000000 		.ascii	"\000\000\000\000\000\000\000\000\000\000\000\000\000"
 392      00000000 
 392      00000000 
 392      00
 393 1317 00000000 		.ascii	"\000\000\000\000\000\000\000\000\000\000\000\000\000"
 393      00000000 
 393      00000000 
 393      00
 394 1324 00000078 		.ascii	"\000\000\000x\000\000x\000\000\030\000\000\030\000\007"
 394      00007800 
 394      00180000 
 394      180007
ARM GAS  C:\Users\kroko\AppData\Local\Temp\ccOcB234.s 			page 27


 395 1333 D8001FF8 		.ascii	"\330\000\037\370\000\0308\0000\030\0000\030\0000\030"
 395      00183800 
 395      30180030 
 395      18003018 
 396 1343 00301800 		.ascii	"\0000\030\0000\030\000\0308\000\037\376\000\007\336"
 396      30180018 
 396      38001FFE 
 396      0007DE
 397 1352 00000000 		.ascii	"\000\000\000\000\000\000\000\000\000\000\000\000\000"
 397      00000000 
 397      00000000 
 397      00
 398 135f 00000000 		.ascii	"\000\000\000\000\000\000\000\000\000\000\000\000\000"
 398      00000000 
 398      00000000 
 398      00
 399 136c 00000000 		.ascii	"\000\000\000\000\000\000\000\000\000\000\000\000\000"
 399      00000000 
 399      00000000 
 399      00
 400 1379 0007E000 		.ascii	"\000\007\340\000\037\370\000\030\030\0000\014\000?\374"
 400      1FF80018 
 400      1800300C 
 400      003FFC
 401 1388 003FFC00 		.ascii	"\000?\374\0000\000\0000\000\000\030\014\000\037\374"
 401      30000030 
 401      0000180C 
 401      001FFC
 402 1397 0007F000 		.ascii	"\000\007\360\000\000\000\000\000\000\000\000\000\000"
 402      00000000 
 402      00000000 
 402      00
 403 13a4 00000000 		.ascii	"\000\000\000\000\000\000\000\000\000\000\000\000\000"
 403      00000000 
 403      00000000 
 403      00
 404 13b1 00000000 		.ascii	"\000\000\000\000\000\001\374\000\003\374\000\006\000"
 404      0001FC00 
 404      03FC0006 
 404      00
 405 13be 00060000 		.ascii	"\000\006\000\000?\370\000?\370\000\006\000\000\006\000"
 405      3FF8003F 
 405      F8000600 
 405      000600
 406 13cd 00060000 		.ascii	"\000\006\000\000\006\000\000\006\000\000\006\000\000"
 406      06000006 
 406      00000600 
 406      00
 407 13da 0600003F 		.ascii	"\006\000\000?\360\000?\360\000\000\000\000\000\000\000"
 407      F0003FF0 
 407      00000000 
 407      000000
 408 13e9 00000000 		.ascii	"\000\000\000\000\000\000\000\000\000\000\000\000\000"
 408      00000000 
 408      00000000 
 408      00
 409 13f6 00000000 		.ascii	"\000\000\000\000\000\000\000\000\000\000\000\000\000"
ARM GAS  C:\Users\kroko\AppData\Local\Temp\ccOcB234.s 			page 28


 409      00000000 
 409      00000000 
 409      00
 410 1403 00000000 		.ascii	"\000\000\000\000\000\000\000\007\336\000\037\376\000"
 410      00000007 
 410      DE001FFE 
 410      00
 411 1410 18380030 		.ascii	"\0308\0000\030\0000\030\0000\030\0000\030\0000\030\000"
 411      18003018 
 411      00301800 
 411      30180030 
 411      1800
 412 1422 1838001F 		.ascii	"\0308\000\037\370\000\007\330\000\000\030\000\000\030"
 412      F80007D8 
 412      00001800 
 412      0018
 413 1430 00003800 		.ascii	"\000\0008\000\017\360\000\017\300\000\000\000\000\000"
 413      0FF0000F 
 413      C0000000 
 413      0000
 414 143e 00000000 		.ascii	"\000\000\000\000\000\000\000\000x\000\000x\000\000\030"
 414      00000000 
 414      78000078 
 414      000018
 415 144d 00001800 		.ascii	"\000\000\030\000\000\033\340\000\037\360\000\0348\000"
 415      001BE000 
 415      1FF0001C 
 415      3800
 416 145b 18180018 		.ascii	"\030\030\000\030\030\000\030\030\000\030\030\000\030"
 416      18001818 
 416      00181800 
 416      18
 417 1468 18001818 		.ascii	"\030\000\030\030\000~~\000~~\000\000\000\000\000\000"
 417      007E7E00 
 417      7E7E0000 
 417      00000000 
 418 1478 00000000 		.ascii	"\000\000\000\000\000\000\000\000\000\000\000\000\000"
 418      00000000 
 418      00000000 
 418      00
 419 1485 00000000 		.ascii	"\000\000\000\000\000\000\000\000\000\001\200\000\001"
 419      00000000 
 419      00018000 
 419      01
 420 1492 80000000 		.ascii	"\200\000\000\000\000\000\000\000\037\200\000\037\200"
 420      00000000 
 420      1F80001F 
 420      80
 421 149f 00018000 		.ascii	"\000\001\200\000\001\200\000\001\200\000\001\200\000"
 421      01800001 
 421      80000180 
 421      00
 422 14ac 01800001 		.ascii	"\001\200\000\001\200\000\001\200\000?\374\000?\374\000"
 422      80000180 
 422      003FFC00 
 422      3FFC00
 423 14bb 00000000 		.ascii	"\000\000\000\000\000\000\000\000\000\000\000\000\000"
ARM GAS  C:\Users\kroko\AppData\Local\Temp\ccOcB234.s 			page 29


 423      00000000 
 423      00000000 
 423      00
 424 14c8 00000000 		.ascii	"\000\000\000\000\000\000\000\000\000\000\000\000\000"
 424      00000000 
 424      00000000 
 424      00
 425 14d5 0000C000 		.ascii	"\000\000\300\000\000\300\000\000\000\000\000\000\000"
 425      00C00000 
 425      00000000 
 425      00
 426 14e2 1FF0001F 		.ascii	"\037\360\000\037\360\000\0000\000\0000\000\0000\000"
 426      F0000030 
 426      00003000 
 426      003000
 427 14f1 00300000 		.ascii	"\0000\000\0000\000\0000\000\0000\000\0000\000\0000\000"
 427      30000030 
 427      00003000 
 427      00300000 
 427      3000
 428 1503 00300000 		.ascii	"\0000\000\0000\000\000p\000\037\340\000\037\200\000"
 428      30000070 
 428      001FE000 
 428      1F8000
 429 1512 00000000 		.ascii	"\000\000\000\000\000\000\000\000\000\000\000\000<\000"
 429      00000000 
 429      00000000 
 429      3C00
 430 1520 003C0000 		.ascii	"\000<\000\000\014\000\000\014\000\000\014\370\000\014"
 430      0C00000C 
 430      00000CF8 
 430      000C
 431 152e F8000CC0 		.ascii	"\370\000\014\300\000\015\200\000\017\200\000\017\000"
 431      000D8000 
 431      0F80000F 
 431      00
 432 153b 000F8000 		.ascii	"\000\017\200\000\015\300\000\014\340\000<|\000<|\000"
 432      0DC0000C 
 432      E0003C7C 
 432      003C7C00 
 433 154b 00000000 		.ascii	"\000\000\000\000\000\000\000\000\000\000\000\000\000"
 433      00000000 
 433      00000000 
 433      00
 434 1558 00000000 		.ascii	"\000\000\000\000\000\000\000\000\000\000\000\000\000"
 434      00000000 
 434      00000000 
 434      00
 435 1565 001F8000 		.ascii	"\000\037\200\000\037\200\000\001\200\000\001\200\000"
 435      1F800001 
 435      80000180 
 435      00
 436 1572 01800001 		.ascii	"\001\200\000\001\200\000\001\200\000\001\200\000\001"
 436      80000180 
 436      00018000 
 436      01
 437 157f 80000180 		.ascii	"\200\000\001\200\000\001\200\000\001\200\000\001\200"
ARM GAS  C:\Users\kroko\AppData\Local\Temp\ccOcB234.s 			page 30


 437      00018000 
 437      01800001 
 437      80
 438 158c 003FFC00 		.ascii	"\000?\374\000?\374\000\000\000\000\000\000\000\000\000"
 438      3FFC0000 
 438      00000000 
 438      000000
 439 159b 00000000 		.ascii	"\000\000\000\000\000\000\000\000\000\000\000\000\000"
 439      00000000 
 439      00000000 
 439      00
 440 15a8 00000000 		.ascii	"\000\000\000\000\000\000\000\000\000\000\000\000\000"
 440      00000000 
 440      00000000 
 440      00
 441 15b5 00000000 		.ascii	"\000\000\000\000\000\367x\000\377\374\0009\314\0001"
 441      00F77800 
 441      FFFC0039 
 441      CC0031
 442 15c4 8C00318C 		.ascii	"\214\0001\214\0001\214\0001\214\0001\214\0001\214\000"
 442      00318C00 
 442      318C0031 
 442      8C00318C 
 442      00
 443 15d5 FDEF00FD 		.ascii	"\375\357\000\375\357\000\000\000\000\000\000\000\000"
 443      EF000000 
 443      00000000 
 443      00
 444 15e2 00000000 		.ascii	"\000\000\000\000\000\000\000\000\000\000\000\000\000"
 444      00000000 
 444      00000000 
 444      00
 445 15ef 00000000 		.ascii	"\000\000\000\000\000\000\000\000\000\000\000\000\000"
 445      00000000 
 445      00000000 
 445      00
 446 15fc 00000000 		.ascii	"\000\000\000\000\000\000{\340\000\177\360\000\0348\000"
 446      00007BE0 
 446      007FF000 
 446      1C3800
 447 160b 18180018 		.ascii	"\030\030\000\030\030\000\030\030\000\030\030\000\030"
 447      18001818 
 447      00181800 
 447      18
 448 1618 18001818 		.ascii	"\030\000\030\030\000~~\000~~\000\000\000\000\000\000"
 448      007E7E00 
 448      7E7E0000 
 448      00000000 
 449 1628 00000000 		.ascii	"\000\000\000\000\000\000\000\000\000\000\000\000\000"
 449      00000000 
 449      00000000 
 449      00
 450 1635 00000000 		.ascii	"\000\000\000\000\000\000\000\000\000\000\000\000\000"
 450      00000000 
 450      00000000 
 450      00
 451 1642 00000000 		.ascii	"\000\000\000\000\000\000\000\000\003\300\000\017\360"
ARM GAS  C:\Users\kroko\AppData\Local\Temp\ccOcB234.s 			page 31


 451      00000000 
 451      03C0000F 
 451      F0
 452 164f 001C3800 		.ascii	"\000\0348\0008\034\0000\014\0000\014\0000\014\0008\034"
 452      381C0030 
 452      0C00300C 
 452      00300C00 
 452      381C
 453 1661 001C3800 		.ascii	"\000\0348\000\017\360\000\003\300\000\000\000\000\000"
 453      0FF00003 
 453      C0000000 
 453      0000
 454 166f 00000000 		.ascii	"\000\000\000\000\000\000\000\000\000\000\000\000\000"
 454      00000000 
 454      00000000 
 454      00
 455 167c 00000000 		.ascii	"\000\000\000\000\000\000\000\000\000\000\000\000\000"
 455      00000000 
 455      00000000 
 455      00
 456 1689 00000000 		.ascii	"\000\000\000\000\000\000\000\000\000{\340\000\177\370"
 456      00000000 
 456      007BE000 
 456      7FF8
 457 1697 001C1800 		.ascii	"\000\034\030\000\030\014\000\030\014\000\030\014\000"
 457      180C0018 
 457      0C00180C 
 457      00
 458 16a4 180C0018 		.ascii	"\030\014\000\030\014\000\034\030\000\037\370\000\033"
 458      0C001C18 
 458      001FF800 
 458      1B
 459 16b1 E0001800 		.ascii	"\340\000\030\000\000\030\000\000\030\000\000\177\000"
 459      00180000 
 459      1800007F 
 459      00
 460 16be 007F0000 		.ascii	"\000\177\000\000\000\000\000\000\000\000\000\000\000"
 460      00000000 
 460      00000000 
 460      00
 461 16cb 00000000 		.ascii	"\000\000\000\000\000\000\000\000\000\000\000\000\000"
 461      00000000 
 461      00000000 
 461      00
 462 16d8 000007DE 		.ascii	"\000\000\007\336\000\037\376\000\0308\0000\030\0000"
 462      001FFE00 
 462      18380030 
 462      180030
 463 16e7 18003018 		.ascii	"\030\0000\030\0000\030\0000\030\000\0308\000\037\370"
 463      00301800 
 463      30180018 
 463      38001FF8 
 464 16f7 0007D800 		.ascii	"\000\007\330\000\000\030\000\000\030\000\000\030\000"
 464      00180000 
 464      18000018 
 464      00
 465 1704 00FE0000 		.ascii	"\000\376\000\000\376\000\000\000\000\000\000\000\000"
ARM GAS  C:\Users\kroko\AppData\Local\Temp\ccOcB234.s 			page 32


 465      FE000000 
 465      00000000 
 465      00
 466 1711 00000000 		.ascii	"\000\000\000\000\000\000\000\000\000\000\000\000\000"
 466      00000000 
 466      00000000 
 466      00
 467 171e 00000000 		.ascii	"\000\000\000\000>x\000>\374\000\007\314\000\007\000"
 467      3E78003E 
 467      FC0007CC 
 467      000700
 468 172d 00060000 		.ascii	"\000\006\000\000\006\000\000\006\000\000\006\000\000"
 468      06000006 
 468      00000600 
 468      00
 469 173a 0600003F 		.ascii	"\006\000\000?\360\000?\360\000\000\000\000\000\000\000"
 469      F0003FF0 
 469      00000000 
 469      000000
 470 1749 00000000 		.ascii	"\000\000\000\000\000\000\000\000\000\000\000\000\000"
 470      00000000 
 470      00000000 
 470      00
 471 1756 00000000 		.ascii	"\000\000\000\000\000\000\000\000\000\000\000\000\000"
 471      00000000 
 471      00000000 
 471      00
 472 1763 00000000 		.ascii	"\000\000\000\000\000\000\000\007\370\000\017\370\000"
 472      00000007 
 472      F8000FF8 
 472      00
 473 1770 18180018 		.ascii	"\030\030\000\030\030\000\037\200\000\017\360\000\000"
 473      18001F80 
 473      000FF000 
 473      00
 474 177d F8001818 		.ascii	"\370\000\030\030\000\0308\000\037\360\000\037\340\000"
 474      00183800 
 474      1FF0001F 
 474      E000
 475 178b 00000000 		.ascii	"\000\000\000\000\000\000\000\000\000\000\000\000\000"
 475      00000000 
 475      00000000 
 475      00
 476 1798 00000000 		.ascii	"\000\000\000\000\000\000\000\000\000\000\000\000\000"
 476      00000000 
 476      00000000 
 476      00
 477 17a5 000C0000 		.ascii	"\000\014\000\000\014\000\000\014\000\000\014\000\000"
 477      0C00000C 
 477      00000C00 
 477      00
 478 17b2 3FF0003F 		.ascii	"?\360\000?\360\000\014\000\000\014\000\000\014\000\000"
 478      F0000C00 
 478      000C0000 
 478      0C0000
 479 17c1 0C00000C 		.ascii	"\014\000\000\014\000\000\014\000\000\014\034\000\007"
 479      00000C00 
ARM GAS  C:\Users\kroko\AppData\Local\Temp\ccOcB234.s 			page 33


 479      000C1C00 
 479      07
 480 17ce FC0003F0 		.ascii	"\374\000\003\360\000\000\000\000\000\000\000\000\000"
 480      00000000 
 480      00000000 
 480      00
 481 17db 00000000 		.ascii	"\000\000\000\000\000\000\000\000\000\000\000\000\000"
 481      00000000 
 481      00000000 
 481      00
 482 17e8 00000000 		.ascii	"\000\000\000\000\000\000\000\000\000\000\000\000\000"
 482      00000000 
 482      00000000 
 482      00
 483 17f5 00000000 		.ascii	"\000\000\000\000\000xx\000xx\000\030\030\000\030\030"
 483      00787800 
 483      78780018 
 483      18001818 
 484 1805 00181800 		.ascii	"\000\030\030\000\030\030\000\030\030\000\030\030\000"
 484      18180018 
 484      18001818 
 484      00
 485 1812 1838000F 		.ascii	"\0308\000\017\376\000\007\336\000\000\000\000\000\000"
 485      FE0007DE 
 485      00000000 
 485      0000
 486 1820 00000000 		.ascii	"\000\000\000\000\000\000\000\000\000\000\000\000\000"
 486      00000000 
 486      00000000 
 486      00
 487 182d 00000000 		.ascii	"\000\000\000\000\000\000\000\000\000\000\000\000\000"
 487      00000000 
 487      00000000 
 487      00
 488 183a 00000000 		.ascii	"\000\000\000\000\000\000\000\000|>\000|>\000\030\030"
 488      00000000 
 488      7C3E007C 
 488      3E001818 
 489 184a 00181800 		.ascii	"\000\030\030\000\0140\000\0140\000\006`\000\006`\000"
 489      0C30000C 
 489      30000660 
 489      00066000 
 490 185a 07E00003 		.ascii	"\007\340\000\003\300\000\003\300\000\000\000\000\000"
 490      C00003C0 
 490      00000000 
 490      00
 491 1867 00000000 		.ascii	"\000\000\000\000\000\000\000\000\000\000\000\000\000"
 491      00000000 
 491      00000000 
 491      00
 492 1874 00000000 		.ascii	"\000\000\000\000\000\000\000\000\000\000\000\000\000"
 492      00000000 
 492      00000000 
 492      00
 493 1881 00000000 		.ascii	"\000\000\000\000\000\000\000\000\000x<\000x<\0001\030"
 493      00000000 
 493      00783C00 
ARM GAS  C:\Users\kroko\AppData\Local\Temp\ccOcB234.s 			page 34


 493      783C0031 
 493      18
 494 1892 00339800 		.ascii	"\0003\230\0003\230\000\032\260\000\036\360\000\036\360"
 494      3398001A 
 494      B0001EF0 
 494      001EF0
 495 18a1 001C6000 		.ascii	"\000\034`\000\014`\000\014`\000\000\000\000\000\000"
 495      0C60000C 
 495      60000000 
 495      000000
 496 18b0 00000000 		.ascii	"\000\000\000\000\000\000\000\000\000\000\000\000\000"
 496      00000000 
 496      00000000 
 496      00
 497 18bd 00000000 		.ascii	"\000\000\000\000\000\000\000\000\000\000\000\000\000"
 497      00000000 
 497      00000000 
 497      00
 498 18ca 00000000 		.ascii	"\000\000\000\000\000\000\000\000>|\000>|\000\0140\000"
 498      00000000 
 498      3E7C003E 
 498      7C000C30 
 498      00
 499 18db 06600003 		.ascii	"\006`\000\003\300\000\001\200\000\003\300\000\006`\000"
 499      C0000180 
 499      0003C000 
 499      066000
 500 18ea 0C30003E 		.ascii	"\0140\000>|\000>|\000\000\000\000\000\000\000\000\000"
 500      7C003E7C 
 500      00000000 
 500      00000000 
 500      00
 501 18fb 00000000 		.ascii	"\000\000\000\000\000\000\000\000\000\000\000\000\000"
 501      00000000 
 501      00000000 
 501      00
 502 1908 00000000 		.ascii	"\000\000\000\000\000\000\000\000\000\000\000\000\000"
 502      00000000 
 502      00000000 
 502      00
 503 1915 00000000 		.ascii	"\000\000\000\000\000~\037\000~\037\000\030\014\000\014"
 503      007E1F00 
 503      7E1F0018 
 503      0C000C
 504 1924 18000C18 		.ascii	"\030\000\014\030\000\0060\000\0060\000\003`\000\003"
 504      00063000 
 504      06300003 
 504      600003
 505 1933 E00001C0 		.ascii	"\340\000\001\300\000\000\300\000\001\200\000\001\200"
 505      0000C000 
 505      01800001 
 505      80
 506 1940 00030000 		.ascii	"\000\003\000\000?\300\000?\300\000\000\000\000\000\000"
 506      3FC0003F 
 506      C0000000 
 506      000000
 507 194f 00000000 		.ascii	"\000\000\000\000\000\000\000\000\000\000\000\000\000"
ARM GAS  C:\Users\kroko\AppData\Local\Temp\ccOcB234.s 			page 35


 507      00000000 
 507      00000000 
 507      00
 508 195c 00000000 		.ascii	"\000\000\000\000\000\000\037\370\000\037\370\000\030"
 508      00001FF8 
 508      001FF800 
 508      18
 509 1969 30001860 		.ascii	"0\000\030`\000\000\300\000\001\200\000\003\000\000\006"
 509      0000C000 
 509      01800003 
 509      000006
 510 1978 18000C18 		.ascii	"\030\000\014\030\000\037\370\000\037\370\000\000\000"
 510      001FF800 
 510      1FF80000 
 510      00
 511 1985 00000000 		.ascii	"\000\000\000\000\000\000\000\000\000\000\000\000\000"
 511      00000000 
 511      00000000 
 511      00
 512 1992 00000000 		.ascii	"\000\000\000\000\000\000\000\000\000\000\000\000\000"
 512      00000000 
 512      00000000 
 512      00
 513 199f E00001E0 		.ascii	"\340\000\001\340\000\001\200\000\001\200\000\001\200"
 513      00018000 
 513      01800001 
 513      80
 514 19ac 00018000 		.ascii	"\000\001\200\000\001\200\000\001\200\000\003\200\000"
 514      01800001 
 514      80000380 
 514      00
 515 19b9 07000003 		.ascii	"\007\000\000\003\200\000\001\200\000\001\200\000\001"
 515      80000180 
 515      00018000 
 515      01
 516 19c6 80000180 		.ascii	"\200\000\001\200\000\001\200\000\001\340\000\000\340"
 516      00018000 
 516      01E00000 
 516      E0
 517 19d3 00000000 		.ascii	"\000\000\000\000\000\000\000\000\000\000\000\000\000"
 517      00000000 
 517      00000000 
 517      00
 518 19e0 00000000 		.ascii	"\000\000\000\000\000\000\001\200\000\001\200\000\001"
 518      00000180 
 518      00018000 
 518      01
 519 19ed 80000180 		.ascii	"\200\000\001\200\000\001\200\000\001\200\000\001\200"
 519      00018000 
 519      01800001 
 519      80
 520 19fa 00018000 		.ascii	"\000\001\200\000\001\200\000\001\200\000\001\200\000"
 520      01800001 
 520      80000180 
 520      00
 521 1a07 01800001 		.ascii	"\001\200\000\001\200\000\001\200\000\001\200\000\001"
 521      80000180 
ARM GAS  C:\Users\kroko\AppData\Local\Temp\ccOcB234.s 			page 36


 521      00018000 
 521      01
 522 1a14 80000180 		.ascii	"\200\000\001\200\000\001\200\000\000\000\000\000\000"
 522      00018000 
 522      00000000 
 522      00
 523 1a21 00000000 		.ascii	"\000\000\000\000\000\000\000\000\000\000\000\000\000"
 523      00000000 
 523      00000000 
 523      00
 524 1a2e 07000007 		.ascii	"\007\000\000\007\200\000\001\200\000\001\200\000\001"
 524      80000180 
 524      00018000 
 524      01
 525 1a3b 80000180 		.ascii	"\200\000\001\200\000\001\200\000\001\200\000\001\300"
 525      00018000 
 525      01800001 
 525      C0
 526 1a48 0000E000 		.ascii	"\000\000\340\000\001\300\000\001\200\000\001\200\000"
 526      01C00001 
 526      80000180 
 526      00
 527 1a55 01800001 		.ascii	"\001\200\000\001\200\000\001\200\000\007\200\000\007"
 527      80000180 
 527      00078000 
 527      07
 528 1a62 00000000 		.ascii	"\000\000\000\000\000\000\000\000\000\000\000\000\000"
 528      00000000 
 528      00000000 
 528      00
 529 1a6f 00000000 		.ascii	"\000\000\000\000\000\000\000\000\000\000\000\000\000"
 529      00000000 
 529      00000000 
 529      00
 530 1a7c 00000000 		.ascii	"\000\000\000\000\000\000\000\000\000\000\000\000\016"
 530      00000000 
 530      00000000 
 530      0E
 531 1a89 00001F18 		.ascii	"\000\000\037\030\000;\270\0001\360\000\000\340\000\000"
 531      003BB800 
 531      31F00000 
 531      E00000
 532 1a98 00000000 		.ascii	"\000\000\000\000\000\000\000\000\000\000\000\000\000"
 532      00000000 
 532      00000000 
 532      00
 533 1aa5 00000000 		.ascii	"\000\000\000\000\000\000\000\000\000\000\000\000\000"
 533      00000000 
 533      00000000 
 533      00
 534 1ab2 00000000 		.ascii	"\000\000\000\000\000\000"
 534      0000
 535              		.text
 536              	.Letext0:
 537              		.file 2 "C:/Program Files (x86)/Arm GNU Toolchain arm-none-eabi/14.2 rel1/arm-none-eabi/include/ma
 538              		.file 3 "C:/Program Files (x86)/Arm GNU Toolchain arm-none-eabi/14.2 rel1/arm-none-eabi/include/sy
 539              		.file 4 "Core/Inc/Fonts/fonts.h"
ARM GAS  C:\Users\kroko\AppData\Local\Temp\ccOcB234.s 			page 37


ARM GAS  C:\Users\kroko\AppData\Local\Temp\ccOcB234.s 			page 38


DEFINED SYMBOLS
                            *ABS*:00000000 font24.c
C:\Users\kroko\AppData\Local\Temp\ccOcB234.s:25     .data.Font24:00000000 Font24
C:\Users\kroko\AppData\Local\Temp\ccOcB234.s:22     .data.Font24:00000000 $d
C:\Users\kroko\AppData\Local\Temp\ccOcB234.s:34     .rodata.Font24_Table:00000000 Font24_Table
C:\Users\kroko\AppData\Local\Temp\ccOcB234.s:31     .rodata.Font24_Table:00000000 $d

NO UNDEFINED SYMBOLS
