ARM GAS  /var/folders/t4/6192qx0n3zgdnvcwt906k_mw0000gn/T//cclSqQyq.s 			page 1


   1              		.cpu cortex-m4
   2              		.arch armv7e-m
   3              		.fpu fpv4-sp-d16
   4              		.eabi_attribute 27, 1
   5              		.eabi_attribute 28, 1
   6              		.eabi_attribute 20, 1
   7              		.eabi_attribute 21, 1
   8              		.eabi_attribute 23, 3
   9              		.eabi_attribute 24, 1
  10              		.eabi_attribute 25, 1
  11              		.eabi_attribute 26, 1
  12              		.eabi_attribute 30, 1
  13              		.eabi_attribute 34, 1
  14              		.eabi_attribute 18, 4
  15              		.file	"font16.c"
  16              		.text
  17              	.Ltext0:
  18              		.cfi_sections	.debug_frame
  19              		.file 1 "Core/Src/Fonts/font16.c"
  20              		.global	Font16
  21              		.section	.data.Font16,"aw"
  22              		.align	2
  25              	Font16:
  26 0000 00000000 		.word	Font16_Table
  27 0004 0B00     		.short	11
  28 0006 1000     		.short	16
  29              		.global	Font16_Table
  30              		.section	.rodata.Font16_Table,"a"
  31              		.align	2
  34              	Font16_Table:
  35 0000 00000000 		.ascii	"\000\000\000\000\000\000\000\000\000\000\000\000\000"
  35      00000000 
  35      00000000 
  35      00
  36 000d 00000000 		.ascii	"\000\000\000\000\000\000\000\000\000\000\000\000\000"
  36      00000000 
  36      00000000 
  36      00
  37 001a 00000000 		.ascii	"\000\000\000\000\000\000\000\000\014\000\014\000\014"
  37      00000000 
  37      0C000C00 
  37      0C
  38 0027 000C000C 		.ascii	"\000\014\000\014\000\014\000\014\000\014\000\000\000"
  38      000C000C 
  38      000C0000 
  38      00
  39 0034 0C000000 		.ascii	"\014\000\000\000\000\000\000\000\000\000\000\000\000"
  39      00000000 
  39      00000000 
  39      00
  40 0041 0000001D 		.ascii	"\000\000\000\035\300\035\300\010\200\010\200\010\200"
  40      C01DC008 
  40      80088008 
  40      80
  41 004e 00000000 		.ascii	"\000\000\000\000\000\000\000\000\000\000\000\000\000"
  41      00000000 
  41      00000000 
ARM GAS  /var/folders/t4/6192qx0n3zgdnvcwt906k_mw0000gn/T//cclSqQyq.s 			page 2


  41      00
  42 005b 00000000 		.ascii	"\000\000\000\000\000\000\000\015\200\015\200\015\200"
  42      0000000D 
  42      800D800D 
  42      80
  43 0068 0D803FC0 		.ascii	"\015\200?\300\033\000?\300\033\000\033\000\033\000\033"
  43      1B003FC0 
  43      1B001B00 
  43      1B001B
  44 0077 00000000 		.ascii	"\000\000\000\000\000\000\000\000\000\004\000\037\200"
  44      00000000 
  44      0004001F 
  44      80
  45 0084 31803180 		.ascii	"1\2001\2008\000\036\000\017\000\003\2001\2001\200?\000"
  45      38001E00 
  45      0F000380 
  45      31803180 
  45      3F00
  46 0096 04000400 		.ascii	"\004\000\004\000\000\000\000\000\000\000\000\000\030"
  46      00000000 
  46      00000000 
  46      18
  47 00a3 00240024 		.ascii	"\000$\000$\000\030\300\007\200\036\0001\200\002@\002"
  47      0018C007 
  47      801E0031 
  47      80024002 
  48 00b3 40018000 		.ascii	"@\001\200\000\000\000\000\000\000\000\000\000\000\000"
  48      00000000 
  48      00000000 
  48      0000
  49 00c1 0000000F 		.ascii	"\000\000\000\017\000\030\000\030\000\030\000\014\000"
  49      00180018 
  49      0018000C 
  49      00
  50 00ce 1D803700 		.ascii	"\035\2007\0003\000\035\200\000\000\000\000\000\000\000"
  50      33001D80 
  50      00000000 
  50      000000
  51 00dd 00000000 		.ascii	"\000\000\000\000\000\000\000\007\000\007\000\002\000"
  51      00000007 
  51      00070002 
  51      00
  52 00ea 02000200 		.ascii	"\002\000\002\000\000\000\000\000\000\000\000\000\000"
  52      00000000 
  52      00000000 
  52      00
  53 00f7 00000000 		.ascii	"\000\000\000\000\000\000\000\000\000\000\000\003\000"
  53      00000000 
  53      00000003 
  53      00
  54 0104 03000600 		.ascii	"\003\000\006\000\016\000\014\000\014\000\014\000\014"
  54      0E000C00 
  54      0C000C00 
  54      0C
  55 0111 000E0006 		.ascii	"\000\016\000\006\000\003\000\003\000\000\000\000\000"
  55      00030003 
  55      00000000 
ARM GAS  /var/folders/t4/6192qx0n3zgdnvcwt906k_mw0000gn/T//cclSqQyq.s 			page 3


  55      00
  56 011e 00000000 		.ascii	"\000\000\000\000\030\000\030\000\014\000\006\000\006"
  56      18001800 
  56      0C000600 
  56      06
  57 012b 00060006 		.ascii	"\000\006\000\006\000\006\000\006\000\014\000\034\000"
  57      00060006 
  57      000C001C 
  57      00
  58 0138 18000000 		.ascii	"\030\000\000\000\000\000\000\000\000\000\006\000\006"
  58      00000000 
  58      00000600 
  58      06
  59 0145 003FC03F 		.ascii	"\000?\300?\300\017\000\037\200\031\200\000\000\000\000"
  59      C00F001F 
  59      80198000 
  59      000000
  60 0154 00000000 		.ascii	"\000\000\000\000\000\000\000\000\000\000\000\000\000"
  60      00000000 
  60      00000000 
  60      00
  61 0161 00000000 		.ascii	"\000\000\000\000\000\004\000\004\000\004\000?\200\004"
  61      00040004 
  61      0004003F 
  61      8004
  62 016f 00040004 		.ascii	"\000\004\000\004\000\000\000\000\000\000\000\000\000"
  62      00000000 
  62      00000000 
  62      00
  63 017c 00000000 		.ascii	"\000\000\000\000\000\000\000\000\000\000\000\000\000"
  63      00000000 
  63      00000000 
  63      00
  64 0189 00000000 		.ascii	"\000\000\000\000\000\000\000\000\000\006\000\004\000"
  64      00000000 
  64      00060004 
  64      00
  65 0196 0C000800 		.ascii	"\014\000\010\000\010\000\000\000\000\000\000\000\000"
  65      08000000 
  65      00000000 
  65      00
  66 01a3 00000000 		.ascii	"\000\000\000\000\000\000\000\000\000?\200\000\000\000"
  66      00000000 
  66      003F8000 
  66      0000
  67 01b1 00000000 		.ascii	"\000\000\000\000\000\000\000\000\000\000\000\000\000"
  67      00000000 
  67      00000000 
  67      00
  68 01be 00000000 		.ascii	"\000\000\000\000\000\000\000\000\000\000\000\000\000"
  68      00000000 
  68      00000000 
  68      00
  69 01cb 00000000 		.ascii	"\000\000\000\000\000\000\000\014\000\014\000\000\000"
  69      0000000C 
  69      000C0000 
  69      00
ARM GAS  /var/folders/t4/6192qx0n3zgdnvcwt906k_mw0000gn/T//cclSqQyq.s 			page 4


  70 01d8 00000000 		.ascii	"\000\000\000\000\000\000\000\000\000\300\000\300\001"
  70      00000000 
  70      00C000C0 
  70      01
  71 01e5 80018003 		.ascii	"\200\001\200\003\000\003\000\006\000\014\000\014\000"
  71      00030006 
  71      000C000C 
  71      00
  72 01f2 18001800 		.ascii	"\030\000\030\0000\0000\000\000\000\000\000\000\000\000"
  72      30003000 
  72      00000000 
  72      000000
  73 0201 000E001B 		.ascii	"\000\016\000\033\0001\2001\2001\2001\2001\2001\200\033"
  73      00318031 
  73      80318031 
  73      80318031 
  73      801B
  74 0213 000E0000 		.ascii	"\000\016\000\000\000\000\000\000\000\000\000\000\000"
  74      00000000 
  74      00000000 
  74      00
  75 0220 00000600 		.ascii	"\000\000\006\000>\000\006\000\006\000\006\000\006\000"
  75      3E000600 
  75      06000600 
  75      0600
  76 022e 06000600 		.ascii	"\006\000\006\000\006\000?\300\000\000\000\000\000\000"
  76      06003FC0 
  76      00000000 
  76      0000
  77 023c 00000000 		.ascii	"\000\000\000\000\000\000\017\000\031\2001\2001\200\003"
  77      00000F00 
  77      19803180 
  77      318003
  78 024b 0006000C 		.ascii	"\000\006\000\014\000\030\0000\000?\200\000\000\000\000"
  78      00180030 
  78      003F8000 
  78      000000
  79 025a 00000000 		.ascii	"\000\000\000\000\000\000\000\000?\000a\200\001\200\003"
  79      00000000 
  79      3F006180 
  79      018003
  80 0269 001F0003 		.ascii	"\000\037\000\003\200\001\200\001\200a\200?\000\000\000"
  80      80018001 
  80      8061803F 
  80      000000
  81 0278 00000000 		.ascii	"\000\000\000\000\000\000\000\000\000\000\007\000\007"
  81      00000000 
  81      00000700 
  81      07
  82 0285 000F000B 		.ascii	"\000\017\000\013\000\033\000\023\0003\000?\200\003\000"
  82      001B0013 
  82      0033003F 
  82      800300
  83 0294 0F800000 		.ascii	"\017\200\000\000\000\000\000\000\000\000\000\000\000"
  83      00000000 
  83      00000000 
  83      00
ARM GAS  /var/folders/t4/6192qx0n3zgdnvcwt906k_mw0000gn/T//cclSqQyq.s 			page 5


  84 02a1 001F8018 		.ascii	"\000\037\200\030\000\030\000\030\000\037\000\021\200"
  84      00180018 
  84      001F0011 
  84      80
  85 02ae 01800180 		.ascii	"\001\200\001\200!\200\037\000\000\000\000\000\000\000"
  85      21801F00 
  85      00000000 
  85      0000
  86 02bc 00000000 		.ascii	"\000\000\000\000\000\000\007\200\034\000\030\0000\000"
  86      00000780 
  86      1C001800 
  86      3000
  87 02ca 37003980 		.ascii	"7\0009\2001\2001\200\031\200\017\000\000\000\000\000"
  87      31803180 
  87      19800F00 
  87      00000000 
  88 02da 00000000 		.ascii	"\000\000\000\000\000\000\000\000\177\000C\000\003\000"
  88      00000000 
  88      7F004300 
  88      0300
  89 02e8 06000600 		.ascii	"\006\000\006\000\006\000\006\000\014\000\014\000\014"
  89      06000600 
  89      0C000C00 
  89      0C
  90 02f5 00000000 		.ascii	"\000\000\000\000\000\000\000\000\000\000\000\000\000"
  90      00000000 
  90      00000000 
  90      00
  91 0302 1F003180 		.ascii	"\037\0001\2001\2001\200\037\0001\2001\2001\2001\200"
  91      31803180 
  91      1F003180 
  91      31803180 
  91      3180
  92 0314 1F000000 		.ascii	"\037\000\000\000\000\000\000\000\000\000\000\000\000"
  92      00000000 
  92      00000000 
  92      00
  93 0321 001E0033 		.ascii	"\000\036\0003\0001\2001\2003\200\035\200\001\200\003"
  93      00318031 
  93      8033801D 
  93      80018003 
  94 0331 0007003C 		.ascii	"\000\007\000<\000\000\000\000\000\000\000\000\000\000"
  94      00000000 
  94      00000000 
  94      0000
  95 033f 00000000 		.ascii	"\000\000\000\000\000\000\000\000\000\014\000\014\000"
  95      00000000 
  95      000C000C 
  95      00
  96 034c 00000000 		.ascii	"\000\000\000\000\000\000\014\000\014\000\000\000\000"
  96      00000C00 
  96      0C000000 
  96      00
  97 0359 00000000 		.ascii	"\000\000\000\000\000\000\000\000\000\000\000\000\000"
  97      00000000 
  97      00000000 
  97      00
ARM GAS  /var/folders/t4/6192qx0n3zgdnvcwt906k_mw0000gn/T//cclSqQyq.s 			page 6


  98 0366 00000300 		.ascii	"\000\000\003\000\003\000\000\000\000\000\000\000\006"
  98      03000000 
  98      00000000 
  98      06
  99 0373 00040008 		.ascii	"\000\004\000\010\000\010\000\000\000\000\000\000\000"
  99      00080000 
  99      00000000 
  99      00
 100 0380 00000000 		.ascii	"\000\000\000\000\000\300\003\000\004\000\030\000`\000"
 100      00C00300 
 100      04001800 
 100      6000
 101 038e 18000400 		.ascii	"\030\000\004\000\003\000\000\300\000\000\000\000\000"
 101      030000C0 
 101      00000000 
 101      00
 102 039b 00000000 		.ascii	"\000\000\000\000\000\000\000\000\000\000\000\000\000"
 102      00000000 
 102      00000000 
 102      00
 103 03a8 00007FC0 		.ascii	"\000\000\177\300\000\000\177\300\000\000\000\000\000"
 103      00007FC0 
 103      00000000 
 103      00
 104 03b5 00000000 		.ascii	"\000\000\000\000\000\000\000\000\000\000\000\000\000"
 104      00000000 
 104      00000000 
 104      00
 105 03c2 00006000 		.ascii	"\000\000`\000\030\000\004\000\003\000\000\300\003\000"
 105      18000400 
 105      030000C0 
 105      0300
 106 03d0 04001800 		.ascii	"\004\000\030\000`\000\000\000\000\000\000\000\000\000"
 106      60000000 
 106      00000000 
 106      0000
 107 03de 00000000 		.ascii	"\000\000\000\000\000\000\037\0001\2001\200\001\200\007"
 107      00001F00 
 107      31803180 
 107      018007
 108 03ed 000C000C 		.ascii	"\000\014\000\014\000\000\000\014\000\000\000\000\000"
 108      0000000C 
 108      00000000 
 108      00
 109 03fa 00000000 		.ascii	"\000\000\000\000\000\000\000\000\016\000\021\000!\000"
 109      00000000 
 109      0E001100 
 109      2100
 110 0408 21002700 		.ascii	"!\000'\000)\000)\000'\000 \000\021\000\016\000\000\000"
 110      29002900 
 110      27002000 
 110      11000E00 
 110      0000
 111 041a 00000000 		.ascii	"\000\000\000\000\000\000\000\000\000\000?\000\017\000"
 111      00000000 
 111      00003F00 
 111      0F00
ARM GAS  /var/folders/t4/6192qx0n3zgdnvcwt906k_mw0000gn/T//cclSqQyq.s 			page 7


 112 0428 09001980 		.ascii	"\011\000\031\200\031\200\037\2000\3000\300y\340\000"
 112      19801F80 
 112      30C030C0 
 112      79E000
 113 0437 00000000 		.ascii	"\000\000\000\000\000\000\000\000\000\000\000\000\000"
 113      00000000 
 113      00000000 
 113      00
 114 0444 7F003180 		.ascii	"\177\0001\2001\2001\200?\0001\2001\2001\200\177\000"
 114      31803180 
 114      3F003180 
 114      31803180 
 114      7F00
 115 0456 00000000 		.ascii	"\000\000\000\000\000\000\000\000\000\000\000\000\000"
 115      00000000 
 115      00000000 
 115      00
 116 0463 001F4030 		.ascii	"\000\037@0\300`@`\000`\000`\000`@0\200\037\000\000\000"
 116      C0604060 
 116      00600060 
 116      00604030 
 116      801F0000 
 117 0478 00000000 		.ascii	"\000\000\000\000\000\000\000\000\000\000\000\000\177"
 117      00000000 
 117      00000000 
 117      7F
 118 0485 00318030 		.ascii	"\0001\2000\3000\3000\3000\3000\3001\200\177\000\000"
 118      C030C030 
 118      C030C030 
 118      C031807F 
 118      0000
 119 0497 00000000 		.ascii	"\000\000\000\000\000\000\000\000\000\000\000\000\000"
 119      00000000 
 119      00000000 
 119      00
 120 04a4 7F803080 		.ascii	"\177\2000\2000\2002\000>\0002\0000\2000\200\177\200"
 120      30803200 
 120      3E003200 
 120      30803080 
 120      7F80
 121 04b6 00000000 		.ascii	"\000\000\000\000\000\000\000\000\000\000\000\000\000"
 121      00000000 
 121      00000000 
 121      00
 122 04c3 007FC030 		.ascii	"\000\177\3000@0@2\000>\0002\0000\0000\000|\000\000\000"
 122      40304032 
 122      003E0032 
 122      00300030 
 122      007C0000 
 123 04d8 00000000 		.ascii	"\000\000\000\000\000\000\000\000\000\000\000\000\036"
 123      00000000 
 123      00000000 
 123      1E
 124 04e5 80318060 		.ascii	"\2001\200`\200`\000`\000g\300a\2001\200\037\000\000"
 124      80600060 
 124      0067C061 
 124      8031801F 
ARM GAS  /var/folders/t4/6192qx0n3zgdnvcwt906k_mw0000gn/T//cclSqQyq.s 			page 8


 124      0000
 125 04f7 00000000 		.ascii	"\000\000\000\000\000\000\000\000\000\000\000\000\000"
 125      00000000 
 125      00000000 
 125      00
 126 0504 7BC03180 		.ascii	"{\3001\2001\2001\200?\2001\2001\2001\200{\300\000\000"
 126      31803180 
 126      3F803180 
 126      31803180 
 126      7BC00000 
 127 0518 00000000 		.ascii	"\000\000\000\000\000\000\000\000\000\000\000\000?\300"
 127      00000000 
 127      00000000 
 127      3FC0
 128 0526 06000600 		.ascii	"\006\000\006\000\006\000\006\000\006\000\006\000\006"
 128      06000600 
 128      06000600 
 128      06
 129 0533 003FC000 		.ascii	"\000?\300\000\000\000\000\000\000\000\000\000\000\000"
 129      00000000 
 129      00000000 
 129      0000
 130 0541 0000001F 		.ascii	"\000\000\000\037\300\003\000\003\000\003\000\003\000"
 130      C0030003 
 130      00030003 
 130      00
 131 054e 63006300 		.ascii	"c\000c\000c\000>\000\000\000\000\000\000\000\000\000"
 131      63003E00 
 131      00000000 
 131      00000000 
 132 055e 00000000 		.ascii	"\000\000\000\000\000\000{\3001\2003\0006\000<\000>\000"
 132      00007BC0 
 132      31803300 
 132      36003C00 
 132      3E00
 133 0570 33003180 		.ascii	"3\0001\200y\300\000\000\000\000\000\000\000\000\000"
 133      79C00000 
 133      00000000 
 133      000000
 134 057f 00000000 		.ascii	"\000\000\000\000\000~\000\030\000\030\000\030\000\030"
 134      007E0018 
 134      00180018 
 134      0018
 135 058d 00184018 		.ascii	"\000\030@\030@\030@\177\300\000\000\000\000\000\000"
 135      4018407F 
 135      C0000000 
 135      000000
 136 059c 00000000 		.ascii	"\000\000\000\000\000\000\000\000\340\340`\300q\300{"
 136      00000000 
 136      E0E060C0 
 136      71C07B
 137 05ab C06AC06E 		.ascii	"\300j\300n\300d\300`\300\373\340\000\000\000\000\000"
 137      C064C060 
 137      C0FBE000 
 137      00000000 
 138 05bb 00000000 		.ascii	"\000\000\000\000\000\000\000\000\000s\3001\2009\200"
 138      00000000 
ARM GAS  /var/folders/t4/6192qx0n3zgdnvcwt906k_mw0000gn/T//cclSqQyq.s 			page 9


 138      0073C031 
 138      803980
 139 05ca 3D803580 		.ascii	"=\2005\2007\2003\2001\200y\200\000\000\000\000\000\000"
 139      37803380 
 139      31807980 
 139      00000000 
 139      0000
 140 05dc 00000000 		.ascii	"\000\000\000\000\000\000\000\000\037\0001\200`\300`"
 140      00000000 
 140      1F003180 
 140      60C060
 141 05eb C060C060 		.ascii	"\300`\300`\300`\3001\200\037\000\000\000\000\000\000"
 141      C060C031 
 141      801F0000 
 141      00000000 
 142 05fb 00000000 		.ascii	"\000\000\000\000\000\000\000\000\000\177\0001\2001\200"
 142      00000000 
 142      007F0031 
 142      803180
 143 060a 31803180 		.ascii	"1\2001\200?\0000\0000\000~\000\000\000\000\000\000\000"
 143      3F003000 
 143      30007E00 
 143      00000000 
 143      0000
 144 061c 00000000 		.ascii	"\000\000\000\000\000\000\000\000\037\0001\200`\300`"
 144      00000000 
 144      1F003180 
 144      60C060
 145 062b C060C060 		.ascii	"\300`\300`\300`\3001\200\037\000\014\300\037\200\000"
 145      C060C031 
 145      801F000C 
 145      C01F8000 
 146 063b 00000000 		.ascii	"\000\000\000\000\000\000\000\000\000\177\0001\2001\200"
 146      00000000 
 146      007F0031 
 146      803180
 147 064a 31803E00 		.ascii	"1\200>\0003\0001\2001\200|\340\000\000\000\000\000\000"
 147      33003180 
 147      31807CE0 
 147      00000000 
 147      0000
 148 065c 00000000 		.ascii	"\000\000\000\000\000\000\000\000\037\2001\2001\2008"
 148      00000000 
 148      1F803180 
 148      318038
 149 066b 001F0003 		.ascii	"\000\037\000\003\2001\2001\200?\000\000\000\000\000"
 149      80318031 
 149      803F0000 
 149      000000
 150 067a 00000000 		.ascii	"\000\000\000\000\000\000\000\000\000\000\177\200L\200"
 150      00000000 
 150      00007F80 
 150      4C80
 151 0688 4C804C80 		.ascii	"L\200L\200\014\000\014\000\014\000\014\000?\000\000"
 151      0C000C00 
 151      0C000C00 
 151      3F0000
ARM GAS  /var/folders/t4/6192qx0n3zgdnvcwt906k_mw0000gn/T//cclSqQyq.s 			page 10


 152 0697 00000000 		.ascii	"\000\000\000\000\000\000\000\000\000\000\000\000\000"
 152      00000000 
 152      00000000 
 152      00
 153 06a4 7BC03180 		.ascii	"{\3001\2001\2001\2001\2001\2001\2001\200\037\000\000"
 153      31803180 
 153      31803180 
 153      31803180 
 153      1F0000
 154 06b7 00000000 		.ascii	"\000\000\000\000\000\000\000\000\000\000\000\000\000"
 154      00000000 
 154      00000000 
 154      00
 155 06c4 7BC03180 		.ascii	"{\3001\2001\200\033\000\033\000\033\000\012\000\016"
 155      31801B00 
 155      1B001B00 
 155      0A000E
 156 06d3 000E0000 		.ascii	"\000\016\000\000\000\000\000\000\000\000\000\000\000"
 156      00000000 
 156      00000000 
 156      00
 157 06e0 00000000 		.ascii	"\000\000\000\000\373\340`\300d\300n\300n\300*\200;\200"
 157      FBE060C0 
 157      64C06EC0 
 157      6EC02A80 
 157      3B80
 158 06f2 3B803180 		.ascii	";\2001\200\000\000\000\000\000\000\000\000\000\000\000"
 158      00000000 
 158      00000000 
 158      000000
 159 0701 0000007B 		.ascii	"\000\000\000{\3001\200\033\000\016\000\016\000\016\000"
 159      C031801B 
 159      000E000E 
 159      000E00
 160 0710 1B003180 		.ascii	"\033\0001\200{\300\000\000\000\000\000\000\000\000\000"
 160      7BC00000 
 160      00000000 
 160      000000
 161 071f 00000000 		.ascii	"\000\000\000\000\000y\3400\300\031\200\017\000\006\000"
 161      0079E030 
 161      C019800F 
 161      000600
 162 072e 06000600 		.ascii	"\006\000\006\000\006\000\037\200\000\000\000\000\000"
 162      06001F80 
 162      00000000 
 162      00
 163 073b 00000000 		.ascii	"\000\000\000\000\000\000\000\000\000?\200!\200#\000"
 163      00000000 
 163      003F8021 
 163      802300
 164 074a 06000400 		.ascii	"\006\000\004\000\014\000\030\2000\200?\200\000\000\000"
 164      0C001880 
 164      30803F80 
 164      000000
 165 0759 00000000 		.ascii	"\000\000\000\000\000\000\000\000\000\007\200\006\000"
 165      00000000 
 165      00078006 
ARM GAS  /var/folders/t4/6192qx0n3zgdnvcwt906k_mw0000gn/T//cclSqQyq.s 			page 11


 165      00
 166 0766 06000600 		.ascii	"\006\000\006\000\006\000\006\000\006\000\006\000\006"
 166      06000600 
 166      06000600 
 166      06
 167 0773 00060006 		.ascii	"\000\006\000\006\000\007\200\000\000\000\000\000\000"
 167      00078000 
 167      00000000 
 167      00
 168 0780 30003000 		.ascii	"0\0000\000\030\000\030\000\014\000\014\000\006\000\003"
 168      18001800 
 168      0C000C00 
 168      060003
 169 078f 00030001 		.ascii	"\000\003\000\001\200\001\200\000\300\000\300\000\000"
 169      80018000 
 169      C000C000 
 169      00
 170 079c 00000000 		.ascii	"\000\000\000\000\000\000\036\000\006\000\006\000\006"
 170      00001E00 
 170      06000600 
 170      06
 171 07a9 00060006 		.ascii	"\000\006\000\006\000\006\000\006\000\006\000\006\000"
 171      00060006 
 171      00060006 
 171      00
 172 07b6 06001E00 		.ascii	"\006\000\036\000\000\000\000\000\000\000\004\000\012"
 172      00000000 
 172      00000400 
 172      0A
 173 07c3 000A0011 		.ascii	"\000\012\000\021\000 \200 \200\000\000\000\000"
 173      00208020 
 173      80000000 
 173      00
 174 07d0 00000000 		.ascii	"\000\000\000\000\000\000\000\000\000\000\000\000\000"
 174      00000000 
 174      00000000 
 174      00
 175 07dd 00000000 		.ascii	"\000\000\000\000\000\000\000\000\000\000\000\000\000"
 175      00000000 
 175      00000000 
 175      00
 176 07ea 00000000 		.ascii	"\000\000\000\000\000\000\000\000\000\000\000\000\000"
 176      00000000 
 176      00000000 
 176      00
 177 07f7 00000000 		.ascii	"\000\000\000\000\000\000\000\377\340\010\000\004\000"
 177      000000FF 
 177      E0080004 
 177      00
 178 0804 02000000 		.ascii	"\002\000\000\000\000\000\000\000\000\000\000\000\000"
 178      00000000 
 178      00000000 
 178      00
 179 0811 00000000 		.ascii	"\000\000\000\000\000\000\000\000\000\000\000\000\000"
 179      00000000 
 179      00000000 
 179      00
ARM GAS  /var/folders/t4/6192qx0n3zgdnvcwt906k_mw0000gn/T//cclSqQyq.s 			page 12


 180 081e 00000000 		.ascii	"\000\000\000\000\000\000\000\000\000\000\037\000\001"
 180      00000000 
 180      00001F00 
 180      01
 181 082b 8001801F 		.ascii	"\200\001\200\037\2001\2003\200\035\300\000\000\000\000"
 181      80318033 
 181      801DC000 
 181      000000
 182 083a 00000000 		.ascii	"\000\000\000\000\000\000\000\000p\0000\0000\0007\000"
 182      00000000 
 182      70003000 
 182      30003700 
 183 084a 398030C0 		.ascii	"9\2000\3000\3000\3009\200w\000\000\000\000\000\000\000"
 183      30C030C0 
 183      39807700 
 183      00000000 
 183      0000
 184 085c 00000000 		.ascii	"\000\000\000\000\000\000\000\000\000\000\000\000\036"
 184      00000000 
 184      00000000 
 184      1E
 185 0869 80318060 		.ascii	"\2001\200`\200`\000`\2001\200\037\000\000\000\000\000"
 185      80600060 
 185      8031801F 
 185      00000000 
 185      00
 186 087a 00000000 		.ascii	"\000\000\000\000\000\000\000\000\003\200\001\200\001"
 186      00000000 
 186      03800180 
 186      01
 187 0887 801D8033 		.ascii	"\200\035\2003\200a\200a\200a\2003\200\035\300\000\000"
 187      80618061 
 187      80618033 
 187      801DC000 
 187      00
 188 0898 00000000 		.ascii	"\000\000\000\000\000\000\000\000\000\000\000\000\000"
 188      00000000 
 188      00000000 
 188      00
 189 08a5 0000001F 		.ascii	"\000\000\000\037\0001\200`\300\177\300`\0000\300\037"
 189      00318060 
 189      C07FC060 
 189      0030C01F 
 190 08b5 80000000 		.ascii	"\200\000\000\000\000\000\000\000\000\000\000\000\000"
 190      00000000 
 190      00000000 
 190      00
 191 08c2 07E00C00 		.ascii	"\007\340\014\000\014\000?\200\014\000\014\000\014\000"
 191      0C003F80 
 191      0C000C00 
 191      0C00
 192 08d0 0C000C00 		.ascii	"\014\000\014\000?\200\000\000\000\000\000\000\000\000"
 192      3F800000 
 192      00000000 
 192      0000
 193 08de 00000000 		.ascii	"\000\000\000\000\000\000\000\000\000\000\035\3003\200"
 193      00000000 
ARM GAS  /var/folders/t4/6192qx0n3zgdnvcwt906k_mw0000gn/T//cclSqQyq.s 			page 13


 193      00001DC0 
 193      3380
 194 08ec 61806180 		.ascii	"a\200a\200a\2003\200\035\200\001\200\001\200\037\000"
 194      61803380 
 194      1D800180 
 194      01801F00 
 195 08fc 00000000 		.ascii	"\000\000\000\000\000\000p\0000\0000\0007\0009\2001\200"
 195      00007000 
 195      30003000 
 195      37003980 
 195      3180
 196 090e 31803180 		.ascii	"1\2001\2001\200{\300\000\000\000\000\000\000\000\000"
 196      31807BC0 
 196      00000000 
 196      00000000 
 197 091e 00000000 		.ascii	"\000\000\000\000\006\000\006\000\000\000\036\000\006"
 197      06000600 
 197      00001E00 
 197      06
 198 092b 00060006 		.ascii	"\000\006\000\006\000\006\000\006\000?\300\000\000\000"
 198      00060006 
 198      003FC000 
 198      0000
 199 0939 00000000 		.ascii	"\000\000\000\000\000\000\000\000\000\006\000\006\000"
 199      00000000 
 199      00060006 
 199      00
 200 0946 00003F00 		.ascii	"\000\000?\000\003\000\003\000\003\000\003\000\003\000"
 200      03000300 
 200      03000300 
 200      0300
 201 0954 03000300 		.ascii	"\003\000\003\000\003\000>\000\000\000\000\000\000\000"
 201      03003E00 
 201      00000000 
 201      0000
 202 0962 70003000 		.ascii	"p\0000\0000\0007\2006\000<\000<\0006\0003\000w\300\000"
 202      30003780 
 202      36003C00 
 202      3C003600 
 202      330077C0 
 203 0977 00000000 		.ascii	"\000\000\000\000\000\000\000\000\000\000\000\036\000"
 203      00000000 
 203      0000001E 
 203      00
 204 0984 06000600 		.ascii	"\006\000\006\000\006\000\006\000\006\000\006\000\006"
 204      06000600 
 204      06000600 
 204      06
 205 0991 0006003F 		.ascii	"\000\006\000?\300\000\000\000\000\000\000\000\000\000"
 205      C0000000 
 205      00000000 
 205      0000
 206 099f 00000000 		.ascii	"\000\000\000\000\000\000\000\000\000\177\2006\3006\300"
 206      00000000 
 206      007F8036 
 206      C036C0
 207 09ae 36C036C0 		.ascii	"6\3006\3006\300v\340\000\000\000\000\000\000\000\000"
ARM GAS  /var/folders/t4/6192qx0n3zgdnvcwt906k_mw0000gn/T//cclSqQyq.s 			page 14


 207      36C076E0 
 207      00000000 
 207      00000000 
 208 09be 00000000 		.ascii	"\000\000\000\000\000\000\000\000\000\000w\0009\2001"
 208      00000000 
 208      00007700 
 208      398031
 209 09cd 80318031 		.ascii	"\2001\2001\2001\200{\300\000\000\000\000\000\000\000"
 209      8031807B 
 209      C0000000 
 209      00000000 
 210 09dd 00000000 		.ascii	"\000\000\000\000\000\000\000\000\000\000\000\037\000"
 210      00000000 
 210      0000001F 
 210      00
 211 09ea 318060C0 		.ascii	"1\200`\300`\300`\3001\200\037\000\000\000\000\000\000"
 211      60C060C0 
 211      31801F00 
 211      00000000 
 211      00
 212 09fb 00000000 		.ascii	"\000\000\000\000\000\000\000\000\000\000\000\000\000"
 212      00000000 
 212      00000000 
 212      00
 213 0a08 77003980 		.ascii	"w\0009\2000\3000\3000\3009\2007\0000\0000\000|\000\000"
 213      30C030C0 
 213      30C03980 
 213      37003000 
 213      30007C00 
 214 0a1d 00000000 		.ascii	"\000\000\000\000\000\000\000\000\000\000\000\035\300"
 214      00000000 
 214      0000001D 
 214      C0
 215 0a2a 33806180 		.ascii	"3\200a\200a\200a\2003\200\035\200\001\200\001\200\007"
 215      61806180 
 215      33801D80 
 215      01800180 
 215      07
 216 0a3b C0000000 		.ascii	"\300\000\000\000\000\000\000\000\000\000\000\000\000"
 216      00000000 
 216      00000000 
 216      00
 217 0a48 7B801CC0 		.ascii	"{\200\034\300\030\000\030\000\030\000\030\000\177\000"
 217      18001800 
 217      18001800 
 217      7F00
 218 0a56 00000000 		.ascii	"\000\000\000\000\000\000\000\000\000\000\000\000\000"
 218      00000000 
 218      00000000 
 218      00
 219 0a63 00000000 		.ascii	"\000\000\000\000\000\037\2001\200<\000\037\000\003\200"
 219      001F8031 
 219      803C001F 
 219      000380
 220 0a72 31803F00 		.ascii	"1\200?\000\000\000\000\000\000\000\000\000\000\000\000"
 220      00000000 
 220      00000000 
ARM GAS  /var/folders/t4/6192qx0n3zgdnvcwt906k_mw0000gn/T//cclSqQyq.s 			page 15


 220      000000
 221 0a81 00180018 		.ascii	"\000\030\000\030\000\030\000\177\000\030\000\030\000"
 221      0018007F 
 221      00180018 
 221      00
 222 0a8e 18001800 		.ascii	"\030\000\030\000\030\200\017\000\000\000\000\000\000"
 222      18800F00 
 222      00000000 
 222      00
 223 0a9b 00000000 		.ascii	"\000\000\000\000\000\000\000\000\000\000\000\000\000"
 223      00000000 
 223      00000000 
 223      00
 224 0aa8 73803180 		.ascii	"s\2001\2001\2001\2001\2003\200\035\300\000\000\000\000"
 224      31803180 
 224      31803380 
 224      1DC00000 
 224      0000
 225 0aba 00000000 		.ascii	"\000\000\000\000\000\000\000\000\000\000\000\000\000"
 225      00000000 
 225      00000000 
 225      00
 226 0ac7 007BC031 		.ascii	"\000{\3001\2001\200\033\000\033\000\016\000\016\000"
 226      8031801B 
 226      001B000E 
 226      000E00
 227 0ad6 00000000 		.ascii	"\000\000\000\000\000\000\000\000\000\000\000\000\000"
 227      00000000 
 227      00000000 
 227      00
 228 0ae3 00000000 		.ascii	"\000\000\000\000\000\361\340`\300d\300n\300;\200;\200"
 228      00F1E060 
 228      C064C06E 
 228      C03B803B 
 228      80
 229 0af4 31800000 		.ascii	"1\200\000\000\000\000\000\000\000\000\000\000\000\000"
 229      00000000 
 229      00000000 
 229      0000
 230 0b02 00000000 		.ascii	"\000\000\000\000\000\000{\300\033\000\016\000\016\000"
 230      00007BC0 
 230      1B000E00 
 230      0E00
 231 0b10 0E001B00 		.ascii	"\016\000\033\000{\300\000\000\000\000\000\000\000\000"
 231      7BC00000 
 231      00000000 
 231      0000
 232 0b1e 00000000 		.ascii	"\000\000\000\000\000\000\000\000\000\000y\3400\300\031"
 232      00000000 
 232      000079E0 
 232      30C019
 233 0b2d 8019800B 		.ascii	"\200\031\200\013\000\017\000\006\000\006\000\014\000"
 233      000F0006 
 233      0006000C 
 233      00
 234 0b3a 3E000000 		.ascii	">\000\000\000\000\000\000\000\000\000\000\000\000\000"
 234      00000000 
ARM GAS  /var/folders/t4/6192qx0n3zgdnvcwt906k_mw0000gn/T//cclSqQyq.s 			page 16


 234      00000000 
 234      0000
 235 0b48 3F802180 		.ascii	"?\200!\200\003\000\016\000\030\0000\200?\200\000\000"
 235      03000E00 
 235      18003080 
 235      3F800000 
 236 0b58 00000000 		.ascii	"\000\000\000\000\000\000\000\000\000\000\006\000\014"
 236      00000000 
 236      00000600 
 236      0C
 237 0b65 000C000C 		.ascii	"\000\014\000\014\000\014\000\014\000\030\000\014\000"
 237      000C000C 
 237      0018000C 
 237      00
 238 0b72 0C000C00 		.ascii	"\014\000\014\000\014\000\006\000\000\000\000\000\000"
 238      0C000600 
 238      00000000 
 238      00
 239 0b7f 00000006 		.ascii	"\000\000\000\006\000\006\000\006\000\006\000\006\000"
 239      00060006 
 239      00060006 
 239      00
 240 0b8c 06000600 		.ascii	"\006\000\006\000\006\000\006\000\006\000\006\000\006"
 240      06000600 
 240      06000600 
 240      06
 241 0b99 00000000 		.ascii	"\000\000\000\000\000\000\000\000\000\014\000\006\000"
 241      00000000 
 241      000C0006 
 241      00
 242 0ba6 06000600 		.ascii	"\006\000\006\000\006\000\006\000\003\000\006\000\006"
 242      06000600 
 242      03000600 
 242      06
 243 0bb3 00060006 		.ascii	"\000\006\000\006\000\014\000\000\000\000\000\000\000"
 243      000C0000 
 243      00000000 
 243      00
 244 0bc0 00000000 		.ascii	"\000\000\000\000\000\000\000\000\000\000\030\000$\200"
 244      00000000 
 244      00001800 
 244      2480
 245 0bce 03000000 		.ascii	"\003\000\000\000\000\000\000\000\000\000\000\000\000"
 245      00000000 
 245      00000000 
 245      00
 246 0bdb 00000000 		.ascii	"\000\000\000\000\000"
 246      00
 247              		.text
 248              	.Letext0:
 249              		.file 2 "/Users/kroko/Library/Application Support/Code/User/globalStorage/bmd.stm32-for-vscode/@xp
 250              		.file 3 "/Users/kroko/Library/Application Support/Code/User/globalStorage/bmd.stm32-for-vscode/@xp
 251              		.file 4 "Core/Inc/Fonts/fonts.h"
ARM GAS  /var/folders/t4/6192qx0n3zgdnvcwt906k_mw0000gn/T//cclSqQyq.s 			page 17


DEFINED SYMBOLS
                            *ABS*:00000000 font16.c
/var/folders/t4/6192qx0n3zgdnvcwt906k_mw0000gn/T//cclSqQyq.s:25     .data.Font16:00000000 Font16
/var/folders/t4/6192qx0n3zgdnvcwt906k_mw0000gn/T//cclSqQyq.s:22     .data.Font16:00000000 $d
/var/folders/t4/6192qx0n3zgdnvcwt906k_mw0000gn/T//cclSqQyq.s:34     .rodata.Font16_Table:00000000 Font16_Table
/var/folders/t4/6192qx0n3zgdnvcwt906k_mw0000gn/T//cclSqQyq.s:31     .rodata.Font16_Table:00000000 $d

NO UNDEFINED SYMBOLS
