ARM GAS  C:\Users\kroko\AppData\Local\Temp\cccLcb4h.s 			page 1


   1              		.cpu cortex-m4
   2              		.arch armv7e-m
   3              		.fpu fpv4-sp-d16
   4              		.eabi_attribute 27, 1
   5              		.eabi_attribute 28, 1
   6              		.eabi_attribute 20, 1
   7              		.eabi_attribute 21, 1
   8              		.eabi_attribute 23, 3
   9              		.eabi_attribute 24, 1
  10              		.eabi_attribute 25, 1
  11              		.eabi_attribute 26, 1
  12              		.eabi_attribute 30, 1
  13              		.eabi_attribute 34, 1
  14              		.eabi_attribute 18, 4
  15              		.file	"font8.c"
  16              		.text
  17              	.Ltext0:
  18              		.cfi_sections	.debug_frame
  19              		.file 1 "Core/Src/Fonts/font8.c"
  20              		.global	Font8
  21              		.section	.data.Font8,"aw"
  22              		.align	2
  25              	Font8:
  26 0000 00000000 		.word	Font8_Table
  27 0004 0500     		.short	5
  28 0006 0800     		.short	8
  29              		.global	Font8_Table
  30              		.section	.rodata.Font8_Table,"a"
  31              		.align	2
  34              	Font8_Table:
  35 0000 00000000 		.ascii	"\000\000\000\000\000\000\000\000    \000 \000\000PP"
  35      00000000 
  35      20202020 
  35      00200000 
  35      5050
  36 0012 00000000 		.ascii	"\000\000\000\000\000\000(P\370P\370P\240\000 0`0\020"
  36      00002850 
  36      F850F850 
  36      A0002030 
  36      603010
  37 0025 60200020 		.ascii	"` \000  \030`\020\020\000\000\0008 `Px\000\000   \000"
  37      20186010 
  37      10000000 
  37      38206050 
  37      78000020 
  38 003c 00000000 		.ascii	"\000\000\000\000\020     \020\000@     @\000 p P\000"
  38      10202020 
  38      20201000 
  38      40202020 
  38      20204000 
  39 0055 00000000 		.ascii	"\000\000\000\000  \370  \000\000\000\000\000\000\020"
  39      2020F820 
  39      20000000 
  39      00000010 
  40 0065 20200000 		.ascii	"  \000\000\000\000p\000\000\000\000\000\000\000\000"
  40      00007000 
  40      00000000 
ARM GAS  C:\Users\kroko\AppData\Local\Temp\cccLcb4h.s 			page 2


  40      000000
  41 0074 00200000 		.ascii	"\000 \000\000\020   @@\200\000 PPPP \000\000`    \370"
  41      10202020 
  41      40408000 
  41      20505050 
  41      50200000 
  42 008e 00002050 		.ascii	"\000\000 P  @p\000\000 P\020 \020`\000\000\0200Px\020"
  42      20204070 
  42      00002050 
  42      10201060 
  42      00001030 
  43 00a5 38000070 		.ascii	"8\000\000p@`\020P \000\0000@`PP`\000\000pP\020   \000"
  43      40601050 
  43      20000030 
  43      40605050 
  43      60000070 
  44 00bf 00205020 		.ascii	"\000 P PP \000\0000PP0\020`\000\000\000\000 \000\000"
  44      50502000 
  44      00305050 
  44      30106000 
  44      00000020 
  45 00d5 20000000 		.ascii	" \000\000\000\000\020\000\020 \000\000\000\020 \300"
  45      00100010 
  45      20000000 
  45      1020C0
  46 00e4 20100000 		.ascii	" \020\000\000\000p\000p\000\000\000\000\000@ \030 @"
  46      00700070 
  46      00000000 
  46      00402018 
  46      2040
  47 00f6 00002050 		.ascii	"\000\000 P\020 \000 \000\0000HHXH@8\000` Pp\210\330"
  47      10200020 
  47      00003048 
  47      48584840 
  47      38006020 
  48 010e 0000F048 		.ascii	"\000\000\360HpHH\360\000\000pP@@@0\000\000\360HHHH\360"
  48      704848F0 
  48      00007050 
  48      40404030 
  48      0000F048 
  49 0126 0000F848 		.ascii	"\000\000\370H`@H\370\000\000\370H`@@\340\000\000p@@"
  49      604048F8 
  49      0000F848 
  49      604040E0 
  49      00007040 
  50 013b 58503000 		.ascii	"XP0\000\000\350HxHH\350\000\000p    p\000\0008\020\020"
  50      00E84878 
  50      4848E800 
  50      00702020 
  50      20207000 
  51 0153 50502000 		.ascii	"PP \000\000\330P`pP\330\000\000\340@@@H\370\000\000"
  51      00D85060 
  51      7050D800 
  51      00E04040 
  51      4048F800 
  52 0168 D8D8D8A8 		.ascii	"\330\330\330\250\210\330\000\000\330hhXX\350\000\000"
  52      88D80000 
ARM GAS  C:\Users\kroko\AppData\Local\Temp\cccLcb4h.s 			page 3


  52      D8686858 
  52      58E80000 
  53 0178 30484848 		.ascii	"0HHHH0\000\000\360HHp@\340\000\0000HHHH0\030\000\360"
  53      48300000 
  53      F0484870 
  53      40E00000 
  53      30484848 
  54 0191 48487048 		.ascii	"HHpH\350\000\000pP \020Pp\000\000\370\250   p\000\000"
  54      E8000070 
  54      50201050 
  54      700000F8 
  54      A8202020 
  55 01a8 D8484848 		.ascii	"\330HHHH0\000\000\330\210HPP0\000\000\330\210\250\250"
  55      48300000 
  55      D8884850 
  55      50300000 
  55      D888A8A8 
  56 01bc A8500000 		.ascii	"\250P\000\000\330P  P\330\000\000\330\210P  p\000\000"
  56      D8502020 
  56      50D80000 
  56      D8885020 
  56      20700000 
  57 01d0 78481020 		.ascii	"xH\020 Hx\000\0000     0\000\200@@   \020\000`     "
  57      48780000 
  57      30202020 
  57      20203000 
  57      80404020 
  58 01ee 60002020 		.ascii	"`\000  P\000\000\000\000\000\000\000\000\000\000\000"
  58      50000000 
  58      00000000 
  58      00000000 
  59 01fe 00F82010 		.ascii	"\000\370 \020\000\000\000\000\000\000\000\0000\020p"
  59      00000000 
  59      00000000 
  59      301070
  60 020d 780000C0 		.ascii	"x\000\000\300@pHH\360\000\000\000\000p@@p\000\000\030"
  60      40704848 
  60      F0000000 
  60      00704040 
  60      70000018 
  61 0221 08384848 		.ascii	"\0108HH8\000\000\000\000pp@0\000\000\020 p  p\000\000"
  61      38000000 
  61      00707040 
  61      30000010 
  61      20702020 
  62 0238 00003848 		.ascii	"\000\0008HH8\0100\300@pHH\350\000\000 \000`  p\000\000"
  62      48380830 
  62      C0407048 
  62      48E80000 
  62      20006020 
  63 0250 20007010 		.ascii	" \000p\020\020\020\020p\300@XpP\330\000\000`    p\000"
  63      10101070 
  63      C0405870 
  63      50D80000 
  63      60202020 
  64 0267 000000D0 		.ascii	"\000\000\000\320\250\250\250\000\000\000\000\360HH\310"
  64      A8A8A800 
ARM GAS  C:\Users\kroko\AppData\Local\Temp\cccLcb4h.s 			page 4


  64      000000F0 
  64      4848C8
  65 0276 00000000 		.ascii	"\000\000\000\0000HH0\000\000\000\000\360HHp@\340\000"
  65      30484830 
  65      00000000 
  65      F0484870 
  65      40E000
  66 0289 00384848 		.ascii	"\0008HH8\010\030\000\000x  p\000\000\000\0000 \020`"
  66      38081800 
  66      00782020 
  66      70000000 
  66      00302010 
  67 029e 00000040 		.ascii	"\000\000\000@\360@H0\000\000\000\000\330HH8\000\000"
  67      F0404830 
  67      00000000 
  67      D8484838 
  67      0000
  68 02b0 0000C848 		.ascii	"\000\000\310H00\000\000\000\000\330\250\250P\000\000"
  68      30300000 
  68      0000D8A8 
  68      A8500000 
  69 02c0 00004830 		.ascii	"\000\000H00H\000\000\000\000\330PP  `\000\000xP(x\000"
  69      30480000 
  69      0000D850 
  69      50202060 
  69      00007850 
  70 02d7 00102020 		.ascii	"\000\020  `  \020\000       \000@  0  @\000\000\000"
  70      60202010 
  70      00202020 
  70      20202020 
  70      00402020 
  71 02f2 00285000 		.ascii	"\000(P\000\000\000"
  71      0000
  72              		.text
  73              	.Letext0:
  74              		.file 2 "C:/Program Files (x86)/Arm GNU Toolchain arm-none-eabi/14.2 rel1/arm-none-eabi/include/ma
  75              		.file 3 "C:/Program Files (x86)/Arm GNU Toolchain arm-none-eabi/14.2 rel1/arm-none-eabi/include/sy
  76              		.file 4 "Core/Inc/Fonts/fonts.h"
ARM GAS  C:\Users\kroko\AppData\Local\Temp\cccLcb4h.s 			page 5


DEFINED SYMBOLS
                            *ABS*:00000000 font8.c
C:\Users\kroko\AppData\Local\Temp\cccLcb4h.s:25     .data.Font8:00000000 Font8
C:\Users\kroko\AppData\Local\Temp\cccLcb4h.s:22     .data.Font8:00000000 $d
C:\Users\kroko\AppData\Local\Temp\cccLcb4h.s:34     .rodata.Font8_Table:00000000 Font8_Table
C:\Users\kroko\AppData\Local\Temp\cccLcb4h.s:31     .rodata.Font8_Table:00000000 $d

NO UNDEFINED SYMBOLS
