ARM GAS  C:\Users\kroko\AppData\Local\Temp\ccZitpw5.s 			page 1


   1              		.cpu cortex-m4
   2              		.arch armv7e-m
   3              		.fpu fpv4-sp-d16
   4              		.eabi_attribute 27, 1
   5              		.eabi_attribute 28, 1
   6              		.eabi_attribute 20, 1
   7              		.eabi_attribute 21, 1
   8              		.eabi_attribute 23, 3
   9              		.eabi_attribute 24, 1
  10              		.eabi_attribute 25, 1
  11              		.eabi_attribute 26, 1
  12              		.eabi_attribute 30, 1
  13              		.eabi_attribute 34, 1
  14              		.eabi_attribute 18, 4
  15              		.file	"queue.c"
  16              		.text
  17              	.Ltext0:
  18              		.cfi_sections	.debug_frame
  19              		.file 1 "Core/Src/queue.c"
  20              		.section	.text.q_init,"ax",%progbits
  21              		.align	1
  22              		.global	q_init
  23              		.syntax unified
  24              		.thumb
  25              		.thumb_func
  27              	q_init:
  28              	.LFB319:
   1:Core/Src/queue.c **** #include "queue.h"
   2:Core/Src/queue.c **** #include "time.h"
   3:Core/Src/queue.c **** #include "USB_storage.h"
   4:Core/Src/queue.c **** #include "stm32l4xx_hal_rtc.h"
   5:Core/Src/queue.c **** 
   6:Core/Src/queue.c **** extern RTC_HandleTypeDef hrtc;
   7:Core/Src/queue.c **** queue data_queue;
   8:Core/Src/queue.c **** //
   9:Core/Src/queue.c **** static uint8_t flag;
  10:Core/Src/queue.c **** //
  11:Core/Src/queue.c **** void q_init(void){
  29              		.loc 1 11 18 view -0
  30              		.cfi_startproc
  31              		@ args = 0, pretend = 0, frame = 0
  32              		@ frame_needed = 0, uses_anonymous_args = 0
  33              		@ link register save eliminated.
  12:Core/Src/queue.c ****     data_queue.write_ptr = 0;
  34              		.loc 1 12 5 view .LVU1
  35              		.loc 1 12 26 is_stmt 0 view .LVU2
  36 0000 054B     		ldr	r3, .L2
  37 0002 0022     		movs	r2, #0
  38 0004 83F86020 		strb	r2, [r3, #96]
  13:Core/Src/queue.c ****     data_queue.length = 0;
  39              		.loc 1 13 5 is_stmt 1 view .LVU3
  40              		.loc 1 13 23 is_stmt 0 view .LVU4
  41 0008 83F86320 		strb	r2, [r3, #99]
  14:Core/Src/queue.c ****     data_queue.is_first_writing = true;
  42              		.loc 1 14 5 is_stmt 1 view .LVU5
  43              		.loc 1 14 33 is_stmt 0 view .LVU6
  44 000c 0121     		movs	r1, #1
ARM GAS  C:\Users\kroko\AppData\Local\Temp\ccZitpw5.s 			page 2


  45 000e 83F86210 		strb	r1, [r3, #98]
  15:Core/Src/queue.c ****     data_queue.start_ptr = 0;
  46              		.loc 1 15 5 is_stmt 1 view .LVU7
  47              		.loc 1 15 26 is_stmt 0 view .LVU8
  48 0012 83F86120 		strb	r2, [r3, #97]
  16:Core/Src/queue.c **** }
  49              		.loc 1 16 1 view .LVU9
  50 0016 7047     		bx	lr
  51              	.L3:
  52              		.align	2
  53              	.L2:
  54 0018 00000000 		.word	data_queue
  55              		.cfi_endproc
  56              	.LFE319:
  58              		.section	.text.q_push,"ax",%progbits
  59              		.align	1
  60              		.global	q_push
  61              		.syntax unified
  62              		.thumb
  63              		.thumb_func
  65              	q_push:
  66              	.LVL0:
  67              	.LFB320:
  17:Core/Src/queue.c **** 
  18:Core/Src/queue.c **** void q_push(int16_t temp){
  68              		.loc 1 18 26 is_stmt 1 view -0
  69              		.cfi_startproc
  70              		@ args = 0, pretend = 0, frame = 64
  71              		@ frame_needed = 0, uses_anonymous_args = 0
  72              		.loc 1 18 26 is_stmt 0 view .LVU11
  73 0000 70B5     		push	{r4, r5, r6, lr}
  74              		.cfi_def_cfa_offset 16
  75              		.cfi_offset 4, -16
  76              		.cfi_offset 5, -12
  77              		.cfi_offset 6, -8
  78              		.cfi_offset 14, -4
  79 0002 90B0     		sub	sp, sp, #64
  80              		.cfi_def_cfa_offset 80
  81 0004 0546     		mov	r5, r0
  19:Core/Src/queue.c ****     // TIME - REG5
  20:Core/Src/queue.c ****     data_queue.data[data_queue.write_ptr] = temp;
  82              		.loc 1 20 5 is_stmt 1 view .LVU12
  83              		.loc 1 20 31 is_stmt 0 view .LVU13
  84 0006 314A     		ldr	r2, .L10
  85 0008 92F86030 		ldrb	r3, [r2, #96]	@ zero_extendqisi2
  86              		.loc 1 20 43 view .LVU14
  87 000c 22F81300 		strh	r0, [r2, r3, lsl #1]	@ movhi
  21:Core/Src/queue.c ****     data_queue.write_ptr++;
  88              		.loc 1 21 5 is_stmt 1 view .LVU15
  89              		.loc 1 21 25 is_stmt 0 view .LVU16
  90 0010 0133     		adds	r3, r3, #1
  91 0012 DBB2     		uxtb	r3, r3
  92 0014 82F86030 		strb	r3, [r2, #96]
  22:Core/Src/queue.c ****     data_queue.length++;
  93              		.loc 1 22 5 is_stmt 1 view .LVU17
  94              		.loc 1 22 15 is_stmt 0 view .LVU18
  95 0018 92F86310 		ldrb	r1, [r2, #99]	@ zero_extendqisi2
ARM GAS  C:\Users\kroko\AppData\Local\Temp\ccZitpw5.s 			page 3


  96              		.loc 1 22 22 view .LVU19
  97 001c 0131     		adds	r1, r1, #1
  98 001e 82F86310 		strb	r1, [r2, #99]
  23:Core/Src/queue.c ****     if(data_queue.write_ptr >= 48){
  99              		.loc 1 23 5 is_stmt 1 view .LVU20
 100              		.loc 1 23 7 is_stmt 0 view .LVU21
 101 0022 2F2B     		cmp	r3, #47
 102 0024 05D9     		bls	.L5
  24:Core/Src/queue.c ****         data_queue.is_first_writing = false;
 103              		.loc 1 24 9 is_stmt 1 view .LVU22
 104              		.loc 1 24 37 is_stmt 0 view .LVU23
 105 0026 1346     		mov	r3, r2
 106 0028 0022     		movs	r2, #0
 107 002a 83F86220 		strb	r2, [r3, #98]
  25:Core/Src/queue.c ****         data_queue.write_ptr = 0;
 108              		.loc 1 25 9 is_stmt 1 view .LVU24
 109              		.loc 1 25 30 is_stmt 0 view .LVU25
 110 002e 83F86020 		strb	r2, [r3, #96]
 111              	.L5:
  26:Core/Src/queue.c ****     }
  27:Core/Src/queue.c ****     if(!data_queue.is_first_writing){
 112              		.loc 1 27 5 is_stmt 1 view .LVU26
 113              		.loc 1 27 19 is_stmt 0 view .LVU27
 114 0032 264B     		ldr	r3, .L10
 115 0034 93F86230 		ldrb	r3, [r3, #98]	@ zero_extendqisi2
 116              		.loc 1 27 7 view .LVU28
 117 0038 3BB9     		cbnz	r3, .L6
  28:Core/Src/queue.c ****         data_queue.start_ptr = data_queue.write_ptr;
 118              		.loc 1 28 9 is_stmt 1 view .LVU29
 119              		.loc 1 28 42 is_stmt 0 view .LVU30
 120 003a 244B     		ldr	r3, .L10
 121 003c 93F86020 		ldrb	r2, [r3, #96]	@ zero_extendqisi2
 122              		.loc 1 28 30 view .LVU31
 123 0040 83F86120 		strb	r2, [r3, #97]
  29:Core/Src/queue.c ****         data_queue.length = 47;
 124              		.loc 1 29 9 is_stmt 1 view .LVU32
 125              		.loc 1 29 27 is_stmt 0 view .LVU33
 126 0044 2F22     		movs	r2, #47
 127 0046 83F86320 		strb	r2, [r3, #99]
 128              	.L6:
  30:Core/Src/queue.c ****     }
  31:Core/Src/queue.c ****     RTC_TimeTypeDef sTime = {0};
 129              		.loc 1 31 5 is_stmt 1 view .LVU34
 130              		.loc 1 31 21 is_stmt 0 view .LVU35
 131 004a 0BA9     		add	r1, sp, #44
 132 004c 0024     		movs	r4, #0
 133 004e 0B94     		str	r4, [sp, #44]
 134 0050 4C60     		str	r4, [r1, #4]
 135 0052 8C60     		str	r4, [r1, #8]
 136 0054 CC60     		str	r4, [r1, #12]
 137 0056 0C61     		str	r4, [r1, #16]
  32:Core/Src/queue.c ****     RTC_DateTypeDef sDate = {0};
 138              		.loc 1 32 5 is_stmt 1 view .LVU36
 139              		.loc 1 32 21 is_stmt 0 view .LVU37
 140 0058 0A94     		str	r4, [sp, #40]
  33:Core/Src/queue.c **** 
  34:Core/Src/queue.c ****     HAL_RTC_GetTime(&hrtc, &sTime, RTC_FORMAT_BIN);
ARM GAS  C:\Users\kroko\AppData\Local\Temp\ccZitpw5.s 			page 4


 141              		.loc 1 34 5 is_stmt 1 view .LVU38
 142 005a 1D4E     		ldr	r6, .L10+4
 143 005c 2246     		mov	r2, r4
 144 005e 3046     		mov	r0, r6
 145              	.LVL1:
 146              		.loc 1 34 5 is_stmt 0 view .LVU39
 147 0060 FFF7FEFF 		bl	HAL_RTC_GetTime
 148              	.LVL2:
  35:Core/Src/queue.c ****     HAL_RTC_GetDate(&hrtc, &sDate, RTC_FORMAT_BIN);
 149              		.loc 1 35 5 is_stmt 1 view .LVU40
 150 0064 2246     		mov	r2, r4
 151 0066 0AA9     		add	r1, sp, #40
 152 0068 3046     		mov	r0, r6
 153 006a FFF7FEFF 		bl	HAL_RTC_GetDate
 154              	.LVL3:
  36:Core/Src/queue.c **** 
  37:Core/Src/queue.c ****     struct tm t;
 155              		.loc 1 37 5 view .LVU41
  38:Core/Src/queue.c ****     time_t t_of_day;
 156              		.loc 1 38 5 view .LVU42
  39:Core/Src/queue.c **** 
  40:Core/Src/queue.c ****     t.tm_year = 100+sDate.Year;  // Year - 1900
 157              		.loc 1 40 5 view .LVU43
 158              		.loc 1 40 26 is_stmt 0 view .LVU44
 159 006e 9DF82B30 		ldrb	r3, [sp, #43]	@ zero_extendqisi2
 160              		.loc 1 40 20 view .LVU45
 161 0072 6433     		adds	r3, r3, #100
 162              		.loc 1 40 15 view .LVU46
 163 0074 0693     		str	r3, [sp, #24]
  41:Core/Src/queue.c ****     t.tm_mon = sDate.Month-1;           // Month, where 0 = jan
 164              		.loc 1 41 5 is_stmt 1 view .LVU47
 165              		.loc 1 41 21 is_stmt 0 view .LVU48
 166 0076 9DF82930 		ldrb	r3, [sp, #41]	@ zero_extendqisi2
 167              		.loc 1 41 27 view .LVU49
 168 007a 013B     		subs	r3, r3, #1
 169              		.loc 1 41 14 view .LVU50
 170 007c 0593     		str	r3, [sp, #20]
  42:Core/Src/queue.c ****     t.tm_mday = sDate.Date;          // Day of the month
 171              		.loc 1 42 5 is_stmt 1 view .LVU51
 172              		.loc 1 42 22 is_stmt 0 view .LVU52
 173 007e 9DF82A30 		ldrb	r3, [sp, #42]	@ zero_extendqisi2
 174              		.loc 1 42 15 view .LVU53
 175 0082 0493     		str	r3, [sp, #16]
  43:Core/Src/queue.c ****     t.tm_hour = sTime.Hours;
 176              		.loc 1 43 5 is_stmt 1 view .LVU54
 177              		.loc 1 43 22 is_stmt 0 view .LVU55
 178 0084 9DF82C30 		ldrb	r3, [sp, #44]	@ zero_extendqisi2
 179              		.loc 1 43 15 view .LVU56
 180 0088 0393     		str	r3, [sp, #12]
  44:Core/Src/queue.c ****     t.tm_min = sTime.Minutes;
 181              		.loc 1 44 5 is_stmt 1 view .LVU57
 182              		.loc 1 44 21 is_stmt 0 view .LVU58
 183 008a 9DF82D30 		ldrb	r3, [sp, #45]	@ zero_extendqisi2
 184              		.loc 1 44 14 view .LVU59
 185 008e 0293     		str	r3, [sp, #8]
  45:Core/Src/queue.c ****     t.tm_sec = sTime.Seconds;
 186              		.loc 1 45 5 is_stmt 1 view .LVU60
ARM GAS  C:\Users\kroko\AppData\Local\Temp\ccZitpw5.s 			page 5


 187              		.loc 1 45 21 is_stmt 0 view .LVU61
 188 0090 9DF82E30 		ldrb	r3, [sp, #46]	@ zero_extendqisi2
 189              		.loc 1 45 14 view .LVU62
 190 0094 0193     		str	r3, [sp, #4]
  46:Core/Src/queue.c ****     t.tm_isdst = 1;        // Is DST on? 1 = yes, 0 = no, -1 = unknown
 191              		.loc 1 46 5 is_stmt 1 view .LVU63
 192              		.loc 1 46 16 is_stmt 0 view .LVU64
 193 0096 0123     		movs	r3, #1
 194 0098 0993     		str	r3, [sp, #36]
  47:Core/Src/queue.c ****     t_of_day = mktime(&t);
 195              		.loc 1 47 5 is_stmt 1 view .LVU65
 196              		.loc 1 47 16 is_stmt 0 view .LVU66
 197 009a 01A8     		add	r0, sp, #4
 198 009c FFF7FEFF 		bl	mktime
 199              	.LVL4:
 200 00a0 0446     		mov	r4, r0
 201              	.LVL5:
  48:Core/Src/queue.c **** 
  49:Core/Src/queue.c ****     HAL_PWR_EnableBkUpAccess();
 202              		.loc 1 49 5 is_stmt 1 view .LVU67
 203 00a2 FFF7FEFF 		bl	HAL_PWR_EnableBkUpAccess
 204              	.LVL6:
  50:Core/Src/queue.c ****     if(flag ==0){
 205              		.loc 1 50 5 view .LVU68
 206              		.loc 1 50 13 is_stmt 0 view .LVU69
 207 00a6 0B4B     		ldr	r3, .L10+8
 208 00a8 1B78     		ldrb	r3, [r3]	@ zero_extendqisi2
 209              		.loc 1 50 7 view .LVU70
 210 00aa 2BB1     		cbz	r3, .L9
 211              	.L7:
  51:Core/Src/queue.c ****     HAL_RTCEx_BKUPWrite(&hrtc, RTC_BKP_DR5, (long) t_of_day);
  52:Core/Src/queue.c ****     flag = 1;}
  53:Core/Src/queue.c **** 
  54:Core/Src/queue.c ****     UDISK_push(temp, (long) t_of_day);
 212              		.loc 1 54 5 is_stmt 1 view .LVU71
 213 00ac 2146     		mov	r1, r4
 214 00ae 2846     		mov	r0, r5
 215 00b0 FFF7FEFF 		bl	UDISK_push
 216              	.LVL7:
  55:Core/Src/queue.c ****     // TEST
  56:Core/Src/queue.c ****     // uint32_t testtime = HAL_RTCEx_BKUPRead(&hrtc, RTC_BKP_DR5)+1800;
  57:Core/Src/queue.c ****     // HAL_RTCEx_BKUPWrite(&hrtc, RTC_BKP_DR5, (long) testtime);
  58:Core/Src/queue.c **** }
 217              		.loc 1 58 1 is_stmt 0 view .LVU72
 218 00b4 10B0     		add	sp, sp, #64
 219              		.cfi_remember_state
 220              		.cfi_def_cfa_offset 16
 221              		@ sp needed
 222 00b6 70BD     		pop	{r4, r5, r6, pc}
 223              	.LVL8:
 224              	.L9:
 225              		.cfi_restore_state
  51:Core/Src/queue.c ****     HAL_RTCEx_BKUPWrite(&hrtc, RTC_BKP_DR5, (long) t_of_day);
 226              		.loc 1 51 5 is_stmt 1 view .LVU73
 227 00b8 2246     		mov	r2, r4
 228 00ba 0521     		movs	r1, #5
 229 00bc 3046     		mov	r0, r6
ARM GAS  C:\Users\kroko\AppData\Local\Temp\ccZitpw5.s 			page 6


 230 00be FFF7FEFF 		bl	HAL_RTCEx_BKUPWrite
 231              	.LVL9:
  52:Core/Src/queue.c **** 
 232              		.loc 1 52 5 view .LVU74
  52:Core/Src/queue.c **** 
 233              		.loc 1 52 10 is_stmt 0 view .LVU75
 234 00c2 044B     		ldr	r3, .L10+8
 235 00c4 0122     		movs	r2, #1
 236 00c6 1A70     		strb	r2, [r3]
 237 00c8 F0E7     		b	.L7
 238              	.L11:
 239 00ca 00BF     		.align	2
 240              	.L10:
 241 00cc 00000000 		.word	data_queue
 242 00d0 00000000 		.word	hrtc
 243 00d4 00000000 		.word	flag
 244              		.cfi_endproc
 245              	.LFE320:
 247              		.section	.text.q_get,"ax",%progbits
 248              		.align	1
 249              		.global	q_get
 250              		.syntax unified
 251              		.thumb
 252              		.thumb_func
 254              	q_get:
 255              	.LVL10:
 256              	.LFB321:
  59:Core/Src/queue.c **** 
  60:Core/Src/queue.c **** int16_t q_get(uint8_t pos){
 257              		.loc 1 60 27 is_stmt 1 view -0
 258              		.cfi_startproc
 259              		@ args = 0, pretend = 0, frame = 0
 260              		@ frame_needed = 0, uses_anonymous_args = 0
 261              		@ link register save eliminated.
  61:Core/Src/queue.c ****     uint8_t ptr = pos + data_queue.start_ptr;
 262              		.loc 1 61 5 view .LVU77
 263              		.loc 1 61 35 is_stmt 0 view .LVU78
 264 0000 064B     		ldr	r3, .L14
 265 0002 93F86130 		ldrb	r3, [r3, #97]	@ zero_extendqisi2
 266              		.loc 1 61 13 view .LVU79
 267 0006 1844     		add	r0, r0, r3
 268              	.LVL11:
 269              		.loc 1 61 13 view .LVU80
 270 0008 C0B2     		uxtb	r0, r0
 271              	.LVL12:
  62:Core/Src/queue.c ****     if(ptr>=48){
 272              		.loc 1 62 5 is_stmt 1 view .LVU81
 273              		.loc 1 62 7 is_stmt 0 view .LVU82
 274 000a 2F28     		cmp	r0, #47
 275 000c 01D9     		bls	.L13
  63:Core/Src/queue.c ****         ptr -= 48;
 276              		.loc 1 63 9 is_stmt 1 view .LVU83
 277              		.loc 1 63 13 is_stmt 0 view .LVU84
 278 000e 3038     		subs	r0, r0, #48
 279              	.LVL13:
 280              		.loc 1 63 13 view .LVU85
 281 0010 C0B2     		uxtb	r0, r0
ARM GAS  C:\Users\kroko\AppData\Local\Temp\ccZitpw5.s 			page 7


 282              	.LVL14:
 283              	.L13:
  64:Core/Src/queue.c ****     }
  65:Core/Src/queue.c ****     return data_queue.data[ptr];
 284              		.loc 1 65 5 is_stmt 1 view .LVU86
  66:Core/Src/queue.c **** }
 285              		.loc 1 66 1 is_stmt 0 view .LVU87
 286 0012 024B     		ldr	r3, .L14
 287 0014 33F91000 		ldrsh	r0, [r3, r0, lsl #1]
 288              	.LVL15:
 289              		.loc 1 66 1 view .LVU88
 290 0018 7047     		bx	lr
 291              	.L15:
 292 001a 00BF     		.align	2
 293              	.L14:
 294 001c 00000000 		.word	data_queue
 295              		.cfi_endproc
 296              	.LFE321:
 298              		.section	.text.q_save,"ax",%progbits
 299              		.align	1
 300              		.global	q_save
 301              		.syntax unified
 302              		.thumb
 303              		.thumb_func
 305              	q_save:
 306              	.LFB322:
  67:Core/Src/queue.c **** 
  68:Core/Src/queue.c **** void q_save(void){
 307              		.loc 1 68 18 is_stmt 1 view -0
 308              		.cfi_startproc
 309              		@ args = 0, pretend = 0, frame = 0
 310              		@ frame_needed = 0, uses_anonymous_args = 0
 311 0000 10B5     		push	{r4, lr}
 312              		.cfi_def_cfa_offset 8
 313              		.cfi_offset 4, -8
 314              		.cfi_offset 14, -4
  69:Core/Src/queue.c ****     HAL_PWR_EnableBkUpAccess();
 315              		.loc 1 69 5 view .LVU90
 316 0002 FFF7FEFF 		bl	HAL_PWR_EnableBkUpAccess
 317              	.LVL16:
  70:Core/Src/queue.c ****     
  71:Core/Src/queue.c ****     HAL_RTCEx_BKUPWrite(&hrtc, RTC_BKP_DR6, KEY);
 318              		.loc 1 71 5 view .LVU91
 319 0006 184A     		ldr	r2, .L22
 320 0008 0621     		movs	r1, #6
 321 000a 1848     		ldr	r0, .L22+4
 322 000c FFF7FEFF 		bl	HAL_RTCEx_BKUPWrite
 323              	.LVL17:
  72:Core/Src/queue.c ****     for (int i = 0; i < 24; i++) {
 324              		.loc 1 72 5 view .LVU92
 325              	.LBB2:
 326              		.loc 1 72 10 view .LVU93
 327              		.loc 1 72 14 is_stmt 0 view .LVU94
 328 0010 0024     		movs	r4, #0
 329              		.loc 1 72 5 view .LVU95
 330 0012 0EE0     		b	.L17
 331              	.LVL18:
ARM GAS  C:\Users\kroko\AppData\Local\Temp\ccZitpw5.s 			page 8


 332              	.L18:
  73:Core/Src/queue.c ****         HAL_RTCEx_BKUPWrite(&hrtc, 8+i, ((uint32_t)data_queue.data[2*i] << 16) | (uint32_t)data_que
 333              		.loc 1 73 9 is_stmt 1 view .LVU96
 334              		.loc 1 73 69 is_stmt 0 view .LVU97
 335 0014 6300     		lsls	r3, r4, #1
 336              		.loc 1 73 67 view .LVU98
 337 0016 1649     		ldr	r1, .L22+8
 338 0018 31F82420 		ldrh	r2, [r1, r4, lsl #2]
 339              		.loc 1 73 112 view .LVU99
 340 001c 0133     		adds	r3, r3, #1
 341              		.loc 1 73 107 view .LVU100
 342 001e 31F81330 		ldrh	r3, [r1, r3, lsl #1]
 343              		.loc 1 73 9 view .LVU101
 344 0022 43EA0242 		orr	r2, r3, r2, lsl #16
 345 0026 04F10801 		add	r1, r4, #8
 346 002a 1048     		ldr	r0, .L22+4
 347 002c FFF7FEFF 		bl	HAL_RTCEx_BKUPWrite
 348              	.LVL19:
  72:Core/Src/queue.c ****     for (int i = 0; i < 24; i++) {
 349              		.loc 1 72 30 is_stmt 1 discriminator 3 view .LVU102
 350 0030 0134     		adds	r4, r4, #1
 351              	.LVL20:
 352              	.L17:
  72:Core/Src/queue.c ****     for (int i = 0; i < 24; i++) {
 353              		.loc 1 72 23 discriminator 1 view .LVU103
 354 0032 172C     		cmp	r4, #23
 355 0034 EEDD     		ble	.L18
 356              	.LBE2:
  74:Core/Src/queue.c ****     }
  75:Core/Src/queue.c ****     
  76:Core/Src/queue.c ****     HAL_RTCEx_BKUPWrite(&hrtc, RTC_BKP_DR7, ((uint32_t)data_queue.length << 24) | \
 357              		.loc 1 76 5 view .LVU104
 358              		.loc 1 76 66 is_stmt 0 view .LVU105
 359 0036 0E4A     		ldr	r2, .L22+8
 360 0038 92F86310 		ldrb	r1, [r2, #99]	@ zero_extendqisi2
  77:Core/Src/queue.c ****     ((uint32_t)data_queue.start_ptr << 16) | ((uint32_t)data_queue.write_ptr << 8) | \
 361              		.loc 1 77 26 view .LVU106
 362 003c 92F86130 		ldrb	r3, [r2, #97]	@ zero_extendqisi2
 363              		.loc 1 77 37 view .LVU107
 364 0040 1B04     		lsls	r3, r3, #16
  76:Core/Src/queue.c ****     ((uint32_t)data_queue.start_ptr << 16) | ((uint32_t)data_queue.write_ptr << 8) | \
 365              		.loc 1 76 81 view .LVU108
 366 0042 43EA0163 		orr	r3, r3, r1, lsl #24
 367              		.loc 1 77 67 view .LVU109
 368 0046 92F86010 		ldrb	r1, [r2, #96]	@ zero_extendqisi2
 369              		.loc 1 77 44 view .LVU110
 370 004a 43EA0123 		orr	r3, r3, r1, lsl #8
  78:Core/Src/queue.c ****     (data_queue.is_first_writing ? 1 : 0));
 371              		.loc 1 78 16 view .LVU111
 372 004e 92F86220 		ldrb	r2, [r2, #98]	@ zero_extendqisi2
 373              		.loc 1 78 38 view .LVU112
 374 0052 32B1     		cbz	r2, .L20
 375              		.loc 1 78 38 discriminator 1 view .LVU113
 376 0054 0122     		movs	r2, #1
 377              	.L19:
  76:Core/Src/queue.c ****     ((uint32_t)data_queue.start_ptr << 16) | ((uint32_t)data_queue.write_ptr << 8) | \
 378              		.loc 1 76 5 view .LVU114
ARM GAS  C:\Users\kroko\AppData\Local\Temp\ccZitpw5.s 			page 9


 379 0056 1A43     		orrs	r2, r2, r3
 380 0058 0721     		movs	r1, #7
 381 005a 0448     		ldr	r0, .L22+4
 382 005c FFF7FEFF 		bl	HAL_RTCEx_BKUPWrite
 383              	.LVL21:
  79:Core/Src/queue.c **** }
 384              		.loc 1 79 1 view .LVU115
 385 0060 10BD     		pop	{r4, pc}
 386              	.LVL22:
 387              	.L20:
  78:Core/Src/queue.c ****     (data_queue.is_first_writing ? 1 : 0));
 388              		.loc 1 78 38 discriminator 2 view .LVU116
 389 0062 0022     		movs	r2, #0
 390 0064 F7E7     		b	.L19
 391              	.L23:
 392 0066 00BF     		.align	2
 393              	.L22:
 394 0068 FF55FFAA 		.word	-1426106881
 395 006c 00000000 		.word	hrtc
 396 0070 00000000 		.word	data_queue
 397              		.cfi_endproc
 398              	.LFE322:
 400              		.section	.text.q_load,"ax",%progbits
 401              		.align	1
 402              		.global	q_load
 403              		.syntax unified
 404              		.thumb
 405              		.thumb_func
 407              	q_load:
 408              	.LFB323:
  80:Core/Src/queue.c ****  
  81:Core/Src/queue.c **** bool q_load(void){
 409              		.loc 1 81 18 is_stmt 1 view -0
 410              		.cfi_startproc
 411              		@ args = 0, pretend = 0, frame = 0
 412              		@ frame_needed = 0, uses_anonymous_args = 0
 413 0000 2DE9F041 		push	{r4, r5, r6, r7, r8, lr}
 414              		.cfi_def_cfa_offset 24
 415              		.cfi_offset 4, -24
 416              		.cfi_offset 5, -20
 417              		.cfi_offset 6, -16
 418              		.cfi_offset 7, -12
 419              		.cfi_offset 8, -8
 420              		.cfi_offset 14, -4
  82:Core/Src/queue.c ****     // REGs 6 - 31
  83:Core/Src/queue.c ****     // KEY - REG6
  84:Core/Src/queue.c ****     // SYS - REG7
  85:Core/Src/queue.c ****     // DATA REG8 - 31
  86:Core/Src/queue.c ****     if (HAL_RTCEx_BKUPRead(&hrtc, RTC_BKP_DR6) != KEY){return false;}
 421              		.loc 1 86 5 view .LVU118
 422              		.loc 1 86 9 is_stmt 0 view .LVU119
 423 0004 0621     		movs	r1, #6
 424 0006 2248     		ldr	r0, .L30
 425 0008 FFF7FEFF 		bl	HAL_RTCEx_BKUPRead
 426              	.LVL23:
 427              		.loc 1 86 8 discriminator 1 view .LVU120
 428 000c 214B     		ldr	r3, .L30+4
ARM GAS  C:\Users\kroko\AppData\Local\Temp\ccZitpw5.s 			page 10


 429 000e 9842     		cmp	r0, r3
 430 0010 3BD1     		bne	.L28
 431              	.LBB3:
  87:Core/Src/queue.c ****     for (int i = 0; i < 24; i++) {
 432              		.loc 1 87 14 view .LVU121
 433 0012 0024     		movs	r4, #0
 434 0014 13E0     		b	.L26
 435              	.LVL24:
 436              	.L27:
  88:Core/Src/queue.c ****         data_queue.data[2*i] = (int16_t)(HAL_RTCEx_BKUPRead(&hrtc, 8+i) >> 16);       
 437              		.loc 1 88 9 is_stmt 1 view .LVU122
 438              		.loc 1 88 69 is_stmt 0 view .LVU123
 439 0016 04F10808 		add	r8, r4, #8
 440              		.loc 1 88 42 view .LVU124
 441 001a 1D4F     		ldr	r7, .L30
 442 001c 4146     		mov	r1, r8
 443 001e 3846     		mov	r0, r7
 444 0020 FFF7FEFF 		bl	HAL_RTCEx_BKUPRead
 445              	.LVL25:
 446              		.loc 1 88 26 discriminator 1 view .LVU125
 447 0024 6500     		lsls	r5, r4, #1
 448              		.loc 1 88 32 discriminator 1 view .LVU126
 449 0026 000C     		lsrs	r0, r0, #16
 450              		.loc 1 88 30 discriminator 1 view .LVU127
 451 0028 1B4E     		ldr	r6, .L30+8
 452 002a 26F81500 		strh	r0, [r6, r5, lsl #1]	@ movhi
  89:Core/Src/queue.c ****         data_queue.data[2*i + 1] = (int16_t)(HAL_RTCEx_BKUPRead(&hrtc, 8+i) & 0xFFFF);
 453              		.loc 1 89 9 is_stmt 1 view .LVU128
 454              		.loc 1 89 46 is_stmt 0 view .LVU129
 455 002e 4146     		mov	r1, r8
 456 0030 3846     		mov	r0, r7
 457 0032 FFF7FEFF 		bl	HAL_RTCEx_BKUPRead
 458              	.LVL26:
 459              		.loc 1 89 29 discriminator 1 view .LVU130
 460 0036 0135     		adds	r5, r5, #1
 461              		.loc 1 89 34 discriminator 1 view .LVU131
 462 0038 26F81500 		strh	r0, [r6, r5, lsl #1]	@ movhi
  87:Core/Src/queue.c ****     for (int i = 0; i < 24; i++) {
 463              		.loc 1 87 30 is_stmt 1 discriminator 3 view .LVU132
 464 003c 0134     		adds	r4, r4, #1
 465              	.LVL27:
 466              	.L26:
  87:Core/Src/queue.c ****     for (int i = 0; i < 24; i++) {
 467              		.loc 1 87 23 discriminator 1 view .LVU133
 468 003e 172C     		cmp	r4, #23
 469 0040 E9DD     		ble	.L27
 470              	.LBE3:
  90:Core/Src/queue.c ****     }
  91:Core/Src/queue.c ****     data_queue.length = (uint8_t)(HAL_RTCEx_BKUPRead(&hrtc, RTC_BKP_DR7) >> 24);
 471              		.loc 1 91 5 view .LVU134
 472              		.loc 1 91 35 is_stmt 0 view .LVU135
 473 0042 134D     		ldr	r5, .L30
 474 0044 0721     		movs	r1, #7
 475 0046 2846     		mov	r0, r5
 476 0048 FFF7FEFF 		bl	HAL_RTCEx_BKUPRead
 477              	.LVL28:
 478              		.loc 1 91 25 discriminator 1 view .LVU136
ARM GAS  C:\Users\kroko\AppData\Local\Temp\ccZitpw5.s 			page 11


 479 004c 000E     		lsrs	r0, r0, #24
 480              		.loc 1 91 23 discriminator 1 view .LVU137
 481 004e 124C     		ldr	r4, .L30+8
 482              	.LVL29:
 483              		.loc 1 91 23 discriminator 1 view .LVU138
 484 0050 84F86300 		strb	r0, [r4, #99]
  92:Core/Src/queue.c ****     data_queue.start_ptr = (uint8_t)(HAL_RTCEx_BKUPRead(&hrtc, RTC_BKP_DR7) >> 16);
 485              		.loc 1 92 5 is_stmt 1 view .LVU139
 486              		.loc 1 92 38 is_stmt 0 view .LVU140
 487 0054 0721     		movs	r1, #7
 488 0056 2846     		mov	r0, r5
 489 0058 FFF7FEFF 		bl	HAL_RTCEx_BKUPRead
 490              	.LVL30:
 491              		.loc 1 92 28 discriminator 1 view .LVU141
 492 005c C0F30740 		ubfx	r0, r0, #16, #8
 493              		.loc 1 92 26 discriminator 1 view .LVU142
 494 0060 84F86100 		strb	r0, [r4, #97]
  93:Core/Src/queue.c ****     data_queue.write_ptr = (uint8_t)(HAL_RTCEx_BKUPRead(&hrtc, RTC_BKP_DR7) >> 8);
 495              		.loc 1 93 5 is_stmt 1 view .LVU143
 496              		.loc 1 93 38 is_stmt 0 view .LVU144
 497 0064 0721     		movs	r1, #7
 498 0066 2846     		mov	r0, r5
 499 0068 FFF7FEFF 		bl	HAL_RTCEx_BKUPRead
 500              	.LVL31:
 501              		.loc 1 93 28 discriminator 1 view .LVU145
 502 006c C0F30720 		ubfx	r0, r0, #8, #8
 503              		.loc 1 93 26 discriminator 1 view .LVU146
 504 0070 84F86000 		strb	r0, [r4, #96]
  94:Core/Src/queue.c ****     data_queue.is_first_writing = (HAL_RTCEx_BKUPRead(&hrtc, RTC_BKP_DR7) & 0x01) != 0;
 505              		.loc 1 94 5 is_stmt 1 view .LVU147
 506              		.loc 1 94 36 is_stmt 0 view .LVU148
 507 0074 0721     		movs	r1, #7
 508 0076 2846     		mov	r0, r5
 509 0078 FFF7FEFF 		bl	HAL_RTCEx_BKUPRead
 510              	.LVL32:
 511              		.loc 1 94 5 discriminator 1 view .LVU149
 512 007c 00F00100 		and	r0, r0, #1
 513              		.loc 1 94 33 discriminator 1 view .LVU150
 514 0080 84F86200 		strb	r0, [r4, #98]
  95:Core/Src/queue.c ****     return true;
 515              		.loc 1 95 5 is_stmt 1 view .LVU151
 516              		.loc 1 95 12 is_stmt 0 view .LVU152
 517 0084 0120     		movs	r0, #1
 518              	.LVL33:
 519              	.L25:
  96:Core/Src/queue.c **** }
 520              		.loc 1 96 1 view .LVU153
 521 0086 BDE8F081 		pop	{r4, r5, r6, r7, r8, pc}
 522              	.L28:
  86:Core/Src/queue.c ****     for (int i = 0; i < 24; i++) {
 523              		.loc 1 86 63 discriminator 1 view .LVU154
 524 008a 0020     		movs	r0, #0
 525 008c FBE7     		b	.L25
 526              	.L31:
 527 008e 00BF     		.align	2
 528              	.L30:
 529 0090 00000000 		.word	hrtc
ARM GAS  C:\Users\kroko\AppData\Local\Temp\ccZitpw5.s 			page 12


 530 0094 FF55FFAA 		.word	-1426106881
 531 0098 00000000 		.word	data_queue
 532              		.cfi_endproc
 533              	.LFE323:
 535              		.section	.text.q_len,"ax",%progbits
 536              		.align	1
 537              		.global	q_len
 538              		.syntax unified
 539              		.thumb
 540              		.thumb_func
 542              	q_len:
 543              	.LFB324:
  97:Core/Src/queue.c **** 
  98:Core/Src/queue.c **** uint16_t q_len(void){
 544              		.loc 1 98 21 is_stmt 1 view -0
 545              		.cfi_startproc
 546              		@ args = 0, pretend = 0, frame = 0
 547              		@ frame_needed = 0, uses_anonymous_args = 0
 548              		@ link register save eliminated.
  99:Core/Src/queue.c ****     return data_queue.length;
 549              		.loc 1 99 5 view .LVU156
 100:Core/Src/queue.c **** }...
 550              		.loc 1 100 1 is_stmt 0 view .LVU157
 551 0000 014B     		ldr	r3, .L33
 552 0002 93F86300 		ldrb	r0, [r3, #99]	@ zero_extendqisi2
 553 0006 7047     		bx	lr
 554              	.L34:
 555              		.align	2
 556              	.L33:
 557 0008 00000000 		.word	data_queue
 558              		.cfi_endproc
 559              	.LFE324:
 561              		.section	.bss.flag,"aw",%nobits
 564              	flag:
 565 0000 00       		.space	1
 566              		.global	data_queue
 567              		.section	.bss.data_queue,"aw",%nobits
 568              		.align	2
 571              	data_queue:
 572 0000 00000000 		.space	100
 572      00000000 
 572      00000000 
 572      00000000 
 572      00000000 
 573              		.text
 574              	.Letext0:
 575              		.file 2 "C:/Program Files (x86)/Arm GNU Toolchain arm-none-eabi/14.2 rel1/arm-none-eabi/include/ma
 576              		.file 3 "C:/Program Files (x86)/Arm GNU Toolchain arm-none-eabi/14.2 rel1/arm-none-eabi/include/sy
 577              		.file 4 "Drivers/CMSIS/Device/ST/STM32L4xx/Include/stm32l412xx.h"
 578              		.file 5 "Drivers/STM32L4xx_HAL_Driver/Inc/stm32l4xx_hal_def.h"
 579              		.file 6 "Drivers/STM32L4xx_HAL_Driver/Inc/stm32l4xx_hal_rtc.h"
 580              		.file 7 "Core/Inc/queue.h"
 581              		.file 8 "C:/Program Files (x86)/Arm GNU Toolchain arm-none-eabi/14.2 rel1/arm-none-eabi/include/sy
 582              		.file 9 "C:/Program Files (x86)/Arm GNU Toolchain arm-none-eabi/14.2 rel1/arm-none-eabi/include/ti
 583              		.file 10 "Core/Inc/USB_storage.h"
 584              		.file 11 "Drivers/STM32L4xx_HAL_Driver/Inc/stm32l4xx_hal_rtc_ex.h"
 585              		.file 12 "Drivers/STM32L4xx_HAL_Driver/Inc/stm32l4xx_hal_pwr.h"
ARM GAS  C:\Users\kroko\AppData\Local\Temp\ccZitpw5.s 			page 13


ARM GAS  C:\Users\kroko\AppData\Local\Temp\ccZitpw5.s 			page 14


DEFINED SYMBOLS
                            *ABS*:00000000 queue.c
C:\Users\kroko\AppData\Local\Temp\ccZitpw5.s:21     .text.q_init:00000000 $t
C:\Users\kroko\AppData\Local\Temp\ccZitpw5.s:27     .text.q_init:00000000 q_init
C:\Users\kroko\AppData\Local\Temp\ccZitpw5.s:54     .text.q_init:00000018 $d
C:\Users\kroko\AppData\Local\Temp\ccZitpw5.s:571    .bss.data_queue:00000000 data_queue
C:\Users\kroko\AppData\Local\Temp\ccZitpw5.s:59     .text.q_push:00000000 $t
C:\Users\kroko\AppData\Local\Temp\ccZitpw5.s:65     .text.q_push:00000000 q_push
C:\Users\kroko\AppData\Local\Temp\ccZitpw5.s:241    .text.q_push:000000cc $d
C:\Users\kroko\AppData\Local\Temp\ccZitpw5.s:564    .bss.flag:00000000 flag
C:\Users\kroko\AppData\Local\Temp\ccZitpw5.s:248    .text.q_get:00000000 $t
C:\Users\kroko\AppData\Local\Temp\ccZitpw5.s:254    .text.q_get:00000000 q_get
C:\Users\kroko\AppData\Local\Temp\ccZitpw5.s:294    .text.q_get:0000001c $d
C:\Users\kroko\AppData\Local\Temp\ccZitpw5.s:299    .text.q_save:00000000 $t
C:\Users\kroko\AppData\Local\Temp\ccZitpw5.s:305    .text.q_save:00000000 q_save
C:\Users\kroko\AppData\Local\Temp\ccZitpw5.s:394    .text.q_save:00000068 $d
C:\Users\kroko\AppData\Local\Temp\ccZitpw5.s:401    .text.q_load:00000000 $t
C:\Users\kroko\AppData\Local\Temp\ccZitpw5.s:407    .text.q_load:00000000 q_load
C:\Users\kroko\AppData\Local\Temp\ccZitpw5.s:529    .text.q_load:00000090 $d
C:\Users\kroko\AppData\Local\Temp\ccZitpw5.s:536    .text.q_len:00000000 $t
C:\Users\kroko\AppData\Local\Temp\ccZitpw5.s:542    .text.q_len:00000000 q_len
C:\Users\kroko\AppData\Local\Temp\ccZitpw5.s:557    .text.q_len:00000008 $d
C:\Users\kroko\AppData\Local\Temp\ccZitpw5.s:565    .bss.flag:00000000 $d
C:\Users\kroko\AppData\Local\Temp\ccZitpw5.s:568    .bss.data_queue:00000000 $d

UNDEFINED SYMBOLS
HAL_RTC_GetTime
HAL_RTC_GetDate
mktime
HAL_PWR_EnableBkUpAccess
UDISK_push
HAL_RTCEx_BKUPWrite
hrtc
HAL_RTCEx_BKUPRead
