ARM GAS  C:\Users\kroko\AppData\Local\Temp\ccNoch7c.s 			page 1


   1              		.cpu cortex-m4
   2              		.arch armv7e-m
   3              		.fpu fpv4-sp-d16
   4              		.eabi_attribute 27, 1
   5              		.eabi_attribute 28, 1
   6              		.eabi_attribute 20, 1
   7              		.eabi_attribute 21, 1
   8              		.eabi_attribute 23, 3
   9              		.eabi_attribute 24, 1
  10              		.eabi_attribute 25, 1
  11              		.eabi_attribute 26, 1
  12              		.eabi_attribute 30, 1
  13              		.eabi_attribute 34, 1
  14              		.eabi_attribute 18, 4
  15              		.file	"stm32l4xx_hal_msp.c"
  16              		.text
  17              	.Ltext0:
  18              		.cfi_sections	.debug_frame
  19              		.file 1 "Core/Src/stm32l4xx_hal_msp.c"
  20              		.section	.text.HAL_MspInit,"ax",%progbits
  21              		.align	1
  22              		.global	HAL_MspInit
  23              		.syntax unified
  24              		.thumb
  25              		.thumb_func
  27              	HAL_MspInit:
  28              	.LFB319:
   1:Core/Src/stm32l4xx_hal_msp.c **** /* USER CODE BEGIN Header */
   2:Core/Src/stm32l4xx_hal_msp.c **** /**
   3:Core/Src/stm32l4xx_hal_msp.c ****   ******************************************************************************
   4:Core/Src/stm32l4xx_hal_msp.c ****   * @file         stm32l4xx_hal_msp.c
   5:Core/Src/stm32l4xx_hal_msp.c ****   * @brief        This file provides code for the MSP Initialization
   6:Core/Src/stm32l4xx_hal_msp.c ****   *               and de-Initialization codes.
   7:Core/Src/stm32l4xx_hal_msp.c ****   ******************************************************************************
   8:Core/Src/stm32l4xx_hal_msp.c ****   * @attention
   9:Core/Src/stm32l4xx_hal_msp.c ****   *
  10:Core/Src/stm32l4xx_hal_msp.c ****   * Copyright (c) 2025 STMicroelectronics.
  11:Core/Src/stm32l4xx_hal_msp.c ****   * All rights reserved.
  12:Core/Src/stm32l4xx_hal_msp.c ****   *
  13:Core/Src/stm32l4xx_hal_msp.c ****   * This software is licensed under terms that can be found in the LICENSE file
  14:Core/Src/stm32l4xx_hal_msp.c ****   * in the root directory of this software component.
  15:Core/Src/stm32l4xx_hal_msp.c ****   * If no LICENSE file comes with this software, it is provided AS-IS.
  16:Core/Src/stm32l4xx_hal_msp.c ****   *
  17:Core/Src/stm32l4xx_hal_msp.c ****   ******************************************************************************
  18:Core/Src/stm32l4xx_hal_msp.c ****   */
  19:Core/Src/stm32l4xx_hal_msp.c **** /* USER CODE END Header */
  20:Core/Src/stm32l4xx_hal_msp.c **** 
  21:Core/Src/stm32l4xx_hal_msp.c **** /* Includes ------------------------------------------------------------------*/
  22:Core/Src/stm32l4xx_hal_msp.c **** #include "main.h"
  23:Core/Src/stm32l4xx_hal_msp.c **** /* USER CODE BEGIN Includes */
  24:Core/Src/stm32l4xx_hal_msp.c **** 
  25:Core/Src/stm32l4xx_hal_msp.c **** /* USER CODE END Includes */
  26:Core/Src/stm32l4xx_hal_msp.c **** extern DMA_HandleTypeDef hdma_adc1;
  27:Core/Src/stm32l4xx_hal_msp.c **** 
  28:Core/Src/stm32l4xx_hal_msp.c **** /* Private typedef -----------------------------------------------------------*/
  29:Core/Src/stm32l4xx_hal_msp.c **** /* USER CODE BEGIN TD */
  30:Core/Src/stm32l4xx_hal_msp.c **** 
ARM GAS  C:\Users\kroko\AppData\Local\Temp\ccNoch7c.s 			page 2


  31:Core/Src/stm32l4xx_hal_msp.c **** /* USER CODE END TD */
  32:Core/Src/stm32l4xx_hal_msp.c **** 
  33:Core/Src/stm32l4xx_hal_msp.c **** /* Private define ------------------------------------------------------------*/
  34:Core/Src/stm32l4xx_hal_msp.c **** /* USER CODE BEGIN Define */
  35:Core/Src/stm32l4xx_hal_msp.c **** 
  36:Core/Src/stm32l4xx_hal_msp.c **** /* USER CODE END Define */
  37:Core/Src/stm32l4xx_hal_msp.c **** 
  38:Core/Src/stm32l4xx_hal_msp.c **** /* Private macro -------------------------------------------------------------*/
  39:Core/Src/stm32l4xx_hal_msp.c **** /* USER CODE BEGIN Macro */
  40:Core/Src/stm32l4xx_hal_msp.c **** 
  41:Core/Src/stm32l4xx_hal_msp.c **** /* USER CODE END Macro */
  42:Core/Src/stm32l4xx_hal_msp.c **** 
  43:Core/Src/stm32l4xx_hal_msp.c **** /* Private variables ---------------------------------------------------------*/
  44:Core/Src/stm32l4xx_hal_msp.c **** /* USER CODE BEGIN PV */
  45:Core/Src/stm32l4xx_hal_msp.c **** 
  46:Core/Src/stm32l4xx_hal_msp.c **** /* USER CODE END PV */
  47:Core/Src/stm32l4xx_hal_msp.c **** 
  48:Core/Src/stm32l4xx_hal_msp.c **** /* Private function prototypes -----------------------------------------------*/
  49:Core/Src/stm32l4xx_hal_msp.c **** /* USER CODE BEGIN PFP */
  50:Core/Src/stm32l4xx_hal_msp.c **** 
  51:Core/Src/stm32l4xx_hal_msp.c **** /* USER CODE END PFP */
  52:Core/Src/stm32l4xx_hal_msp.c **** 
  53:Core/Src/stm32l4xx_hal_msp.c **** /* External functions --------------------------------------------------------*/
  54:Core/Src/stm32l4xx_hal_msp.c **** /* USER CODE BEGIN ExternalFunctions */
  55:Core/Src/stm32l4xx_hal_msp.c **** 
  56:Core/Src/stm32l4xx_hal_msp.c **** /* USER CODE END ExternalFunctions */
  57:Core/Src/stm32l4xx_hal_msp.c **** 
  58:Core/Src/stm32l4xx_hal_msp.c **** /* USER CODE BEGIN 0 */
  59:Core/Src/stm32l4xx_hal_msp.c **** 
  60:Core/Src/stm32l4xx_hal_msp.c **** /* USER CODE END 0 */
  61:Core/Src/stm32l4xx_hal_msp.c **** /**
  62:Core/Src/stm32l4xx_hal_msp.c ****   * Initializes the Global MSP.
  63:Core/Src/stm32l4xx_hal_msp.c ****   */
  64:Core/Src/stm32l4xx_hal_msp.c **** void HAL_MspInit(void)
  65:Core/Src/stm32l4xx_hal_msp.c **** {
  29              		.loc 1 65 1 view -0
  30              		.cfi_startproc
  31              		@ args = 0, pretend = 0, frame = 8
  32              		@ frame_needed = 0, uses_anonymous_args = 0
  33              		@ link register save eliminated.
  34 0000 82B0     		sub	sp, sp, #8
  35              		.cfi_def_cfa_offset 8
  66:Core/Src/stm32l4xx_hal_msp.c **** 
  67:Core/Src/stm32l4xx_hal_msp.c ****   /* USER CODE BEGIN MspInit 0 */
  68:Core/Src/stm32l4xx_hal_msp.c **** 
  69:Core/Src/stm32l4xx_hal_msp.c ****   /* USER CODE END MspInit 0 */
  70:Core/Src/stm32l4xx_hal_msp.c **** 
  71:Core/Src/stm32l4xx_hal_msp.c ****   __HAL_RCC_SYSCFG_CLK_ENABLE();
  36              		.loc 1 71 3 view .LVU1
  37              	.LBB2:
  38              		.loc 1 71 3 view .LVU2
  39              		.loc 1 71 3 view .LVU3
  40 0002 0A4B     		ldr	r3, .L3
  41 0004 1A6E     		ldr	r2, [r3, #96]
  42 0006 42F00102 		orr	r2, r2, #1
  43 000a 1A66     		str	r2, [r3, #96]
  44              		.loc 1 71 3 view .LVU4
ARM GAS  C:\Users\kroko\AppData\Local\Temp\ccNoch7c.s 			page 3


  45 000c 1A6E     		ldr	r2, [r3, #96]
  46 000e 02F00102 		and	r2, r2, #1
  47 0012 0092     		str	r2, [sp]
  48              		.loc 1 71 3 view .LVU5
  49 0014 009A     		ldr	r2, [sp]
  50              	.LBE2:
  51              		.loc 1 71 3 view .LVU6
  72:Core/Src/stm32l4xx_hal_msp.c ****   __HAL_RCC_PWR_CLK_ENABLE();
  52              		.loc 1 72 3 view .LVU7
  53              	.LBB3:
  54              		.loc 1 72 3 view .LVU8
  55              		.loc 1 72 3 view .LVU9
  56 0016 9A6D     		ldr	r2, [r3, #88]
  57 0018 42F08052 		orr	r2, r2, #268435456
  58 001c 9A65     		str	r2, [r3, #88]
  59              		.loc 1 72 3 view .LVU10
  60 001e 9B6D     		ldr	r3, [r3, #88]
  61 0020 03F08053 		and	r3, r3, #268435456
  62 0024 0193     		str	r3, [sp, #4]
  63              		.loc 1 72 3 view .LVU11
  64 0026 019B     		ldr	r3, [sp, #4]
  65              	.LBE3:
  66              		.loc 1 72 3 view .LVU12
  73:Core/Src/stm32l4xx_hal_msp.c **** 
  74:Core/Src/stm32l4xx_hal_msp.c ****   /* System interrupt init*/
  75:Core/Src/stm32l4xx_hal_msp.c **** 
  76:Core/Src/stm32l4xx_hal_msp.c ****   /* USER CODE BEGIN MspInit 1 */
  77:Core/Src/stm32l4xx_hal_msp.c **** 
  78:Core/Src/stm32l4xx_hal_msp.c ****   /* USER CODE END MspInit 1 */
  79:Core/Src/stm32l4xx_hal_msp.c **** }
  67              		.loc 1 79 1 is_stmt 0 view .LVU13
  68 0028 02B0     		add	sp, sp, #8
  69              		.cfi_def_cfa_offset 0
  70              		@ sp needed
  71 002a 7047     		bx	lr
  72              	.L4:
  73              		.align	2
  74              	.L3:
  75 002c 00100240 		.word	1073876992
  76              		.cfi_endproc
  77              	.LFE319:
  79              		.section	.text.HAL_ADC_MspInit,"ax",%progbits
  80              		.align	1
  81              		.global	HAL_ADC_MspInit
  82              		.syntax unified
  83              		.thumb
  84              		.thumb_func
  86              	HAL_ADC_MspInit:
  87              	.LVL0:
  88              	.LFB320:
  80:Core/Src/stm32l4xx_hal_msp.c **** 
  81:Core/Src/stm32l4xx_hal_msp.c **** /**
  82:Core/Src/stm32l4xx_hal_msp.c **** * @brief ADC MSP Initialization
  83:Core/Src/stm32l4xx_hal_msp.c **** * This function configures the hardware resources used in this example
  84:Core/Src/stm32l4xx_hal_msp.c **** * @param hadc: ADC handle pointer
  85:Core/Src/stm32l4xx_hal_msp.c **** * @retval None
  86:Core/Src/stm32l4xx_hal_msp.c **** */
ARM GAS  C:\Users\kroko\AppData\Local\Temp\ccNoch7c.s 			page 4


  87:Core/Src/stm32l4xx_hal_msp.c **** void HAL_ADC_MspInit(ADC_HandleTypeDef* hadc)
  88:Core/Src/stm32l4xx_hal_msp.c **** {
  89              		.loc 1 88 1 is_stmt 1 view -0
  90              		.cfi_startproc
  91              		@ args = 0, pretend = 0, frame = 8
  92              		@ frame_needed = 0, uses_anonymous_args = 0
  89:Core/Src/stm32l4xx_hal_msp.c ****   if(hadc->Instance==ADC1)
  93              		.loc 1 89 3 view .LVU15
  94              		.loc 1 89 10 is_stmt 0 view .LVU16
  95 0000 0268     		ldr	r2, [r0]
  96              		.loc 1 89 5 view .LVU17
  97 0002 1C4B     		ldr	r3, .L14
  98 0004 9A42     		cmp	r2, r3
  99 0006 00D0     		beq	.L12
 100 0008 7047     		bx	lr
 101              	.L12:
  88:Core/Src/stm32l4xx_hal_msp.c ****   if(hadc->Instance==ADC1)
 102              		.loc 1 88 1 view .LVU18
 103 000a 10B5     		push	{r4, lr}
 104              		.cfi_def_cfa_offset 8
 105              		.cfi_offset 4, -8
 106              		.cfi_offset 14, -4
 107 000c 82B0     		sub	sp, sp, #8
 108              		.cfi_def_cfa_offset 16
 109 000e 0446     		mov	r4, r0
  90:Core/Src/stm32l4xx_hal_msp.c ****   {
  91:Core/Src/stm32l4xx_hal_msp.c ****   /* USER CODE BEGIN ADC1_MspInit 0 */
  92:Core/Src/stm32l4xx_hal_msp.c **** 
  93:Core/Src/stm32l4xx_hal_msp.c ****   /* USER CODE END ADC1_MspInit 0 */
  94:Core/Src/stm32l4xx_hal_msp.c ****     /* Peripheral clock enable */
  95:Core/Src/stm32l4xx_hal_msp.c ****     __HAL_RCC_ADC_CLK_ENABLE();
 110              		.loc 1 95 5 is_stmt 1 view .LVU19
 111              	.LBB4:
 112              		.loc 1 95 5 view .LVU20
 113              		.loc 1 95 5 view .LVU21
 114 0010 03F17043 		add	r3, r3, #-268435456
 115 0014 A3F5F833 		sub	r3, r3, #126976
 116 0018 DA6C     		ldr	r2, [r3, #76]
 117 001a 42F40052 		orr	r2, r2, #8192
 118 001e DA64     		str	r2, [r3, #76]
 119              		.loc 1 95 5 view .LVU22
 120 0020 DB6C     		ldr	r3, [r3, #76]
 121 0022 03F40053 		and	r3, r3, #8192
 122 0026 0193     		str	r3, [sp, #4]
 123              		.loc 1 95 5 view .LVU23
 124 0028 019B     		ldr	r3, [sp, #4]
 125              	.LBE4:
 126              		.loc 1 95 5 view .LVU24
  96:Core/Src/stm32l4xx_hal_msp.c **** 
  97:Core/Src/stm32l4xx_hal_msp.c ****     /* ADC1 DMA Init */
  98:Core/Src/stm32l4xx_hal_msp.c ****     /* ADC1 Init */
  99:Core/Src/stm32l4xx_hal_msp.c ****     hdma_adc1.Instance = DMA1_Channel1;
 127              		.loc 1 99 5 view .LVU25
 128              		.loc 1 99 24 is_stmt 0 view .LVU26
 129 002a 1348     		ldr	r0, .L14+4
 130              	.LVL1:
 131              		.loc 1 99 24 view .LVU27
ARM GAS  C:\Users\kroko\AppData\Local\Temp\ccNoch7c.s 			page 5


 132 002c 134B     		ldr	r3, .L14+8
 133 002e 0360     		str	r3, [r0]
 100:Core/Src/stm32l4xx_hal_msp.c ****     hdma_adc1.Init.Request = DMA_REQUEST_0;
 134              		.loc 1 100 5 is_stmt 1 view .LVU28
 135              		.loc 1 100 28 is_stmt 0 view .LVU29
 136 0030 0023     		movs	r3, #0
 137 0032 4360     		str	r3, [r0, #4]
 101:Core/Src/stm32l4xx_hal_msp.c ****     hdma_adc1.Init.Direction = DMA_PERIPH_TO_MEMORY;
 138              		.loc 1 101 5 is_stmt 1 view .LVU30
 139              		.loc 1 101 30 is_stmt 0 view .LVU31
 140 0034 8360     		str	r3, [r0, #8]
 102:Core/Src/stm32l4xx_hal_msp.c ****     hdma_adc1.Init.PeriphInc = DMA_PINC_DISABLE;
 141              		.loc 1 102 5 is_stmt 1 view .LVU32
 142              		.loc 1 102 30 is_stmt 0 view .LVU33
 143 0036 C360     		str	r3, [r0, #12]
 103:Core/Src/stm32l4xx_hal_msp.c ****     hdma_adc1.Init.MemInc = DMA_MINC_ENABLE;
 144              		.loc 1 103 5 is_stmt 1 view .LVU34
 145              		.loc 1 103 27 is_stmt 0 view .LVU35
 146 0038 8022     		movs	r2, #128
 147 003a 0261     		str	r2, [r0, #16]
 104:Core/Src/stm32l4xx_hal_msp.c ****     hdma_adc1.Init.PeriphDataAlignment = DMA_PDATAALIGN_HALFWORD;
 148              		.loc 1 104 5 is_stmt 1 view .LVU36
 149              		.loc 1 104 40 is_stmt 0 view .LVU37
 150 003c 4FF48072 		mov	r2, #256
 151 0040 4261     		str	r2, [r0, #20]
 105:Core/Src/stm32l4xx_hal_msp.c ****     hdma_adc1.Init.MemDataAlignment = DMA_MDATAALIGN_HALFWORD;
 152              		.loc 1 105 5 is_stmt 1 view .LVU38
 153              		.loc 1 105 37 is_stmt 0 view .LVU39
 154 0042 4FF48062 		mov	r2, #1024
 155 0046 8261     		str	r2, [r0, #24]
 106:Core/Src/stm32l4xx_hal_msp.c ****     hdma_adc1.Init.Mode = DMA_CIRCULAR;
 156              		.loc 1 106 5 is_stmt 1 view .LVU40
 157              		.loc 1 106 25 is_stmt 0 view .LVU41
 158 0048 2022     		movs	r2, #32
 159 004a C261     		str	r2, [r0, #28]
 107:Core/Src/stm32l4xx_hal_msp.c ****     hdma_adc1.Init.Priority = DMA_PRIORITY_LOW;
 160              		.loc 1 107 5 is_stmt 1 view .LVU42
 161              		.loc 1 107 29 is_stmt 0 view .LVU43
 162 004c 0362     		str	r3, [r0, #32]
 108:Core/Src/stm32l4xx_hal_msp.c ****     if (HAL_DMA_Init(&hdma_adc1) != HAL_OK)
 163              		.loc 1 108 5 is_stmt 1 view .LVU44
 164              		.loc 1 108 9 is_stmt 0 view .LVU45
 165 004e FFF7FEFF 		bl	HAL_DMA_Init
 166              	.LVL2:
 167              		.loc 1 108 8 discriminator 1 view .LVU46
 168 0052 60B9     		cbnz	r0, .L13
 169              	.L7:
 109:Core/Src/stm32l4xx_hal_msp.c ****     {
 110:Core/Src/stm32l4xx_hal_msp.c ****       Error_Handler();
 111:Core/Src/stm32l4xx_hal_msp.c ****     }
 112:Core/Src/stm32l4xx_hal_msp.c **** 
 113:Core/Src/stm32l4xx_hal_msp.c ****     __HAL_LINKDMA(hadc,DMA_Handle,hdma_adc1);
 170              		.loc 1 113 5 is_stmt 1 view .LVU47
 171              		.loc 1 113 5 view .LVU48
 172 0054 084B     		ldr	r3, .L14+4
 173 0056 E364     		str	r3, [r4, #76]
 174              		.loc 1 113 5 view .LVU49
ARM GAS  C:\Users\kroko\AppData\Local\Temp\ccNoch7c.s 			page 6


 175 0058 9C62     		str	r4, [r3, #40]
 176              		.loc 1 113 5 view .LVU50
 114:Core/Src/stm32l4xx_hal_msp.c **** 
 115:Core/Src/stm32l4xx_hal_msp.c ****     /* ADC1 interrupt Init */
 116:Core/Src/stm32l4xx_hal_msp.c ****     HAL_NVIC_SetPriority(ADC1_2_IRQn, 0, 0);
 177              		.loc 1 116 5 view .LVU51
 178 005a 0022     		movs	r2, #0
 179 005c 1146     		mov	r1, r2
 180 005e 1220     		movs	r0, #18
 181 0060 FFF7FEFF 		bl	HAL_NVIC_SetPriority
 182              	.LVL3:
 117:Core/Src/stm32l4xx_hal_msp.c ****     HAL_NVIC_EnableIRQ(ADC1_2_IRQn);
 183              		.loc 1 117 5 view .LVU52
 184 0064 1220     		movs	r0, #18
 185 0066 FFF7FEFF 		bl	HAL_NVIC_EnableIRQ
 186              	.LVL4:
 118:Core/Src/stm32l4xx_hal_msp.c ****   /* USER CODE BEGIN ADC1_MspInit 1 */
 119:Core/Src/stm32l4xx_hal_msp.c **** 
 120:Core/Src/stm32l4xx_hal_msp.c ****   /* USER CODE END ADC1_MspInit 1 */
 121:Core/Src/stm32l4xx_hal_msp.c **** 
 122:Core/Src/stm32l4xx_hal_msp.c ****   }
 123:Core/Src/stm32l4xx_hal_msp.c **** 
 124:Core/Src/stm32l4xx_hal_msp.c **** }
 187              		.loc 1 124 1 is_stmt 0 view .LVU53
 188 006a 02B0     		add	sp, sp, #8
 189              		.cfi_remember_state
 190              		.cfi_def_cfa_offset 8
 191              		@ sp needed
 192 006c 10BD     		pop	{r4, pc}
 193              	.LVL5:
 194              	.L13:
 195              		.cfi_restore_state
 110:Core/Src/stm32l4xx_hal_msp.c ****     }
 196              		.loc 1 110 7 is_stmt 1 view .LVU54
 197 006e FFF7FEFF 		bl	Error_Handler
 198              	.LVL6:
 199 0072 EFE7     		b	.L7
 200              	.L15:
 201              		.align	2
 202              	.L14:
 203 0074 00000450 		.word	1342439424
 204 0078 00000000 		.word	hdma_adc1
 205 007c 08000240 		.word	1073872904
 206              		.cfi_endproc
 207              	.LFE320:
 209              		.section	.text.HAL_ADC_MspDeInit,"ax",%progbits
 210              		.align	1
 211              		.global	HAL_ADC_MspDeInit
 212              		.syntax unified
 213              		.thumb
 214              		.thumb_func
 216              	HAL_ADC_MspDeInit:
 217              	.LVL7:
 218              	.LFB321:
 125:Core/Src/stm32l4xx_hal_msp.c **** 
 126:Core/Src/stm32l4xx_hal_msp.c **** /**
 127:Core/Src/stm32l4xx_hal_msp.c **** * @brief ADC MSP De-Initialization
ARM GAS  C:\Users\kroko\AppData\Local\Temp\ccNoch7c.s 			page 7


 128:Core/Src/stm32l4xx_hal_msp.c **** * This function freeze the hardware resources used in this example
 129:Core/Src/stm32l4xx_hal_msp.c **** * @param hadc: ADC handle pointer
 130:Core/Src/stm32l4xx_hal_msp.c **** * @retval None
 131:Core/Src/stm32l4xx_hal_msp.c **** */
 132:Core/Src/stm32l4xx_hal_msp.c **** void HAL_ADC_MspDeInit(ADC_HandleTypeDef* hadc)
 133:Core/Src/stm32l4xx_hal_msp.c **** {
 219              		.loc 1 133 1 view -0
 220              		.cfi_startproc
 221              		@ args = 0, pretend = 0, frame = 0
 222              		@ frame_needed = 0, uses_anonymous_args = 0
 223              		.loc 1 133 1 is_stmt 0 view .LVU56
 224 0000 08B5     		push	{r3, lr}
 225              		.cfi_def_cfa_offset 8
 226              		.cfi_offset 3, -8
 227              		.cfi_offset 14, -4
 134:Core/Src/stm32l4xx_hal_msp.c ****   if(hadc->Instance==ADC1)
 228              		.loc 1 134 3 is_stmt 1 view .LVU57
 229              		.loc 1 134 10 is_stmt 0 view .LVU58
 230 0002 0268     		ldr	r2, [r0]
 231              		.loc 1 134 5 view .LVU59
 232 0004 074B     		ldr	r3, .L20
 233 0006 9A42     		cmp	r2, r3
 234 0008 00D0     		beq	.L19
 235              	.LVL8:
 236              	.L16:
 135:Core/Src/stm32l4xx_hal_msp.c ****   {
 136:Core/Src/stm32l4xx_hal_msp.c ****   /* USER CODE BEGIN ADC1_MspDeInit 0 */
 137:Core/Src/stm32l4xx_hal_msp.c **** 
 138:Core/Src/stm32l4xx_hal_msp.c ****   /* USER CODE END ADC1_MspDeInit 0 */
 139:Core/Src/stm32l4xx_hal_msp.c ****     /* Peripheral clock disable */
 140:Core/Src/stm32l4xx_hal_msp.c ****     __HAL_RCC_ADC_CLK_DISABLE();
 141:Core/Src/stm32l4xx_hal_msp.c **** 
 142:Core/Src/stm32l4xx_hal_msp.c ****     /* ADC1 DMA DeInit */
 143:Core/Src/stm32l4xx_hal_msp.c ****     HAL_DMA_DeInit(hadc->DMA_Handle);
 144:Core/Src/stm32l4xx_hal_msp.c **** 
 145:Core/Src/stm32l4xx_hal_msp.c ****     /* ADC1 interrupt DeInit */
 146:Core/Src/stm32l4xx_hal_msp.c ****     HAL_NVIC_DisableIRQ(ADC1_2_IRQn);
 147:Core/Src/stm32l4xx_hal_msp.c ****   /* USER CODE BEGIN ADC1_MspDeInit 1 */
 148:Core/Src/stm32l4xx_hal_msp.c **** 
 149:Core/Src/stm32l4xx_hal_msp.c ****   /* USER CODE END ADC1_MspDeInit 1 */
 150:Core/Src/stm32l4xx_hal_msp.c ****   }
 151:Core/Src/stm32l4xx_hal_msp.c **** 
 152:Core/Src/stm32l4xx_hal_msp.c **** }
 237              		.loc 1 152 1 view .LVU60
 238 000a 08BD     		pop	{r3, pc}
 239              	.LVL9:
 240              	.L19:
 140:Core/Src/stm32l4xx_hal_msp.c **** 
 241              		.loc 1 140 5 is_stmt 1 view .LVU61
 242 000c 064A     		ldr	r2, .L20+4
 243 000e D36C     		ldr	r3, [r2, #76]
 244 0010 23F40053 		bic	r3, r3, #8192
 245 0014 D364     		str	r3, [r2, #76]
 143:Core/Src/stm32l4xx_hal_msp.c **** 
 246              		.loc 1 143 5 view .LVU62
 247 0016 C06C     		ldr	r0, [r0, #76]
 248              	.LVL10:
ARM GAS  C:\Users\kroko\AppData\Local\Temp\ccNoch7c.s 			page 8


 143:Core/Src/stm32l4xx_hal_msp.c **** 
 249              		.loc 1 143 5 is_stmt 0 view .LVU63
 250 0018 FFF7FEFF 		bl	HAL_DMA_DeInit
 251              	.LVL11:
 146:Core/Src/stm32l4xx_hal_msp.c ****   /* USER CODE BEGIN ADC1_MspDeInit 1 */
 252              		.loc 1 146 5 is_stmt 1 view .LVU64
 253 001c 1220     		movs	r0, #18
 254 001e FFF7FEFF 		bl	HAL_NVIC_DisableIRQ
 255              	.LVL12:
 256              		.loc 1 152 1 is_stmt 0 view .LVU65
 257 0022 F2E7     		b	.L16
 258              	.L21:
 259              		.align	2
 260              	.L20:
 261 0024 00000450 		.word	1342439424
 262 0028 00100240 		.word	1073876992
 263              		.cfi_endproc
 264              	.LFE321:
 266              		.section	.text.HAL_LPTIM_MspInit,"ax",%progbits
 267              		.align	1
 268              		.global	HAL_LPTIM_MspInit
 269              		.syntax unified
 270              		.thumb
 271              		.thumb_func
 273              	HAL_LPTIM_MspInit:
 274              	.LVL13:
 275              	.LFB322:
 153:Core/Src/stm32l4xx_hal_msp.c **** 
 154:Core/Src/stm32l4xx_hal_msp.c **** /**
 155:Core/Src/stm32l4xx_hal_msp.c **** * @brief LPTIM MSP Initialization
 156:Core/Src/stm32l4xx_hal_msp.c **** * This function configures the hardware resources used in this example
 157:Core/Src/stm32l4xx_hal_msp.c **** * @param hlptim: LPTIM handle pointer
 158:Core/Src/stm32l4xx_hal_msp.c **** * @retval None
 159:Core/Src/stm32l4xx_hal_msp.c **** */
 160:Core/Src/stm32l4xx_hal_msp.c **** void HAL_LPTIM_MspInit(LPTIM_HandleTypeDef* hlptim)
 161:Core/Src/stm32l4xx_hal_msp.c **** {
 276              		.loc 1 161 1 is_stmt 1 view -0
 277              		.cfi_startproc
 278              		@ args = 0, pretend = 0, frame = 56
 279              		@ frame_needed = 0, uses_anonymous_args = 0
 280              		.loc 1 161 1 is_stmt 0 view .LVU67
 281 0000 10B5     		push	{r4, lr}
 282              		.cfi_def_cfa_offset 8
 283              		.cfi_offset 4, -8
 284              		.cfi_offset 14, -4
 285 0002 8EB0     		sub	sp, sp, #56
 286              		.cfi_def_cfa_offset 64
 287 0004 0446     		mov	r4, r0
 162:Core/Src/stm32l4xx_hal_msp.c ****   RCC_PeriphCLKInitTypeDef PeriphClkInit = {0};
 288              		.loc 1 162 3 is_stmt 1 view .LVU68
 289              		.loc 1 162 28 is_stmt 0 view .LVU69
 290 0006 3422     		movs	r2, #52
 291 0008 0021     		movs	r1, #0
 292 000a 01A8     		add	r0, sp, #4
 293              	.LVL14:
 294              		.loc 1 162 28 view .LVU70
 295 000c FFF7FEFF 		bl	memset
ARM GAS  C:\Users\kroko\AppData\Local\Temp\ccNoch7c.s 			page 9


 296              	.LVL15:
 163:Core/Src/stm32l4xx_hal_msp.c ****   if(hlptim->Instance==LPTIM1)
 297              		.loc 1 163 3 is_stmt 1 view .LVU71
 298              		.loc 1 163 12 is_stmt 0 view .LVU72
 299 0010 2268     		ldr	r2, [r4]
 300              		.loc 1 163 5 view .LVU73
 301 0012 124B     		ldr	r3, .L28
 302 0014 9A42     		cmp	r2, r3
 303 0016 01D0     		beq	.L26
 304              	.L22:
 164:Core/Src/stm32l4xx_hal_msp.c ****   {
 165:Core/Src/stm32l4xx_hal_msp.c ****   /* USER CODE BEGIN LPTIM1_MspInit 0 */
 166:Core/Src/stm32l4xx_hal_msp.c **** 
 167:Core/Src/stm32l4xx_hal_msp.c ****   /* USER CODE END LPTIM1_MspInit 0 */
 168:Core/Src/stm32l4xx_hal_msp.c **** 
 169:Core/Src/stm32l4xx_hal_msp.c ****   /** Initializes the peripherals clock
 170:Core/Src/stm32l4xx_hal_msp.c ****   */
 171:Core/Src/stm32l4xx_hal_msp.c ****     PeriphClkInit.PeriphClockSelection = RCC_PERIPHCLK_LPTIM1;
 172:Core/Src/stm32l4xx_hal_msp.c ****     PeriphClkInit.Lptim1ClockSelection = RCC_LPTIM1CLKSOURCE_LSE;
 173:Core/Src/stm32l4xx_hal_msp.c ****     if (HAL_RCCEx_PeriphCLKConfig(&PeriphClkInit) != HAL_OK)
 174:Core/Src/stm32l4xx_hal_msp.c ****     {
 175:Core/Src/stm32l4xx_hal_msp.c ****       Error_Handler();
 176:Core/Src/stm32l4xx_hal_msp.c ****     }
 177:Core/Src/stm32l4xx_hal_msp.c **** 
 178:Core/Src/stm32l4xx_hal_msp.c ****     /* Peripheral clock enable */
 179:Core/Src/stm32l4xx_hal_msp.c ****     __HAL_RCC_LPTIM1_CLK_ENABLE();
 180:Core/Src/stm32l4xx_hal_msp.c ****     /* LPTIM1 interrupt Init */
 181:Core/Src/stm32l4xx_hal_msp.c ****     HAL_NVIC_SetPriority(LPTIM1_IRQn, 0, 0);
 182:Core/Src/stm32l4xx_hal_msp.c ****     HAL_NVIC_EnableIRQ(LPTIM1_IRQn);
 183:Core/Src/stm32l4xx_hal_msp.c ****   /* USER CODE BEGIN LPTIM1_MspInit 1 */
 184:Core/Src/stm32l4xx_hal_msp.c **** 
 185:Core/Src/stm32l4xx_hal_msp.c ****   /* USER CODE END LPTIM1_MspInit 1 */
 186:Core/Src/stm32l4xx_hal_msp.c **** 
 187:Core/Src/stm32l4xx_hal_msp.c ****   }
 188:Core/Src/stm32l4xx_hal_msp.c **** 
 189:Core/Src/stm32l4xx_hal_msp.c **** }
 305              		.loc 1 189 1 view .LVU74
 306 0018 0EB0     		add	sp, sp, #56
 307              		.cfi_remember_state
 308              		.cfi_def_cfa_offset 8
 309              		@ sp needed
 310 001a 10BD     		pop	{r4, pc}
 311              	.LVL16:
 312              	.L26:
 313              		.cfi_restore_state
 171:Core/Src/stm32l4xx_hal_msp.c ****     PeriphClkInit.Lptim1ClockSelection = RCC_LPTIM1CLKSOURCE_LSE;
 314              		.loc 1 171 5 is_stmt 1 view .LVU75
 171:Core/Src/stm32l4xx_hal_msp.c ****     PeriphClkInit.Lptim1ClockSelection = RCC_LPTIM1CLKSOURCE_LSE;
 315              		.loc 1 171 40 is_stmt 0 view .LVU76
 316 001c 4FF40073 		mov	r3, #512
 317 0020 0193     		str	r3, [sp, #4]
 172:Core/Src/stm32l4xx_hal_msp.c ****     if (HAL_RCCEx_PeriphCLKConfig(&PeriphClkInit) != HAL_OK)
 318              		.loc 1 172 5 is_stmt 1 view .LVU77
 172:Core/Src/stm32l4xx_hal_msp.c ****     if (HAL_RCCEx_PeriphCLKConfig(&PeriphClkInit) != HAL_OK)
 319              		.loc 1 172 40 is_stmt 0 view .LVU78
 320 0022 4FF44023 		mov	r3, #786432
 321 0026 0993     		str	r3, [sp, #36]
ARM GAS  C:\Users\kroko\AppData\Local\Temp\ccNoch7c.s 			page 10


 173:Core/Src/stm32l4xx_hal_msp.c ****     {
 322              		.loc 1 173 5 is_stmt 1 view .LVU79
 173:Core/Src/stm32l4xx_hal_msp.c ****     {
 323              		.loc 1 173 9 is_stmt 0 view .LVU80
 324 0028 01A8     		add	r0, sp, #4
 325 002a FFF7FEFF 		bl	HAL_RCCEx_PeriphCLKConfig
 326              	.LVL17:
 173:Core/Src/stm32l4xx_hal_msp.c ****     {
 327              		.loc 1 173 8 discriminator 1 view .LVU81
 328 002e 90B9     		cbnz	r0, .L27
 329              	.L24:
 179:Core/Src/stm32l4xx_hal_msp.c ****     /* LPTIM1 interrupt Init */
 330              		.loc 1 179 5 is_stmt 1 view .LVU82
 331              	.LBB5:
 179:Core/Src/stm32l4xx_hal_msp.c ****     /* LPTIM1 interrupt Init */
 332              		.loc 1 179 5 view .LVU83
 179:Core/Src/stm32l4xx_hal_msp.c ****     /* LPTIM1 interrupt Init */
 333              		.loc 1 179 5 view .LVU84
 334 0030 0B4B     		ldr	r3, .L28+4
 335 0032 9A6D     		ldr	r2, [r3, #88]
 336 0034 42F00042 		orr	r2, r2, #-2147483648
 337 0038 9A65     		str	r2, [r3, #88]
 179:Core/Src/stm32l4xx_hal_msp.c ****     /* LPTIM1 interrupt Init */
 338              		.loc 1 179 5 view .LVU85
 339 003a 9B6D     		ldr	r3, [r3, #88]
 340 003c 03F00043 		and	r3, r3, #-2147483648
 341 0040 0093     		str	r3, [sp]
 179:Core/Src/stm32l4xx_hal_msp.c ****     /* LPTIM1 interrupt Init */
 342              		.loc 1 179 5 view .LVU86
 343 0042 009B     		ldr	r3, [sp]
 344              	.LBE5:
 179:Core/Src/stm32l4xx_hal_msp.c ****     /* LPTIM1 interrupt Init */
 345              		.loc 1 179 5 view .LVU87
 181:Core/Src/stm32l4xx_hal_msp.c ****     HAL_NVIC_EnableIRQ(LPTIM1_IRQn);
 346              		.loc 1 181 5 view .LVU88
 347 0044 0022     		movs	r2, #0
 348 0046 1146     		mov	r1, r2
 349 0048 4120     		movs	r0, #65
 350 004a FFF7FEFF 		bl	HAL_NVIC_SetPriority
 351              	.LVL18:
 182:Core/Src/stm32l4xx_hal_msp.c ****   /* USER CODE BEGIN LPTIM1_MspInit 1 */
 352              		.loc 1 182 5 view .LVU89
 353 004e 4120     		movs	r0, #65
 354 0050 FFF7FEFF 		bl	HAL_NVIC_EnableIRQ
 355              	.LVL19:
 356              		.loc 1 189 1 is_stmt 0 view .LVU90
 357 0054 E0E7     		b	.L22
 358              	.L27:
 175:Core/Src/stm32l4xx_hal_msp.c ****     }
 359              		.loc 1 175 7 is_stmt 1 view .LVU91
 360 0056 FFF7FEFF 		bl	Error_Handler
 361              	.LVL20:
 362 005a E9E7     		b	.L24
 363              	.L29:
 364              		.align	2
 365              	.L28:
 366 005c 007C0040 		.word	1073773568
ARM GAS  C:\Users\kroko\AppData\Local\Temp\ccNoch7c.s 			page 11


 367 0060 00100240 		.word	1073876992
 368              		.cfi_endproc
 369              	.LFE322:
 371              		.section	.text.HAL_LPTIM_MspDeInit,"ax",%progbits
 372              		.align	1
 373              		.global	HAL_LPTIM_MspDeInit
 374              		.syntax unified
 375              		.thumb
 376              		.thumb_func
 378              	HAL_LPTIM_MspDeInit:
 379              	.LVL21:
 380              	.LFB323:
 190:Core/Src/stm32l4xx_hal_msp.c **** 
 191:Core/Src/stm32l4xx_hal_msp.c **** /**
 192:Core/Src/stm32l4xx_hal_msp.c **** * @brief LPTIM MSP De-Initialization
 193:Core/Src/stm32l4xx_hal_msp.c **** * This function freeze the hardware resources used in this example
 194:Core/Src/stm32l4xx_hal_msp.c **** * @param hlptim: LPTIM handle pointer
 195:Core/Src/stm32l4xx_hal_msp.c **** * @retval None
 196:Core/Src/stm32l4xx_hal_msp.c **** */
 197:Core/Src/stm32l4xx_hal_msp.c **** void HAL_LPTIM_MspDeInit(LPTIM_HandleTypeDef* hlptim)
 198:Core/Src/stm32l4xx_hal_msp.c **** {
 381              		.loc 1 198 1 view -0
 382              		.cfi_startproc
 383              		@ args = 0, pretend = 0, frame = 0
 384              		@ frame_needed = 0, uses_anonymous_args = 0
 385              		.loc 1 198 1 is_stmt 0 view .LVU93
 386 0000 08B5     		push	{r3, lr}
 387              		.cfi_def_cfa_offset 8
 388              		.cfi_offset 3, -8
 389              		.cfi_offset 14, -4
 199:Core/Src/stm32l4xx_hal_msp.c ****   if(hlptim->Instance==LPTIM1)
 390              		.loc 1 199 3 is_stmt 1 view .LVU94
 391              		.loc 1 199 12 is_stmt 0 view .LVU95
 392 0002 0268     		ldr	r2, [r0]
 393              		.loc 1 199 5 view .LVU96
 394 0004 064B     		ldr	r3, .L34
 395 0006 9A42     		cmp	r2, r3
 396 0008 00D0     		beq	.L33
 397              	.LVL22:
 398              	.L30:
 200:Core/Src/stm32l4xx_hal_msp.c ****   {
 201:Core/Src/stm32l4xx_hal_msp.c ****   /* USER CODE BEGIN LPTIM1_MspDeInit 0 */
 202:Core/Src/stm32l4xx_hal_msp.c **** 
 203:Core/Src/stm32l4xx_hal_msp.c ****   /* USER CODE END LPTIM1_MspDeInit 0 */
 204:Core/Src/stm32l4xx_hal_msp.c ****     /* Peripheral clock disable */
 205:Core/Src/stm32l4xx_hal_msp.c ****     __HAL_RCC_LPTIM1_CLK_DISABLE();
 206:Core/Src/stm32l4xx_hal_msp.c **** 
 207:Core/Src/stm32l4xx_hal_msp.c ****     /* LPTIM1 interrupt DeInit */
 208:Core/Src/stm32l4xx_hal_msp.c ****     HAL_NVIC_DisableIRQ(LPTIM1_IRQn);
 209:Core/Src/stm32l4xx_hal_msp.c ****   /* USER CODE BEGIN LPTIM1_MspDeInit 1 */
 210:Core/Src/stm32l4xx_hal_msp.c **** 
 211:Core/Src/stm32l4xx_hal_msp.c ****   /* USER CODE END LPTIM1_MspDeInit 1 */
 212:Core/Src/stm32l4xx_hal_msp.c ****   }
 213:Core/Src/stm32l4xx_hal_msp.c **** 
 214:Core/Src/stm32l4xx_hal_msp.c **** }
 399              		.loc 1 214 1 view .LVU97
 400 000a 08BD     		pop	{r3, pc}
ARM GAS  C:\Users\kroko\AppData\Local\Temp\ccNoch7c.s 			page 12


 401              	.LVL23:
 402              	.L33:
 205:Core/Src/stm32l4xx_hal_msp.c **** 
 403              		.loc 1 205 5 is_stmt 1 view .LVU98
 404 000c 054A     		ldr	r2, .L34+4
 405 000e 936D     		ldr	r3, [r2, #88]
 406 0010 23F00043 		bic	r3, r3, #-2147483648
 407 0014 9365     		str	r3, [r2, #88]
 208:Core/Src/stm32l4xx_hal_msp.c ****   /* USER CODE BEGIN LPTIM1_MspDeInit 1 */
 408              		.loc 1 208 5 view .LVU99
 409 0016 4120     		movs	r0, #65
 410              	.LVL24:
 208:Core/Src/stm32l4xx_hal_msp.c ****   /* USER CODE BEGIN LPTIM1_MspDeInit 1 */
 411              		.loc 1 208 5 is_stmt 0 view .LVU100
 412 0018 FFF7FEFF 		bl	HAL_NVIC_DisableIRQ
 413              	.LVL25:
 414              		.loc 1 214 1 view .LVU101
 415 001c F5E7     		b	.L30
 416              	.L35:
 417 001e 00BF     		.align	2
 418              	.L34:
 419 0020 007C0040 		.word	1073773568
 420 0024 00100240 		.word	1073876992
 421              		.cfi_endproc
 422              	.LFE323:
 424              		.section	.text.HAL_RTC_MspInit,"ax",%progbits
 425              		.align	1
 426              		.global	HAL_RTC_MspInit
 427              		.syntax unified
 428              		.thumb
 429              		.thumb_func
 431              	HAL_RTC_MspInit:
 432              	.LVL26:
 433              	.LFB324:
 215:Core/Src/stm32l4xx_hal_msp.c **** 
 216:Core/Src/stm32l4xx_hal_msp.c **** /**
 217:Core/Src/stm32l4xx_hal_msp.c **** * @brief RTC MSP Initialization
 218:Core/Src/stm32l4xx_hal_msp.c **** * This function configures the hardware resources used in this example
 219:Core/Src/stm32l4xx_hal_msp.c **** * @param hrtc: RTC handle pointer
 220:Core/Src/stm32l4xx_hal_msp.c **** * @retval None
 221:Core/Src/stm32l4xx_hal_msp.c **** */
 222:Core/Src/stm32l4xx_hal_msp.c **** void HAL_RTC_MspInit(RTC_HandleTypeDef* hrtc)
 223:Core/Src/stm32l4xx_hal_msp.c **** {
 434              		.loc 1 223 1 is_stmt 1 view -0
 435              		.cfi_startproc
 436              		@ args = 0, pretend = 0, frame = 56
 437              		@ frame_needed = 0, uses_anonymous_args = 0
 438              		.loc 1 223 1 is_stmt 0 view .LVU103
 439 0000 10B5     		push	{r4, lr}
 440              		.cfi_def_cfa_offset 8
 441              		.cfi_offset 4, -8
 442              		.cfi_offset 14, -4
 443 0002 8EB0     		sub	sp, sp, #56
 444              		.cfi_def_cfa_offset 64
 445 0004 0446     		mov	r4, r0
 224:Core/Src/stm32l4xx_hal_msp.c ****   RCC_PeriphCLKInitTypeDef PeriphClkInit = {0};
 446              		.loc 1 224 3 is_stmt 1 view .LVU104
ARM GAS  C:\Users\kroko\AppData\Local\Temp\ccNoch7c.s 			page 13


 447              		.loc 1 224 28 is_stmt 0 view .LVU105
 448 0006 3422     		movs	r2, #52
 449 0008 0021     		movs	r1, #0
 450 000a 01A8     		add	r0, sp, #4
 451              	.LVL27:
 452              		.loc 1 224 28 view .LVU106
 453 000c FFF7FEFF 		bl	memset
 454              	.LVL28:
 225:Core/Src/stm32l4xx_hal_msp.c ****   if(hrtc->Instance==RTC)
 455              		.loc 1 225 3 is_stmt 1 view .LVU107
 456              		.loc 1 225 10 is_stmt 0 view .LVU108
 457 0010 2268     		ldr	r2, [r4]
 458              		.loc 1 225 5 view .LVU109
 459 0012 0D4B     		ldr	r3, .L42
 460 0014 9A42     		cmp	r2, r3
 461 0016 01D0     		beq	.L40
 462              	.L36:
 226:Core/Src/stm32l4xx_hal_msp.c ****   {
 227:Core/Src/stm32l4xx_hal_msp.c ****   /* USER CODE BEGIN RTC_MspInit 0 */
 228:Core/Src/stm32l4xx_hal_msp.c **** 
 229:Core/Src/stm32l4xx_hal_msp.c ****   /* USER CODE END RTC_MspInit 0 */
 230:Core/Src/stm32l4xx_hal_msp.c **** 
 231:Core/Src/stm32l4xx_hal_msp.c ****   /** Initializes the peripherals clock
 232:Core/Src/stm32l4xx_hal_msp.c ****   */
 233:Core/Src/stm32l4xx_hal_msp.c ****     PeriphClkInit.PeriphClockSelection = RCC_PERIPHCLK_RTC;
 234:Core/Src/stm32l4xx_hal_msp.c ****     PeriphClkInit.RTCClockSelection = RCC_RTCCLKSOURCE_LSE;
 235:Core/Src/stm32l4xx_hal_msp.c ****     if (HAL_RCCEx_PeriphCLKConfig(&PeriphClkInit) != HAL_OK)
 236:Core/Src/stm32l4xx_hal_msp.c ****     {
 237:Core/Src/stm32l4xx_hal_msp.c ****       Error_Handler();
 238:Core/Src/stm32l4xx_hal_msp.c ****     }
 239:Core/Src/stm32l4xx_hal_msp.c **** 
 240:Core/Src/stm32l4xx_hal_msp.c ****     /* Peripheral clock enable */
 241:Core/Src/stm32l4xx_hal_msp.c ****     __HAL_RCC_RTC_ENABLE();
 242:Core/Src/stm32l4xx_hal_msp.c ****   /* USER CODE BEGIN RTC_MspInit 1 */
 243:Core/Src/stm32l4xx_hal_msp.c **** 
 244:Core/Src/stm32l4xx_hal_msp.c ****   /* USER CODE END RTC_MspInit 1 */
 245:Core/Src/stm32l4xx_hal_msp.c **** 
 246:Core/Src/stm32l4xx_hal_msp.c ****   }
 247:Core/Src/stm32l4xx_hal_msp.c **** 
 248:Core/Src/stm32l4xx_hal_msp.c **** }
 463              		.loc 1 248 1 view .LVU110
 464 0018 0EB0     		add	sp, sp, #56
 465              		.cfi_remember_state
 466              		.cfi_def_cfa_offset 8
 467              		@ sp needed
 468 001a 10BD     		pop	{r4, pc}
 469              	.LVL29:
 470              	.L40:
 471              		.cfi_restore_state
 233:Core/Src/stm32l4xx_hal_msp.c ****     PeriphClkInit.RTCClockSelection = RCC_RTCCLKSOURCE_LSE;
 472              		.loc 1 233 5 is_stmt 1 view .LVU111
 233:Core/Src/stm32l4xx_hal_msp.c ****     PeriphClkInit.RTCClockSelection = RCC_RTCCLKSOURCE_LSE;
 473              		.loc 1 233 40 is_stmt 0 view .LVU112
 474 001c 4FF40033 		mov	r3, #131072
 475 0020 0193     		str	r3, [sp, #4]
 234:Core/Src/stm32l4xx_hal_msp.c ****     if (HAL_RCCEx_PeriphCLKConfig(&PeriphClkInit) != HAL_OK)
 476              		.loc 1 234 5 is_stmt 1 view .LVU113
ARM GAS  C:\Users\kroko\AppData\Local\Temp\ccNoch7c.s 			page 14


 234:Core/Src/stm32l4xx_hal_msp.c ****     if (HAL_RCCEx_PeriphCLKConfig(&PeriphClkInit) != HAL_OK)
 477              		.loc 1 234 37 is_stmt 0 view .LVU114
 478 0022 4FF48073 		mov	r3, #256
 479 0026 0D93     		str	r3, [sp, #52]
 235:Core/Src/stm32l4xx_hal_msp.c ****     {
 480              		.loc 1 235 5 is_stmt 1 view .LVU115
 235:Core/Src/stm32l4xx_hal_msp.c ****     {
 481              		.loc 1 235 9 is_stmt 0 view .LVU116
 482 0028 01A8     		add	r0, sp, #4
 483 002a FFF7FEFF 		bl	HAL_RCCEx_PeriphCLKConfig
 484              	.LVL30:
 235:Core/Src/stm32l4xx_hal_msp.c ****     {
 485              		.loc 1 235 8 discriminator 1 view .LVU117
 486 002e 38B9     		cbnz	r0, .L41
 487              	.L38:
 241:Core/Src/stm32l4xx_hal_msp.c ****   /* USER CODE BEGIN RTC_MspInit 1 */
 488              		.loc 1 241 5 is_stmt 1 view .LVU118
 489 0030 064A     		ldr	r2, .L42+4
 490 0032 D2F89030 		ldr	r3, [r2, #144]
 491 0036 43F40043 		orr	r3, r3, #32768
 492 003a C2F89030 		str	r3, [r2, #144]
 493              		.loc 1 248 1 is_stmt 0 view .LVU119
 494 003e EBE7     		b	.L36
 495              	.L41:
 237:Core/Src/stm32l4xx_hal_msp.c ****     }
 496              		.loc 1 237 7 is_stmt 1 view .LVU120
 497 0040 FFF7FEFF 		bl	Error_Handler
 498              	.LVL31:
 499 0044 F4E7     		b	.L38
 500              	.L43:
 501 0046 00BF     		.align	2
 502              	.L42:
 503 0048 00280040 		.word	1073752064
 504 004c 00100240 		.word	1073876992
 505              		.cfi_endproc
 506              	.LFE324:
 508              		.section	.text.HAL_RTC_MspDeInit,"ax",%progbits
 509              		.align	1
 510              		.global	HAL_RTC_MspDeInit
 511              		.syntax unified
 512              		.thumb
 513              		.thumb_func
 515              	HAL_RTC_MspDeInit:
 516              	.LVL32:
 517              	.LFB325:
 249:Core/Src/stm32l4xx_hal_msp.c **** 
 250:Core/Src/stm32l4xx_hal_msp.c **** /**
 251:Core/Src/stm32l4xx_hal_msp.c **** * @brief RTC MSP De-Initialization
 252:Core/Src/stm32l4xx_hal_msp.c **** * This function freeze the hardware resources used in this example
 253:Core/Src/stm32l4xx_hal_msp.c **** * @param hrtc: RTC handle pointer
 254:Core/Src/stm32l4xx_hal_msp.c **** * @retval None
 255:Core/Src/stm32l4xx_hal_msp.c **** */
 256:Core/Src/stm32l4xx_hal_msp.c **** void HAL_RTC_MspDeInit(RTC_HandleTypeDef* hrtc)
 257:Core/Src/stm32l4xx_hal_msp.c **** {
 518              		.loc 1 257 1 view -0
 519              		.cfi_startproc
 520              		@ args = 0, pretend = 0, frame = 0
ARM GAS  C:\Users\kroko\AppData\Local\Temp\ccNoch7c.s 			page 15


 521              		@ frame_needed = 0, uses_anonymous_args = 0
 522              		@ link register save eliminated.
 258:Core/Src/stm32l4xx_hal_msp.c ****   if(hrtc->Instance==RTC)
 523              		.loc 1 258 3 view .LVU122
 524              		.loc 1 258 10 is_stmt 0 view .LVU123
 525 0000 0268     		ldr	r2, [r0]
 526              		.loc 1 258 5 view .LVU124
 527 0002 064B     		ldr	r3, .L47
 528 0004 9A42     		cmp	r2, r3
 529 0006 00D0     		beq	.L46
 530              	.L44:
 259:Core/Src/stm32l4xx_hal_msp.c ****   {
 260:Core/Src/stm32l4xx_hal_msp.c ****   /* USER CODE BEGIN RTC_MspDeInit 0 */
 261:Core/Src/stm32l4xx_hal_msp.c **** 
 262:Core/Src/stm32l4xx_hal_msp.c ****   /* USER CODE END RTC_MspDeInit 0 */
 263:Core/Src/stm32l4xx_hal_msp.c ****     /* Peripheral clock disable */
 264:Core/Src/stm32l4xx_hal_msp.c ****     __HAL_RCC_RTC_DISABLE();
 265:Core/Src/stm32l4xx_hal_msp.c ****   /* USER CODE BEGIN RTC_MspDeInit 1 */
 266:Core/Src/stm32l4xx_hal_msp.c **** 
 267:Core/Src/stm32l4xx_hal_msp.c ****   /* USER CODE END RTC_MspDeInit 1 */
 268:Core/Src/stm32l4xx_hal_msp.c ****   }
 269:Core/Src/stm32l4xx_hal_msp.c **** 
 270:Core/Src/stm32l4xx_hal_msp.c **** }
 531              		.loc 1 270 1 view .LVU125
 532 0008 7047     		bx	lr
 533              	.L46:
 264:Core/Src/stm32l4xx_hal_msp.c ****   /* USER CODE BEGIN RTC_MspDeInit 1 */
 534              		.loc 1 264 5 is_stmt 1 view .LVU126
 535 000a 054A     		ldr	r2, .L47+4
 536 000c D2F89030 		ldr	r3, [r2, #144]
 537 0010 23F40043 		bic	r3, r3, #32768
 538 0014 C2F89030 		str	r3, [r2, #144]
 539              		.loc 1 270 1 is_stmt 0 view .LVU127
 540 0018 F6E7     		b	.L44
 541              	.L48:
 542 001a 00BF     		.align	2
 543              	.L47:
 544 001c 00280040 		.word	1073752064
 545 0020 00100240 		.word	1073876992
 546              		.cfi_endproc
 547              	.LFE325:
 549              		.section	.text.HAL_SPI_MspInit,"ax",%progbits
 550              		.align	1
 551              		.global	HAL_SPI_MspInit
 552              		.syntax unified
 553              		.thumb
 554              		.thumb_func
 556              	HAL_SPI_MspInit:
 557              	.LVL33:
 558              	.LFB326:
 271:Core/Src/stm32l4xx_hal_msp.c **** 
 272:Core/Src/stm32l4xx_hal_msp.c **** /**
 273:Core/Src/stm32l4xx_hal_msp.c **** * @brief SPI MSP Initialization
 274:Core/Src/stm32l4xx_hal_msp.c **** * This function configures the hardware resources used in this example
 275:Core/Src/stm32l4xx_hal_msp.c **** * @param hspi: SPI handle pointer
 276:Core/Src/stm32l4xx_hal_msp.c **** * @retval None
 277:Core/Src/stm32l4xx_hal_msp.c **** */
ARM GAS  C:\Users\kroko\AppData\Local\Temp\ccNoch7c.s 			page 16


 278:Core/Src/stm32l4xx_hal_msp.c **** void HAL_SPI_MspInit(SPI_HandleTypeDef* hspi)
 279:Core/Src/stm32l4xx_hal_msp.c **** {
 559              		.loc 1 279 1 is_stmt 1 view -0
 560              		.cfi_startproc
 561              		@ args = 0, pretend = 0, frame = 32
 562              		@ frame_needed = 0, uses_anonymous_args = 0
 563              		.loc 1 279 1 is_stmt 0 view .LVU129
 564 0000 00B5     		push	{lr}
 565              		.cfi_def_cfa_offset 4
 566              		.cfi_offset 14, -4
 567 0002 89B0     		sub	sp, sp, #36
 568              		.cfi_def_cfa_offset 40
 280:Core/Src/stm32l4xx_hal_msp.c ****   GPIO_InitTypeDef GPIO_InitStruct = {0};
 569              		.loc 1 280 3 is_stmt 1 view .LVU130
 570              		.loc 1 280 20 is_stmt 0 view .LVU131
 571 0004 0023     		movs	r3, #0
 572 0006 0393     		str	r3, [sp, #12]
 573 0008 0493     		str	r3, [sp, #16]
 574 000a 0593     		str	r3, [sp, #20]
 575 000c 0693     		str	r3, [sp, #24]
 576 000e 0793     		str	r3, [sp, #28]
 281:Core/Src/stm32l4xx_hal_msp.c ****   if(hspi->Instance==SPI1)
 577              		.loc 1 281 3 is_stmt 1 view .LVU132
 578              		.loc 1 281 10 is_stmt 0 view .LVU133
 579 0010 0268     		ldr	r2, [r0]
 580              		.loc 1 281 5 view .LVU134
 581 0012 134B     		ldr	r3, .L53
 582 0014 9A42     		cmp	r2, r3
 583 0016 02D0     		beq	.L52
 584              	.LVL34:
 585              	.L49:
 282:Core/Src/stm32l4xx_hal_msp.c ****   {
 283:Core/Src/stm32l4xx_hal_msp.c ****   /* USER CODE BEGIN SPI1_MspInit 0 */
 284:Core/Src/stm32l4xx_hal_msp.c **** 
 285:Core/Src/stm32l4xx_hal_msp.c ****   /* USER CODE END SPI1_MspInit 0 */
 286:Core/Src/stm32l4xx_hal_msp.c ****     /* Peripheral clock enable */
 287:Core/Src/stm32l4xx_hal_msp.c ****     __HAL_RCC_SPI1_CLK_ENABLE();
 288:Core/Src/stm32l4xx_hal_msp.c **** 
 289:Core/Src/stm32l4xx_hal_msp.c ****     __HAL_RCC_GPIOA_CLK_ENABLE();
 290:Core/Src/stm32l4xx_hal_msp.c ****     /**SPI1 GPIO Configuration
 291:Core/Src/stm32l4xx_hal_msp.c ****     PA1     ------> SPI1_SCK
 292:Core/Src/stm32l4xx_hal_msp.c ****     PA7     ------> SPI1_MOSI
 293:Core/Src/stm32l4xx_hal_msp.c ****     */
 294:Core/Src/stm32l4xx_hal_msp.c ****     GPIO_InitStruct.Pin = GPIO_PIN_1|GPIO_PIN_7;
 295:Core/Src/stm32l4xx_hal_msp.c ****     GPIO_InitStruct.Mode = GPIO_MODE_AF_PP;
 296:Core/Src/stm32l4xx_hal_msp.c ****     GPIO_InitStruct.Pull = GPIO_NOPULL;
 297:Core/Src/stm32l4xx_hal_msp.c ****     GPIO_InitStruct.Speed = GPIO_SPEED_FREQ_HIGH;
 298:Core/Src/stm32l4xx_hal_msp.c ****     GPIO_InitStruct.Alternate = GPIO_AF5_SPI1;
 299:Core/Src/stm32l4xx_hal_msp.c ****     HAL_GPIO_Init(GPIOA, &GPIO_InitStruct);
 300:Core/Src/stm32l4xx_hal_msp.c **** 
 301:Core/Src/stm32l4xx_hal_msp.c ****   /* USER CODE BEGIN SPI1_MspInit 1 */
 302:Core/Src/stm32l4xx_hal_msp.c **** 
 303:Core/Src/stm32l4xx_hal_msp.c ****   /* USER CODE END SPI1_MspInit 1 */
 304:Core/Src/stm32l4xx_hal_msp.c **** 
 305:Core/Src/stm32l4xx_hal_msp.c ****   }
 306:Core/Src/stm32l4xx_hal_msp.c **** 
 307:Core/Src/stm32l4xx_hal_msp.c **** }
ARM GAS  C:\Users\kroko\AppData\Local\Temp\ccNoch7c.s 			page 17


 586              		.loc 1 307 1 view .LVU135
 587 0018 09B0     		add	sp, sp, #36
 588              		.cfi_remember_state
 589              		.cfi_def_cfa_offset 4
 590              		@ sp needed
 591 001a 5DF804FB 		ldr	pc, [sp], #4
 592              	.LVL35:
 593              	.L52:
 594              		.cfi_restore_state
 287:Core/Src/stm32l4xx_hal_msp.c **** 
 595              		.loc 1 287 5 is_stmt 1 view .LVU136
 596              	.LBB6:
 287:Core/Src/stm32l4xx_hal_msp.c **** 
 597              		.loc 1 287 5 view .LVU137
 287:Core/Src/stm32l4xx_hal_msp.c **** 
 598              		.loc 1 287 5 view .LVU138
 599 001e 03F56043 		add	r3, r3, #57344
 600 0022 1A6E     		ldr	r2, [r3, #96]
 601 0024 42F48052 		orr	r2, r2, #4096
 602 0028 1A66     		str	r2, [r3, #96]
 287:Core/Src/stm32l4xx_hal_msp.c **** 
 603              		.loc 1 287 5 view .LVU139
 604 002a 1A6E     		ldr	r2, [r3, #96]
 605 002c 02F48052 		and	r2, r2, #4096
 606 0030 0192     		str	r2, [sp, #4]
 287:Core/Src/stm32l4xx_hal_msp.c **** 
 607              		.loc 1 287 5 view .LVU140
 608 0032 019A     		ldr	r2, [sp, #4]
 609              	.LBE6:
 287:Core/Src/stm32l4xx_hal_msp.c **** 
 610              		.loc 1 287 5 view .LVU141
 289:Core/Src/stm32l4xx_hal_msp.c ****     /**SPI1 GPIO Configuration
 611              		.loc 1 289 5 view .LVU142
 612              	.LBB7:
 289:Core/Src/stm32l4xx_hal_msp.c ****     /**SPI1 GPIO Configuration
 613              		.loc 1 289 5 view .LVU143
 289:Core/Src/stm32l4xx_hal_msp.c ****     /**SPI1 GPIO Configuration
 614              		.loc 1 289 5 view .LVU144
 615 0034 DA6C     		ldr	r2, [r3, #76]
 616 0036 42F00102 		orr	r2, r2, #1
 617 003a DA64     		str	r2, [r3, #76]
 289:Core/Src/stm32l4xx_hal_msp.c ****     /**SPI1 GPIO Configuration
 618              		.loc 1 289 5 view .LVU145
 619 003c DB6C     		ldr	r3, [r3, #76]
 620 003e 03F00103 		and	r3, r3, #1
 621 0042 0293     		str	r3, [sp, #8]
 289:Core/Src/stm32l4xx_hal_msp.c ****     /**SPI1 GPIO Configuration
 622              		.loc 1 289 5 view .LVU146
 623 0044 029B     		ldr	r3, [sp, #8]
 624              	.LBE7:
 289:Core/Src/stm32l4xx_hal_msp.c ****     /**SPI1 GPIO Configuration
 625              		.loc 1 289 5 view .LVU147
 294:Core/Src/stm32l4xx_hal_msp.c ****     GPIO_InitStruct.Mode = GPIO_MODE_AF_PP;
 626              		.loc 1 294 5 view .LVU148
 294:Core/Src/stm32l4xx_hal_msp.c ****     GPIO_InitStruct.Mode = GPIO_MODE_AF_PP;
 627              		.loc 1 294 25 is_stmt 0 view .LVU149
 628 0046 8223     		movs	r3, #130
ARM GAS  C:\Users\kroko\AppData\Local\Temp\ccNoch7c.s 			page 18


 629 0048 0393     		str	r3, [sp, #12]
 295:Core/Src/stm32l4xx_hal_msp.c ****     GPIO_InitStruct.Pull = GPIO_NOPULL;
 630              		.loc 1 295 5 is_stmt 1 view .LVU150
 295:Core/Src/stm32l4xx_hal_msp.c ****     GPIO_InitStruct.Pull = GPIO_NOPULL;
 631              		.loc 1 295 26 is_stmt 0 view .LVU151
 632 004a 0223     		movs	r3, #2
 633 004c 0493     		str	r3, [sp, #16]
 296:Core/Src/stm32l4xx_hal_msp.c ****     GPIO_InitStruct.Speed = GPIO_SPEED_FREQ_HIGH;
 634              		.loc 1 296 5 is_stmt 1 view .LVU152
 297:Core/Src/stm32l4xx_hal_msp.c ****     GPIO_InitStruct.Alternate = GPIO_AF5_SPI1;
 635              		.loc 1 297 5 view .LVU153
 297:Core/Src/stm32l4xx_hal_msp.c ****     GPIO_InitStruct.Alternate = GPIO_AF5_SPI1;
 636              		.loc 1 297 27 is_stmt 0 view .LVU154
 637 004e 0693     		str	r3, [sp, #24]
 298:Core/Src/stm32l4xx_hal_msp.c ****     HAL_GPIO_Init(GPIOA, &GPIO_InitStruct);
 638              		.loc 1 298 5 is_stmt 1 view .LVU155
 298:Core/Src/stm32l4xx_hal_msp.c ****     HAL_GPIO_Init(GPIOA, &GPIO_InitStruct);
 639              		.loc 1 298 31 is_stmt 0 view .LVU156
 640 0050 0523     		movs	r3, #5
 641 0052 0793     		str	r3, [sp, #28]
 299:Core/Src/stm32l4xx_hal_msp.c **** 
 642              		.loc 1 299 5 is_stmt 1 view .LVU157
 643 0054 03A9     		add	r1, sp, #12
 644 0056 4FF09040 		mov	r0, #1207959552
 645              	.LVL36:
 299:Core/Src/stm32l4xx_hal_msp.c **** 
 646              		.loc 1 299 5 is_stmt 0 view .LVU158
 647 005a FFF7FEFF 		bl	HAL_GPIO_Init
 648              	.LVL37:
 649              		.loc 1 307 1 view .LVU159
 650 005e DBE7     		b	.L49
 651              	.L54:
 652              		.align	2
 653              	.L53:
 654 0060 00300140 		.word	1073819648
 655              		.cfi_endproc
 656              	.LFE326:
 658              		.section	.text.HAL_SPI_MspDeInit,"ax",%progbits
 659              		.align	1
 660              		.global	HAL_SPI_MspDeInit
 661              		.syntax unified
 662              		.thumb
 663              		.thumb_func
 665              	HAL_SPI_MspDeInit:
 666              	.LVL38:
 667              	.LFB327:
 308:Core/Src/stm32l4xx_hal_msp.c **** 
 309:Core/Src/stm32l4xx_hal_msp.c **** /**
 310:Core/Src/stm32l4xx_hal_msp.c **** * @brief SPI MSP De-Initialization
 311:Core/Src/stm32l4xx_hal_msp.c **** * This function freeze the hardware resources used in this example
 312:Core/Src/stm32l4xx_hal_msp.c **** * @param hspi: SPI handle pointer
 313:Core/Src/stm32l4xx_hal_msp.c **** * @retval None
 314:Core/Src/stm32l4xx_hal_msp.c **** */
 315:Core/Src/stm32l4xx_hal_msp.c **** void HAL_SPI_MspDeInit(SPI_HandleTypeDef* hspi)
 316:Core/Src/stm32l4xx_hal_msp.c **** {
 668              		.loc 1 316 1 is_stmt 1 view -0
 669              		.cfi_startproc
ARM GAS  C:\Users\kroko\AppData\Local\Temp\ccNoch7c.s 			page 19


 670              		@ args = 0, pretend = 0, frame = 0
 671              		@ frame_needed = 0, uses_anonymous_args = 0
 672              		.loc 1 316 1 is_stmt 0 view .LVU161
 673 0000 08B5     		push	{r3, lr}
 674              		.cfi_def_cfa_offset 8
 675              		.cfi_offset 3, -8
 676              		.cfi_offset 14, -4
 317:Core/Src/stm32l4xx_hal_msp.c ****   if(hspi->Instance==SPI1)
 677              		.loc 1 317 3 is_stmt 1 view .LVU162
 678              		.loc 1 317 10 is_stmt 0 view .LVU163
 679 0002 0268     		ldr	r2, [r0]
 680              		.loc 1 317 5 view .LVU164
 681 0004 074B     		ldr	r3, .L59
 682 0006 9A42     		cmp	r2, r3
 683 0008 00D0     		beq	.L58
 684              	.LVL39:
 685              	.L55:
 318:Core/Src/stm32l4xx_hal_msp.c ****   {
 319:Core/Src/stm32l4xx_hal_msp.c ****   /* USER CODE BEGIN SPI1_MspDeInit 0 */
 320:Core/Src/stm32l4xx_hal_msp.c **** 
 321:Core/Src/stm32l4xx_hal_msp.c ****   /* USER CODE END SPI1_MspDeInit 0 */
 322:Core/Src/stm32l4xx_hal_msp.c ****     /* Peripheral clock disable */
 323:Core/Src/stm32l4xx_hal_msp.c ****     __HAL_RCC_SPI1_CLK_DISABLE();
 324:Core/Src/stm32l4xx_hal_msp.c **** 
 325:Core/Src/stm32l4xx_hal_msp.c ****     /**SPI1 GPIO Configuration
 326:Core/Src/stm32l4xx_hal_msp.c ****     PA1     ------> SPI1_SCK
 327:Core/Src/stm32l4xx_hal_msp.c ****     PA7     ------> SPI1_MOSI
 328:Core/Src/stm32l4xx_hal_msp.c ****     */
 329:Core/Src/stm32l4xx_hal_msp.c ****     HAL_GPIO_DeInit(GPIOA, GPIO_PIN_1|GPIO_PIN_7);
 330:Core/Src/stm32l4xx_hal_msp.c **** 
 331:Core/Src/stm32l4xx_hal_msp.c ****   /* USER CODE BEGIN SPI1_MspDeInit 1 */
 332:Core/Src/stm32l4xx_hal_msp.c **** 
 333:Core/Src/stm32l4xx_hal_msp.c ****   /* USER CODE END SPI1_MspDeInit 1 */
 334:Core/Src/stm32l4xx_hal_msp.c ****   }
 335:Core/Src/stm32l4xx_hal_msp.c **** 
 336:Core/Src/stm32l4xx_hal_msp.c **** }
 686              		.loc 1 336 1 view .LVU165
 687 000a 08BD     		pop	{r3, pc}
 688              	.LVL40:
 689              	.L58:
 323:Core/Src/stm32l4xx_hal_msp.c **** 
 690              		.loc 1 323 5 is_stmt 1 view .LVU166
 691 000c 064A     		ldr	r2, .L59+4
 692 000e 136E     		ldr	r3, [r2, #96]
 693 0010 23F48053 		bic	r3, r3, #4096
 694 0014 1366     		str	r3, [r2, #96]
 329:Core/Src/stm32l4xx_hal_msp.c **** 
 695              		.loc 1 329 5 view .LVU167
 696 0016 8221     		movs	r1, #130
 697 0018 4FF09040 		mov	r0, #1207959552
 698              	.LVL41:
 329:Core/Src/stm32l4xx_hal_msp.c **** 
 699              		.loc 1 329 5 is_stmt 0 view .LVU168
 700 001c FFF7FEFF 		bl	HAL_GPIO_DeInit
 701              	.LVL42:
 702              		.loc 1 336 1 view .LVU169
 703 0020 F3E7     		b	.L55
ARM GAS  C:\Users\kroko\AppData\Local\Temp\ccNoch7c.s 			page 20


 704              	.L60:
 705 0022 00BF     		.align	2
 706              	.L59:
 707 0024 00300140 		.word	1073819648
 708 0028 00100240 		.word	1073876992
 709              		.cfi_endproc
 710              	.LFE327:
 712              		.section	.text.HAL_UART_MspInit,"ax",%progbits
 713              		.align	1
 714              		.global	HAL_UART_MspInit
 715              		.syntax unified
 716              		.thumb
 717              		.thumb_func
 719              	HAL_UART_MspInit:
 720              	.LVL43:
 721              	.LFB328:
 337:Core/Src/stm32l4xx_hal_msp.c **** 
 338:Core/Src/stm32l4xx_hal_msp.c **** /**
 339:Core/Src/stm32l4xx_hal_msp.c **** * @brief UART MSP Initialization
 340:Core/Src/stm32l4xx_hal_msp.c **** * This function configures the hardware resources used in this example
 341:Core/Src/stm32l4xx_hal_msp.c **** * @param huart: UART handle pointer
 342:Core/Src/stm32l4xx_hal_msp.c **** * @retval None
 343:Core/Src/stm32l4xx_hal_msp.c **** */
 344:Core/Src/stm32l4xx_hal_msp.c **** void HAL_UART_MspInit(UART_HandleTypeDef* huart)
 345:Core/Src/stm32l4xx_hal_msp.c **** {
 722              		.loc 1 345 1 is_stmt 1 view -0
 723              		.cfi_startproc
 724              		@ args = 0, pretend = 0, frame = 80
 725              		@ frame_needed = 0, uses_anonymous_args = 0
 726              		.loc 1 345 1 is_stmt 0 view .LVU171
 727 0000 10B5     		push	{r4, lr}
 728              		.cfi_def_cfa_offset 8
 729              		.cfi_offset 4, -8
 730              		.cfi_offset 14, -4
 731 0002 94B0     		sub	sp, sp, #80
 732              		.cfi_def_cfa_offset 88
 733 0004 0446     		mov	r4, r0
 346:Core/Src/stm32l4xx_hal_msp.c ****   GPIO_InitTypeDef GPIO_InitStruct = {0};
 734              		.loc 1 346 3 is_stmt 1 view .LVU172
 735              		.loc 1 346 20 is_stmt 0 view .LVU173
 736 0006 0021     		movs	r1, #0
 737 0008 0F91     		str	r1, [sp, #60]
 738 000a 1091     		str	r1, [sp, #64]
 739 000c 1191     		str	r1, [sp, #68]
 740 000e 1291     		str	r1, [sp, #72]
 741 0010 1391     		str	r1, [sp, #76]
 347:Core/Src/stm32l4xx_hal_msp.c ****   RCC_PeriphCLKInitTypeDef PeriphClkInit = {0};
 742              		.loc 1 347 3 is_stmt 1 view .LVU174
 743              		.loc 1 347 28 is_stmt 0 view .LVU175
 744 0012 3422     		movs	r2, #52
 745 0014 02A8     		add	r0, sp, #8
 746              	.LVL44:
 747              		.loc 1 347 28 view .LVU176
 748 0016 FFF7FEFF 		bl	memset
 749              	.LVL45:
 348:Core/Src/stm32l4xx_hal_msp.c ****   if(huart->Instance==USART2)
 750              		.loc 1 348 3 is_stmt 1 view .LVU177
ARM GAS  C:\Users\kroko\AppData\Local\Temp\ccNoch7c.s 			page 21


 751              		.loc 1 348 11 is_stmt 0 view .LVU178
 752 001a 2268     		ldr	r2, [r4]
 753              		.loc 1 348 5 view .LVU179
 754 001c 184B     		ldr	r3, .L67
 755 001e 9A42     		cmp	r2, r3
 756 0020 01D0     		beq	.L65
 757              	.L61:
 349:Core/Src/stm32l4xx_hal_msp.c ****   {
 350:Core/Src/stm32l4xx_hal_msp.c ****   /* USER CODE BEGIN USART2_MspInit 0 */
 351:Core/Src/stm32l4xx_hal_msp.c **** 
 352:Core/Src/stm32l4xx_hal_msp.c ****   /* USER CODE END USART2_MspInit 0 */
 353:Core/Src/stm32l4xx_hal_msp.c **** 
 354:Core/Src/stm32l4xx_hal_msp.c ****   /** Initializes the peripherals clock
 355:Core/Src/stm32l4xx_hal_msp.c ****   */
 356:Core/Src/stm32l4xx_hal_msp.c ****     PeriphClkInit.PeriphClockSelection = RCC_PERIPHCLK_USART2;
 357:Core/Src/stm32l4xx_hal_msp.c ****     PeriphClkInit.Usart2ClockSelection = RCC_USART2CLKSOURCE_PCLK1;
 358:Core/Src/stm32l4xx_hal_msp.c ****     if (HAL_RCCEx_PeriphCLKConfig(&PeriphClkInit) != HAL_OK)
 359:Core/Src/stm32l4xx_hal_msp.c ****     {
 360:Core/Src/stm32l4xx_hal_msp.c ****       Error_Handler();
 361:Core/Src/stm32l4xx_hal_msp.c ****     }
 362:Core/Src/stm32l4xx_hal_msp.c **** 
 363:Core/Src/stm32l4xx_hal_msp.c ****     /* Peripheral clock enable */
 364:Core/Src/stm32l4xx_hal_msp.c ****     __HAL_RCC_USART2_CLK_ENABLE();
 365:Core/Src/stm32l4xx_hal_msp.c **** 
 366:Core/Src/stm32l4xx_hal_msp.c ****     __HAL_RCC_GPIOA_CLK_ENABLE();
 367:Core/Src/stm32l4xx_hal_msp.c ****     /**USART2 GPIO Configuration
 368:Core/Src/stm32l4xx_hal_msp.c ****     PA2     ------> USART2_TX
 369:Core/Src/stm32l4xx_hal_msp.c ****     */
 370:Core/Src/stm32l4xx_hal_msp.c ****     GPIO_InitStruct.Pin = GPIO_PIN_2;
 371:Core/Src/stm32l4xx_hal_msp.c ****     GPIO_InitStruct.Mode = GPIO_MODE_AF_OD;
 372:Core/Src/stm32l4xx_hal_msp.c ****     GPIO_InitStruct.Pull = GPIO_PULLUP;
 373:Core/Src/stm32l4xx_hal_msp.c ****     GPIO_InitStruct.Speed = GPIO_SPEED_FREQ_VERY_HIGH;
 374:Core/Src/stm32l4xx_hal_msp.c ****     GPIO_InitStruct.Alternate = GPIO_AF7_USART2;
 375:Core/Src/stm32l4xx_hal_msp.c ****     HAL_GPIO_Init(GPIOA, &GPIO_InitStruct);
 376:Core/Src/stm32l4xx_hal_msp.c **** 
 377:Core/Src/stm32l4xx_hal_msp.c ****   /* USER CODE BEGIN USART2_MspInit 1 */
 378:Core/Src/stm32l4xx_hal_msp.c **** 
 379:Core/Src/stm32l4xx_hal_msp.c ****   /* USER CODE END USART2_MspInit 1 */
 380:Core/Src/stm32l4xx_hal_msp.c **** 
 381:Core/Src/stm32l4xx_hal_msp.c ****   }
 382:Core/Src/stm32l4xx_hal_msp.c **** 
 383:Core/Src/stm32l4xx_hal_msp.c **** }
 758              		.loc 1 383 1 view .LVU180
 759 0022 14B0     		add	sp, sp, #80
 760              		.cfi_remember_state
 761              		.cfi_def_cfa_offset 8
 762              		@ sp needed
 763 0024 10BD     		pop	{r4, pc}
 764              	.LVL46:
 765              	.L65:
 766              		.cfi_restore_state
 356:Core/Src/stm32l4xx_hal_msp.c ****     PeriphClkInit.Usart2ClockSelection = RCC_USART2CLKSOURCE_PCLK1;
 767              		.loc 1 356 5 is_stmt 1 view .LVU181
 356:Core/Src/stm32l4xx_hal_msp.c ****     PeriphClkInit.Usart2ClockSelection = RCC_USART2CLKSOURCE_PCLK1;
 768              		.loc 1 356 40 is_stmt 0 view .LVU182
 769 0026 0223     		movs	r3, #2
 770 0028 0293     		str	r3, [sp, #8]
ARM GAS  C:\Users\kroko\AppData\Local\Temp\ccNoch7c.s 			page 22


 357:Core/Src/stm32l4xx_hal_msp.c ****     if (HAL_RCCEx_PeriphCLKConfig(&PeriphClkInit) != HAL_OK)
 771              		.loc 1 357 5 is_stmt 1 view .LVU183
 358:Core/Src/stm32l4xx_hal_msp.c ****     {
 772              		.loc 1 358 5 view .LVU184
 358:Core/Src/stm32l4xx_hal_msp.c ****     {
 773              		.loc 1 358 9 is_stmt 0 view .LVU185
 774 002a 02A8     		add	r0, sp, #8
 775 002c FFF7FEFF 		bl	HAL_RCCEx_PeriphCLKConfig
 776              	.LVL47:
 358:Core/Src/stm32l4xx_hal_msp.c ****     {
 777              		.loc 1 358 8 discriminator 1 view .LVU186
 778 0030 10BB     		cbnz	r0, .L66
 779              	.L63:
 364:Core/Src/stm32l4xx_hal_msp.c **** 
 780              		.loc 1 364 5 is_stmt 1 view .LVU187
 781              	.LBB8:
 364:Core/Src/stm32l4xx_hal_msp.c **** 
 782              		.loc 1 364 5 view .LVU188
 364:Core/Src/stm32l4xx_hal_msp.c **** 
 783              		.loc 1 364 5 view .LVU189
 784 0032 144B     		ldr	r3, .L67+4
 785 0034 9A6D     		ldr	r2, [r3, #88]
 786 0036 42F40032 		orr	r2, r2, #131072
 787 003a 9A65     		str	r2, [r3, #88]
 364:Core/Src/stm32l4xx_hal_msp.c **** 
 788              		.loc 1 364 5 view .LVU190
 789 003c 9A6D     		ldr	r2, [r3, #88]
 790 003e 02F40032 		and	r2, r2, #131072
 791 0042 0092     		str	r2, [sp]
 364:Core/Src/stm32l4xx_hal_msp.c **** 
 792              		.loc 1 364 5 view .LVU191
 793 0044 009A     		ldr	r2, [sp]
 794              	.LBE8:
 364:Core/Src/stm32l4xx_hal_msp.c **** 
 795              		.loc 1 364 5 view .LVU192
 366:Core/Src/stm32l4xx_hal_msp.c ****     /**USART2 GPIO Configuration
 796              		.loc 1 366 5 view .LVU193
 797              	.LBB9:
 366:Core/Src/stm32l4xx_hal_msp.c ****     /**USART2 GPIO Configuration
 798              		.loc 1 366 5 view .LVU194
 366:Core/Src/stm32l4xx_hal_msp.c ****     /**USART2 GPIO Configuration
 799              		.loc 1 366 5 view .LVU195
 800 0046 DA6C     		ldr	r2, [r3, #76]
 801 0048 42F00102 		orr	r2, r2, #1
 802 004c DA64     		str	r2, [r3, #76]
 366:Core/Src/stm32l4xx_hal_msp.c ****     /**USART2 GPIO Configuration
 803              		.loc 1 366 5 view .LVU196
 804 004e DB6C     		ldr	r3, [r3, #76]
 805 0050 03F00103 		and	r3, r3, #1
 806 0054 0193     		str	r3, [sp, #4]
 366:Core/Src/stm32l4xx_hal_msp.c ****     /**USART2 GPIO Configuration
 807              		.loc 1 366 5 view .LVU197
 808 0056 019B     		ldr	r3, [sp, #4]
 809              	.LBE9:
 366:Core/Src/stm32l4xx_hal_msp.c ****     /**USART2 GPIO Configuration
 810              		.loc 1 366 5 view .LVU198
 370:Core/Src/stm32l4xx_hal_msp.c ****     GPIO_InitStruct.Mode = GPIO_MODE_AF_OD;
ARM GAS  C:\Users\kroko\AppData\Local\Temp\ccNoch7c.s 			page 23


 811              		.loc 1 370 5 view .LVU199
 370:Core/Src/stm32l4xx_hal_msp.c ****     GPIO_InitStruct.Mode = GPIO_MODE_AF_OD;
 812              		.loc 1 370 25 is_stmt 0 view .LVU200
 813 0058 0423     		movs	r3, #4
 814 005a 0F93     		str	r3, [sp, #60]
 371:Core/Src/stm32l4xx_hal_msp.c ****     GPIO_InitStruct.Pull = GPIO_PULLUP;
 815              		.loc 1 371 5 is_stmt 1 view .LVU201
 371:Core/Src/stm32l4xx_hal_msp.c ****     GPIO_InitStruct.Pull = GPIO_PULLUP;
 816              		.loc 1 371 26 is_stmt 0 view .LVU202
 817 005c 1223     		movs	r3, #18
 818 005e 1093     		str	r3, [sp, #64]
 372:Core/Src/stm32l4xx_hal_msp.c ****     GPIO_InitStruct.Speed = GPIO_SPEED_FREQ_VERY_HIGH;
 819              		.loc 1 372 5 is_stmt 1 view .LVU203
 372:Core/Src/stm32l4xx_hal_msp.c ****     GPIO_InitStruct.Speed = GPIO_SPEED_FREQ_VERY_HIGH;
 820              		.loc 1 372 26 is_stmt 0 view .LVU204
 821 0060 0123     		movs	r3, #1
 822 0062 1193     		str	r3, [sp, #68]
 373:Core/Src/stm32l4xx_hal_msp.c ****     GPIO_InitStruct.Alternate = GPIO_AF7_USART2;
 823              		.loc 1 373 5 is_stmt 1 view .LVU205
 373:Core/Src/stm32l4xx_hal_msp.c ****     GPIO_InitStruct.Alternate = GPIO_AF7_USART2;
 824              		.loc 1 373 27 is_stmt 0 view .LVU206
 825 0064 0323     		movs	r3, #3
 826 0066 1293     		str	r3, [sp, #72]
 374:Core/Src/stm32l4xx_hal_msp.c ****     HAL_GPIO_Init(GPIOA, &GPIO_InitStruct);
 827              		.loc 1 374 5 is_stmt 1 view .LVU207
 374:Core/Src/stm32l4xx_hal_msp.c ****     HAL_GPIO_Init(GPIOA, &GPIO_InitStruct);
 828              		.loc 1 374 31 is_stmt 0 view .LVU208
 829 0068 0723     		movs	r3, #7
 830 006a 1393     		str	r3, [sp, #76]
 375:Core/Src/stm32l4xx_hal_msp.c **** 
 831              		.loc 1 375 5 is_stmt 1 view .LVU209
 832 006c 0FA9     		add	r1, sp, #60
 833 006e 4FF09040 		mov	r0, #1207959552
 834 0072 FFF7FEFF 		bl	HAL_GPIO_Init
 835              	.LVL48:
 836              		.loc 1 383 1 is_stmt 0 view .LVU210
 837 0076 D4E7     		b	.L61
 838              	.L66:
 360:Core/Src/stm32l4xx_hal_msp.c ****     }
 839              		.loc 1 360 7 is_stmt 1 view .LVU211
 840 0078 FFF7FEFF 		bl	Error_Handler
 841              	.LVL49:
 842 007c D9E7     		b	.L63
 843              	.L68:
 844 007e 00BF     		.align	2
 845              	.L67:
 846 0080 00440040 		.word	1073759232
 847 0084 00100240 		.word	1073876992
 848              		.cfi_endproc
 849              	.LFE328:
 851              		.section	.text.HAL_UART_MspDeInit,"ax",%progbits
 852              		.align	1
 853              		.global	HAL_UART_MspDeInit
 854              		.syntax unified
 855              		.thumb
 856              		.thumb_func
 858              	HAL_UART_MspDeInit:
ARM GAS  C:\Users\kroko\AppData\Local\Temp\ccNoch7c.s 			page 24


 859              	.LVL50:
 860              	.LFB329:
 384:Core/Src/stm32l4xx_hal_msp.c **** 
 385:Core/Src/stm32l4xx_hal_msp.c **** /**
 386:Core/Src/stm32l4xx_hal_msp.c **** * @brief UART MSP De-Initialization
 387:Core/Src/stm32l4xx_hal_msp.c **** * This function freeze the hardware resources used in this example
 388:Core/Src/stm32l4xx_hal_msp.c **** * @param huart: UART handle pointer
 389:Core/Src/stm32l4xx_hal_msp.c **** * @retval None
 390:Core/Src/stm32l4xx_hal_msp.c **** */
 391:Core/Src/stm32l4xx_hal_msp.c **** void HAL_UART_MspDeInit(UART_HandleTypeDef* huart)
 392:Core/Src/stm32l4xx_hal_msp.c **** {
 861              		.loc 1 392 1 view -0
 862              		.cfi_startproc
 863              		@ args = 0, pretend = 0, frame = 0
 864              		@ frame_needed = 0, uses_anonymous_args = 0
 865              		.loc 1 392 1 is_stmt 0 view .LVU213
 866 0000 08B5     		push	{r3, lr}
 867              		.cfi_def_cfa_offset 8
 868              		.cfi_offset 3, -8
 869              		.cfi_offset 14, -4
 393:Core/Src/stm32l4xx_hal_msp.c ****   if(huart->Instance==USART2)
 870              		.loc 1 393 3 is_stmt 1 view .LVU214
 871              		.loc 1 393 11 is_stmt 0 view .LVU215
 872 0002 0268     		ldr	r2, [r0]
 873              		.loc 1 393 5 view .LVU216
 874 0004 074B     		ldr	r3, .L73
 875 0006 9A42     		cmp	r2, r3
 876 0008 00D0     		beq	.L72
 877              	.LVL51:
 878              	.L69:
 394:Core/Src/stm32l4xx_hal_msp.c ****   {
 395:Core/Src/stm32l4xx_hal_msp.c ****   /* USER CODE BEGIN USART2_MspDeInit 0 */
 396:Core/Src/stm32l4xx_hal_msp.c **** 
 397:Core/Src/stm32l4xx_hal_msp.c ****   /* USER CODE END USART2_MspDeInit 0 */
 398:Core/Src/stm32l4xx_hal_msp.c ****     /* Peripheral clock disable */
 399:Core/Src/stm32l4xx_hal_msp.c ****     __HAL_RCC_USART2_CLK_DISABLE();
 400:Core/Src/stm32l4xx_hal_msp.c **** 
 401:Core/Src/stm32l4xx_hal_msp.c ****     /**USART2 GPIO Configuration
 402:Core/Src/stm32l4xx_hal_msp.c ****     PA2     ------> USART2_TX
 403:Core/Src/stm32l4xx_hal_msp.c ****     */
 404:Core/Src/stm32l4xx_hal_msp.c ****     HAL_GPIO_DeInit(GPIOA, GPIO_PIN_2);
 405:Core/Src/stm32l4xx_hal_msp.c **** 
 406:Core/Src/stm32l4xx_hal_msp.c ****   /* USER CODE BEGIN USART2_MspDeInit 1 */
 407:Core/Src/stm32l4xx_hal_msp.c **** 
 408:Core/Src/stm32l4xx_hal_msp.c ****   /* USER CODE END USART2_MspDeInit 1 */
 409:Core/Src/stm32l4xx_hal_msp.c ****   }
 410:Core/Src/stm32l4xx_hal_msp.c **** 
 411:Core/Src/stm32l4xx_hal_msp.c **** }
 879              		.loc 1 411 1 view .LVU217
 880 000a 08BD     		pop	{r3, pc}
 881              	.LVL52:
 882              	.L72:
 399:Core/Src/stm32l4xx_hal_msp.c **** 
 883              		.loc 1 399 5 is_stmt 1 view .LVU218
 884 000c 064A     		ldr	r2, .L73+4
 885 000e 936D     		ldr	r3, [r2, #88]
 886 0010 23F40033 		bic	r3, r3, #131072
ARM GAS  C:\Users\kroko\AppData\Local\Temp\ccNoch7c.s 			page 25


 887 0014 9365     		str	r3, [r2, #88]
 404:Core/Src/stm32l4xx_hal_msp.c **** 
 888              		.loc 1 404 5 view .LVU219
 889 0016 0421     		movs	r1, #4
 890 0018 4FF09040 		mov	r0, #1207959552
 891              	.LVL53:
 404:Core/Src/stm32l4xx_hal_msp.c **** 
 892              		.loc 1 404 5 is_stmt 0 view .LVU220
 893 001c FFF7FEFF 		bl	HAL_GPIO_DeInit
 894              	.LVL54:
 895              		.loc 1 411 1 view .LVU221
 896 0020 F3E7     		b	.L69
 897              	.L74:
 898 0022 00BF     		.align	2
 899              	.L73:
 900 0024 00440040 		.word	1073759232
 901 0028 00100240 		.word	1073876992
 902              		.cfi_endproc
 903              	.LFE329:
 905              		.text
 906              	.Letext0:
 907              		.file 2 "Drivers/CMSIS/Device/ST/STM32L4xx/Include/stm32l412xx.h"
 908              		.file 3 "C:/Program Files (x86)/Arm GNU Toolchain arm-none-eabi/14.2 rel1/arm-none-eabi/include/ma
 909              		.file 4 "C:/Program Files (x86)/Arm GNU Toolchain arm-none-eabi/14.2 rel1/arm-none-eabi/include/sy
 910              		.file 5 "Drivers/CMSIS/Device/ST/STM32L4xx/Include/stm32l4xx.h"
 911              		.file 6 "Drivers/STM32L4xx_HAL_Driver/Inc/stm32l4xx_hal_def.h"
 912              		.file 7 "Drivers/STM32L4xx_HAL_Driver/Inc/stm32l4xx_hal_rcc_ex.h"
 913              		.file 8 "Drivers/STM32L4xx_HAL_Driver/Inc/stm32l4xx_hal_gpio.h"
 914              		.file 9 "Drivers/STM32L4xx_HAL_Driver/Inc/stm32l4xx_hal_dma.h"
 915              		.file 10 "Drivers/STM32L4xx_HAL_Driver/Inc/stm32l4xx_hal_adc.h"
 916              		.file 11 "Drivers/STM32L4xx_HAL_Driver/Inc/stm32l4xx_hal_lptim.h"
 917              		.file 12 "Drivers/STM32L4xx_HAL_Driver/Inc/stm32l4xx_hal_rtc.h"
 918              		.file 13 "Drivers/STM32L4xx_HAL_Driver/Inc/stm32l4xx_hal_spi.h"
 919              		.file 14 "Drivers/STM32L4xx_HAL_Driver/Inc/stm32l4xx_hal_uart.h"
 920              		.file 15 "Drivers/STM32L4xx_HAL_Driver/Inc/stm32l4xx_hal_cortex.h"
 921              		.file 16 "Core/Inc/main.h"
 922              		.file 17 "<built-in>"
ARM GAS  C:\Users\kroko\AppData\Local\Temp\ccNoch7c.s 			page 26


DEFINED SYMBOLS
                            *ABS*:00000000 stm32l4xx_hal_msp.c
C:\Users\kroko\AppData\Local\Temp\ccNoch7c.s:21     .text.HAL_MspInit:00000000 $t
C:\Users\kroko\AppData\Local\Temp\ccNoch7c.s:27     .text.HAL_MspInit:00000000 HAL_MspInit
C:\Users\kroko\AppData\Local\Temp\ccNoch7c.s:75     .text.HAL_MspInit:0000002c $d
C:\Users\kroko\AppData\Local\Temp\ccNoch7c.s:80     .text.HAL_ADC_MspInit:00000000 $t
C:\Users\kroko\AppData\Local\Temp\ccNoch7c.s:86     .text.HAL_ADC_MspInit:00000000 HAL_ADC_MspInit
C:\Users\kroko\AppData\Local\Temp\ccNoch7c.s:203    .text.HAL_ADC_MspInit:00000074 $d
C:\Users\kroko\AppData\Local\Temp\ccNoch7c.s:210    .text.HAL_ADC_MspDeInit:00000000 $t
C:\Users\kroko\AppData\Local\Temp\ccNoch7c.s:216    .text.HAL_ADC_MspDeInit:00000000 HAL_ADC_MspDeInit
C:\Users\kroko\AppData\Local\Temp\ccNoch7c.s:261    .text.HAL_ADC_MspDeInit:00000024 $d
C:\Users\kroko\AppData\Local\Temp\ccNoch7c.s:267    .text.HAL_LPTIM_MspInit:00000000 $t
C:\Users\kroko\AppData\Local\Temp\ccNoch7c.s:273    .text.HAL_LPTIM_MspInit:00000000 HAL_LPTIM_MspInit
C:\Users\kroko\AppData\Local\Temp\ccNoch7c.s:366    .text.HAL_LPTIM_MspInit:0000005c $d
C:\Users\kroko\AppData\Local\Temp\ccNoch7c.s:372    .text.HAL_LPTIM_MspDeInit:00000000 $t
C:\Users\kroko\AppData\Local\Temp\ccNoch7c.s:378    .text.HAL_LPTIM_MspDeInit:00000000 HAL_LPTIM_MspDeInit
C:\Users\kroko\AppData\Local\Temp\ccNoch7c.s:419    .text.HAL_LPTIM_MspDeInit:00000020 $d
C:\Users\kroko\AppData\Local\Temp\ccNoch7c.s:425    .text.HAL_RTC_MspInit:00000000 $t
C:\Users\kroko\AppData\Local\Temp\ccNoch7c.s:431    .text.HAL_RTC_MspInit:00000000 HAL_RTC_MspInit
C:\Users\kroko\AppData\Local\Temp\ccNoch7c.s:503    .text.HAL_RTC_MspInit:00000048 $d
C:\Users\kroko\AppData\Local\Temp\ccNoch7c.s:509    .text.HAL_RTC_MspDeInit:00000000 $t
C:\Users\kroko\AppData\Local\Temp\ccNoch7c.s:515    .text.HAL_RTC_MspDeInit:00000000 HAL_RTC_MspDeInit
C:\Users\kroko\AppData\Local\Temp\ccNoch7c.s:544    .text.HAL_RTC_MspDeInit:0000001c $d
C:\Users\kroko\AppData\Local\Temp\ccNoch7c.s:550    .text.HAL_SPI_MspInit:00000000 $t
C:\Users\kroko\AppData\Local\Temp\ccNoch7c.s:556    .text.HAL_SPI_MspInit:00000000 HAL_SPI_MspInit
C:\Users\kroko\AppData\Local\Temp\ccNoch7c.s:654    .text.HAL_SPI_MspInit:00000060 $d
C:\Users\kroko\AppData\Local\Temp\ccNoch7c.s:659    .text.HAL_SPI_MspDeInit:00000000 $t
C:\Users\kroko\AppData\Local\Temp\ccNoch7c.s:665    .text.HAL_SPI_MspDeInit:00000000 HAL_SPI_MspDeInit
C:\Users\kroko\AppData\Local\Temp\ccNoch7c.s:707    .text.HAL_SPI_MspDeInit:00000024 $d
C:\Users\kroko\AppData\Local\Temp\ccNoch7c.s:713    .text.HAL_UART_MspInit:00000000 $t
C:\Users\kroko\AppData\Local\Temp\ccNoch7c.s:719    .text.HAL_UART_MspInit:00000000 HAL_UART_MspInit
C:\Users\kroko\AppData\Local\Temp\ccNoch7c.s:846    .text.HAL_UART_MspInit:00000080 $d
C:\Users\kroko\AppData\Local\Temp\ccNoch7c.s:852    .text.HAL_UART_MspDeInit:00000000 $t
C:\Users\kroko\AppData\Local\Temp\ccNoch7c.s:858    .text.HAL_UART_MspDeInit:00000000 HAL_UART_MspDeInit
C:\Users\kroko\AppData\Local\Temp\ccNoch7c.s:900    .text.HAL_UART_MspDeInit:00000024 $d

UNDEFINED SYMBOLS
HAL_DMA_Init
HAL_NVIC_SetPriority
HAL_NVIC_EnableIRQ
Error_Handler
hdma_adc1
HAL_DMA_DeInit
HAL_NVIC_DisableIRQ
memset
HAL_RCCEx_PeriphCLKConfig
HAL_GPIO_Init
HAL_GPIO_DeInit
