ARM GAS  /var/folders/t4/6192qx0n3zgdnvcwt906k_mw0000gn/T//cc5tiFuQ.s 			page 1


   1              		.cpu cortex-m4
   2              		.arch armv7e-m
   3              		.fpu fpv4-sp-d16
   4              		.eabi_attribute 27, 1
   5              		.eabi_attribute 28, 1
   6              		.eabi_attribute 20, 1
   7              		.eabi_attribute 21, 1
   8              		.eabi_attribute 23, 3
   9              		.eabi_attribute 24, 1
  10              		.eabi_attribute 25, 1
  11              		.eabi_attribute 26, 1
  12              		.eabi_attribute 30, 1
  13              		.eabi_attribute 34, 1
  14              		.eabi_attribute 18, 4
  15              		.file	"stm32l4xx_hal_pcd_ex.c"
  16              		.text
  17              	.Ltext0:
  18              		.cfi_sections	.debug_frame
  19              		.file 1 "Drivers/STM32L4xx_HAL_Driver/Src/stm32l4xx_hal_pcd_ex.c"
  20              		.section	.text.HAL_PCDEx_PMAConfig,"ax",%progbits
  21              		.align	1
  22              		.global	HAL_PCDEx_PMAConfig
  23              		.syntax unified
  24              		.thumb
  25              		.thumb_func
  27              	HAL_PCDEx_PMAConfig:
  28              	.LVL0:
  29              	.LFB319:
   1:Drivers/STM32L4xx_HAL_Driver/Src/stm32l4xx_hal_pcd_ex.c **** /**
   2:Drivers/STM32L4xx_HAL_Driver/Src/stm32l4xx_hal_pcd_ex.c ****   ******************************************************************************
   3:Drivers/STM32L4xx_HAL_Driver/Src/stm32l4xx_hal_pcd_ex.c ****   * @file    stm32l4xx_hal_pcd_ex.c
   4:Drivers/STM32L4xx_HAL_Driver/Src/stm32l4xx_hal_pcd_ex.c ****   * @author  MCD Application Team
   5:Drivers/STM32L4xx_HAL_Driver/Src/stm32l4xx_hal_pcd_ex.c ****   * @brief   PCD Extended HAL module driver.
   6:Drivers/STM32L4xx_HAL_Driver/Src/stm32l4xx_hal_pcd_ex.c ****   *          This file provides firmware functions to manage the following
   7:Drivers/STM32L4xx_HAL_Driver/Src/stm32l4xx_hal_pcd_ex.c ****   *          functionalities of the USB Peripheral Controller:
   8:Drivers/STM32L4xx_HAL_Driver/Src/stm32l4xx_hal_pcd_ex.c ****   *           + Extended features functions
   9:Drivers/STM32L4xx_HAL_Driver/Src/stm32l4xx_hal_pcd_ex.c ****   *
  10:Drivers/STM32L4xx_HAL_Driver/Src/stm32l4xx_hal_pcd_ex.c ****   ******************************************************************************
  11:Drivers/STM32L4xx_HAL_Driver/Src/stm32l4xx_hal_pcd_ex.c ****   * @attention
  12:Drivers/STM32L4xx_HAL_Driver/Src/stm32l4xx_hal_pcd_ex.c ****   *
  13:Drivers/STM32L4xx_HAL_Driver/Src/stm32l4xx_hal_pcd_ex.c ****   * Copyright (c) 2017 STMicroelectronics.
  14:Drivers/STM32L4xx_HAL_Driver/Src/stm32l4xx_hal_pcd_ex.c ****   * All rights reserved.
  15:Drivers/STM32L4xx_HAL_Driver/Src/stm32l4xx_hal_pcd_ex.c ****   *
  16:Drivers/STM32L4xx_HAL_Driver/Src/stm32l4xx_hal_pcd_ex.c ****   * This software is licensed under terms that can be found in the LICENSE file
  17:Drivers/STM32L4xx_HAL_Driver/Src/stm32l4xx_hal_pcd_ex.c ****   * in the root directory of this software component.
  18:Drivers/STM32L4xx_HAL_Driver/Src/stm32l4xx_hal_pcd_ex.c ****   * If no LICENSE file comes with this software, it is provided AS-IS.
  19:Drivers/STM32L4xx_HAL_Driver/Src/stm32l4xx_hal_pcd_ex.c ****   *
  20:Drivers/STM32L4xx_HAL_Driver/Src/stm32l4xx_hal_pcd_ex.c ****   ******************************************************************************
  21:Drivers/STM32L4xx_HAL_Driver/Src/stm32l4xx_hal_pcd_ex.c ****   */
  22:Drivers/STM32L4xx_HAL_Driver/Src/stm32l4xx_hal_pcd_ex.c **** 
  23:Drivers/STM32L4xx_HAL_Driver/Src/stm32l4xx_hal_pcd_ex.c **** /* Includes ------------------------------------------------------------------*/
  24:Drivers/STM32L4xx_HAL_Driver/Src/stm32l4xx_hal_pcd_ex.c **** #include "stm32l4xx_hal.h"
  25:Drivers/STM32L4xx_HAL_Driver/Src/stm32l4xx_hal_pcd_ex.c **** 
  26:Drivers/STM32L4xx_HAL_Driver/Src/stm32l4xx_hal_pcd_ex.c **** /** @addtogroup STM32L4xx_HAL_Driver
  27:Drivers/STM32L4xx_HAL_Driver/Src/stm32l4xx_hal_pcd_ex.c ****   * @{
  28:Drivers/STM32L4xx_HAL_Driver/Src/stm32l4xx_hal_pcd_ex.c ****   */
  29:Drivers/STM32L4xx_HAL_Driver/Src/stm32l4xx_hal_pcd_ex.c **** 
ARM GAS  /var/folders/t4/6192qx0n3zgdnvcwt906k_mw0000gn/T//cc5tiFuQ.s 			page 2


  30:Drivers/STM32L4xx_HAL_Driver/Src/stm32l4xx_hal_pcd_ex.c **** /** @defgroup PCDEx PCDEx
  31:Drivers/STM32L4xx_HAL_Driver/Src/stm32l4xx_hal_pcd_ex.c ****   * @brief PCD Extended HAL module driver
  32:Drivers/STM32L4xx_HAL_Driver/Src/stm32l4xx_hal_pcd_ex.c ****   * @{
  33:Drivers/STM32L4xx_HAL_Driver/Src/stm32l4xx_hal_pcd_ex.c ****   */
  34:Drivers/STM32L4xx_HAL_Driver/Src/stm32l4xx_hal_pcd_ex.c **** 
  35:Drivers/STM32L4xx_HAL_Driver/Src/stm32l4xx_hal_pcd_ex.c **** #ifdef HAL_PCD_MODULE_ENABLED
  36:Drivers/STM32L4xx_HAL_Driver/Src/stm32l4xx_hal_pcd_ex.c **** 
  37:Drivers/STM32L4xx_HAL_Driver/Src/stm32l4xx_hal_pcd_ex.c **** #if defined (USB) || defined (USB_OTG_FS)
  38:Drivers/STM32L4xx_HAL_Driver/Src/stm32l4xx_hal_pcd_ex.c **** /* Private types -------------------------------------------------------------*/
  39:Drivers/STM32L4xx_HAL_Driver/Src/stm32l4xx_hal_pcd_ex.c **** /* Private variables ---------------------------------------------------------*/
  40:Drivers/STM32L4xx_HAL_Driver/Src/stm32l4xx_hal_pcd_ex.c **** /* Private constants ---------------------------------------------------------*/
  41:Drivers/STM32L4xx_HAL_Driver/Src/stm32l4xx_hal_pcd_ex.c **** /* Private macros ------------------------------------------------------------*/
  42:Drivers/STM32L4xx_HAL_Driver/Src/stm32l4xx_hal_pcd_ex.c **** /* Private functions ---------------------------------------------------------*/
  43:Drivers/STM32L4xx_HAL_Driver/Src/stm32l4xx_hal_pcd_ex.c **** /* Exported functions --------------------------------------------------------*/
  44:Drivers/STM32L4xx_HAL_Driver/Src/stm32l4xx_hal_pcd_ex.c **** 
  45:Drivers/STM32L4xx_HAL_Driver/Src/stm32l4xx_hal_pcd_ex.c **** /** @defgroup PCDEx_Exported_Functions PCDEx Exported Functions
  46:Drivers/STM32L4xx_HAL_Driver/Src/stm32l4xx_hal_pcd_ex.c ****   * @{
  47:Drivers/STM32L4xx_HAL_Driver/Src/stm32l4xx_hal_pcd_ex.c ****   */
  48:Drivers/STM32L4xx_HAL_Driver/Src/stm32l4xx_hal_pcd_ex.c **** 
  49:Drivers/STM32L4xx_HAL_Driver/Src/stm32l4xx_hal_pcd_ex.c **** /** @defgroup PCDEx_Exported_Functions_Group1 Peripheral Control functions
  50:Drivers/STM32L4xx_HAL_Driver/Src/stm32l4xx_hal_pcd_ex.c ****   * @brief    PCDEx control functions
  51:Drivers/STM32L4xx_HAL_Driver/Src/stm32l4xx_hal_pcd_ex.c ****   *
  52:Drivers/STM32L4xx_HAL_Driver/Src/stm32l4xx_hal_pcd_ex.c **** @verbatim
  53:Drivers/STM32L4xx_HAL_Driver/Src/stm32l4xx_hal_pcd_ex.c ****  ===============================================================================
  54:Drivers/STM32L4xx_HAL_Driver/Src/stm32l4xx_hal_pcd_ex.c ****                  ##### Extended features functions #####
  55:Drivers/STM32L4xx_HAL_Driver/Src/stm32l4xx_hal_pcd_ex.c ****  ===============================================================================
  56:Drivers/STM32L4xx_HAL_Driver/Src/stm32l4xx_hal_pcd_ex.c ****     [..]  This section provides functions allowing to:
  57:Drivers/STM32L4xx_HAL_Driver/Src/stm32l4xx_hal_pcd_ex.c ****       (+) Update FIFO configuration
  58:Drivers/STM32L4xx_HAL_Driver/Src/stm32l4xx_hal_pcd_ex.c **** 
  59:Drivers/STM32L4xx_HAL_Driver/Src/stm32l4xx_hal_pcd_ex.c **** @endverbatim
  60:Drivers/STM32L4xx_HAL_Driver/Src/stm32l4xx_hal_pcd_ex.c ****   * @{
  61:Drivers/STM32L4xx_HAL_Driver/Src/stm32l4xx_hal_pcd_ex.c ****   */
  62:Drivers/STM32L4xx_HAL_Driver/Src/stm32l4xx_hal_pcd_ex.c **** #if defined (USB_OTG_FS)
  63:Drivers/STM32L4xx_HAL_Driver/Src/stm32l4xx_hal_pcd_ex.c **** /**
  64:Drivers/STM32L4xx_HAL_Driver/Src/stm32l4xx_hal_pcd_ex.c ****   * @brief  Set Tx FIFO
  65:Drivers/STM32L4xx_HAL_Driver/Src/stm32l4xx_hal_pcd_ex.c ****   * @param  hpcd PCD handle
  66:Drivers/STM32L4xx_HAL_Driver/Src/stm32l4xx_hal_pcd_ex.c ****   * @param  fifo The number of Tx fifo
  67:Drivers/STM32L4xx_HAL_Driver/Src/stm32l4xx_hal_pcd_ex.c ****   * @param  size Fifo size
  68:Drivers/STM32L4xx_HAL_Driver/Src/stm32l4xx_hal_pcd_ex.c ****   * @retval HAL status
  69:Drivers/STM32L4xx_HAL_Driver/Src/stm32l4xx_hal_pcd_ex.c ****   */
  70:Drivers/STM32L4xx_HAL_Driver/Src/stm32l4xx_hal_pcd_ex.c **** HAL_StatusTypeDef HAL_PCDEx_SetTxFiFo(PCD_HandleTypeDef *hpcd, uint8_t fifo, uint16_t size)
  71:Drivers/STM32L4xx_HAL_Driver/Src/stm32l4xx_hal_pcd_ex.c **** {
  72:Drivers/STM32L4xx_HAL_Driver/Src/stm32l4xx_hal_pcd_ex.c ****   uint8_t i;
  73:Drivers/STM32L4xx_HAL_Driver/Src/stm32l4xx_hal_pcd_ex.c ****   uint32_t Tx_Offset;
  74:Drivers/STM32L4xx_HAL_Driver/Src/stm32l4xx_hal_pcd_ex.c **** 
  75:Drivers/STM32L4xx_HAL_Driver/Src/stm32l4xx_hal_pcd_ex.c ****   /*  TXn min size = 16 words. (n  : Transmit FIFO index)
  76:Drivers/STM32L4xx_HAL_Driver/Src/stm32l4xx_hal_pcd_ex.c ****       When a TxFIFO is not used, the Configuration should be as follows:
  77:Drivers/STM32L4xx_HAL_Driver/Src/stm32l4xx_hal_pcd_ex.c ****           case 1 :  n > m    and Txn is not used    (n,m  : Transmit FIFO indexes)
  78:Drivers/STM32L4xx_HAL_Driver/Src/stm32l4xx_hal_pcd_ex.c ****          --> Txm can use the space allocated for Txn.
  79:Drivers/STM32L4xx_HAL_Driver/Src/stm32l4xx_hal_pcd_ex.c ****          case2  :  n < m    and Txn is not used    (n,m  : Transmit FIFO indexes)
  80:Drivers/STM32L4xx_HAL_Driver/Src/stm32l4xx_hal_pcd_ex.c ****          --> Txn should be configured with the minimum space of 16 words
  81:Drivers/STM32L4xx_HAL_Driver/Src/stm32l4xx_hal_pcd_ex.c ****      The FIFO is used optimally when used TxFIFOs are allocated in the top
  82:Drivers/STM32L4xx_HAL_Driver/Src/stm32l4xx_hal_pcd_ex.c ****          of the FIFO.Ex: use EP1 and EP2 as IN instead of EP1 and EP3 as IN ones.
  83:Drivers/STM32L4xx_HAL_Driver/Src/stm32l4xx_hal_pcd_ex.c ****      When DMA is used 3n * FIFO locations should be reserved for internal DMA registers */
  84:Drivers/STM32L4xx_HAL_Driver/Src/stm32l4xx_hal_pcd_ex.c **** 
  85:Drivers/STM32L4xx_HAL_Driver/Src/stm32l4xx_hal_pcd_ex.c ****   Tx_Offset = hpcd->Instance->GRXFSIZ;
  86:Drivers/STM32L4xx_HAL_Driver/Src/stm32l4xx_hal_pcd_ex.c **** 
ARM GAS  /var/folders/t4/6192qx0n3zgdnvcwt906k_mw0000gn/T//cc5tiFuQ.s 			page 3


  87:Drivers/STM32L4xx_HAL_Driver/Src/stm32l4xx_hal_pcd_ex.c ****   if (fifo == 0U)
  88:Drivers/STM32L4xx_HAL_Driver/Src/stm32l4xx_hal_pcd_ex.c ****   {
  89:Drivers/STM32L4xx_HAL_Driver/Src/stm32l4xx_hal_pcd_ex.c ****     hpcd->Instance->DIEPTXF0_HNPTXFSIZ = ((uint32_t)size << 16) | Tx_Offset;
  90:Drivers/STM32L4xx_HAL_Driver/Src/stm32l4xx_hal_pcd_ex.c ****   }
  91:Drivers/STM32L4xx_HAL_Driver/Src/stm32l4xx_hal_pcd_ex.c ****   else
  92:Drivers/STM32L4xx_HAL_Driver/Src/stm32l4xx_hal_pcd_ex.c ****   {
  93:Drivers/STM32L4xx_HAL_Driver/Src/stm32l4xx_hal_pcd_ex.c ****     Tx_Offset += (hpcd->Instance->DIEPTXF0_HNPTXFSIZ) >> 16;
  94:Drivers/STM32L4xx_HAL_Driver/Src/stm32l4xx_hal_pcd_ex.c ****     for (i = 0U; i < (fifo - 1U); i++)
  95:Drivers/STM32L4xx_HAL_Driver/Src/stm32l4xx_hal_pcd_ex.c ****     {
  96:Drivers/STM32L4xx_HAL_Driver/Src/stm32l4xx_hal_pcd_ex.c ****       Tx_Offset += (hpcd->Instance->DIEPTXF[i] >> 16);
  97:Drivers/STM32L4xx_HAL_Driver/Src/stm32l4xx_hal_pcd_ex.c ****     }
  98:Drivers/STM32L4xx_HAL_Driver/Src/stm32l4xx_hal_pcd_ex.c **** 
  99:Drivers/STM32L4xx_HAL_Driver/Src/stm32l4xx_hal_pcd_ex.c ****     /* Multiply Tx_Size by 2 to get higher performance */
 100:Drivers/STM32L4xx_HAL_Driver/Src/stm32l4xx_hal_pcd_ex.c ****     hpcd->Instance->DIEPTXF[fifo - 1U] = ((uint32_t)size << 16) | Tx_Offset;
 101:Drivers/STM32L4xx_HAL_Driver/Src/stm32l4xx_hal_pcd_ex.c ****   }
 102:Drivers/STM32L4xx_HAL_Driver/Src/stm32l4xx_hal_pcd_ex.c **** 
 103:Drivers/STM32L4xx_HAL_Driver/Src/stm32l4xx_hal_pcd_ex.c ****   return HAL_OK;
 104:Drivers/STM32L4xx_HAL_Driver/Src/stm32l4xx_hal_pcd_ex.c **** }
 105:Drivers/STM32L4xx_HAL_Driver/Src/stm32l4xx_hal_pcd_ex.c **** 
 106:Drivers/STM32L4xx_HAL_Driver/Src/stm32l4xx_hal_pcd_ex.c **** /**
 107:Drivers/STM32L4xx_HAL_Driver/Src/stm32l4xx_hal_pcd_ex.c ****   * @brief  Set Rx FIFO
 108:Drivers/STM32L4xx_HAL_Driver/Src/stm32l4xx_hal_pcd_ex.c ****   * @param  hpcd PCD handle
 109:Drivers/STM32L4xx_HAL_Driver/Src/stm32l4xx_hal_pcd_ex.c ****   * @param  size Size of Rx fifo
 110:Drivers/STM32L4xx_HAL_Driver/Src/stm32l4xx_hal_pcd_ex.c ****   * @retval HAL status
 111:Drivers/STM32L4xx_HAL_Driver/Src/stm32l4xx_hal_pcd_ex.c ****   */
 112:Drivers/STM32L4xx_HAL_Driver/Src/stm32l4xx_hal_pcd_ex.c **** HAL_StatusTypeDef HAL_PCDEx_SetRxFiFo(PCD_HandleTypeDef *hpcd, uint16_t size)
 113:Drivers/STM32L4xx_HAL_Driver/Src/stm32l4xx_hal_pcd_ex.c **** {
 114:Drivers/STM32L4xx_HAL_Driver/Src/stm32l4xx_hal_pcd_ex.c ****   hpcd->Instance->GRXFSIZ = size;
 115:Drivers/STM32L4xx_HAL_Driver/Src/stm32l4xx_hal_pcd_ex.c **** 
 116:Drivers/STM32L4xx_HAL_Driver/Src/stm32l4xx_hal_pcd_ex.c ****   return HAL_OK;
 117:Drivers/STM32L4xx_HAL_Driver/Src/stm32l4xx_hal_pcd_ex.c **** }
 118:Drivers/STM32L4xx_HAL_Driver/Src/stm32l4xx_hal_pcd_ex.c **** 
 119:Drivers/STM32L4xx_HAL_Driver/Src/stm32l4xx_hal_pcd_ex.c **** /**
 120:Drivers/STM32L4xx_HAL_Driver/Src/stm32l4xx_hal_pcd_ex.c ****   * @brief  Activate LPM feature.
 121:Drivers/STM32L4xx_HAL_Driver/Src/stm32l4xx_hal_pcd_ex.c ****   * @param  hpcd PCD handle
 122:Drivers/STM32L4xx_HAL_Driver/Src/stm32l4xx_hal_pcd_ex.c ****   * @retval HAL status
 123:Drivers/STM32L4xx_HAL_Driver/Src/stm32l4xx_hal_pcd_ex.c ****   */
 124:Drivers/STM32L4xx_HAL_Driver/Src/stm32l4xx_hal_pcd_ex.c **** HAL_StatusTypeDef HAL_PCDEx_ActivateLPM(PCD_HandleTypeDef *hpcd)
 125:Drivers/STM32L4xx_HAL_Driver/Src/stm32l4xx_hal_pcd_ex.c **** {
 126:Drivers/STM32L4xx_HAL_Driver/Src/stm32l4xx_hal_pcd_ex.c ****   USB_OTG_GlobalTypeDef *USBx = hpcd->Instance;
 127:Drivers/STM32L4xx_HAL_Driver/Src/stm32l4xx_hal_pcd_ex.c **** 
 128:Drivers/STM32L4xx_HAL_Driver/Src/stm32l4xx_hal_pcd_ex.c ****   hpcd->lpm_active = 1U;
 129:Drivers/STM32L4xx_HAL_Driver/Src/stm32l4xx_hal_pcd_ex.c ****   hpcd->LPM_State = LPM_L0;
 130:Drivers/STM32L4xx_HAL_Driver/Src/stm32l4xx_hal_pcd_ex.c ****   USBx->GINTMSK |= USB_OTG_GINTMSK_LPMINTM;
 131:Drivers/STM32L4xx_HAL_Driver/Src/stm32l4xx_hal_pcd_ex.c ****   USBx->GLPMCFG |= (USB_OTG_GLPMCFG_LPMEN | USB_OTG_GLPMCFG_LPMACK | USB_OTG_GLPMCFG_ENBESL);
 132:Drivers/STM32L4xx_HAL_Driver/Src/stm32l4xx_hal_pcd_ex.c **** 
 133:Drivers/STM32L4xx_HAL_Driver/Src/stm32l4xx_hal_pcd_ex.c ****   return HAL_OK;
 134:Drivers/STM32L4xx_HAL_Driver/Src/stm32l4xx_hal_pcd_ex.c **** }
 135:Drivers/STM32L4xx_HAL_Driver/Src/stm32l4xx_hal_pcd_ex.c **** 
 136:Drivers/STM32L4xx_HAL_Driver/Src/stm32l4xx_hal_pcd_ex.c **** /**
 137:Drivers/STM32L4xx_HAL_Driver/Src/stm32l4xx_hal_pcd_ex.c ****   * @brief  Deactivate LPM feature.
 138:Drivers/STM32L4xx_HAL_Driver/Src/stm32l4xx_hal_pcd_ex.c ****   * @param  hpcd PCD handle
 139:Drivers/STM32L4xx_HAL_Driver/Src/stm32l4xx_hal_pcd_ex.c ****   * @retval HAL status
 140:Drivers/STM32L4xx_HAL_Driver/Src/stm32l4xx_hal_pcd_ex.c ****   */
 141:Drivers/STM32L4xx_HAL_Driver/Src/stm32l4xx_hal_pcd_ex.c **** HAL_StatusTypeDef HAL_PCDEx_DeActivateLPM(PCD_HandleTypeDef *hpcd)
 142:Drivers/STM32L4xx_HAL_Driver/Src/stm32l4xx_hal_pcd_ex.c **** {
 143:Drivers/STM32L4xx_HAL_Driver/Src/stm32l4xx_hal_pcd_ex.c ****   USB_OTG_GlobalTypeDef *USBx = hpcd->Instance;
ARM GAS  /var/folders/t4/6192qx0n3zgdnvcwt906k_mw0000gn/T//cc5tiFuQ.s 			page 4


 144:Drivers/STM32L4xx_HAL_Driver/Src/stm32l4xx_hal_pcd_ex.c **** 
 145:Drivers/STM32L4xx_HAL_Driver/Src/stm32l4xx_hal_pcd_ex.c ****   hpcd->lpm_active = 0U;
 146:Drivers/STM32L4xx_HAL_Driver/Src/stm32l4xx_hal_pcd_ex.c ****   USBx->GINTMSK &= ~USB_OTG_GINTMSK_LPMINTM;
 147:Drivers/STM32L4xx_HAL_Driver/Src/stm32l4xx_hal_pcd_ex.c ****   USBx->GLPMCFG &= ~(USB_OTG_GLPMCFG_LPMEN | USB_OTG_GLPMCFG_LPMACK | USB_OTG_GLPMCFG_ENBESL);
 148:Drivers/STM32L4xx_HAL_Driver/Src/stm32l4xx_hal_pcd_ex.c **** 
 149:Drivers/STM32L4xx_HAL_Driver/Src/stm32l4xx_hal_pcd_ex.c ****   return HAL_OK;
 150:Drivers/STM32L4xx_HAL_Driver/Src/stm32l4xx_hal_pcd_ex.c **** }
 151:Drivers/STM32L4xx_HAL_Driver/Src/stm32l4xx_hal_pcd_ex.c **** 
 152:Drivers/STM32L4xx_HAL_Driver/Src/stm32l4xx_hal_pcd_ex.c **** 
 153:Drivers/STM32L4xx_HAL_Driver/Src/stm32l4xx_hal_pcd_ex.c **** /**
 154:Drivers/STM32L4xx_HAL_Driver/Src/stm32l4xx_hal_pcd_ex.c ****   * @brief  Handle BatteryCharging Process.
 155:Drivers/STM32L4xx_HAL_Driver/Src/stm32l4xx_hal_pcd_ex.c ****   * @param  hpcd PCD handle
 156:Drivers/STM32L4xx_HAL_Driver/Src/stm32l4xx_hal_pcd_ex.c ****   * @retval HAL status
 157:Drivers/STM32L4xx_HAL_Driver/Src/stm32l4xx_hal_pcd_ex.c ****   */
 158:Drivers/STM32L4xx_HAL_Driver/Src/stm32l4xx_hal_pcd_ex.c **** void HAL_PCDEx_BCD_VBUSDetect(PCD_HandleTypeDef *hpcd)
 159:Drivers/STM32L4xx_HAL_Driver/Src/stm32l4xx_hal_pcd_ex.c **** {
 160:Drivers/STM32L4xx_HAL_Driver/Src/stm32l4xx_hal_pcd_ex.c ****   USB_OTG_GlobalTypeDef *USBx = hpcd->Instance;
 161:Drivers/STM32L4xx_HAL_Driver/Src/stm32l4xx_hal_pcd_ex.c ****   uint32_t tickstart = HAL_GetTick();
 162:Drivers/STM32L4xx_HAL_Driver/Src/stm32l4xx_hal_pcd_ex.c **** 
 163:Drivers/STM32L4xx_HAL_Driver/Src/stm32l4xx_hal_pcd_ex.c ****   /* Enable DCD : Data Contact Detect */
 164:Drivers/STM32L4xx_HAL_Driver/Src/stm32l4xx_hal_pcd_ex.c ****   USBx->GCCFG |= USB_OTG_GCCFG_DCDEN;
 165:Drivers/STM32L4xx_HAL_Driver/Src/stm32l4xx_hal_pcd_ex.c **** 
 166:Drivers/STM32L4xx_HAL_Driver/Src/stm32l4xx_hal_pcd_ex.c ****   /* Wait for Min DCD Timeout */
 167:Drivers/STM32L4xx_HAL_Driver/Src/stm32l4xx_hal_pcd_ex.c ****   HAL_Delay(300U);
 168:Drivers/STM32L4xx_HAL_Driver/Src/stm32l4xx_hal_pcd_ex.c **** 
 169:Drivers/STM32L4xx_HAL_Driver/Src/stm32l4xx_hal_pcd_ex.c ****   /* Check Detect flag */
 170:Drivers/STM32L4xx_HAL_Driver/Src/stm32l4xx_hal_pcd_ex.c ****   if ((USBx->GCCFG & USB_OTG_GCCFG_DCDET) == USB_OTG_GCCFG_DCDET)
 171:Drivers/STM32L4xx_HAL_Driver/Src/stm32l4xx_hal_pcd_ex.c ****   {
 172:Drivers/STM32L4xx_HAL_Driver/Src/stm32l4xx_hal_pcd_ex.c **** #if (USE_HAL_PCD_REGISTER_CALLBACKS == 1U)
 173:Drivers/STM32L4xx_HAL_Driver/Src/stm32l4xx_hal_pcd_ex.c ****     hpcd->BCDCallback(hpcd, PCD_BCD_CONTACT_DETECTION);
 174:Drivers/STM32L4xx_HAL_Driver/Src/stm32l4xx_hal_pcd_ex.c **** #else
 175:Drivers/STM32L4xx_HAL_Driver/Src/stm32l4xx_hal_pcd_ex.c ****     HAL_PCDEx_BCD_Callback(hpcd, PCD_BCD_CONTACT_DETECTION);
 176:Drivers/STM32L4xx_HAL_Driver/Src/stm32l4xx_hal_pcd_ex.c **** #endif /* USE_HAL_PCD_REGISTER_CALLBACKS */
 177:Drivers/STM32L4xx_HAL_Driver/Src/stm32l4xx_hal_pcd_ex.c ****   }
 178:Drivers/STM32L4xx_HAL_Driver/Src/stm32l4xx_hal_pcd_ex.c **** 
 179:Drivers/STM32L4xx_HAL_Driver/Src/stm32l4xx_hal_pcd_ex.c ****   /* Primary detection: checks if connected to Standard Downstream Port
 180:Drivers/STM32L4xx_HAL_Driver/Src/stm32l4xx_hal_pcd_ex.c ****   (without charging capability) */
 181:Drivers/STM32L4xx_HAL_Driver/Src/stm32l4xx_hal_pcd_ex.c ****   USBx->GCCFG &= ~USB_OTG_GCCFG_DCDEN;
 182:Drivers/STM32L4xx_HAL_Driver/Src/stm32l4xx_hal_pcd_ex.c ****   HAL_Delay(50U);
 183:Drivers/STM32L4xx_HAL_Driver/Src/stm32l4xx_hal_pcd_ex.c ****   USBx->GCCFG |= USB_OTG_GCCFG_PDEN;
 184:Drivers/STM32L4xx_HAL_Driver/Src/stm32l4xx_hal_pcd_ex.c ****   HAL_Delay(50U);
 185:Drivers/STM32L4xx_HAL_Driver/Src/stm32l4xx_hal_pcd_ex.c **** 
 186:Drivers/STM32L4xx_HAL_Driver/Src/stm32l4xx_hal_pcd_ex.c ****   if ((USBx->GCCFG & USB_OTG_GCCFG_PDET) == 0U)
 187:Drivers/STM32L4xx_HAL_Driver/Src/stm32l4xx_hal_pcd_ex.c ****   {
 188:Drivers/STM32L4xx_HAL_Driver/Src/stm32l4xx_hal_pcd_ex.c ****     /* Case of Standard Downstream Port */
 189:Drivers/STM32L4xx_HAL_Driver/Src/stm32l4xx_hal_pcd_ex.c **** #if (USE_HAL_PCD_REGISTER_CALLBACKS == 1U)
 190:Drivers/STM32L4xx_HAL_Driver/Src/stm32l4xx_hal_pcd_ex.c ****     hpcd->BCDCallback(hpcd, PCD_BCD_STD_DOWNSTREAM_PORT);
 191:Drivers/STM32L4xx_HAL_Driver/Src/stm32l4xx_hal_pcd_ex.c **** #else
 192:Drivers/STM32L4xx_HAL_Driver/Src/stm32l4xx_hal_pcd_ex.c ****     HAL_PCDEx_BCD_Callback(hpcd, PCD_BCD_STD_DOWNSTREAM_PORT);
 193:Drivers/STM32L4xx_HAL_Driver/Src/stm32l4xx_hal_pcd_ex.c **** #endif /* USE_HAL_PCD_REGISTER_CALLBACKS */
 194:Drivers/STM32L4xx_HAL_Driver/Src/stm32l4xx_hal_pcd_ex.c ****   }
 195:Drivers/STM32L4xx_HAL_Driver/Src/stm32l4xx_hal_pcd_ex.c ****   else
 196:Drivers/STM32L4xx_HAL_Driver/Src/stm32l4xx_hal_pcd_ex.c ****   {
 197:Drivers/STM32L4xx_HAL_Driver/Src/stm32l4xx_hal_pcd_ex.c ****     /* start secondary detection to check connection to Charging Downstream
 198:Drivers/STM32L4xx_HAL_Driver/Src/stm32l4xx_hal_pcd_ex.c ****     Port or Dedicated Charging Port */
 199:Drivers/STM32L4xx_HAL_Driver/Src/stm32l4xx_hal_pcd_ex.c ****     USBx->GCCFG &= ~(USB_OTG_GCCFG_PDEN);
 200:Drivers/STM32L4xx_HAL_Driver/Src/stm32l4xx_hal_pcd_ex.c ****     HAL_Delay(50U);
ARM GAS  /var/folders/t4/6192qx0n3zgdnvcwt906k_mw0000gn/T//cc5tiFuQ.s 			page 5


 201:Drivers/STM32L4xx_HAL_Driver/Src/stm32l4xx_hal_pcd_ex.c ****     USBx->GCCFG |= USB_OTG_GCCFG_SDEN;
 202:Drivers/STM32L4xx_HAL_Driver/Src/stm32l4xx_hal_pcd_ex.c ****     HAL_Delay(50U);
 203:Drivers/STM32L4xx_HAL_Driver/Src/stm32l4xx_hal_pcd_ex.c **** 
 204:Drivers/STM32L4xx_HAL_Driver/Src/stm32l4xx_hal_pcd_ex.c ****     if ((USBx->GCCFG & USB_OTG_GCCFG_SDET) == USB_OTG_GCCFG_SDET)
 205:Drivers/STM32L4xx_HAL_Driver/Src/stm32l4xx_hal_pcd_ex.c ****     {
 206:Drivers/STM32L4xx_HAL_Driver/Src/stm32l4xx_hal_pcd_ex.c ****       /* case Dedicated Charging Port  */
 207:Drivers/STM32L4xx_HAL_Driver/Src/stm32l4xx_hal_pcd_ex.c **** #if (USE_HAL_PCD_REGISTER_CALLBACKS == 1U)
 208:Drivers/STM32L4xx_HAL_Driver/Src/stm32l4xx_hal_pcd_ex.c ****       hpcd->BCDCallback(hpcd, PCD_BCD_DEDICATED_CHARGING_PORT);
 209:Drivers/STM32L4xx_HAL_Driver/Src/stm32l4xx_hal_pcd_ex.c **** #else
 210:Drivers/STM32L4xx_HAL_Driver/Src/stm32l4xx_hal_pcd_ex.c ****       HAL_PCDEx_BCD_Callback(hpcd, PCD_BCD_DEDICATED_CHARGING_PORT);
 211:Drivers/STM32L4xx_HAL_Driver/Src/stm32l4xx_hal_pcd_ex.c **** #endif /* USE_HAL_PCD_REGISTER_CALLBACKS */
 212:Drivers/STM32L4xx_HAL_Driver/Src/stm32l4xx_hal_pcd_ex.c ****     }
 213:Drivers/STM32L4xx_HAL_Driver/Src/stm32l4xx_hal_pcd_ex.c ****     else
 214:Drivers/STM32L4xx_HAL_Driver/Src/stm32l4xx_hal_pcd_ex.c ****     {
 215:Drivers/STM32L4xx_HAL_Driver/Src/stm32l4xx_hal_pcd_ex.c ****       /* case Charging Downstream Port */
 216:Drivers/STM32L4xx_HAL_Driver/Src/stm32l4xx_hal_pcd_ex.c **** #if (USE_HAL_PCD_REGISTER_CALLBACKS == 1U)
 217:Drivers/STM32L4xx_HAL_Driver/Src/stm32l4xx_hal_pcd_ex.c ****       hpcd->BCDCallback(hpcd, PCD_BCD_CHARGING_DOWNSTREAM_PORT);
 218:Drivers/STM32L4xx_HAL_Driver/Src/stm32l4xx_hal_pcd_ex.c **** #else
 219:Drivers/STM32L4xx_HAL_Driver/Src/stm32l4xx_hal_pcd_ex.c ****       HAL_PCDEx_BCD_Callback(hpcd, PCD_BCD_CHARGING_DOWNSTREAM_PORT);
 220:Drivers/STM32L4xx_HAL_Driver/Src/stm32l4xx_hal_pcd_ex.c **** #endif /* USE_HAL_PCD_REGISTER_CALLBACKS */
 221:Drivers/STM32L4xx_HAL_Driver/Src/stm32l4xx_hal_pcd_ex.c ****     }
 222:Drivers/STM32L4xx_HAL_Driver/Src/stm32l4xx_hal_pcd_ex.c ****   }
 223:Drivers/STM32L4xx_HAL_Driver/Src/stm32l4xx_hal_pcd_ex.c **** 
 224:Drivers/STM32L4xx_HAL_Driver/Src/stm32l4xx_hal_pcd_ex.c ****   /* Battery Charging capability discovery finished */
 225:Drivers/STM32L4xx_HAL_Driver/Src/stm32l4xx_hal_pcd_ex.c ****   (void)HAL_PCDEx_DeActivateBCD(hpcd);
 226:Drivers/STM32L4xx_HAL_Driver/Src/stm32l4xx_hal_pcd_ex.c **** 
 227:Drivers/STM32L4xx_HAL_Driver/Src/stm32l4xx_hal_pcd_ex.c ****   /* Check for the Timeout, else start USB Device */
 228:Drivers/STM32L4xx_HAL_Driver/Src/stm32l4xx_hal_pcd_ex.c ****   if ((HAL_GetTick() - tickstart) > 1000U)
 229:Drivers/STM32L4xx_HAL_Driver/Src/stm32l4xx_hal_pcd_ex.c ****   {
 230:Drivers/STM32L4xx_HAL_Driver/Src/stm32l4xx_hal_pcd_ex.c **** #if (USE_HAL_PCD_REGISTER_CALLBACKS == 1U)
 231:Drivers/STM32L4xx_HAL_Driver/Src/stm32l4xx_hal_pcd_ex.c ****     hpcd->BCDCallback(hpcd, PCD_BCD_ERROR);
 232:Drivers/STM32L4xx_HAL_Driver/Src/stm32l4xx_hal_pcd_ex.c **** #else
 233:Drivers/STM32L4xx_HAL_Driver/Src/stm32l4xx_hal_pcd_ex.c ****     HAL_PCDEx_BCD_Callback(hpcd, PCD_BCD_ERROR);
 234:Drivers/STM32L4xx_HAL_Driver/Src/stm32l4xx_hal_pcd_ex.c **** #endif /* USE_HAL_PCD_REGISTER_CALLBACKS */
 235:Drivers/STM32L4xx_HAL_Driver/Src/stm32l4xx_hal_pcd_ex.c ****   }
 236:Drivers/STM32L4xx_HAL_Driver/Src/stm32l4xx_hal_pcd_ex.c ****   else
 237:Drivers/STM32L4xx_HAL_Driver/Src/stm32l4xx_hal_pcd_ex.c ****   {
 238:Drivers/STM32L4xx_HAL_Driver/Src/stm32l4xx_hal_pcd_ex.c **** #if (USE_HAL_PCD_REGISTER_CALLBACKS == 1U)
 239:Drivers/STM32L4xx_HAL_Driver/Src/stm32l4xx_hal_pcd_ex.c ****     hpcd->BCDCallback(hpcd, PCD_BCD_DISCOVERY_COMPLETED);
 240:Drivers/STM32L4xx_HAL_Driver/Src/stm32l4xx_hal_pcd_ex.c **** #else
 241:Drivers/STM32L4xx_HAL_Driver/Src/stm32l4xx_hal_pcd_ex.c ****     HAL_PCDEx_BCD_Callback(hpcd, PCD_BCD_DISCOVERY_COMPLETED);
 242:Drivers/STM32L4xx_HAL_Driver/Src/stm32l4xx_hal_pcd_ex.c **** #endif /* USE_HAL_PCD_REGISTER_CALLBACKS */
 243:Drivers/STM32L4xx_HAL_Driver/Src/stm32l4xx_hal_pcd_ex.c ****   }
 244:Drivers/STM32L4xx_HAL_Driver/Src/stm32l4xx_hal_pcd_ex.c **** }
 245:Drivers/STM32L4xx_HAL_Driver/Src/stm32l4xx_hal_pcd_ex.c **** 
 246:Drivers/STM32L4xx_HAL_Driver/Src/stm32l4xx_hal_pcd_ex.c **** /**
 247:Drivers/STM32L4xx_HAL_Driver/Src/stm32l4xx_hal_pcd_ex.c ****   * @brief  Activate BatteryCharging feature.
 248:Drivers/STM32L4xx_HAL_Driver/Src/stm32l4xx_hal_pcd_ex.c ****   * @param  hpcd PCD handle
 249:Drivers/STM32L4xx_HAL_Driver/Src/stm32l4xx_hal_pcd_ex.c ****   * @retval HAL status
 250:Drivers/STM32L4xx_HAL_Driver/Src/stm32l4xx_hal_pcd_ex.c ****   */
 251:Drivers/STM32L4xx_HAL_Driver/Src/stm32l4xx_hal_pcd_ex.c **** HAL_StatusTypeDef HAL_PCDEx_ActivateBCD(PCD_HandleTypeDef *hpcd)
 252:Drivers/STM32L4xx_HAL_Driver/Src/stm32l4xx_hal_pcd_ex.c **** {
 253:Drivers/STM32L4xx_HAL_Driver/Src/stm32l4xx_hal_pcd_ex.c ****   USB_OTG_GlobalTypeDef *USBx = hpcd->Instance;
 254:Drivers/STM32L4xx_HAL_Driver/Src/stm32l4xx_hal_pcd_ex.c **** 
 255:Drivers/STM32L4xx_HAL_Driver/Src/stm32l4xx_hal_pcd_ex.c ****   USBx->GCCFG &= ~(USB_OTG_GCCFG_PDEN);
 256:Drivers/STM32L4xx_HAL_Driver/Src/stm32l4xx_hal_pcd_ex.c ****   USBx->GCCFG &= ~(USB_OTG_GCCFG_SDEN);
 257:Drivers/STM32L4xx_HAL_Driver/Src/stm32l4xx_hal_pcd_ex.c **** 
ARM GAS  /var/folders/t4/6192qx0n3zgdnvcwt906k_mw0000gn/T//cc5tiFuQ.s 			page 6


 258:Drivers/STM32L4xx_HAL_Driver/Src/stm32l4xx_hal_pcd_ex.c ****   /* Power Down USB transceiver  */
 259:Drivers/STM32L4xx_HAL_Driver/Src/stm32l4xx_hal_pcd_ex.c ****   USBx->GCCFG &= ~(USB_OTG_GCCFG_PWRDWN);
 260:Drivers/STM32L4xx_HAL_Driver/Src/stm32l4xx_hal_pcd_ex.c **** 
 261:Drivers/STM32L4xx_HAL_Driver/Src/stm32l4xx_hal_pcd_ex.c ****   /* Enable Battery charging */
 262:Drivers/STM32L4xx_HAL_Driver/Src/stm32l4xx_hal_pcd_ex.c ****   USBx->GCCFG |= USB_OTG_GCCFG_BCDEN;
 263:Drivers/STM32L4xx_HAL_Driver/Src/stm32l4xx_hal_pcd_ex.c **** 
 264:Drivers/STM32L4xx_HAL_Driver/Src/stm32l4xx_hal_pcd_ex.c ****   hpcd->battery_charging_active = 1U;
 265:Drivers/STM32L4xx_HAL_Driver/Src/stm32l4xx_hal_pcd_ex.c **** 
 266:Drivers/STM32L4xx_HAL_Driver/Src/stm32l4xx_hal_pcd_ex.c ****   return HAL_OK;
 267:Drivers/STM32L4xx_HAL_Driver/Src/stm32l4xx_hal_pcd_ex.c **** }
 268:Drivers/STM32L4xx_HAL_Driver/Src/stm32l4xx_hal_pcd_ex.c **** 
 269:Drivers/STM32L4xx_HAL_Driver/Src/stm32l4xx_hal_pcd_ex.c **** /**
 270:Drivers/STM32L4xx_HAL_Driver/Src/stm32l4xx_hal_pcd_ex.c ****   * @brief  Deactivate BatteryCharging feature.
 271:Drivers/STM32L4xx_HAL_Driver/Src/stm32l4xx_hal_pcd_ex.c ****   * @param  hpcd PCD handle
 272:Drivers/STM32L4xx_HAL_Driver/Src/stm32l4xx_hal_pcd_ex.c ****   * @retval HAL status
 273:Drivers/STM32L4xx_HAL_Driver/Src/stm32l4xx_hal_pcd_ex.c ****   */
 274:Drivers/STM32L4xx_HAL_Driver/Src/stm32l4xx_hal_pcd_ex.c **** HAL_StatusTypeDef HAL_PCDEx_DeActivateBCD(PCD_HandleTypeDef *hpcd)
 275:Drivers/STM32L4xx_HAL_Driver/Src/stm32l4xx_hal_pcd_ex.c **** {
 276:Drivers/STM32L4xx_HAL_Driver/Src/stm32l4xx_hal_pcd_ex.c ****   USB_OTG_GlobalTypeDef *USBx = hpcd->Instance;
 277:Drivers/STM32L4xx_HAL_Driver/Src/stm32l4xx_hal_pcd_ex.c **** 
 278:Drivers/STM32L4xx_HAL_Driver/Src/stm32l4xx_hal_pcd_ex.c ****   USBx->GCCFG &= ~(USB_OTG_GCCFG_SDEN);
 279:Drivers/STM32L4xx_HAL_Driver/Src/stm32l4xx_hal_pcd_ex.c ****   USBx->GCCFG &= ~(USB_OTG_GCCFG_PDEN);
 280:Drivers/STM32L4xx_HAL_Driver/Src/stm32l4xx_hal_pcd_ex.c **** 
 281:Drivers/STM32L4xx_HAL_Driver/Src/stm32l4xx_hal_pcd_ex.c ****   /* Disable Battery charging */
 282:Drivers/STM32L4xx_HAL_Driver/Src/stm32l4xx_hal_pcd_ex.c ****   USBx->GCCFG &= ~(USB_OTG_GCCFG_BCDEN);
 283:Drivers/STM32L4xx_HAL_Driver/Src/stm32l4xx_hal_pcd_ex.c **** 
 284:Drivers/STM32L4xx_HAL_Driver/Src/stm32l4xx_hal_pcd_ex.c ****   hpcd->battery_charging_active = 0U;
 285:Drivers/STM32L4xx_HAL_Driver/Src/stm32l4xx_hal_pcd_ex.c **** 
 286:Drivers/STM32L4xx_HAL_Driver/Src/stm32l4xx_hal_pcd_ex.c ****   return HAL_OK;
 287:Drivers/STM32L4xx_HAL_Driver/Src/stm32l4xx_hal_pcd_ex.c **** }
 288:Drivers/STM32L4xx_HAL_Driver/Src/stm32l4xx_hal_pcd_ex.c **** 
 289:Drivers/STM32L4xx_HAL_Driver/Src/stm32l4xx_hal_pcd_ex.c **** #endif /* defined (USB_OTG_FS) */
 290:Drivers/STM32L4xx_HAL_Driver/Src/stm32l4xx_hal_pcd_ex.c **** #if defined (USB)
 291:Drivers/STM32L4xx_HAL_Driver/Src/stm32l4xx_hal_pcd_ex.c **** /**
 292:Drivers/STM32L4xx_HAL_Driver/Src/stm32l4xx_hal_pcd_ex.c ****   * @brief  Configure PMA for EP
 293:Drivers/STM32L4xx_HAL_Driver/Src/stm32l4xx_hal_pcd_ex.c ****   * @param  hpcd  Device instance
 294:Drivers/STM32L4xx_HAL_Driver/Src/stm32l4xx_hal_pcd_ex.c ****   * @param  ep_addr endpoint address
 295:Drivers/STM32L4xx_HAL_Driver/Src/stm32l4xx_hal_pcd_ex.c ****   * @param  ep_kind endpoint Kind
 296:Drivers/STM32L4xx_HAL_Driver/Src/stm32l4xx_hal_pcd_ex.c ****   *                  USB_SNG_BUF: Single Buffer used
 297:Drivers/STM32L4xx_HAL_Driver/Src/stm32l4xx_hal_pcd_ex.c ****   *                  USB_DBL_BUF: Double Buffer used
 298:Drivers/STM32L4xx_HAL_Driver/Src/stm32l4xx_hal_pcd_ex.c ****   * @param  pmaadress: EP address in The PMA: In case of single buffer endpoint
 299:Drivers/STM32L4xx_HAL_Driver/Src/stm32l4xx_hal_pcd_ex.c ****   *                   this parameter is 16-bit value providing the address
 300:Drivers/STM32L4xx_HAL_Driver/Src/stm32l4xx_hal_pcd_ex.c ****   *                   in PMA allocated to endpoint.
 301:Drivers/STM32L4xx_HAL_Driver/Src/stm32l4xx_hal_pcd_ex.c ****   *                   In case of double buffer endpoint this parameter
 302:Drivers/STM32L4xx_HAL_Driver/Src/stm32l4xx_hal_pcd_ex.c ****   *                   is a 32-bit value providing the endpoint buffer 0 address
 303:Drivers/STM32L4xx_HAL_Driver/Src/stm32l4xx_hal_pcd_ex.c ****   *                   in the LSB part of 32-bit value and endpoint buffer 1 address
 304:Drivers/STM32L4xx_HAL_Driver/Src/stm32l4xx_hal_pcd_ex.c ****   *                   in the MSB part of 32-bit value.
 305:Drivers/STM32L4xx_HAL_Driver/Src/stm32l4xx_hal_pcd_ex.c ****   * @retval HAL status
 306:Drivers/STM32L4xx_HAL_Driver/Src/stm32l4xx_hal_pcd_ex.c ****   */
 307:Drivers/STM32L4xx_HAL_Driver/Src/stm32l4xx_hal_pcd_ex.c **** 
 308:Drivers/STM32L4xx_HAL_Driver/Src/stm32l4xx_hal_pcd_ex.c **** HAL_StatusTypeDef  HAL_PCDEx_PMAConfig(PCD_HandleTypeDef *hpcd, uint16_t ep_addr,
 309:Drivers/STM32L4xx_HAL_Driver/Src/stm32l4xx_hal_pcd_ex.c ****                                        uint16_t ep_kind, uint32_t pmaadress)
 310:Drivers/STM32L4xx_HAL_Driver/Src/stm32l4xx_hal_pcd_ex.c **** {
  30              		.loc 1 310 1 view -0
  31              		.cfi_startproc
  32              		@ args = 0, pretend = 0, frame = 0
  33              		@ frame_needed = 0, uses_anonymous_args = 0
ARM GAS  /var/folders/t4/6192qx0n3zgdnvcwt906k_mw0000gn/T//cc5tiFuQ.s 			page 7


  34              		@ link register save eliminated.
 311:Drivers/STM32L4xx_HAL_Driver/Src/stm32l4xx_hal_pcd_ex.c ****   PCD_EPTypeDef *ep;
  35              		.loc 1 311 3 view .LVU1
 312:Drivers/STM32L4xx_HAL_Driver/Src/stm32l4xx_hal_pcd_ex.c **** 
 313:Drivers/STM32L4xx_HAL_Driver/Src/stm32l4xx_hal_pcd_ex.c ****   /* initialize ep structure*/
 314:Drivers/STM32L4xx_HAL_Driver/Src/stm32l4xx_hal_pcd_ex.c ****   if ((0x80U & ep_addr) == 0x80U)
  36              		.loc 1 314 3 view .LVU2
  37              		.loc 1 314 6 is_stmt 0 view .LVU3
  38 0000 11F0800F 		tst	r1, #128
  39 0004 0BD0     		beq	.L2
 315:Drivers/STM32L4xx_HAL_Driver/Src/stm32l4xx_hal_pcd_ex.c ****   {
 316:Drivers/STM32L4xx_HAL_Driver/Src/stm32l4xx_hal_pcd_ex.c ****     ep = &hpcd->IN_ep[ep_addr & EP_ADDR_MSK];
  40              		.loc 1 316 5 is_stmt 1 view .LVU4
  41              		.loc 1 316 31 is_stmt 0 view .LVU5
  42 0006 01F00701 		and	r1, r1, #7
  43              	.LVL1:
  44              		.loc 1 316 8 view .LVU6
  45 000a 01EB8101 		add	r1, r1, r1, lsl #2
  46 000e C900     		lsls	r1, r1, #3
  47 0010 1031     		adds	r1, r1, #16
  48 0012 0844     		add	r0, r0, r1
  49              	.LVL2:
  50              	.L3:
 317:Drivers/STM32L4xx_HAL_Driver/Src/stm32l4xx_hal_pcd_ex.c ****   }
 318:Drivers/STM32L4xx_HAL_Driver/Src/stm32l4xx_hal_pcd_ex.c ****   else
 319:Drivers/STM32L4xx_HAL_Driver/Src/stm32l4xx_hal_pcd_ex.c ****   {
 320:Drivers/STM32L4xx_HAL_Driver/Src/stm32l4xx_hal_pcd_ex.c ****     ep = &hpcd->OUT_ep[ep_addr];
 321:Drivers/STM32L4xx_HAL_Driver/Src/stm32l4xx_hal_pcd_ex.c ****   }
 322:Drivers/STM32L4xx_HAL_Driver/Src/stm32l4xx_hal_pcd_ex.c **** 
 323:Drivers/STM32L4xx_HAL_Driver/Src/stm32l4xx_hal_pcd_ex.c ****   /* Here we check if the endpoint is single or double Buffer*/
 324:Drivers/STM32L4xx_HAL_Driver/Src/stm32l4xx_hal_pcd_ex.c ****   if (ep_kind == PCD_SNG_BUF)
  51              		.loc 1 324 3 is_stmt 1 view .LVU7
  52              		.loc 1 324 6 is_stmt 0 view .LVU8
  53 0014 52B9     		cbnz	r2, .L4
 325:Drivers/STM32L4xx_HAL_Driver/Src/stm32l4xx_hal_pcd_ex.c ****   {
 326:Drivers/STM32L4xx_HAL_Driver/Src/stm32l4xx_hal_pcd_ex.c ****     /* Single Buffer */
 327:Drivers/STM32L4xx_HAL_Driver/Src/stm32l4xx_hal_pcd_ex.c ****     ep->doublebuffer = 0U;
  54              		.loc 1 327 5 is_stmt 1 view .LVU9
  55              		.loc 1 327 22 is_stmt 0 view .LVU10
  56 0016 0273     		strb	r2, [r0, #12]
 328:Drivers/STM32L4xx_HAL_Driver/Src/stm32l4xx_hal_pcd_ex.c ****     /* Configure the PMA */
 329:Drivers/STM32L4xx_HAL_Driver/Src/stm32l4xx_hal_pcd_ex.c ****     ep->pmaadress = (uint16_t)pmaadress;
  57              		.loc 1 329 5 is_stmt 1 view .LVU11
  58              		.loc 1 329 19 is_stmt 0 view .LVU12
  59 0018 C380     		strh	r3, [r0, #6]	@ movhi
  60              	.LVL3:
  61              	.L5:
 330:Drivers/STM32L4xx_HAL_Driver/Src/stm32l4xx_hal_pcd_ex.c ****   }
 331:Drivers/STM32L4xx_HAL_Driver/Src/stm32l4xx_hal_pcd_ex.c **** #if (USE_USB_DOUBLE_BUFFER == 1U)
 332:Drivers/STM32L4xx_HAL_Driver/Src/stm32l4xx_hal_pcd_ex.c ****   else /* USB_DBL_BUF */
 333:Drivers/STM32L4xx_HAL_Driver/Src/stm32l4xx_hal_pcd_ex.c ****   {
 334:Drivers/STM32L4xx_HAL_Driver/Src/stm32l4xx_hal_pcd_ex.c ****     /* Double Buffer Endpoint */
 335:Drivers/STM32L4xx_HAL_Driver/Src/stm32l4xx_hal_pcd_ex.c ****     ep->doublebuffer = 1U;
 336:Drivers/STM32L4xx_HAL_Driver/Src/stm32l4xx_hal_pcd_ex.c ****     /* Configure the PMA */
 337:Drivers/STM32L4xx_HAL_Driver/Src/stm32l4xx_hal_pcd_ex.c ****     ep->pmaaddr0 = (uint16_t)(pmaadress & 0xFFFFU);
 338:Drivers/STM32L4xx_HAL_Driver/Src/stm32l4xx_hal_pcd_ex.c ****     ep->pmaaddr1 = (uint16_t)((pmaadress & 0xFFFF0000U) >> 16);
 339:Drivers/STM32L4xx_HAL_Driver/Src/stm32l4xx_hal_pcd_ex.c ****   }
ARM GAS  /var/folders/t4/6192qx0n3zgdnvcwt906k_mw0000gn/T//cc5tiFuQ.s 			page 8


 340:Drivers/STM32L4xx_HAL_Driver/Src/stm32l4xx_hal_pcd_ex.c **** #endif /* (USE_USB_DOUBLE_BUFFER == 1U) */
 341:Drivers/STM32L4xx_HAL_Driver/Src/stm32l4xx_hal_pcd_ex.c **** 
 342:Drivers/STM32L4xx_HAL_Driver/Src/stm32l4xx_hal_pcd_ex.c ****   return HAL_OK;
  62              		.loc 1 342 3 is_stmt 1 view .LVU13
 343:Drivers/STM32L4xx_HAL_Driver/Src/stm32l4xx_hal_pcd_ex.c **** }
  63              		.loc 1 343 1 is_stmt 0 view .LVU14
  64 001a 0020     		movs	r0, #0
  65              	.LVL4:
  66              		.loc 1 343 1 view .LVU15
  67 001c 7047     		bx	lr
  68              	.LVL5:
  69              	.L2:
 320:Drivers/STM32L4xx_HAL_Driver/Src/stm32l4xx_hal_pcd_ex.c ****   }
  70              		.loc 1 320 5 is_stmt 1 view .LVU16
 320:Drivers/STM32L4xx_HAL_Driver/Src/stm32l4xx_hal_pcd_ex.c ****   }
  71              		.loc 1 320 8 is_stmt 0 view .LVU17
  72 001e 01EB8101 		add	r1, r1, r1, lsl #2
  73              	.LVL6:
 320:Drivers/STM32L4xx_HAL_Driver/Src/stm32l4xx_hal_pcd_ex.c ****   }
  74              		.loc 1 320 8 view .LVU18
  75 0022 C900     		lsls	r1, r1, #3
  76 0024 01F5A871 		add	r1, r1, #336
  77 0028 0844     		add	r0, r0, r1
  78              	.LVL7:
 320:Drivers/STM32L4xx_HAL_Driver/Src/stm32l4xx_hal_pcd_ex.c ****   }
  79              		.loc 1 320 8 view .LVU19
  80 002a F3E7     		b	.L3
  81              	.L4:
 335:Drivers/STM32L4xx_HAL_Driver/Src/stm32l4xx_hal_pcd_ex.c ****     /* Configure the PMA */
  82              		.loc 1 335 5 is_stmt 1 view .LVU20
 335:Drivers/STM32L4xx_HAL_Driver/Src/stm32l4xx_hal_pcd_ex.c ****     /* Configure the PMA */
  83              		.loc 1 335 22 is_stmt 0 view .LVU21
  84 002c 0122     		movs	r2, #1
  85              	.LVL8:
 335:Drivers/STM32L4xx_HAL_Driver/Src/stm32l4xx_hal_pcd_ex.c ****     /* Configure the PMA */
  86              		.loc 1 335 22 view .LVU22
  87 002e 0273     		strb	r2, [r0, #12]
 337:Drivers/STM32L4xx_HAL_Driver/Src/stm32l4xx_hal_pcd_ex.c ****     ep->pmaaddr1 = (uint16_t)((pmaadress & 0xFFFF0000U) >> 16);
  88              		.loc 1 337 5 is_stmt 1 view .LVU23
 337:Drivers/STM32L4xx_HAL_Driver/Src/stm32l4xx_hal_pcd_ex.c ****     ep->pmaaddr1 = (uint16_t)((pmaadress & 0xFFFF0000U) >> 16);
  89              		.loc 1 337 18 is_stmt 0 view .LVU24
  90 0030 0381     		strh	r3, [r0, #8]	@ movhi
 338:Drivers/STM32L4xx_HAL_Driver/Src/stm32l4xx_hal_pcd_ex.c ****   }
  91              		.loc 1 338 5 is_stmt 1 view .LVU25
 338:Drivers/STM32L4xx_HAL_Driver/Src/stm32l4xx_hal_pcd_ex.c ****   }
  92              		.loc 1 338 20 is_stmt 0 view .LVU26
  93 0032 1B0C     		lsrs	r3, r3, #16
  94              	.LVL9:
 338:Drivers/STM32L4xx_HAL_Driver/Src/stm32l4xx_hal_pcd_ex.c ****   }
  95              		.loc 1 338 18 view .LVU27
  96 0034 4381     		strh	r3, [r0, #10]	@ movhi
  97 0036 F0E7     		b	.L5
  98              		.cfi_endproc
  99              	.LFE319:
 101              		.section	.text.HAL_PCDEx_ActivateBCD,"ax",%progbits
 102              		.align	1
 103              		.global	HAL_PCDEx_ActivateBCD
ARM GAS  /var/folders/t4/6192qx0n3zgdnvcwt906k_mw0000gn/T//cc5tiFuQ.s 			page 9


 104              		.syntax unified
 105              		.thumb
 106              		.thumb_func
 108              	HAL_PCDEx_ActivateBCD:
 109              	.LVL10:
 110              	.LFB320:
 344:Drivers/STM32L4xx_HAL_Driver/Src/stm32l4xx_hal_pcd_ex.c **** 
 345:Drivers/STM32L4xx_HAL_Driver/Src/stm32l4xx_hal_pcd_ex.c **** /**
 346:Drivers/STM32L4xx_HAL_Driver/Src/stm32l4xx_hal_pcd_ex.c ****   * @brief  Activate BatteryCharging feature.
 347:Drivers/STM32L4xx_HAL_Driver/Src/stm32l4xx_hal_pcd_ex.c ****   * @param  hpcd PCD handle
 348:Drivers/STM32L4xx_HAL_Driver/Src/stm32l4xx_hal_pcd_ex.c ****   * @retval HAL status
 349:Drivers/STM32L4xx_HAL_Driver/Src/stm32l4xx_hal_pcd_ex.c ****   */
 350:Drivers/STM32L4xx_HAL_Driver/Src/stm32l4xx_hal_pcd_ex.c **** HAL_StatusTypeDef HAL_PCDEx_ActivateBCD(PCD_HandleTypeDef *hpcd)
 351:Drivers/STM32L4xx_HAL_Driver/Src/stm32l4xx_hal_pcd_ex.c **** {
 111              		.loc 1 351 1 is_stmt 1 view -0
 112              		.cfi_startproc
 113              		@ args = 0, pretend = 0, frame = 0
 114              		@ frame_needed = 0, uses_anonymous_args = 0
 115              		@ link register save eliminated.
 352:Drivers/STM32L4xx_HAL_Driver/Src/stm32l4xx_hal_pcd_ex.c ****   USB_TypeDef *USBx = hpcd->Instance;
 116              		.loc 1 352 3 view .LVU29
 117              		.loc 1 352 16 is_stmt 0 view .LVU30
 118 0000 0368     		ldr	r3, [r0]
 119              	.LVL11:
 353:Drivers/STM32L4xx_HAL_Driver/Src/stm32l4xx_hal_pcd_ex.c ****   hpcd->battery_charging_active = 1U;
 120              		.loc 1 353 3 is_stmt 1 view .LVU31
 121              		.loc 1 353 33 is_stmt 0 view .LVU32
 122 0002 0122     		movs	r2, #1
 123 0004 C0F8D822 		str	r2, [r0, #728]
 354:Drivers/STM32L4xx_HAL_Driver/Src/stm32l4xx_hal_pcd_ex.c **** 
 355:Drivers/STM32L4xx_HAL_Driver/Src/stm32l4xx_hal_pcd_ex.c ****   /* Enable BCD feature */
 356:Drivers/STM32L4xx_HAL_Driver/Src/stm32l4xx_hal_pcd_ex.c ****   USBx->BCDR |= USB_BCDR_BCDEN;
 124              		.loc 1 356 3 is_stmt 1 view .LVU33
 125              		.loc 1 356 7 is_stmt 0 view .LVU34
 126 0008 B3F85820 		ldrh	r2, [r3, #88]
 127 000c 92B2     		uxth	r2, r2
 128              		.loc 1 356 14 view .LVU35
 129 000e 42F00102 		orr	r2, r2, #1
 130 0012 A3F85820 		strh	r2, [r3, #88]	@ movhi
 357:Drivers/STM32L4xx_HAL_Driver/Src/stm32l4xx_hal_pcd_ex.c **** 
 358:Drivers/STM32L4xx_HAL_Driver/Src/stm32l4xx_hal_pcd_ex.c ****   /* Enable DCD : Data Contact Detect */
 359:Drivers/STM32L4xx_HAL_Driver/Src/stm32l4xx_hal_pcd_ex.c ****   USBx->BCDR &= ~(USB_BCDR_PDEN);
 131              		.loc 1 359 3 is_stmt 1 view .LVU36
 132              		.loc 1 359 7 is_stmt 0 view .LVU37
 133 0016 B3F85820 		ldrh	r2, [r3, #88]
 134 001a 92B2     		uxth	r2, r2
 135              		.loc 1 359 14 view .LVU38
 136 001c 22F00402 		bic	r2, r2, #4
 137 0020 92B2     		uxth	r2, r2
 138 0022 A3F85820 		strh	r2, [r3, #88]	@ movhi
 360:Drivers/STM32L4xx_HAL_Driver/Src/stm32l4xx_hal_pcd_ex.c ****   USBx->BCDR &= ~(USB_BCDR_SDEN);
 139              		.loc 1 360 3 is_stmt 1 view .LVU39
 140              		.loc 1 360 7 is_stmt 0 view .LVU40
 141 0026 B3F85820 		ldrh	r2, [r3, #88]
 142 002a 92B2     		uxth	r2, r2
 143              		.loc 1 360 14 view .LVU41
 144 002c 22F00802 		bic	r2, r2, #8
ARM GAS  /var/folders/t4/6192qx0n3zgdnvcwt906k_mw0000gn/T//cc5tiFuQ.s 			page 10


 145 0030 92B2     		uxth	r2, r2
 146 0032 A3F85820 		strh	r2, [r3, #88]	@ movhi
 361:Drivers/STM32L4xx_HAL_Driver/Src/stm32l4xx_hal_pcd_ex.c ****   USBx->BCDR |= USB_BCDR_DCDEN;
 147              		.loc 1 361 3 is_stmt 1 view .LVU42
 148              		.loc 1 361 7 is_stmt 0 view .LVU43
 149 0036 B3F85820 		ldrh	r2, [r3, #88]
 150 003a 92B2     		uxth	r2, r2
 151              		.loc 1 361 14 view .LVU44
 152 003c 42F00202 		orr	r2, r2, #2
 153 0040 A3F85820 		strh	r2, [r3, #88]	@ movhi
 362:Drivers/STM32L4xx_HAL_Driver/Src/stm32l4xx_hal_pcd_ex.c **** 
 363:Drivers/STM32L4xx_HAL_Driver/Src/stm32l4xx_hal_pcd_ex.c ****   return HAL_OK;
 154              		.loc 1 363 3 is_stmt 1 view .LVU45
 364:Drivers/STM32L4xx_HAL_Driver/Src/stm32l4xx_hal_pcd_ex.c **** }
 155              		.loc 1 364 1 is_stmt 0 view .LVU46
 156 0044 0020     		movs	r0, #0
 157              	.LVL12:
 158              		.loc 1 364 1 view .LVU47
 159 0046 7047     		bx	lr
 160              		.cfi_endproc
 161              	.LFE320:
 163              		.section	.text.HAL_PCDEx_DeActivateBCD,"ax",%progbits
 164              		.align	1
 165              		.global	HAL_PCDEx_DeActivateBCD
 166              		.syntax unified
 167              		.thumb
 168              		.thumb_func
 170              	HAL_PCDEx_DeActivateBCD:
 171              	.LVL13:
 172              	.LFB321:
 365:Drivers/STM32L4xx_HAL_Driver/Src/stm32l4xx_hal_pcd_ex.c **** 
 366:Drivers/STM32L4xx_HAL_Driver/Src/stm32l4xx_hal_pcd_ex.c **** /**
 367:Drivers/STM32L4xx_HAL_Driver/Src/stm32l4xx_hal_pcd_ex.c ****   * @brief  Deactivate BatteryCharging feature.
 368:Drivers/STM32L4xx_HAL_Driver/Src/stm32l4xx_hal_pcd_ex.c ****   * @param  hpcd PCD handle
 369:Drivers/STM32L4xx_HAL_Driver/Src/stm32l4xx_hal_pcd_ex.c ****   * @retval HAL status
 370:Drivers/STM32L4xx_HAL_Driver/Src/stm32l4xx_hal_pcd_ex.c ****   */
 371:Drivers/STM32L4xx_HAL_Driver/Src/stm32l4xx_hal_pcd_ex.c **** HAL_StatusTypeDef HAL_PCDEx_DeActivateBCD(PCD_HandleTypeDef *hpcd)
 372:Drivers/STM32L4xx_HAL_Driver/Src/stm32l4xx_hal_pcd_ex.c **** {
 173              		.loc 1 372 1 is_stmt 1 view -0
 174              		.cfi_startproc
 175              		@ args = 0, pretend = 0, frame = 0
 176              		@ frame_needed = 0, uses_anonymous_args = 0
 177              		@ link register save eliminated.
 178              		.loc 1 372 1 is_stmt 0 view .LVU49
 179 0000 0346     		mov	r3, r0
 373:Drivers/STM32L4xx_HAL_Driver/Src/stm32l4xx_hal_pcd_ex.c ****   USB_TypeDef *USBx = hpcd->Instance;
 180              		.loc 1 373 3 is_stmt 1 view .LVU50
 181              		.loc 1 373 16 is_stmt 0 view .LVU51
 182 0002 0268     		ldr	r2, [r0]
 183              	.LVL14:
 374:Drivers/STM32L4xx_HAL_Driver/Src/stm32l4xx_hal_pcd_ex.c ****   hpcd->battery_charging_active = 0U;
 184              		.loc 1 374 3 is_stmt 1 view .LVU52
 185              		.loc 1 374 33 is_stmt 0 view .LVU53
 186 0004 0020     		movs	r0, #0
 187              	.LVL15:
 188              		.loc 1 374 33 view .LVU54
 189 0006 C3F8D802 		str	r0, [r3, #728]
ARM GAS  /var/folders/t4/6192qx0n3zgdnvcwt906k_mw0000gn/T//cc5tiFuQ.s 			page 11


 375:Drivers/STM32L4xx_HAL_Driver/Src/stm32l4xx_hal_pcd_ex.c **** 
 376:Drivers/STM32L4xx_HAL_Driver/Src/stm32l4xx_hal_pcd_ex.c ****   /* Disable BCD feature */
 377:Drivers/STM32L4xx_HAL_Driver/Src/stm32l4xx_hal_pcd_ex.c ****   USBx->BCDR &= ~(USB_BCDR_BCDEN);
 190              		.loc 1 377 3 is_stmt 1 view .LVU55
 191              		.loc 1 377 7 is_stmt 0 view .LVU56
 192 000a B2F85830 		ldrh	r3, [r2, #88]
 193              	.LVL16:
 194              		.loc 1 377 7 view .LVU57
 195 000e 9BB2     		uxth	r3, r3
 196              		.loc 1 377 14 view .LVU58
 197 0010 23F00103 		bic	r3, r3, #1
 198 0014 9BB2     		uxth	r3, r3
 199 0016 A2F85830 		strh	r3, [r2, #88]	@ movhi
 378:Drivers/STM32L4xx_HAL_Driver/Src/stm32l4xx_hal_pcd_ex.c **** 
 379:Drivers/STM32L4xx_HAL_Driver/Src/stm32l4xx_hal_pcd_ex.c ****   return HAL_OK;
 200              		.loc 1 379 3 is_stmt 1 view .LVU59
 380:Drivers/STM32L4xx_HAL_Driver/Src/stm32l4xx_hal_pcd_ex.c **** }
 201              		.loc 1 380 1 is_stmt 0 view .LVU60
 202 001a 7047     		bx	lr
 203              		.cfi_endproc
 204              	.LFE321:
 206              		.section	.text.HAL_PCDEx_ActivateLPM,"ax",%progbits
 207              		.align	1
 208              		.global	HAL_PCDEx_ActivateLPM
 209              		.syntax unified
 210              		.thumb
 211              		.thumb_func
 213              	HAL_PCDEx_ActivateLPM:
 214              	.LVL17:
 215              	.LFB323:
 381:Drivers/STM32L4xx_HAL_Driver/Src/stm32l4xx_hal_pcd_ex.c **** 
 382:Drivers/STM32L4xx_HAL_Driver/Src/stm32l4xx_hal_pcd_ex.c **** /**
 383:Drivers/STM32L4xx_HAL_Driver/Src/stm32l4xx_hal_pcd_ex.c ****   * @brief  Handle BatteryCharging Process.
 384:Drivers/STM32L4xx_HAL_Driver/Src/stm32l4xx_hal_pcd_ex.c ****   * @param  hpcd PCD handle
 385:Drivers/STM32L4xx_HAL_Driver/Src/stm32l4xx_hal_pcd_ex.c ****   * @retval HAL status
 386:Drivers/STM32L4xx_HAL_Driver/Src/stm32l4xx_hal_pcd_ex.c ****   */
 387:Drivers/STM32L4xx_HAL_Driver/Src/stm32l4xx_hal_pcd_ex.c **** void HAL_PCDEx_BCD_VBUSDetect(PCD_HandleTypeDef *hpcd)
 388:Drivers/STM32L4xx_HAL_Driver/Src/stm32l4xx_hal_pcd_ex.c **** {
 389:Drivers/STM32L4xx_HAL_Driver/Src/stm32l4xx_hal_pcd_ex.c ****   USB_TypeDef *USBx = hpcd->Instance;
 390:Drivers/STM32L4xx_HAL_Driver/Src/stm32l4xx_hal_pcd_ex.c ****   uint32_t tickstart = HAL_GetTick();
 391:Drivers/STM32L4xx_HAL_Driver/Src/stm32l4xx_hal_pcd_ex.c **** 
 392:Drivers/STM32L4xx_HAL_Driver/Src/stm32l4xx_hal_pcd_ex.c ****   /* Wait for Min DCD Timeout */
 393:Drivers/STM32L4xx_HAL_Driver/Src/stm32l4xx_hal_pcd_ex.c ****   HAL_Delay(300U);
 394:Drivers/STM32L4xx_HAL_Driver/Src/stm32l4xx_hal_pcd_ex.c **** 
 395:Drivers/STM32L4xx_HAL_Driver/Src/stm32l4xx_hal_pcd_ex.c ****   /* Data Pin Contact ? Check Detect flag */
 396:Drivers/STM32L4xx_HAL_Driver/Src/stm32l4xx_hal_pcd_ex.c ****   if ((USBx->BCDR & USB_BCDR_DCDET) == USB_BCDR_DCDET)
 397:Drivers/STM32L4xx_HAL_Driver/Src/stm32l4xx_hal_pcd_ex.c ****   {
 398:Drivers/STM32L4xx_HAL_Driver/Src/stm32l4xx_hal_pcd_ex.c **** #if (USE_HAL_PCD_REGISTER_CALLBACKS == 1U)
 399:Drivers/STM32L4xx_HAL_Driver/Src/stm32l4xx_hal_pcd_ex.c ****     hpcd->BCDCallback(hpcd, PCD_BCD_CONTACT_DETECTION);
 400:Drivers/STM32L4xx_HAL_Driver/Src/stm32l4xx_hal_pcd_ex.c **** #else
 401:Drivers/STM32L4xx_HAL_Driver/Src/stm32l4xx_hal_pcd_ex.c ****     HAL_PCDEx_BCD_Callback(hpcd, PCD_BCD_CONTACT_DETECTION);
 402:Drivers/STM32L4xx_HAL_Driver/Src/stm32l4xx_hal_pcd_ex.c **** #endif /* USE_HAL_PCD_REGISTER_CALLBACKS */
 403:Drivers/STM32L4xx_HAL_Driver/Src/stm32l4xx_hal_pcd_ex.c ****   }
 404:Drivers/STM32L4xx_HAL_Driver/Src/stm32l4xx_hal_pcd_ex.c ****   /* Primary detection: checks if connected to Standard Downstream Port
 405:Drivers/STM32L4xx_HAL_Driver/Src/stm32l4xx_hal_pcd_ex.c ****   (without charging capability) */
 406:Drivers/STM32L4xx_HAL_Driver/Src/stm32l4xx_hal_pcd_ex.c ****   USBx->BCDR &= ~(USB_BCDR_DCDEN);
 407:Drivers/STM32L4xx_HAL_Driver/Src/stm32l4xx_hal_pcd_ex.c ****   HAL_Delay(50U);
ARM GAS  /var/folders/t4/6192qx0n3zgdnvcwt906k_mw0000gn/T//cc5tiFuQ.s 			page 12


 408:Drivers/STM32L4xx_HAL_Driver/Src/stm32l4xx_hal_pcd_ex.c ****   USBx->BCDR |= (USB_BCDR_PDEN);
 409:Drivers/STM32L4xx_HAL_Driver/Src/stm32l4xx_hal_pcd_ex.c ****   HAL_Delay(50U);
 410:Drivers/STM32L4xx_HAL_Driver/Src/stm32l4xx_hal_pcd_ex.c **** 
 411:Drivers/STM32L4xx_HAL_Driver/Src/stm32l4xx_hal_pcd_ex.c ****   /* If Charger detect ? */
 412:Drivers/STM32L4xx_HAL_Driver/Src/stm32l4xx_hal_pcd_ex.c ****   if ((USBx->BCDR & USB_BCDR_PDET) == USB_BCDR_PDET)
 413:Drivers/STM32L4xx_HAL_Driver/Src/stm32l4xx_hal_pcd_ex.c ****   {
 414:Drivers/STM32L4xx_HAL_Driver/Src/stm32l4xx_hal_pcd_ex.c ****     /* Start secondary detection to check connection to Charging Downstream
 415:Drivers/STM32L4xx_HAL_Driver/Src/stm32l4xx_hal_pcd_ex.c ****     Port or Dedicated Charging Port */
 416:Drivers/STM32L4xx_HAL_Driver/Src/stm32l4xx_hal_pcd_ex.c ****     USBx->BCDR &= ~(USB_BCDR_PDEN);
 417:Drivers/STM32L4xx_HAL_Driver/Src/stm32l4xx_hal_pcd_ex.c ****     HAL_Delay(50U);
 418:Drivers/STM32L4xx_HAL_Driver/Src/stm32l4xx_hal_pcd_ex.c ****     USBx->BCDR |= (USB_BCDR_SDEN);
 419:Drivers/STM32L4xx_HAL_Driver/Src/stm32l4xx_hal_pcd_ex.c ****     HAL_Delay(50U);
 420:Drivers/STM32L4xx_HAL_Driver/Src/stm32l4xx_hal_pcd_ex.c **** 
 421:Drivers/STM32L4xx_HAL_Driver/Src/stm32l4xx_hal_pcd_ex.c ****     /* If CDP ? */
 422:Drivers/STM32L4xx_HAL_Driver/Src/stm32l4xx_hal_pcd_ex.c ****     if ((USBx->BCDR & USB_BCDR_SDET) == USB_BCDR_SDET)
 423:Drivers/STM32L4xx_HAL_Driver/Src/stm32l4xx_hal_pcd_ex.c ****     {
 424:Drivers/STM32L4xx_HAL_Driver/Src/stm32l4xx_hal_pcd_ex.c ****       /* Dedicated Downstream Port DCP */
 425:Drivers/STM32L4xx_HAL_Driver/Src/stm32l4xx_hal_pcd_ex.c **** #if (USE_HAL_PCD_REGISTER_CALLBACKS == 1U)
 426:Drivers/STM32L4xx_HAL_Driver/Src/stm32l4xx_hal_pcd_ex.c ****       hpcd->BCDCallback(hpcd, PCD_BCD_DEDICATED_CHARGING_PORT);
 427:Drivers/STM32L4xx_HAL_Driver/Src/stm32l4xx_hal_pcd_ex.c **** #else
 428:Drivers/STM32L4xx_HAL_Driver/Src/stm32l4xx_hal_pcd_ex.c ****       HAL_PCDEx_BCD_Callback(hpcd, PCD_BCD_DEDICATED_CHARGING_PORT);
 429:Drivers/STM32L4xx_HAL_Driver/Src/stm32l4xx_hal_pcd_ex.c **** #endif /* USE_HAL_PCD_REGISTER_CALLBACKS */
 430:Drivers/STM32L4xx_HAL_Driver/Src/stm32l4xx_hal_pcd_ex.c ****     }
 431:Drivers/STM32L4xx_HAL_Driver/Src/stm32l4xx_hal_pcd_ex.c ****     else
 432:Drivers/STM32L4xx_HAL_Driver/Src/stm32l4xx_hal_pcd_ex.c ****     {
 433:Drivers/STM32L4xx_HAL_Driver/Src/stm32l4xx_hal_pcd_ex.c ****       /* Charging Downstream Port CDP */
 434:Drivers/STM32L4xx_HAL_Driver/Src/stm32l4xx_hal_pcd_ex.c **** #if (USE_HAL_PCD_REGISTER_CALLBACKS == 1U)
 435:Drivers/STM32L4xx_HAL_Driver/Src/stm32l4xx_hal_pcd_ex.c ****       hpcd->BCDCallback(hpcd, PCD_BCD_CHARGING_DOWNSTREAM_PORT);
 436:Drivers/STM32L4xx_HAL_Driver/Src/stm32l4xx_hal_pcd_ex.c **** #else
 437:Drivers/STM32L4xx_HAL_Driver/Src/stm32l4xx_hal_pcd_ex.c ****       HAL_PCDEx_BCD_Callback(hpcd, PCD_BCD_CHARGING_DOWNSTREAM_PORT);
 438:Drivers/STM32L4xx_HAL_Driver/Src/stm32l4xx_hal_pcd_ex.c **** #endif /* USE_HAL_PCD_REGISTER_CALLBACKS */
 439:Drivers/STM32L4xx_HAL_Driver/Src/stm32l4xx_hal_pcd_ex.c ****     }
 440:Drivers/STM32L4xx_HAL_Driver/Src/stm32l4xx_hal_pcd_ex.c ****   }
 441:Drivers/STM32L4xx_HAL_Driver/Src/stm32l4xx_hal_pcd_ex.c ****   else /* NO */
 442:Drivers/STM32L4xx_HAL_Driver/Src/stm32l4xx_hal_pcd_ex.c ****   {
 443:Drivers/STM32L4xx_HAL_Driver/Src/stm32l4xx_hal_pcd_ex.c ****     /* Standard Downstream Port */
 444:Drivers/STM32L4xx_HAL_Driver/Src/stm32l4xx_hal_pcd_ex.c **** #if (USE_HAL_PCD_REGISTER_CALLBACKS == 1U)
 445:Drivers/STM32L4xx_HAL_Driver/Src/stm32l4xx_hal_pcd_ex.c ****     hpcd->BCDCallback(hpcd, PCD_BCD_STD_DOWNSTREAM_PORT);
 446:Drivers/STM32L4xx_HAL_Driver/Src/stm32l4xx_hal_pcd_ex.c **** #else
 447:Drivers/STM32L4xx_HAL_Driver/Src/stm32l4xx_hal_pcd_ex.c ****     HAL_PCDEx_BCD_Callback(hpcd, PCD_BCD_STD_DOWNSTREAM_PORT);
 448:Drivers/STM32L4xx_HAL_Driver/Src/stm32l4xx_hal_pcd_ex.c **** #endif /* USE_HAL_PCD_REGISTER_CALLBACKS */
 449:Drivers/STM32L4xx_HAL_Driver/Src/stm32l4xx_hal_pcd_ex.c ****   }
 450:Drivers/STM32L4xx_HAL_Driver/Src/stm32l4xx_hal_pcd_ex.c **** 
 451:Drivers/STM32L4xx_HAL_Driver/Src/stm32l4xx_hal_pcd_ex.c ****   /* Battery Charging capability discovery finished Start Enumeration */
 452:Drivers/STM32L4xx_HAL_Driver/Src/stm32l4xx_hal_pcd_ex.c ****   (void)HAL_PCDEx_DeActivateBCD(hpcd);
 453:Drivers/STM32L4xx_HAL_Driver/Src/stm32l4xx_hal_pcd_ex.c **** 
 454:Drivers/STM32L4xx_HAL_Driver/Src/stm32l4xx_hal_pcd_ex.c ****   /* Check for the Timeout, else start USB Device */
 455:Drivers/STM32L4xx_HAL_Driver/Src/stm32l4xx_hal_pcd_ex.c ****   if ((HAL_GetTick() - tickstart) > 1000U)
 456:Drivers/STM32L4xx_HAL_Driver/Src/stm32l4xx_hal_pcd_ex.c ****   {
 457:Drivers/STM32L4xx_HAL_Driver/Src/stm32l4xx_hal_pcd_ex.c **** #if (USE_HAL_PCD_REGISTER_CALLBACKS == 1U)
 458:Drivers/STM32L4xx_HAL_Driver/Src/stm32l4xx_hal_pcd_ex.c ****     hpcd->BCDCallback(hpcd, PCD_BCD_ERROR);
 459:Drivers/STM32L4xx_HAL_Driver/Src/stm32l4xx_hal_pcd_ex.c **** #else
 460:Drivers/STM32L4xx_HAL_Driver/Src/stm32l4xx_hal_pcd_ex.c ****     HAL_PCDEx_BCD_Callback(hpcd, PCD_BCD_ERROR);
 461:Drivers/STM32L4xx_HAL_Driver/Src/stm32l4xx_hal_pcd_ex.c **** #endif /* USE_HAL_PCD_REGISTER_CALLBACKS */
 462:Drivers/STM32L4xx_HAL_Driver/Src/stm32l4xx_hal_pcd_ex.c ****   }
 463:Drivers/STM32L4xx_HAL_Driver/Src/stm32l4xx_hal_pcd_ex.c ****   else
 464:Drivers/STM32L4xx_HAL_Driver/Src/stm32l4xx_hal_pcd_ex.c ****   {
ARM GAS  /var/folders/t4/6192qx0n3zgdnvcwt906k_mw0000gn/T//cc5tiFuQ.s 			page 13


 465:Drivers/STM32L4xx_HAL_Driver/Src/stm32l4xx_hal_pcd_ex.c **** #if (USE_HAL_PCD_REGISTER_CALLBACKS == 1U)
 466:Drivers/STM32L4xx_HAL_Driver/Src/stm32l4xx_hal_pcd_ex.c ****     hpcd->BCDCallback(hpcd, PCD_BCD_DISCOVERY_COMPLETED);
 467:Drivers/STM32L4xx_HAL_Driver/Src/stm32l4xx_hal_pcd_ex.c **** #else
 468:Drivers/STM32L4xx_HAL_Driver/Src/stm32l4xx_hal_pcd_ex.c ****     HAL_PCDEx_BCD_Callback(hpcd, PCD_BCD_DISCOVERY_COMPLETED);
 469:Drivers/STM32L4xx_HAL_Driver/Src/stm32l4xx_hal_pcd_ex.c **** #endif /* USE_HAL_PCD_REGISTER_CALLBACKS */
 470:Drivers/STM32L4xx_HAL_Driver/Src/stm32l4xx_hal_pcd_ex.c ****   }
 471:Drivers/STM32L4xx_HAL_Driver/Src/stm32l4xx_hal_pcd_ex.c **** }
 472:Drivers/STM32L4xx_HAL_Driver/Src/stm32l4xx_hal_pcd_ex.c **** 
 473:Drivers/STM32L4xx_HAL_Driver/Src/stm32l4xx_hal_pcd_ex.c **** /**
 474:Drivers/STM32L4xx_HAL_Driver/Src/stm32l4xx_hal_pcd_ex.c ****   * @brief  Activate LPM feature.
 475:Drivers/STM32L4xx_HAL_Driver/Src/stm32l4xx_hal_pcd_ex.c ****   * @param  hpcd PCD handle
 476:Drivers/STM32L4xx_HAL_Driver/Src/stm32l4xx_hal_pcd_ex.c ****   * @retval HAL status
 477:Drivers/STM32L4xx_HAL_Driver/Src/stm32l4xx_hal_pcd_ex.c ****   */
 478:Drivers/STM32L4xx_HAL_Driver/Src/stm32l4xx_hal_pcd_ex.c **** HAL_StatusTypeDef HAL_PCDEx_ActivateLPM(PCD_HandleTypeDef *hpcd)
 479:Drivers/STM32L4xx_HAL_Driver/Src/stm32l4xx_hal_pcd_ex.c **** {
 216              		.loc 1 479 1 is_stmt 1 view -0
 217              		.cfi_startproc
 218              		@ args = 0, pretend = 0, frame = 0
 219              		@ frame_needed = 0, uses_anonymous_args = 0
 220              		@ link register save eliminated.
 221              		.loc 1 479 1 is_stmt 0 view .LVU62
 222 0000 0346     		mov	r3, r0
 480:Drivers/STM32L4xx_HAL_Driver/Src/stm32l4xx_hal_pcd_ex.c **** 
 481:Drivers/STM32L4xx_HAL_Driver/Src/stm32l4xx_hal_pcd_ex.c ****   USB_TypeDef *USBx = hpcd->Instance;
 223              		.loc 1 481 3 is_stmt 1 view .LVU63
 224              		.loc 1 481 16 is_stmt 0 view .LVU64
 225 0002 0268     		ldr	r2, [r0]
 226              	.LVL18:
 482:Drivers/STM32L4xx_HAL_Driver/Src/stm32l4xx_hal_pcd_ex.c ****   hpcd->lpm_active = 1U;
 227              		.loc 1 482 3 is_stmt 1 view .LVU65
 228              		.loc 1 482 20 is_stmt 0 view .LVU66
 229 0004 0121     		movs	r1, #1
 230 0006 C0F8D412 		str	r1, [r0, #724]
 483:Drivers/STM32L4xx_HAL_Driver/Src/stm32l4xx_hal_pcd_ex.c ****   hpcd->LPM_State = LPM_L0;
 231              		.loc 1 483 3 is_stmt 1 view .LVU67
 232              		.loc 1 483 19 is_stmt 0 view .LVU68
 233 000a 0020     		movs	r0, #0
 234              	.LVL19:
 235              		.loc 1 483 19 view .LVU69
 236 000c 83F8C802 		strb	r0, [r3, #712]
 484:Drivers/STM32L4xx_HAL_Driver/Src/stm32l4xx_hal_pcd_ex.c **** 
 485:Drivers/STM32L4xx_HAL_Driver/Src/stm32l4xx_hal_pcd_ex.c ****   USBx->LPMCSR |= USB_LPMCSR_LMPEN;
 237              		.loc 1 485 3 is_stmt 1 view .LVU70
 238              		.loc 1 485 7 is_stmt 0 view .LVU71
 239 0010 B2F85430 		ldrh	r3, [r2, #84]
 240              	.LVL20:
 241              		.loc 1 485 7 view .LVU72
 242 0014 9BB2     		uxth	r3, r3
 243              		.loc 1 485 16 view .LVU73
 244 0016 0B43     		orrs	r3, r3, r1
 245 0018 A2F85430 		strh	r3, [r2, #84]	@ movhi
 486:Drivers/STM32L4xx_HAL_Driver/Src/stm32l4xx_hal_pcd_ex.c ****   USBx->LPMCSR |= USB_LPMCSR_LPMACK;
 246              		.loc 1 486 3 is_stmt 1 view .LVU74
 247              		.loc 1 486 7 is_stmt 0 view .LVU75
 248 001c B2F85430 		ldrh	r3, [r2, #84]
 249 0020 9BB2     		uxth	r3, r3
 250              		.loc 1 486 16 view .LVU76
ARM GAS  /var/folders/t4/6192qx0n3zgdnvcwt906k_mw0000gn/T//cc5tiFuQ.s 			page 14


 251 0022 43F00203 		orr	r3, r3, #2
 252 0026 A2F85430 		strh	r3, [r2, #84]	@ movhi
 487:Drivers/STM32L4xx_HAL_Driver/Src/stm32l4xx_hal_pcd_ex.c **** 
 488:Drivers/STM32L4xx_HAL_Driver/Src/stm32l4xx_hal_pcd_ex.c ****   return HAL_OK;
 253              		.loc 1 488 3 is_stmt 1 view .LVU77
 489:Drivers/STM32L4xx_HAL_Driver/Src/stm32l4xx_hal_pcd_ex.c **** }
 254              		.loc 1 489 1 is_stmt 0 view .LVU78
 255 002a 7047     		bx	lr
 256              		.cfi_endproc
 257              	.LFE323:
 259              		.section	.text.HAL_PCDEx_DeActivateLPM,"ax",%progbits
 260              		.align	1
 261              		.global	HAL_PCDEx_DeActivateLPM
 262              		.syntax unified
 263              		.thumb
 264              		.thumb_func
 266              	HAL_PCDEx_DeActivateLPM:
 267              	.LVL21:
 268              	.LFB324:
 490:Drivers/STM32L4xx_HAL_Driver/Src/stm32l4xx_hal_pcd_ex.c **** 
 491:Drivers/STM32L4xx_HAL_Driver/Src/stm32l4xx_hal_pcd_ex.c **** /**
 492:Drivers/STM32L4xx_HAL_Driver/Src/stm32l4xx_hal_pcd_ex.c ****   * @brief  Deactivate LPM feature.
 493:Drivers/STM32L4xx_HAL_Driver/Src/stm32l4xx_hal_pcd_ex.c ****   * @param  hpcd PCD handle
 494:Drivers/STM32L4xx_HAL_Driver/Src/stm32l4xx_hal_pcd_ex.c ****   * @retval HAL status
 495:Drivers/STM32L4xx_HAL_Driver/Src/stm32l4xx_hal_pcd_ex.c ****   */
 496:Drivers/STM32L4xx_HAL_Driver/Src/stm32l4xx_hal_pcd_ex.c **** HAL_StatusTypeDef HAL_PCDEx_DeActivateLPM(PCD_HandleTypeDef *hpcd)
 497:Drivers/STM32L4xx_HAL_Driver/Src/stm32l4xx_hal_pcd_ex.c **** {
 269              		.loc 1 497 1 is_stmt 1 view -0
 270              		.cfi_startproc
 271              		@ args = 0, pretend = 0, frame = 0
 272              		@ frame_needed = 0, uses_anonymous_args = 0
 273              		@ link register save eliminated.
 274              		.loc 1 497 1 is_stmt 0 view .LVU80
 275 0000 0346     		mov	r3, r0
 498:Drivers/STM32L4xx_HAL_Driver/Src/stm32l4xx_hal_pcd_ex.c ****   USB_TypeDef *USBx = hpcd->Instance;
 276              		.loc 1 498 3 is_stmt 1 view .LVU81
 277              		.loc 1 498 16 is_stmt 0 view .LVU82
 278 0002 0268     		ldr	r2, [r0]
 279              	.LVL22:
 499:Drivers/STM32L4xx_HAL_Driver/Src/stm32l4xx_hal_pcd_ex.c **** 
 500:Drivers/STM32L4xx_HAL_Driver/Src/stm32l4xx_hal_pcd_ex.c ****   hpcd->lpm_active = 0U;
 280              		.loc 1 500 3 is_stmt 1 view .LVU83
 281              		.loc 1 500 20 is_stmt 0 view .LVU84
 282 0004 0020     		movs	r0, #0
 283              	.LVL23:
 284              		.loc 1 500 20 view .LVU85
 285 0006 C3F8D402 		str	r0, [r3, #724]
 501:Drivers/STM32L4xx_HAL_Driver/Src/stm32l4xx_hal_pcd_ex.c **** 
 502:Drivers/STM32L4xx_HAL_Driver/Src/stm32l4xx_hal_pcd_ex.c ****   USBx->LPMCSR &= ~(USB_LPMCSR_LMPEN);
 286              		.loc 1 502 3 is_stmt 1 view .LVU86
 287              		.loc 1 502 7 is_stmt 0 view .LVU87
 288 000a B2F85430 		ldrh	r3, [r2, #84]
 289              	.LVL24:
 290              		.loc 1 502 7 view .LVU88
 291 000e 9BB2     		uxth	r3, r3
 292              		.loc 1 502 16 view .LVU89
 293 0010 23F00103 		bic	r3, r3, #1
ARM GAS  /var/folders/t4/6192qx0n3zgdnvcwt906k_mw0000gn/T//cc5tiFuQ.s 			page 15


 294 0014 9BB2     		uxth	r3, r3
 295 0016 A2F85430 		strh	r3, [r2, #84]	@ movhi
 503:Drivers/STM32L4xx_HAL_Driver/Src/stm32l4xx_hal_pcd_ex.c ****   USBx->LPMCSR &= ~(USB_LPMCSR_LPMACK);
 296              		.loc 1 503 3 is_stmt 1 view .LVU90
 297              		.loc 1 503 7 is_stmt 0 view .LVU91
 298 001a B2F85430 		ldrh	r3, [r2, #84]
 299 001e 9BB2     		uxth	r3, r3
 300              		.loc 1 503 16 view .LVU92
 301 0020 23F00203 		bic	r3, r3, #2
 302 0024 9BB2     		uxth	r3, r3
 303 0026 A2F85430 		strh	r3, [r2, #84]	@ movhi
 504:Drivers/STM32L4xx_HAL_Driver/Src/stm32l4xx_hal_pcd_ex.c **** 
 505:Drivers/STM32L4xx_HAL_Driver/Src/stm32l4xx_hal_pcd_ex.c ****   return HAL_OK;
 304              		.loc 1 505 3 is_stmt 1 view .LVU93
 506:Drivers/STM32L4xx_HAL_Driver/Src/stm32l4xx_hal_pcd_ex.c **** }
 305              		.loc 1 506 1 is_stmt 0 view .LVU94
 306 002a 7047     		bx	lr
 307              		.cfi_endproc
 308              	.LFE324:
 310              		.section	.text.HAL_PCDEx_LPM_Callback,"ax",%progbits
 311              		.align	1
 312              		.weak	HAL_PCDEx_LPM_Callback
 313              		.syntax unified
 314              		.thumb
 315              		.thumb_func
 317              	HAL_PCDEx_LPM_Callback:
 318              	.LVL25:
 319              	.LFB325:
 507:Drivers/STM32L4xx_HAL_Driver/Src/stm32l4xx_hal_pcd_ex.c **** #endif /* defined (USB) */
 508:Drivers/STM32L4xx_HAL_Driver/Src/stm32l4xx_hal_pcd_ex.c **** 
 509:Drivers/STM32L4xx_HAL_Driver/Src/stm32l4xx_hal_pcd_ex.c **** /**
 510:Drivers/STM32L4xx_HAL_Driver/Src/stm32l4xx_hal_pcd_ex.c ****   * @brief  Send LPM message to user layer callback.
 511:Drivers/STM32L4xx_HAL_Driver/Src/stm32l4xx_hal_pcd_ex.c ****   * @param  hpcd PCD handle
 512:Drivers/STM32L4xx_HAL_Driver/Src/stm32l4xx_hal_pcd_ex.c ****   * @param  msg LPM message
 513:Drivers/STM32L4xx_HAL_Driver/Src/stm32l4xx_hal_pcd_ex.c ****   * @retval HAL status
 514:Drivers/STM32L4xx_HAL_Driver/Src/stm32l4xx_hal_pcd_ex.c ****   */
 515:Drivers/STM32L4xx_HAL_Driver/Src/stm32l4xx_hal_pcd_ex.c **** __weak void HAL_PCDEx_LPM_Callback(PCD_HandleTypeDef *hpcd, PCD_LPM_MsgTypeDef msg)
 516:Drivers/STM32L4xx_HAL_Driver/Src/stm32l4xx_hal_pcd_ex.c **** {
 320              		.loc 1 516 1 is_stmt 1 view -0
 321              		.cfi_startproc
 322              		@ args = 0, pretend = 0, frame = 0
 323              		@ frame_needed = 0, uses_anonymous_args = 0
 324              		@ link register save eliminated.
 517:Drivers/STM32L4xx_HAL_Driver/Src/stm32l4xx_hal_pcd_ex.c ****   /* Prevent unused argument(s) compilation warning */
 518:Drivers/STM32L4xx_HAL_Driver/Src/stm32l4xx_hal_pcd_ex.c ****   UNUSED(hpcd);
 325              		.loc 1 518 3 view .LVU96
 519:Drivers/STM32L4xx_HAL_Driver/Src/stm32l4xx_hal_pcd_ex.c ****   UNUSED(msg);
 326              		.loc 1 519 3 view .LVU97
 520:Drivers/STM32L4xx_HAL_Driver/Src/stm32l4xx_hal_pcd_ex.c **** 
 521:Drivers/STM32L4xx_HAL_Driver/Src/stm32l4xx_hal_pcd_ex.c ****   /* NOTE : This function should not be modified, when the callback is needed,
 522:Drivers/STM32L4xx_HAL_Driver/Src/stm32l4xx_hal_pcd_ex.c ****             the HAL_PCDEx_LPM_Callback could be implemented in the user file
 523:Drivers/STM32L4xx_HAL_Driver/Src/stm32l4xx_hal_pcd_ex.c ****    */
 524:Drivers/STM32L4xx_HAL_Driver/Src/stm32l4xx_hal_pcd_ex.c **** }
 327              		.loc 1 524 1 is_stmt 0 view .LVU98
 328 0000 7047     		bx	lr
 329              		.cfi_endproc
 330              	.LFE325:
ARM GAS  /var/folders/t4/6192qx0n3zgdnvcwt906k_mw0000gn/T//cc5tiFuQ.s 			page 16


 332              		.section	.text.HAL_PCDEx_BCD_Callback,"ax",%progbits
 333              		.align	1
 334              		.weak	HAL_PCDEx_BCD_Callback
 335              		.syntax unified
 336              		.thumb
 337              		.thumb_func
 339              	HAL_PCDEx_BCD_Callback:
 340              	.LVL26:
 341              	.LFB326:
 525:Drivers/STM32L4xx_HAL_Driver/Src/stm32l4xx_hal_pcd_ex.c **** 
 526:Drivers/STM32L4xx_HAL_Driver/Src/stm32l4xx_hal_pcd_ex.c **** /**
 527:Drivers/STM32L4xx_HAL_Driver/Src/stm32l4xx_hal_pcd_ex.c ****   * @brief  Send BatteryCharging message to user layer callback.
 528:Drivers/STM32L4xx_HAL_Driver/Src/stm32l4xx_hal_pcd_ex.c ****   * @param  hpcd PCD handle
 529:Drivers/STM32L4xx_HAL_Driver/Src/stm32l4xx_hal_pcd_ex.c ****   * @param  msg LPM message
 530:Drivers/STM32L4xx_HAL_Driver/Src/stm32l4xx_hal_pcd_ex.c ****   * @retval HAL status
 531:Drivers/STM32L4xx_HAL_Driver/Src/stm32l4xx_hal_pcd_ex.c ****   */
 532:Drivers/STM32L4xx_HAL_Driver/Src/stm32l4xx_hal_pcd_ex.c **** __weak void HAL_PCDEx_BCD_Callback(PCD_HandleTypeDef *hpcd, PCD_BCD_MsgTypeDef msg)
 533:Drivers/STM32L4xx_HAL_Driver/Src/stm32l4xx_hal_pcd_ex.c **** {
 342              		.loc 1 533 1 is_stmt 1 view -0
 343              		.cfi_startproc
 344              		@ args = 0, pretend = 0, frame = 0
 345              		@ frame_needed = 0, uses_anonymous_args = 0
 346              		@ link register save eliminated.
 534:Drivers/STM32L4xx_HAL_Driver/Src/stm32l4xx_hal_pcd_ex.c ****   /* Prevent unused argument(s) compilation warning */
 535:Drivers/STM32L4xx_HAL_Driver/Src/stm32l4xx_hal_pcd_ex.c ****   UNUSED(hpcd);
 347              		.loc 1 535 3 view .LVU100
 536:Drivers/STM32L4xx_HAL_Driver/Src/stm32l4xx_hal_pcd_ex.c ****   UNUSED(msg);
 348              		.loc 1 536 3 view .LVU101
 537:Drivers/STM32L4xx_HAL_Driver/Src/stm32l4xx_hal_pcd_ex.c **** 
 538:Drivers/STM32L4xx_HAL_Driver/Src/stm32l4xx_hal_pcd_ex.c ****   /* NOTE : This function should not be modified, when the callback is needed,
 539:Drivers/STM32L4xx_HAL_Driver/Src/stm32l4xx_hal_pcd_ex.c ****             the HAL_PCDEx_BCD_Callback could be implemented in the user file
 540:Drivers/STM32L4xx_HAL_Driver/Src/stm32l4xx_hal_pcd_ex.c ****    */
 541:Drivers/STM32L4xx_HAL_Driver/Src/stm32l4xx_hal_pcd_ex.c **** }
 349              		.loc 1 541 1 is_stmt 0 view .LVU102
 350 0000 7047     		bx	lr
 351              		.cfi_endproc
 352              	.LFE326:
 354              		.section	.text.HAL_PCDEx_BCD_VBUSDetect,"ax",%progbits
 355              		.align	1
 356              		.global	HAL_PCDEx_BCD_VBUSDetect
 357              		.syntax unified
 358              		.thumb
 359              		.thumb_func
 361              	HAL_PCDEx_BCD_VBUSDetect:
 362              	.LVL27:
 363              	.LFB322:
 388:Drivers/STM32L4xx_HAL_Driver/Src/stm32l4xx_hal_pcd_ex.c ****   USB_TypeDef *USBx = hpcd->Instance;
 364              		.loc 1 388 1 is_stmt 1 view -0
 365              		.cfi_startproc
 366              		@ args = 0, pretend = 0, frame = 0
 367              		@ frame_needed = 0, uses_anonymous_args = 0
 388:Drivers/STM32L4xx_HAL_Driver/Src/stm32l4xx_hal_pcd_ex.c ****   USB_TypeDef *USBx = hpcd->Instance;
 368              		.loc 1 388 1 is_stmt 0 view .LVU104
 369 0000 70B5     		push	{r4, r5, r6, lr}
 370              		.cfi_def_cfa_offset 16
 371              		.cfi_offset 4, -16
 372              		.cfi_offset 5, -12
ARM GAS  /var/folders/t4/6192qx0n3zgdnvcwt906k_mw0000gn/T//cc5tiFuQ.s 			page 17


 373              		.cfi_offset 6, -8
 374              		.cfi_offset 14, -4
 375 0002 0546     		mov	r5, r0
 389:Drivers/STM32L4xx_HAL_Driver/Src/stm32l4xx_hal_pcd_ex.c ****   uint32_t tickstart = HAL_GetTick();
 376              		.loc 1 389 3 is_stmt 1 view .LVU105
 389:Drivers/STM32L4xx_HAL_Driver/Src/stm32l4xx_hal_pcd_ex.c ****   uint32_t tickstart = HAL_GetTick();
 377              		.loc 1 389 16 is_stmt 0 view .LVU106
 378 0004 0468     		ldr	r4, [r0]
 379              	.LVL28:
 390:Drivers/STM32L4xx_HAL_Driver/Src/stm32l4xx_hal_pcd_ex.c **** 
 380              		.loc 1 390 3 is_stmt 1 view .LVU107
 390:Drivers/STM32L4xx_HAL_Driver/Src/stm32l4xx_hal_pcd_ex.c **** 
 381              		.loc 1 390 24 is_stmt 0 view .LVU108
 382 0006 FFF7FEFF 		bl	HAL_GetTick
 383              	.LVL29:
 390:Drivers/STM32L4xx_HAL_Driver/Src/stm32l4xx_hal_pcd_ex.c **** 
 384              		.loc 1 390 24 view .LVU109
 385 000a 0646     		mov	r6, r0
 386              	.LVL30:
 393:Drivers/STM32L4xx_HAL_Driver/Src/stm32l4xx_hal_pcd_ex.c **** 
 387              		.loc 1 393 3 is_stmt 1 view .LVU110
 388 000c 4FF49670 		mov	r0, #300
 389              	.LVL31:
 393:Drivers/STM32L4xx_HAL_Driver/Src/stm32l4xx_hal_pcd_ex.c **** 
 390              		.loc 1 393 3 is_stmt 0 view .LVU111
 391 0010 FFF7FEFF 		bl	HAL_Delay
 392              	.LVL32:
 396:Drivers/STM32L4xx_HAL_Driver/Src/stm32l4xx_hal_pcd_ex.c ****   {
 393              		.loc 1 396 3 is_stmt 1 view .LVU112
 396:Drivers/STM32L4xx_HAL_Driver/Src/stm32l4xx_hal_pcd_ex.c ****   {
 394              		.loc 1 396 12 is_stmt 0 view .LVU113
 395 0014 B4F85830 		ldrh	r3, [r4, #88]
 396:Drivers/STM32L4xx_HAL_Driver/Src/stm32l4xx_hal_pcd_ex.c ****   {
 396              		.loc 1 396 6 view .LVU114
 397 0018 13F0100F 		tst	r3, #16
 398 001c 38D1     		bne	.L20
 399              	.L13:
 406:Drivers/STM32L4xx_HAL_Driver/Src/stm32l4xx_hal_pcd_ex.c ****   HAL_Delay(50U);
 400              		.loc 1 406 3 is_stmt 1 view .LVU115
 406:Drivers/STM32L4xx_HAL_Driver/Src/stm32l4xx_hal_pcd_ex.c ****   HAL_Delay(50U);
 401              		.loc 1 406 7 is_stmt 0 view .LVU116
 402 001e B4F85830 		ldrh	r3, [r4, #88]
 403 0022 9BB2     		uxth	r3, r3
 406:Drivers/STM32L4xx_HAL_Driver/Src/stm32l4xx_hal_pcd_ex.c ****   HAL_Delay(50U);
 404              		.loc 1 406 14 view .LVU117
 405 0024 23F00203 		bic	r3, r3, #2
 406 0028 9BB2     		uxth	r3, r3
 407 002a A4F85830 		strh	r3, [r4, #88]	@ movhi
 407:Drivers/STM32L4xx_HAL_Driver/Src/stm32l4xx_hal_pcd_ex.c ****   USBx->BCDR |= (USB_BCDR_PDEN);
 408              		.loc 1 407 3 is_stmt 1 view .LVU118
 409 002e 3220     		movs	r0, #50
 410 0030 FFF7FEFF 		bl	HAL_Delay
 411              	.LVL33:
 408:Drivers/STM32L4xx_HAL_Driver/Src/stm32l4xx_hal_pcd_ex.c ****   HAL_Delay(50U);
 412              		.loc 1 408 3 view .LVU119
 408:Drivers/STM32L4xx_HAL_Driver/Src/stm32l4xx_hal_pcd_ex.c ****   HAL_Delay(50U);
 413              		.loc 1 408 7 is_stmt 0 view .LVU120
ARM GAS  /var/folders/t4/6192qx0n3zgdnvcwt906k_mw0000gn/T//cc5tiFuQ.s 			page 18


 414 0034 B4F85830 		ldrh	r3, [r4, #88]
 415 0038 9BB2     		uxth	r3, r3
 408:Drivers/STM32L4xx_HAL_Driver/Src/stm32l4xx_hal_pcd_ex.c ****   HAL_Delay(50U);
 416              		.loc 1 408 14 view .LVU121
 417 003a 43F00403 		orr	r3, r3, #4
 418 003e A4F85830 		strh	r3, [r4, #88]	@ movhi
 409:Drivers/STM32L4xx_HAL_Driver/Src/stm32l4xx_hal_pcd_ex.c **** 
 419              		.loc 1 409 3 is_stmt 1 view .LVU122
 420 0042 3220     		movs	r0, #50
 421 0044 FFF7FEFF 		bl	HAL_Delay
 422              	.LVL34:
 412:Drivers/STM32L4xx_HAL_Driver/Src/stm32l4xx_hal_pcd_ex.c ****   {
 423              		.loc 1 412 3 view .LVU123
 412:Drivers/STM32L4xx_HAL_Driver/Src/stm32l4xx_hal_pcd_ex.c ****   {
 424              		.loc 1 412 12 is_stmt 0 view .LVU124
 425 0048 B4F85830 		ldrh	r3, [r4, #88]
 412:Drivers/STM32L4xx_HAL_Driver/Src/stm32l4xx_hal_pcd_ex.c ****   {
 426              		.loc 1 412 6 view .LVU125
 427 004c 13F0200F 		tst	r3, #32
 428 0050 28D0     		beq	.L14
 416:Drivers/STM32L4xx_HAL_Driver/Src/stm32l4xx_hal_pcd_ex.c ****     HAL_Delay(50U);
 429              		.loc 1 416 5 is_stmt 1 view .LVU126
 416:Drivers/STM32L4xx_HAL_Driver/Src/stm32l4xx_hal_pcd_ex.c ****     HAL_Delay(50U);
 430              		.loc 1 416 9 is_stmt 0 view .LVU127
 431 0052 B4F85830 		ldrh	r3, [r4, #88]
 432 0056 9BB2     		uxth	r3, r3
 416:Drivers/STM32L4xx_HAL_Driver/Src/stm32l4xx_hal_pcd_ex.c ****     HAL_Delay(50U);
 433              		.loc 1 416 16 view .LVU128
 434 0058 23F00403 		bic	r3, r3, #4
 435 005c 9BB2     		uxth	r3, r3
 436 005e A4F85830 		strh	r3, [r4, #88]	@ movhi
 417:Drivers/STM32L4xx_HAL_Driver/Src/stm32l4xx_hal_pcd_ex.c ****     USBx->BCDR |= (USB_BCDR_SDEN);
 437              		.loc 1 417 5 is_stmt 1 view .LVU129
 438 0062 3220     		movs	r0, #50
 439 0064 FFF7FEFF 		bl	HAL_Delay
 440              	.LVL35:
 418:Drivers/STM32L4xx_HAL_Driver/Src/stm32l4xx_hal_pcd_ex.c ****     HAL_Delay(50U);
 441              		.loc 1 418 5 view .LVU130
 418:Drivers/STM32L4xx_HAL_Driver/Src/stm32l4xx_hal_pcd_ex.c ****     HAL_Delay(50U);
 442              		.loc 1 418 9 is_stmt 0 view .LVU131
 443 0068 B4F85830 		ldrh	r3, [r4, #88]
 444 006c 9BB2     		uxth	r3, r3
 418:Drivers/STM32L4xx_HAL_Driver/Src/stm32l4xx_hal_pcd_ex.c ****     HAL_Delay(50U);
 445              		.loc 1 418 16 view .LVU132
 446 006e 43F00803 		orr	r3, r3, #8
 447 0072 A4F85830 		strh	r3, [r4, #88]	@ movhi
 419:Drivers/STM32L4xx_HAL_Driver/Src/stm32l4xx_hal_pcd_ex.c **** 
 448              		.loc 1 419 5 is_stmt 1 view .LVU133
 449 0076 3220     		movs	r0, #50
 450 0078 FFF7FEFF 		bl	HAL_Delay
 451              	.LVL36:
 422:Drivers/STM32L4xx_HAL_Driver/Src/stm32l4xx_hal_pcd_ex.c ****     {
 452              		.loc 1 422 5 view .LVU134
 422:Drivers/STM32L4xx_HAL_Driver/Src/stm32l4xx_hal_pcd_ex.c ****     {
 453              		.loc 1 422 14 is_stmt 0 view .LVU135
 454 007c B4F85830 		ldrh	r3, [r4, #88]
 422:Drivers/STM32L4xx_HAL_Driver/Src/stm32l4xx_hal_pcd_ex.c ****     {
ARM GAS  /var/folders/t4/6192qx0n3zgdnvcwt906k_mw0000gn/T//cc5tiFuQ.s 			page 19


 455              		.loc 1 422 8 view .LVU136
 456 0080 13F0400F 		tst	r3, #64
 457 0084 09D0     		beq	.L15
 428:Drivers/STM32L4xx_HAL_Driver/Src/stm32l4xx_hal_pcd_ex.c **** #endif /* USE_HAL_PCD_REGISTER_CALLBACKS */
 458              		.loc 1 428 7 is_stmt 1 view .LVU137
 459 0086 FB21     		movs	r1, #251
 460 0088 2846     		mov	r0, r5
 461 008a FFF7FEFF 		bl	HAL_PCDEx_BCD_Callback
 462              	.LVL37:
 463 008e 0DE0     		b	.L16
 464              	.L20:
 401:Drivers/STM32L4xx_HAL_Driver/Src/stm32l4xx_hal_pcd_ex.c **** #endif /* USE_HAL_PCD_REGISTER_CALLBACKS */
 465              		.loc 1 401 5 view .LVU138
 466 0090 FE21     		movs	r1, #254
 467 0092 2846     		mov	r0, r5
 468 0094 FFF7FEFF 		bl	HAL_PCDEx_BCD_Callback
 469              	.LVL38:
 470 0098 C1E7     		b	.L13
 471              	.L15:
 437:Drivers/STM32L4xx_HAL_Driver/Src/stm32l4xx_hal_pcd_ex.c **** #endif /* USE_HAL_PCD_REGISTER_CALLBACKS */
 472              		.loc 1 437 7 view .LVU139
 473 009a FC21     		movs	r1, #252
 474 009c 2846     		mov	r0, r5
 475 009e FFF7FEFF 		bl	HAL_PCDEx_BCD_Callback
 476              	.LVL39:
 477 00a2 03E0     		b	.L16
 478              	.L14:
 447:Drivers/STM32L4xx_HAL_Driver/Src/stm32l4xx_hal_pcd_ex.c **** #endif /* USE_HAL_PCD_REGISTER_CALLBACKS */
 479              		.loc 1 447 5 view .LVU140
 480 00a4 FD21     		movs	r1, #253
 481 00a6 2846     		mov	r0, r5
 482 00a8 FFF7FEFF 		bl	HAL_PCDEx_BCD_Callback
 483              	.LVL40:
 484              	.L16:
 452:Drivers/STM32L4xx_HAL_Driver/Src/stm32l4xx_hal_pcd_ex.c **** 
 485              		.loc 1 452 3 view .LVU141
 452:Drivers/STM32L4xx_HAL_Driver/Src/stm32l4xx_hal_pcd_ex.c **** 
 486              		.loc 1 452 9 is_stmt 0 view .LVU142
 487 00ac 2846     		mov	r0, r5
 488 00ae FFF7FEFF 		bl	HAL_PCDEx_DeActivateBCD
 489              	.LVL41:
 455:Drivers/STM32L4xx_HAL_Driver/Src/stm32l4xx_hal_pcd_ex.c ****   {
 490              		.loc 1 455 3 is_stmt 1 view .LVU143
 455:Drivers/STM32L4xx_HAL_Driver/Src/stm32l4xx_hal_pcd_ex.c ****   {
 491              		.loc 1 455 8 is_stmt 0 view .LVU144
 492 00b2 FFF7FEFF 		bl	HAL_GetTick
 493              	.LVL42:
 455:Drivers/STM32L4xx_HAL_Driver/Src/stm32l4xx_hal_pcd_ex.c ****   {
 494              		.loc 1 455 22 discriminator 1 view .LVU145
 495 00b6 801B     		subs	r0, r0, r6
 455:Drivers/STM32L4xx_HAL_Driver/Src/stm32l4xx_hal_pcd_ex.c ****   {
 496              		.loc 1 455 6 discriminator 1 view .LVU146
 497 00b8 B0F57A7F 		cmp	r0, #1000
 498 00bc 04D9     		bls	.L17
 460:Drivers/STM32L4xx_HAL_Driver/Src/stm32l4xx_hal_pcd_ex.c **** #endif /* USE_HAL_PCD_REGISTER_CALLBACKS */
 499              		.loc 1 460 5 is_stmt 1 view .LVU147
 500 00be FF21     		movs	r1, #255
ARM GAS  /var/folders/t4/6192qx0n3zgdnvcwt906k_mw0000gn/T//cc5tiFuQ.s 			page 20


 501 00c0 2846     		mov	r0, r5
 502 00c2 FFF7FEFF 		bl	HAL_PCDEx_BCD_Callback
 503              	.LVL43:
 504              	.L12:
 471:Drivers/STM32L4xx_HAL_Driver/Src/stm32l4xx_hal_pcd_ex.c **** 
 505              		.loc 1 471 1 is_stmt 0 view .LVU148
 506 00c6 70BD     		pop	{r4, r5, r6, pc}
 507              	.LVL44:
 508              	.L17:
 468:Drivers/STM32L4xx_HAL_Driver/Src/stm32l4xx_hal_pcd_ex.c **** #endif /* USE_HAL_PCD_REGISTER_CALLBACKS */
 509              		.loc 1 468 5 is_stmt 1 view .LVU149
 510 00c8 0021     		movs	r1, #0
 511 00ca 2846     		mov	r0, r5
 512 00cc FFF7FEFF 		bl	HAL_PCDEx_BCD_Callback
 513              	.LVL45:
 471:Drivers/STM32L4xx_HAL_Driver/Src/stm32l4xx_hal_pcd_ex.c **** 
 514              		.loc 1 471 1 is_stmt 0 view .LVU150
 515 00d0 F9E7     		b	.L12
 516              		.cfi_endproc
 517              	.LFE322:
 519              		.text
 520              	.Letext0:
 521              		.file 2 "/Users/kroko/Library/Application Support/Code/User/globalStorage/bmd.stm32-for-vscode/@xp
 522              		.file 3 "/Users/kroko/Library/Application Support/Code/User/globalStorage/bmd.stm32-for-vscode/@xp
 523              		.file 4 "Drivers/CMSIS/Device/ST/STM32L4xx/Include/stm32l412xx.h"
 524              		.file 5 "Drivers/STM32L4xx_HAL_Driver/Inc/stm32l4xx_hal_def.h"
 525              		.file 6 "Drivers/STM32L4xx_HAL_Driver/Inc/stm32l4xx_ll_usb.h"
 526              		.file 7 "Drivers/STM32L4xx_HAL_Driver/Inc/stm32l4xx_hal_pcd.h"
 527              		.file 8 "Drivers/STM32L4xx_HAL_Driver/Inc/stm32l4xx_hal.h"
ARM GAS  /var/folders/t4/6192qx0n3zgdnvcwt906k_mw0000gn/T//cc5tiFuQ.s 			page 21


DEFINED SYMBOLS
                            *ABS*:00000000 stm32l4xx_hal_pcd_ex.c
/var/folders/t4/6192qx0n3zgdnvcwt906k_mw0000gn/T//cc5tiFuQ.s:21     .text.HAL_PCDEx_PMAConfig:00000000 $t
/var/folders/t4/6192qx0n3zgdnvcwt906k_mw0000gn/T//cc5tiFuQ.s:27     .text.HAL_PCDEx_PMAConfig:00000000 HAL_PCDEx_PMAConfig
/var/folders/t4/6192qx0n3zgdnvcwt906k_mw0000gn/T//cc5tiFuQ.s:102    .text.HAL_PCDEx_ActivateBCD:00000000 $t
/var/folders/t4/6192qx0n3zgdnvcwt906k_mw0000gn/T//cc5tiFuQ.s:108    .text.HAL_PCDEx_ActivateBCD:00000000 HAL_PCDEx_ActivateBCD
/var/folders/t4/6192qx0n3zgdnvcwt906k_mw0000gn/T//cc5tiFuQ.s:164    .text.HAL_PCDEx_DeActivateBCD:00000000 $t
/var/folders/t4/6192qx0n3zgdnvcwt906k_mw0000gn/T//cc5tiFuQ.s:170    .text.HAL_PCDEx_DeActivateBCD:00000000 HAL_PCDEx_DeActivateBCD
/var/folders/t4/6192qx0n3zgdnvcwt906k_mw0000gn/T//cc5tiFuQ.s:207    .text.HAL_PCDEx_ActivateLPM:00000000 $t
/var/folders/t4/6192qx0n3zgdnvcwt906k_mw0000gn/T//cc5tiFuQ.s:213    .text.HAL_PCDEx_ActivateLPM:00000000 HAL_PCDEx_ActivateLPM
/var/folders/t4/6192qx0n3zgdnvcwt906k_mw0000gn/T//cc5tiFuQ.s:260    .text.HAL_PCDEx_DeActivateLPM:00000000 $t
/var/folders/t4/6192qx0n3zgdnvcwt906k_mw0000gn/T//cc5tiFuQ.s:266    .text.HAL_PCDEx_DeActivateLPM:00000000 HAL_PCDEx_DeActivateLPM
/var/folders/t4/6192qx0n3zgdnvcwt906k_mw0000gn/T//cc5tiFuQ.s:311    .text.HAL_PCDEx_LPM_Callback:00000000 $t
/var/folders/t4/6192qx0n3zgdnvcwt906k_mw0000gn/T//cc5tiFuQ.s:317    .text.HAL_PCDEx_LPM_Callback:00000000 HAL_PCDEx_LPM_Callback
/var/folders/t4/6192qx0n3zgdnvcwt906k_mw0000gn/T//cc5tiFuQ.s:333    .text.HAL_PCDEx_BCD_Callback:00000000 $t
/var/folders/t4/6192qx0n3zgdnvcwt906k_mw0000gn/T//cc5tiFuQ.s:339    .text.HAL_PCDEx_BCD_Callback:00000000 HAL_PCDEx_BCD_Callback
/var/folders/t4/6192qx0n3zgdnvcwt906k_mw0000gn/T//cc5tiFuQ.s:355    .text.HAL_PCDEx_BCD_VBUSDetect:00000000 $t
/var/folders/t4/6192qx0n3zgdnvcwt906k_mw0000gn/T//cc5tiFuQ.s:361    .text.HAL_PCDEx_BCD_VBUSDetect:00000000 HAL_PCDEx_BCD_VBUSDetect

UNDEFINED SYMBOLS
HAL_GetTick
HAL_Delay
