ARM GAS  C:\Users\kroko\AppData\Local\Temp\ccROYD6m.s 			page 1


   1              		.cpu cortex-m4
   2              		.arch armv7e-m
   3              		.fpu fpv4-sp-d16
   4              		.eabi_attribute 27, 1
   5              		.eabi_attribute 28, 1
   6              		.eabi_attribute 20, 1
   7              		.eabi_attribute 21, 1
   8              		.eabi_attribute 23, 3
   9              		.eabi_attribute 24, 1
  10              		.eabi_attribute 25, 1
  11              		.eabi_attribute 26, 1
  12              		.eabi_attribute 30, 1
  13              		.eabi_attribute 34, 1
  14              		.eabi_attribute 18, 4
  15              		.file	"ds18b20.c"
  16              		.text
  17              		.section	.text.CalculateChecksum,"ax",%progbits
  18              		.align	1
  19              		.syntax unified
  20              		.thumb
  21              		.thumb_func
  23              	CalculateChecksum:
  24              		@ args = 0, pretend = 0, frame = 0
  25              		@ frame_needed = 0, uses_anonymous_args = 0
  26 0000 00B5     		push	{lr}
  27 0002 8646     		mov	lr, r0
  28 0004 0020     		movs	r0, #0
  29              	.L2:
  30 0006 0B46     		mov	r3, r1
  31 0008 0139     		subs	r1, r1, #1
  32 000a C9B2     		uxtb	r1, r1
  33 000c A3B1     		cbz	r3, .L8
  34 000e 1EF801CB 		ldrb	ip, [lr], #1	@ zero_extendqisi2
  35 0012 0823     		movs	r3, #8
  36 0014 03E0     		b	.L3
  37              	.L4:
  38 0016 4FEA5C0C 		lsr	ip, ip, #1
  39 001a 013B     		subs	r3, r3, #1
  40 001c DBB2     		uxtb	r3, r3
  41              	.L3:
  42 001e 002B     		cmp	r3, #0
  43 0020 F1D0     		beq	.L2
  44 0022 80EA0C02 		eor	r2, r0, ip
  45 0026 12F0010F 		tst	r2, #1
  46 002a 4FEA5000 		lsr	r0, r0, #1
  47 002e F2D0     		beq	.L4
  48 0030 80F08C00 		eor	r0, r0, #140
  49 0034 C0B2     		uxtb	r0, r0
  50 0036 EEE7     		b	.L4
  51              	.L8:
  52 0038 5DF804FB 		ldr	pc, [sp], #4
  54              		.section	.text.ExecuteCommand,"ax",%progbits
  55              		.align	1
  56              		.syntax unified
  57              		.thumb
  58              		.thumb_func
  60              	ExecuteCommand:
ARM GAS  C:\Users\kroko\AppData\Local\Temp\ccROYD6m.s 			page 2


  61              		@ args = 0, pretend = 0, frame = 8
  62              		@ frame_needed = 0, uses_anonymous_args = 0
  63 0000 F0B5     		push	{r4, r5, r6, r7, lr}
  64 0002 83B0     		sub	sp, sp, #12
  65 0004 0191     		str	r1, [sp, #4]
  66 0006 4378     		ldrb	r3, [r0, #1]	@ zero_extendqisi2
  67 0008 1BB9     		cbnz	r3, .L19
  68 000a 0127     		movs	r7, #1
  69              	.L10:
  70 000c 3846     		mov	r0, r7
  71 000e 03B0     		add	sp, sp, #12
  72              		@ sp needed
  73 0010 F0BD     		pop	{r4, r5, r6, r7, pc}
  74              	.L19:
  75 0012 0546     		mov	r5, r0
  76 0014 1646     		mov	r6, r2
  77 0016 9DF80410 		ldrb	r1, [sp, #4]	@ zero_extendqisi2
  78 001a 4068     		ldr	r0, [r0, #4]
  79 001c FFF7FEFF 		bl	OneWire_ProcessByte
  80 0020 9DF80570 		ldrb	r7, [sp, #5]	@ zero_extendqisi2
  81 0024 B7B9     		cbnz	r7, .L16
  82 0026 3C46     		mov	r4, r7
  83 0028 1CE0     		b	.L12
  84              	.L13:
  85 002a FF21     		movs	r1, #255
  86 002c 6868     		ldr	r0, [r5, #4]
  87 002e FFF7FEFF 		bl	OneWire_ProcessByte
  88 0032 3055     		strb	r0, [r6, r4]
  89 0034 0134     		adds	r4, r4, #1
  90 0036 E4B2     		uxtb	r4, r4
  91              	.L11:
  92 0038 A742     		cmp	r7, r4
  93 003a F6D8     		bhi	.L13
  94 003c 791E     		subs	r1, r7, #1
  95 003e C9B2     		uxtb	r1, r1
  96 0040 3046     		mov	r0, r6
  97 0042 FFF7FEFF 		bl	CalculateChecksum
  98 0046 3E44     		add	r6, r6, r7
  99 0048 16F8013C 		ldrb	r3, [r6, #-1]	@ zero_extendqisi2
 100 004c 8342     		cmp	r3, r0
 101 004e 0ED1     		bne	.L17
 102 0050 0027     		movs	r7, #0
 103 0052 DBE7     		b	.L10
 104              	.L16:
 105 0054 0024     		movs	r4, #0
 106 0056 EFE7     		b	.L11
 107              	.L14:
 108 0058 315D     		ldrb	r1, [r6, r4]	@ zero_extendqisi2
 109 005a 6868     		ldr	r0, [r5, #4]
 110 005c FFF7FEFF 		bl	OneWire_ProcessByte
 111 0060 0134     		adds	r4, r4, #1
 112 0062 E4B2     		uxtb	r4, r4
 113              	.L12:
 114 0064 9DF80630 		ldrb	r3, [sp, #6]	@ zero_extendqisi2
 115 0068 A342     		cmp	r3, r4
 116 006a F5D8     		bhi	.L14
 117 006c CEE7     		b	.L10
ARM GAS  C:\Users\kroko\AppData\Local\Temp\ccROYD6m.s 			page 3


 118              	.L17:
 119 006e 0127     		movs	r7, #1
 120 0070 CCE7     		b	.L10
 122              		.section	.text.WaitForConversionFinished,"ax",%progbits
 123              		.align	1
 124              		.syntax unified
 125              		.thumb
 126              		.thumb_func
 128              	WaitForConversionFinished:
 129              		@ args = 0, pretend = 0, frame = 0
 130              		@ frame_needed = 0, uses_anonymous_args = 0
 131 0000 10B5     		push	{r4, lr}
 132 0002 0446     		mov	r4, r0
 133 0004 0121     		movs	r1, #1
 134 0006 4068     		ldr	r0, [r0, #4]
 135 0008 FFF7FEFF 		bl	OneWire_ProcessBit
 136 000c 03E0     		b	.L21
 137              	.L22:
 138 000e 0121     		movs	r1, #1
 139 0010 6068     		ldr	r0, [r4, #4]
 140 0012 FFF7FEFF 		bl	OneWire_ProcessBit
 141              	.L21:
 142 0016 FF28     		cmp	r0, #255
 143 0018 F9D1     		bne	.L22
 144 001a 10BD     		pop	{r4, pc}
 146              		.section	.text.DS18B20_ConvertT,"ax",%progbits
 147              		.align	1
 148              		.global	DS18B20_ConvertT
 149              		.syntax unified
 150              		.thumb
 151              		.thumb_func
 153              	DS18B20_ConvertT:
 154              		@ args = 0, pretend = 0, frame = 8
 155              		@ frame_needed = 0, uses_anonymous_args = 0
 156 0000 70B5     		push	{r4, r5, r6, lr}
 157 0002 82B0     		sub	sp, sp, #8
 158 0004 0646     		mov	r6, r0
 159 0006 0C46     		mov	r4, r1
 160 0008 0DF10702 		add	r2, sp, #7
 161 000c 4421     		movs	r1, #68
 162 000e FFF7FEFF 		bl	ExecuteCommand
 163 0012 0546     		mov	r5, r0
 164 0014 012C     		cmp	r4, #1
 165 0016 04D0     		beq	.L34
 166              	.L25:
 167 0018 022C     		cmp	r4, #2
 168 001a 06D0     		beq	.L35
 169              	.L26:
 170 001c 2846     		mov	r0, r5
 171 001e 02B0     		add	sp, sp, #8
 172              		@ sp needed
 173 0020 70BD     		pop	{r4, r5, r6, pc}
 174              	.L34:
 175 0022 3046     		mov	r0, r6
 176 0024 FFF7FEFF 		bl	WaitForConversionFinished
 177 0028 F6E7     		b	.L25
 178              	.L35:
ARM GAS  C:\Users\kroko\AppData\Local\Temp\ccROYD6m.s 			page 4


 179 002a 337C     		ldrb	r3, [r6, #16]	@ zero_extendqisi2
 180 002c 5F2B     		cmp	r3, #95
 181 002e 0BD0     		beq	.L29
 182 0030 05D8     		bhi	.L28
 183 0032 1F2B     		cmp	r3, #31
 184 0034 0DD0     		beq	.L30
 185 0036 3F2B     		cmp	r3, #63
 186 0038 0DD1     		bne	.L31
 187 003a BC20     		movs	r0, #188
 188 003c 06E0     		b	.L27
 189              	.L28:
 190 003e 7F2B     		cmp	r3, #127
 191 0040 0BD1     		bne	.L32
 192 0042 40F2EE20 		movw	r0, #750
 193 0046 01E0     		b	.L27
 194              	.L29:
 195 0048 40F27710 		movw	r0, #375
 196              	.L27:
 197 004c FFF7FEFF 		bl	HAL_Delay
 198 0050 E4E7     		b	.L26
 199              	.L30:
 200 0052 5E20     		movs	r0, #94
 201 0054 FAE7     		b	.L27
 202              	.L31:
 203 0056 0020     		movs	r0, #0
 204 0058 F8E7     		b	.L27
 205              	.L32:
 206 005a 0020     		movs	r0, #0
 207 005c F6E7     		b	.L27
 209              		.section	.text.DS18B20_ReadScratchpad,"ax",%progbits
 210              		.align	1
 211              		.global	DS18B20_ReadScratchpad
 212              		.syntax unified
 213              		.thumb
 214              		.thumb_func
 216              	DS18B20_ReadScratchpad:
 217              		@ args = 0, pretend = 0, frame = 16
 218              		@ frame_needed = 0, uses_anonymous_args = 0
 219 0000 10B5     		push	{r4, lr}
 220 0002 84B0     		sub	sp, sp, #16
 221 0004 0446     		mov	r4, r0
 222 0006 01AA     		add	r2, sp, #4
 223 0008 0021     		movs	r1, #0
 224 000a 6FF04103 		mvn	r3, #65
 225 000e 63F30701 		bfi	r1, r3, #0, #8
 226 0012 0923     		movs	r3, #9
 227 0014 63F30F21 		bfi	r1, r3, #8, #8
 228 0018 FFF7FEFF 		bl	ExecuteCommand
 229 001c D0BB     		cbnz	r0, .L37
 230 001e 9DF80630 		ldrb	r3, [sp, #6]	@ zero_extendqisi2
 231 0022 E373     		strb	r3, [r4, #15]
 232 0024 9DF80730 		ldrb	r3, [sp, #7]	@ zero_extendqisi2
 233 0028 A373     		strb	r3, [r4, #14]
 234 002a 9DF80810 		ldrb	r1, [sp, #8]	@ zero_extendqisi2
 235 002e 2174     		strb	r1, [r4, #16]
 236 0030 9DF80530 		ldrb	r3, [sp, #5]	@ zero_extendqisi2
 237 0034 9DF80420 		ldrb	r2, [sp, #4]	@ zero_extendqisi2
ARM GAS  C:\Users\kroko\AppData\Local\Temp\ccROYD6m.s 			page 5


 238 0038 42EA0322 		orr	r2, r2, r3, lsl #8
 239 003c 1346     		mov	r3, r2
 240 003e 12F47842 		ands	r2, r2, #63488
 241 0042 01D0     		beq	.L38
 242 0044 5B42     		rsbs	r3, r3, #0
 243 0046 9BB2     		uxth	r3, r3
 244              	.L38:
 245 0048 5F29     		cmp	r1, #95
 246 004a 25D0     		beq	.L39
 247 004c 0AD8     		bhi	.L40
 248 004e 1F29     		cmp	r1, #31
 249 0050 0FD0     		beq	.L41
 250 0052 3F29     		cmp	r1, #63
 251 0054 27D1     		bne	.L43
 252 0056 23F00303 		bic	r3, r3, #3
 253 005a 5B05     		lsls	r3, r3, #21
 254 005c 5B0D     		lsrs	r3, r3, #21
 255 005e 07EE903A 		vmov	s15, r3	@ int
 256 0062 0AE0     		b	.L45
 257              	.L40:
 258 0064 7F29     		cmp	r1, #127
 259 0066 1ED1     		bne	.L43
 260 0068 C3F30A03 		ubfx	r3, r3, #0, #11
 261 006c 07EE903A 		vmov	s15, r3	@ int
 262 0070 03E0     		b	.L45
 263              	.L41:
 264 0072 03F4FF63 		and	r3, r3, #2040
 265 0076 07EE903A 		vmov	s15, r3	@ int
 266              	.L45:
 267 007a F8EE677A 		vcvt.f32.u32	s15, s15
 268 007e 9FED0C7A 		vldr.32	s14, .L47
 269 0082 67EE877A 		vmul.f32	s15, s15, s14
 270 0086 C4ED057A 		vstr.32	s15, [r4, #20]
 271 008a 1AB1     		cbz	r2, .L37
 272 008c F1EE677A 		vneg.f32	s15, s15
 273 0090 C4ED057A 		vstr.32	s15, [r4, #20]
 274              	.L37:
 275 0094 04B0     		add	sp, sp, #16
 276              		@ sp needed
 277 0096 10BD     		pop	{r4, pc}
 278              	.L39:
 279 0098 23F00103 		bic	r3, r3, #1
 280 009c 5B05     		lsls	r3, r3, #21
 281 009e 5B0D     		lsrs	r3, r3, #21
 282 00a0 07EE903A 		vmov	s15, r3	@ int
 283 00a4 E9E7     		b	.L45
 284              	.L43:
 285 00a6 C3F30A03 		ubfx	r3, r3, #0, #11
 286 00aa 07EE903A 		vmov	s15, r3	@ int
 287 00ae E4E7     		b	.L45
 288              	.L48:
 289              		.align	2
 290              	.L47:
 291 00b0 0000803D 		.word	1031798784
 293              		.section	.text.DS18B20_WriteScratchpad,"ax",%progbits
 294              		.align	1
 295              		.global	DS18B20_WriteScratchpad
ARM GAS  C:\Users\kroko\AppData\Local\Temp\ccROYD6m.s 			page 6


 296              		.syntax unified
 297              		.thumb
 298              		.thumb_func
 300              	DS18B20_WriteScratchpad:
 301              		@ args = 0, pretend = 0, frame = 0
 302              		@ frame_needed = 0, uses_anonymous_args = 0
 303 0000 38B5     		push	{r3, r4, r5, lr}
 304 0002 0546     		mov	r5, r0
 305 0004 0C46     		mov	r4, r1
 306 0006 0A46     		mov	r2, r1
 307 0008 0021     		movs	r1, #0
 308 000a 4E23     		movs	r3, #78
 309 000c 63F30701 		bfi	r1, r3, #0, #8
 310 0010 0323     		movs	r3, #3
 311 0012 63F31741 		bfi	r1, r3, #16, #8
 312 0016 FFF7FEFF 		bl	ExecuteCommand
 313 001a 28B9     		cbnz	r0, .L50
 314 001c 2378     		ldrb	r3, [r4]	@ zero_extendqisi2
 315 001e EB73     		strb	r3, [r5, #15]
 316 0020 6378     		ldrb	r3, [r4, #1]	@ zero_extendqisi2
 317 0022 AB73     		strb	r3, [r5, #14]
 318 0024 A378     		ldrb	r3, [r4, #2]	@ zero_extendqisi2
 319 0026 2B74     		strb	r3, [r5, #16]
 320              	.L50:
 321 0028 38BD     		pop	{r3, r4, r5, pc}
 323              		.section	.text.DS18B20_InitializationCommand,"ax",%progbits
 324              		.align	1
 325              		.global	DS18B20_InitializationCommand
 326              		.syntax unified
 327              		.thumb
 328              		.thumb_func
 330              	DS18B20_InitializationCommand:
 331              		@ args = 0, pretend = 0, frame = 0
 332              		@ frame_needed = 0, uses_anonymous_args = 0
 333 0000 0378     		ldrb	r3, [r0]	@ zero_extendqisi2
 334 0002 0BB9     		cbnz	r3, .L60
 335 0004 0120     		movs	r0, #1
 336 0006 7047     		bx	lr
 337              	.L60:
 338 0008 10B5     		push	{r4, lr}
 339 000a 0446     		mov	r4, r0
 340 000c 4068     		ldr	r0, [r0, #4]
 341 000e FFF7FEFF 		bl	OneWire_Reset
 342 0012 10B9     		cbnz	r0, .L54
 343 0014 0123     		movs	r3, #1
 344 0016 6370     		strb	r3, [r4, #1]
 345              	.L53:
 346 0018 10BD     		pop	{r4, pc}
 347              	.L54:
 348 001a 0023     		movs	r3, #0
 349 001c 6370     		strb	r3, [r4, #1]
 350 001e 0120     		movs	r0, #1
 351 0020 FAE7     		b	.L53
 353              		.section	.text.DS18B20_ReadRom,"ax",%progbits
 354              		.align	1
 355              		.global	DS18B20_ReadRom
 356              		.syntax unified
ARM GAS  C:\Users\kroko\AppData\Local\Temp\ccROYD6m.s 			page 7


 357              		.thumb
 358              		.thumb_func
 360              	DS18B20_ReadRom:
 361              		@ args = 0, pretend = 0, frame = 8
 362              		@ frame_needed = 0, uses_anonymous_args = 0
 363 0000 10B5     		push	{r4, lr}
 364 0002 82B0     		sub	sp, sp, #8
 365 0004 0446     		mov	r4, r0
 366 0006 6A46     		mov	r2, sp
 367 0008 0021     		movs	r1, #0
 368 000a 3323     		movs	r3, #51
 369 000c 63F30701 		bfi	r1, r3, #0, #8
 370 0010 0823     		movs	r3, #8
 371 0012 63F30F21 		bfi	r1, r3, #8, #8
 372 0016 FFF7FEFF 		bl	ExecuteCommand
 373 001a 60B9     		cbnz	r0, .L62
 374 001c 0346     		mov	r3, r0
 375 001e 08E0     		b	.L63
 376              	.L64:
 377 0020 5A1C     		adds	r2, r3, #1
 378 0022 03F10901 		add	r1, r3, #9
 379 0026 6944     		add	r1, sp, r1
 380 0028 11F8081C 		ldrb	r1, [r1, #-8]	@ zero_extendqisi2
 381 002c 2344     		add	r3, r3, r4
 382 002e 1972     		strb	r1, [r3, #8]
 383 0030 D3B2     		uxtb	r3, r2
 384              	.L63:
 385 0032 052B     		cmp	r3, #5
 386 0034 F4D9     		bls	.L64
 387              	.L62:
 388 0036 02B0     		add	sp, sp, #8
 389              		@ sp needed
 390 0038 10BD     		pop	{r4, pc}
 392              		.section	.text.DS18B20_SkipRom,"ax",%progbits
 393              		.align	1
 394              		.global	DS18B20_SkipRom
 395              		.syntax unified
 396              		.thumb
 397              		.thumb_func
 399              	DS18B20_SkipRom:
 400              		@ args = 0, pretend = 0, frame = 8
 401              		@ frame_needed = 0, uses_anonymous_args = 0
 402 0000 00B5     		push	{lr}
 403 0002 83B0     		sub	sp, sp, #12
 404 0004 0DF10702 		add	r2, sp, #7
 405 0008 CC21     		movs	r1, #204
 406 000a FFF7FEFF 		bl	ExecuteCommand
 407 000e 03B0     		add	sp, sp, #12
 408              		@ sp needed
 409 0010 5DF804FB 		ldr	pc, [sp], #4
 411              		.section	.text.DS18B20_Init,"ax",%progbits
 412              		.align	1
 413              		.global	DS18B20_Init
 414              		.syntax unified
 415              		.thumb
 416              		.thumb_func
 418              	DS18B20_Init:
ARM GAS  C:\Users\kroko\AppData\Local\Temp\ccROYD6m.s 			page 8


 419              		@ args = 0, pretend = 0, frame = 0
 420              		@ frame_needed = 0, uses_anonymous_args = 0
 421              		@ link register save eliminated.
 422 0000 0023     		movs	r3, #0
 423 0002 4370     		strb	r3, [r0, #1]
 424 0004 4160     		str	r1, [r0, #4]
 425 0006 0123     		movs	r3, #1
 426 0008 0370     		strb	r3, [r0]
 427 000a 7047     		bx	lr
 429              		.section	.rodata.convertT,"a"
 430              		.align	2
 433              	convertT:
 434 0000 44       		.byte	68
 435 0001 00       		.byte	0
 436 0002 00       		.byte	0
 437              		.section	.rodata.writeScratchpad,"a"
 438              		.align	2
 441              	writeScratchpad:
 442 0000 4E       		.byte	78
 443 0001 00       		.byte	0
 444 0002 03       		.byte	3
 445              		.section	.rodata.readScratchpad,"a"
 446              		.align	2
 449              	readScratchpad:
 450 0000 BE       		.byte	-66
 451 0001 09       		.byte	9
 452 0002 00       		.byte	0
 453              		.section	.rodata.skipRom,"a"
 454              		.align	2
 457              	skipRom:
 458 0000 CC       		.byte	-52
 459 0001 00       		.byte	0
 460 0002 00       		.byte	0
 461              		.section	.rodata.readRom,"a"
 462              		.align	2
 465              	readRom:
 466 0000 33       		.byte	51
 467 0001 08       		.byte	8
 468 0002 00       		.byte	0
 469              		.ident	"GCC: (Arm GNU Toolchain 14.2.Rel1 (Build arm-14.52)) 14.2.1 20241119"
ARM GAS  C:\Users\kroko\AppData\Local\Temp\ccROYD6m.s 			page 9


DEFINED SYMBOLS
                            *ABS*:00000000 ds18b20.c
C:\Users\kroko\AppData\Local\Temp\ccROYD6m.s:18     .text.CalculateChecksum:00000000 $t
C:\Users\kroko\AppData\Local\Temp\ccROYD6m.s:23     .text.CalculateChecksum:00000000 CalculateChecksum
C:\Users\kroko\AppData\Local\Temp\ccROYD6m.s:55     .text.ExecuteCommand:00000000 $t
C:\Users\kroko\AppData\Local\Temp\ccROYD6m.s:60     .text.ExecuteCommand:00000000 ExecuteCommand
C:\Users\kroko\AppData\Local\Temp\ccROYD6m.s:123    .text.WaitForConversionFinished:00000000 $t
C:\Users\kroko\AppData\Local\Temp\ccROYD6m.s:128    .text.WaitForConversionFinished:00000000 WaitForConversionFinished
C:\Users\kroko\AppData\Local\Temp\ccROYD6m.s:147    .text.DS18B20_ConvertT:00000000 $t
C:\Users\kroko\AppData\Local\Temp\ccROYD6m.s:153    .text.DS18B20_ConvertT:00000000 DS18B20_ConvertT
C:\Users\kroko\AppData\Local\Temp\ccROYD6m.s:210    .text.DS18B20_ReadScratchpad:00000000 $t
C:\Users\kroko\AppData\Local\Temp\ccROYD6m.s:216    .text.DS18B20_ReadScratchpad:00000000 DS18B20_ReadScratchpad
C:\Users\kroko\AppData\Local\Temp\ccROYD6m.s:291    .text.DS18B20_ReadScratchpad:000000b0 $d
C:\Users\kroko\AppData\Local\Temp\ccROYD6m.s:294    .text.DS18B20_WriteScratchpad:00000000 $t
C:\Users\kroko\AppData\Local\Temp\ccROYD6m.s:300    .text.DS18B20_WriteScratchpad:00000000 DS18B20_WriteScratchpad
C:\Users\kroko\AppData\Local\Temp\ccROYD6m.s:324    .text.DS18B20_InitializationCommand:00000000 $t
C:\Users\kroko\AppData\Local\Temp\ccROYD6m.s:330    .text.DS18B20_InitializationCommand:00000000 DS18B20_InitializationCommand
C:\Users\kroko\AppData\Local\Temp\ccROYD6m.s:354    .text.DS18B20_ReadRom:00000000 $t
C:\Users\kroko\AppData\Local\Temp\ccROYD6m.s:360    .text.DS18B20_ReadRom:00000000 DS18B20_ReadRom
C:\Users\kroko\AppData\Local\Temp\ccROYD6m.s:393    .text.DS18B20_SkipRom:00000000 $t
C:\Users\kroko\AppData\Local\Temp\ccROYD6m.s:399    .text.DS18B20_SkipRom:00000000 DS18B20_SkipRom
C:\Users\kroko\AppData\Local\Temp\ccROYD6m.s:412    .text.DS18B20_Init:00000000 $t
C:\Users\kroko\AppData\Local\Temp\ccROYD6m.s:418    .text.DS18B20_Init:00000000 DS18B20_Init
C:\Users\kroko\AppData\Local\Temp\ccROYD6m.s:430    .rodata.convertT:00000000 $d
C:\Users\kroko\AppData\Local\Temp\ccROYD6m.s:433    .rodata.convertT:00000000 convertT
C:\Users\kroko\AppData\Local\Temp\ccROYD6m.s:438    .rodata.writeScratchpad:00000000 $d
C:\Users\kroko\AppData\Local\Temp\ccROYD6m.s:441    .rodata.writeScratchpad:00000000 writeScratchpad
C:\Users\kroko\AppData\Local\Temp\ccROYD6m.s:446    .rodata.readScratchpad:00000000 $d
C:\Users\kroko\AppData\Local\Temp\ccROYD6m.s:449    .rodata.readScratchpad:00000000 readScratchpad
C:\Users\kroko\AppData\Local\Temp\ccROYD6m.s:454    .rodata.skipRom:00000000 $d
C:\Users\kroko\AppData\Local\Temp\ccROYD6m.s:457    .rodata.skipRom:00000000 skipRom
C:\Users\kroko\AppData\Local\Temp\ccROYD6m.s:462    .rodata.readRom:00000000 $d
C:\Users\kroko\AppData\Local\Temp\ccROYD6m.s:465    .rodata.readRom:00000000 readRom

UNDEFINED SYMBOLS
OneWire_ProcessByte
OneWire_ProcessBit
HAL_Delay
OneWire_Reset
