ARM GAS  C:\Users\kroko\AppData\Local\Temp\cc4Gbp4K.s 			page 1


   1              		.cpu cortex-m4
   2              		.arch armv7e-m
   3              		.fpu fpv4-sp-d16
   4              		.eabi_attribute 27, 1
   5              		.eabi_attribute 28, 1
   6              		.eabi_attribute 20, 1
   7              		.eabi_attribute 21, 1
   8              		.eabi_attribute 23, 3
   9              		.eabi_attribute 24, 1
  10              		.eabi_attribute 25, 1
  11              		.eabi_attribute 26, 1
  12              		.eabi_attribute 30, 1
  13              		.eabi_attribute 34, 1
  14              		.eabi_attribute 18, 4
  15              		.file	"font12.c"
  16              		.text
  17              		.global	Font12
  18              		.section	.data.Font12,"aw"
  19              		.align	2
  22              	Font12:
  23 0000 00000000 		.word	Font12_Table
  24 0004 0700     		.short	7
  25 0006 0C00     		.short	12
  26              		.global	Font12_Table
  27              		.section	.rodata.Font12_Table,"a"
  28              		.align	2
  31              	Font12_Table:
  32 0000 00000000 		.ascii	"\000\000\000\000\000\000\000\000\000\000\000\000\000"
  32      00000000 
  32      00000000 
  32      00
  33 000d 10101010 		.ascii	"\020\020\020\020\020\000\000\020\000\000\000\000lHH"
  33      10000010 
  33      00000000 
  33      6C4848
  34 001c 00000000 		.ascii	"\000\000\000\000\000\000\000\000\000\024\024(|(|(PP"
  34      00000000 
  34      00141428 
  34      7C287C28 
  34      5050
  35 002e 00000010 		.ascii	"\000\000\000\0208@@8Hp\020\020\000\000\000 P \014p\010"
  35      38404038 
  35      48701010 
  35      00000020 
  35      50200C70 
  36 0043 14080000 		.ascii	"\024\010\000\000\000\000\000\000\030  TH4\000\000\000"
  36      00000000 
  36      18202054 
  36      48340000 
  36      00
  37 0054 00101010 		.ascii	"\000\020\020\020\020\000\000\000\000\000\000\000\000"
  37      10000000 
  37      00000000 
  37      00
  38 0061 08081010 		.ascii	"\010\010\020\020\020\020\020\020\010\010\000\000  \020"
  38      10101010 
  38      08080000 
ARM GAS  C:\Users\kroko\AppData\Local\Temp\cc4Gbp4K.s 			page 2


  38      202010
  39 0070 10101010 		.ascii	"\020\020\020\020\020  \000\000\020|\020((\000\000\000"
  39      10202000 
  39      00107C10 
  39      28280000 
  39      00
  40 0081 00000000 		.ascii	"\000\000\000\000\000\020\020\020\376\020\020\020\000"
  40      00101010 
  40      FE101010 
  40      00
  41 008e 00000000 		.ascii	"\000\000\000\000\000\000\000\000\000\030\0200 \000\000"
  41      00000000 
  41      00181030 
  41      200000
  42 009d 00000000 		.ascii	"\000\000\000\000|\000\000\000\000\000\000\000\000\000"
  42      7C000000 
  42      00000000 
  42      0000
  43 00ab 00000000 		.ascii	"\000\000\000\00000\000\000\000\000\004\004\010\010\020"
  43      30300000 
  43      00000404 
  43      080810
  44 00ba 10202040 		.ascii	"\020  @\000\000\0008DDDDDD8\000\000\000\0000\020\020"
  44      00000038 
  44      44444444 
  44      44443800 
  44      00000030 
  45 00d0 10101010 		.ascii	"\020\020\020\020|\000\000\000\0008D\004\010\020 D|\000"
  45      7C000000 
  45      00384404 
  45      08102044 
  45      7C00
  46 00e2 00000038 		.ascii	"\000\000\0008D\004\030\004\004D8\000\000\000\000\014"
  46      44041804 
  46      04443800 
  46      0000000C 
  47 00f2 14142444 		.ascii	"\024\024$D~\004\016\000\000\000\000<  8\004\004D8\000"
  47      7E040E00 
  47      0000003C 
  47      20203804 
  47      04443800 
  48 0106 0000001C 		.ascii	"\000\000\000\034 @xDDD8\000\000\000\000|D\004\010\010"
  48      20407844 
  48      44443800 
  48      0000007C 
  48      44040808 
  49 011a 08101000 		.ascii	"\010\020\020\000\000\000\0008DD8DDD8\000\000\000\000"
  49      00000038 
  49      44443844 
  49      44443800 
  49      000000
  50 012d 38444444 		.ascii	"8DDD<\004\010p\000\000\000\000\000\00000\000\00000\000"
  50      3C040870 
  50      00000000 
  50      00003030 
  50      00003030 
  51 0142 00000000 		.ascii	"\000\000\000\000\000\030\030\000\000\0300 \000\000\000"
ARM GAS  C:\Users\kroko\AppData\Local\Temp\cc4Gbp4K.s 			page 3


  51      00181800 
  51      00183020 
  51      000000
  52 0151 000C1060 		.ascii	"\000\014\020`\200`\020\014\000\000\000\000\000\000\000"
  52      8060100C 
  52      00000000 
  52      000000
  53 0160 7C007C00 		.ascii	"|\000|\000\000\000\000\000\000\000\300 \030\004\030"
  53      00000000 
  53      0000C020 
  53      180418
  54 016f 20C00000 		.ascii	" \300\000\000\000\000\000\030$\004\010\020\0000\000"
  54      00000018 
  54      24040810 
  54      003000
  55 017e 00003844 		.ascii	"\000\0008DDLTTL@D8\000\000\0000\020(((|D\356\000\000"
  55      444C5454 
  55      4C404438 
  55      00000030 
  55      10282828 
  56 0197 0000F844 		.ascii	"\000\000\370DDxDDD\370\000\000\000\000<D@@@@D8\000\000"
  56      44784444 
  56      44F80000 
  56      00003C44 
  56      40404040 
  57 01af 0000F048 		.ascii	"\000\000\360HDDDDH\360\000\000\000\000\374DPpP@D\374"
  57      44444444 
  57      48F00000 
  57      0000FC44 
  57      50705040 
  58 01c5 00000000 		.ascii	"\000\000\000\000~\"(8(  p\000\000\000\000<D@@NDD8\000"
  58      7E222838 
  58      28202070 
  58      00000000 
  58      3C444040 
  59 01de 000000EE 		.ascii	"\000\000\000\356DD|DDD\356\000\000\000\000|\020\020"
  59      44447C44 
  59      4444EE00 
  59      0000007C 
  59      1010
  60 01f0 10101010 		.ascii	"\020\020\020\020|\000\000\000\000<\010\010\010HHH0\000"
  60      7C000000 
  60      003C0808 
  60      08484848 
  60      3000
  61 0202 000000EE 		.ascii	"\000\000\000\356DHPpHD\346\000\000\000\000p    $$|\000"
  61      44485070 
  61      4844E600 
  61      00000070 
  61      20202020 
  62 021a 000000EE 		.ascii	"\000\000\000\356llTTDD\356\000\000\000\000\356ddTTT"
  62      6C6C5454 
  62      4444EE00 
  62      000000EE 
  62      64645454 
  63 022f 4CEC0000 		.ascii	"L\354\000\000\000\0008DDDDDD8\000\000\000\000x$$$8 "
  63      00003844 
ARM GAS  C:\Users\kroko\AppData\Local\Temp\cc4Gbp4K.s 			page 4


  63      44444444 
  63      44380000 
  63      00007824 
  64 0247 20700000 		.ascii	" p\000\000\000\0008DDDDDD8\034\000\000\000\370DDDxH"
  64      00003844 
  64      44444444 
  64      44381C00 
  64      0000F844 
  65 025f 44E20000 		.ascii	"D\342\000\000\000\0004L@8\004\004dX\000\000\000\000"
  65      0000344C 
  65      40380404 
  65      64580000 
  65      0000
  66 0271 FE921010 		.ascii	"\376\222\020\020\020\020\0208\000\000\000\000\356DD"
  66      10101038 
  66      00000000 
  66      EE4444
  67 0280 44444444 		.ascii	"DDDD8\000\000\000\000\356DD(((\020\020\000\000\000\000"
  67      38000000 
  67      00EE4444 
  67      28282810 
  67      10000000 
  68 0295 EE444454 		.ascii	"\356DDTTTT(\000\000\000\000\306D(\020\020(D\306\000"
  68      54545428 
  68      00000000 
  68      C6442810 
  68      102844C6 
  69 02aa 000000EE 		.ascii	"\000\000\000\356D((\020\020\0208\000\000\000\000|D\010"
  69      44282810 
  69      10103800 
  69      0000007C 
  69      4408
  70 02bc 10102044 		.ascii	"\020\020 D|\000\000\000\0008        8\000\000@   \020"
  70      7C000000 
  70      00382020 
  70      20202020 
  70      20203800 
  71 02d6 10080808 		.ascii	"\020\010\010\010\000\000\0008\010\010\010\010\010\010"
  71      00000038 
  71      08080808 
  71      0808
  72 02e4 08083800 		.ascii	"\010\0108\000\000\020\020(D\000\000\000\000\000\000"
  72      00101028 
  72      44000000 
  72      000000
  73 02f3 00000000 		.ascii	"\000\000\000\000\000\000\000\000\000\000\000\000\376"
  73      00000000 
  73      00000000 
  73      FE
  74 0300 00100800 		.ascii	"\000\020\010\000\000\000\000\000\000\000\000\000\000"
  74      00000000 
  74      00000000 
  74      00
  75 030d 00003844 		.ascii	"\000\0008D<DD>\000\000\000\000\300@XdDDD\370\000\000"
  75      3C44443E 
  75      00000000 
  75      C0405864 
ARM GAS  C:\Users\kroko\AppData\Local\Temp\cc4Gbp4K.s 			page 5


  75      444444F8 
  76 0323 00000000 		.ascii	"\000\000\000\000<D@@D8\000\000\000\000\014\0044LDDD"
  76      3C444040 
  76      44380000 
  76      00000C04 
  76      344C4444 
  77 0338 3E000000 		.ascii	">\000\000\000\000\000\0008D|@@<\000\000\000\000\034"
  77      00000038 
  77      447C4040 
  77      3C000000 
  77      001C
  78 034a 207C2020 		.ascii	" |    |\000\000\000\000\000\0006LDDD<\0048\000\000\300"
  78      20207C00 
  78      00000000 
  78      00364C44 
  78      44443C04 
  79 0362 40586444 		.ascii	"@XdDDD\356\000\000\000\000\020\000p\020\020\020\020"
  79      4444EE00 
  79      00000010 
  79      00701010 
  79      1010
  80 0374 7C000000 		.ascii	"|\000\000\000\000\020\000x\010\010\010\010\010\010p"
  80      00100078 
  80      08080808 
  80      080870
  81 0383 0000C040 		.ascii	"\000\000\300@\\HpPH\334\000\000\000\0000\020\020\020"
  81      5C487050 
  81      48DC0000 
  81      00003010 
  81      1010
  82 0395 1010107C 		.ascii	"\020\020\020|\000\000\000\000\000\000\350TTTT\376\000"
  82      00000000 
  82      0000E854 
  82      545454FE 
  82      00
  83 03a6 00000000 		.ascii	"\000\000\000\000\000\330dDDD\356\000\000\000\000\000"
  83      00D86444 
  83      4444EE00 
  83      00000000 
  84 03b6 00384444 		.ascii	"\0008DDDD8\000\000\000\000\000\000\330dDDDx@\340\000"
  84      44443800 
  84      00000000 
  84      00D86444 
  84      44447840 
  85 03cc 00000036 		.ascii	"\000\000\0006LDDD<\004\016\000\000\000\000l0   |\000"
  85      4C444444 
  85      3C040E00 
  85      0000006C 
  85      30202020 
  86 03e2 00000000 		.ascii	"\000\000\000\000\000<D8\004Dx\000\000\000\000\000 |"
  86      003C4438 
  86      04447800 
  86      00000000 
  86      207C
  87 03f4 20202022 		.ascii	"   \"\034\000\000\000\000\000\000\314DDDL6\000\000\000"
  87      1C000000 
  87      000000CC 
ARM GAS  C:\Users\kroko\AppData\Local\Temp\cc4Gbp4K.s 			page 6


  87      4444444C 
  87      36000000 
  88 0408 000000EE 		.ascii	"\000\000\000\356DD((\020\000\000\000\000\000\000\356"
  88      44442828 
  88      10000000 
  88      000000EE 
  89 0418 44545454 		.ascii	"DTTT(\000\000\000\000\000\000\314H00H\314\000\000\000"
  89      28000000 
  89      000000CC 
  89      48303048 
  89      CC000000 
  90 042c 000000EE 		.ascii	"\000\000\000\356D$(\030\020\020x\000\000\000\000|H\020"
  90      44242818 
  90      10107800 
  90      0000007C 
  90      4810
  91 043e 20447C00 		.ascii	" D|\000\000\000\000\010\020\020\020\020 \020\020\020"
  91      00000008 
  91      10101010 
  91      20101010 
  92 044e 08000010 		.ascii	"\010\000\000\020\020\020\020\020\020\020\020\020\000"
  92      10101010 
  92      10101010 
  92      00
  93 045b 00002010 		.ascii	"\000\000 \020\020\020\020\010\020\020\020 \000\000\000"
  93      10101008 
  93      10101020 
  93      000000
  94 046a 00000024 		.ascii	"\000\000\000$X\000\000\000\000\000"
  94      58000000 
  94      0000
  95              		.ident	"GCC: (Arm GNU Toolchain 14.2.Rel1 (Build arm-14.52)) 14.2.1 20241119"
ARM GAS  C:\Users\kroko\AppData\Local\Temp\cc4Gbp4K.s 			page 7


DEFINED SYMBOLS
                            *ABS*:00000000 font12.c
C:\Users\kroko\AppData\Local\Temp\cc4Gbp4K.s:22     .data.Font12:00000000 Font12
C:\Users\kroko\AppData\Local\Temp\cc4Gbp4K.s:19     .data.Font12:00000000 $d
C:\Users\kroko\AppData\Local\Temp\cc4Gbp4K.s:31     .rodata.Font12_Table:00000000 Font12_Table
C:\Users\kroko\AppData\Local\Temp\cc4Gbp4K.s:28     .rodata.Font12_Table:00000000 $d

NO UNDEFINED SYMBOLS
