ARM GAS  C:\Users\kroko\AppData\Local\Temp\ccYfMdGS.s 			page 1


   1              		.cpu cortex-m4
   2              		.arch armv7e-m
   3              		.fpu fpv4-sp-d16
   4              		.eabi_attribute 27, 1
   5              		.eabi_attribute 28, 1
   6              		.eabi_attribute 20, 1
   7              		.eabi_attribute 21, 1
   8              		.eabi_attribute 23, 3
   9              		.eabi_attribute 24, 1
  10              		.eabi_attribute 25, 1
  11              		.eabi_attribute 26, 1
  12              		.eabi_attribute 30, 1
  13              		.eabi_attribute 34, 1
  14              		.eabi_attribute 18, 4
  15              		.file	"font20.c"
  16              		.text
  17              		.global	Font20
  18              		.section	.data.Font20,"aw"
  19              		.align	2
  22              	Font20:
  23 0000 00000000 		.word	Font20_Table
  24 0004 0E00     		.short	14
  25 0006 1400     		.short	20
  26              		.global	Font20_Table
  27              		.section	.rodata.Font20_Table,"a"
  28              		.align	2
  31              	Font20_Table:
  32 0000 00000000 		.ascii	"\000\000\000\000\000\000\000\000\000\000\000\000\000"
  32      00000000 
  32      00000000 
  32      00
  33 000d 00000000 		.ascii	"\000\000\000\000\000\000\000\000\000\000\000\000\000"
  33      00000000 
  33      00000000 
  33      00
  34 001a 00000000 		.ascii	"\000\000\000\000\000\000\000\000\000\000\000\000\000"
  34      00000000 
  34      00000000 
  34      00
  35 0027 00000007 		.ascii	"\000\000\000\007\000\007\000\007\000\007\000\007\000"
  35      00070007 
  35      00070007 
  35      00
  36 0034 07000700 		.ascii	"\007\000\007\000\002\000\002\000\000\000\000\000\007"
  36      02000200 
  36      00000000 
  36      07
  37 0041 00070000 		.ascii	"\000\007\000\000\000\000\000\000\000\000\000\000\000"
  37      00000000 
  37      00000000 
  37      00
  38 004e 00000000 		.ascii	"\000\000\000\000\000\000\034\340\034\340\034\340\010"
  38      00001CE0 
  38      1CE01CE0 
  38      08
  39 005b 40084008 		.ascii	"@\010@\010@\000\000\000\000\000\000\000\000\000\000"
  39      40000000 
ARM GAS  C:\Users\kroko\AppData\Local\Temp\ccYfMdGS.s 			page 2


  39      00000000 
  39      000000
  40 006a 00000000 		.ascii	"\000\000\000\000\000\000\000\000\000\000\000\000\000"
  40      00000000 
  40      00000000 
  40      00
  41 0077 000CC00C 		.ascii	"\000\014\300\014\300\014\300\014\300\014\300?\360?\360"
  41      C00CC00C 
  41      C00CC03F 
  41      F03FF0
  42 0086 0CC00CC0 		.ascii	"\014\300\014\300?\360?\360\014\300\014\300\014\300\014"
  42      3FF03FF0 
  42      0CC00CC0 
  42      0CC00C
  43 0095 C00CC000 		.ascii	"\300\014\300\000\000\000\000\000\000\000\000\003\000"
  43      00000000 
  43      00000003 
  43      00
  44 00a2 030007E0 		.ascii	"\003\000\007\340\017\340\030`\030\000\037\000\017\300"
  44      0FE01860 
  44      18001F00 
  44      0FC0
  45 00b0 00E01860 		.ascii	"\000\340\030`\030`\037\300\037\200\003\000\003\000\003"
  45      18601FC0 
  45      1F800300 
  45      030003
  46 00bf 00000000 		.ascii	"\000\000\000\000\000\000\000\000\000\000\000\034\000"
  46      00000000 
  46      0000001C 
  46      00
  47 00cc 22002200 		.ascii	"\"\000\"\000\"\000\034`\001\340\017\200<\0001\300\002"
  47      22001C60 
  47      01E00F80 
  47      3C0031C0 
  47      02
  48 00dd 20022002 		.ascii	" \002 \002 \001\300\000\000\000\000\000\000\000\000"
  48      2001C000 
  48      00000000 
  48      000000
  49 00ec 00000000 		.ascii	"\000\000\000\000\000\000\000\000\000\000\003\340\017"
  49      00000000 
  49      000003E0 
  49      0F
  50 00f9 E00C000C 		.ascii	"\340\014\000\014\000\006\000\0170\037\360\031\340\030"
  50      0006000F 
  50      301FF019 
  50      E018
  51 0107 C01FF007 		.ascii	"\300\037\360\007\260\000\000\000\000\000\000\000\000"
  51      B0000000 
  51      00000000 
  51      00
  52 0114 00000000 		.ascii	"\000\000\000\000\000\000\000\000\003\200\003\200\003"
  52      00000000 
  52      03800380 
  52      03
  53 0121 80010001 		.ascii	"\200\001\000\001\000\001\000\000\000\000\000\000\000"
  53      00010000 
ARM GAS  C:\Users\kroko\AppData\Local\Temp\ccYfMdGS.s 			page 3


  53      00000000 
  53      00
  54 012e 00000000 		.ascii	"\000\000\000\000\000\000\000\000\000\000\000\000\000"
  54      00000000 
  54      00000000 
  54      00
  55 013b 00000000 		.ascii	"\000\000\000\000\000\000\000\000\300\000\300\001\200"
  55      00000000 
  55      C000C001 
  55      80
  56 0148 01800180 		.ascii	"\001\200\001\200\003\000\003\000\003\000\003\000\003"
  56      03000300 
  56      03000300 
  56      03
  57 0155 00030001 		.ascii	"\000\003\000\001\200\001\200\001\200\000\300\000\300"
  57      80018001 
  57      8000C000 
  57      C0
  58 0162 00000000 		.ascii	"\000\000\000\000\000\000\000\000\014\000\014\000\006"
  58      00000000 
  58      0C000C00 
  58      06
  59 016f 00060006 		.ascii	"\000\006\000\006\000\003\000\003\000\003\000\003\000"
  59      00030003 
  59      00030003 
  59      00
  60 017c 03000300 		.ascii	"\003\000\003\000\006\000\006\000\006\000\014\000\014"
  60      06000600 
  60      06000C00 
  60      0C
  61 0189 00000000 		.ascii	"\000\000\000\000\000\000\000\000\000\003\000\003\000"
  61      00000000 
  61      00030003 
  61      00
  62 0196 03001B60 		.ascii	"\003\000\033`\037\340\007\200\007\200\017\300\014\300"
  62      1FE00780 
  62      07800FC0 
  62      0CC0
  63 01a4 00000000 		.ascii	"\000\000\000\000\000\000\000\000\000\000\000\000\000"
  63      00000000 
  63      00000000 
  63      00
  64 01b1 00000000 		.ascii	"\000\000\000\000\000\000\000\000\000\000\000\000\000"
  64      00000000 
  64      00000000 
  64      00
  65 01be 03000300 		.ascii	"\003\000\003\000\003\000\003\000?\360?\360\003\000\003"
  65      03000300 
  65      3FF03FF0 
  65      030003
  66 01cd 00030003 		.ascii	"\000\003\000\003\000\000\000\000\000\000\000\000\000"
  66      00000000 
  66      00000000 
  66      00
  67 01da 00000000 		.ascii	"\000\000\000\000\000\000\000\000\000\000\000\000\000"
  67      00000000 
  67      00000000 
ARM GAS  C:\Users\kroko\AppData\Local\Temp\ccYfMdGS.s 			page 4


  67      00
  68 01e7 00000000 		.ascii	"\000\000\000\000\000\000\000\000\000\000\000\000\000"
  68      00000000 
  68      00000000 
  68      00
  69 01f4 00000380 		.ascii	"\000\000\003\200\003\000\003\000\006\000\006\000\004"
  69      03000300 
  69      06000600 
  69      04
  70 0201 00000000 		.ascii	"\000\000\000\000\000\000\000\000\000\000\000\000\000"
  70      00000000 
  70      00000000 
  70      00
  71 020e 00000000 		.ascii	"\000\000\000\000\000\000\000\000?\340?\340\000\000\000"
  71      00000000 
  71      3FE03FE0 
  71      000000
  72 021d 00000000 		.ascii	"\000\000\000\000\000\000\000\000\000\000\000\000\000"
  72      00000000 
  72      00000000 
  72      00
  73 022a 00000000 		.ascii	"\000\000\000\000\000\000\000\000\000\000\000\000\000"
  73      00000000 
  73      00000000 
  73      00
  74 0237 00000000 		.ascii	"\000\000\000\000\000\000\000\000\000\000\000\000\000"
  74      00000000 
  74      00000000 
  74      00
  75 0244 00000380 		.ascii	"\000\000\003\200\003\200\003\200\000\000\000\000\000"
  75      03800380 
  75      00000000 
  75      00
  76 0251 00000000 		.ascii	"\000\000\000\000\000\000\000\000`\000`\000\300\000\300"
  76      00000000 
  76      60006000 
  76      C000C0
  77 0260 00C00180 		.ascii	"\000\300\001\200\001\200\003\000\003\000\006\000\006"
  77      01800300 
  77      03000600 
  77      06
  78 026d 000C000C 		.ascii	"\000\014\000\014\000\014\000\030\000\030\000\000\000"
  78      000C0018 
  78      00180000 
  78      00
  79 027a 00000000 		.ascii	"\000\000\000\000\000\000\000\000\017\200\037\300\030"
  79      00000000 
  79      0F801FC0 
  79      18
  80 0287 C0306030 		.ascii	"\3000`0`0`0`0`0`0`\030\300\037\300\017\200\000\000\000"
  80      60306030 
  80      60306030 
  80      60306018 
  80      C01FC00F 
  81 029f 00000000 		.ascii	"\000\000\000\000\000\000\000\000\000\000\000\003\000"
  81      00000000 
  81      00000003 
ARM GAS  C:\Users\kroko\AppData\Local\Temp\ccYfMdGS.s 			page 5


  81      00
  82 02ac 1F001F00 		.ascii	"\037\000\037\000\003\000\003\000\003\000\003\000\003"
  82      03000300 
  82      03000300 
  82      03
  83 02b9 00030003 		.ascii	"\000\003\000\003\000\003\000\037\340\037\340\000\000"
  83      0003001F 
  83      E01FE000 
  83      00
  84 02c6 00000000 		.ascii	"\000\000\000\000\000\000\000\000\000\000\000\000\017"
  84      00000000 
  84      00000000 
  84      0F
  85 02d3 801FC038 		.ascii	"\200\037\3008\3400`\000`\000\300\001\200\003\000\006"
  85      E0306000 
  85      6000C001 
  85      80030006 
  86 02e3 000C0018 		.ascii	"\000\014\000\030\000?\340?\340\000\000\000\000\000\000"
  86      003FE03F 
  86      E0000000 
  86      000000
  87 02f2 00000000 		.ascii	"\000\000\000\000\000\000\000\000\017\200?\3000\340\000"
  87      00000000 
  87      0F803FC0 
  87      30E000
  88 0301 6000E007 		.ascii	"`\000\340\007\300\007\300\000\340\000`\000``\340\177"
  88      C007C000 
  88      E0006000 
  88      6060E07F 
  89 0311 C03F8000 		.ascii	"\300?\200\000\000\000\000\000\000\000\000\000\000\000"
  89      00000000 
  89      00000000 
  89      0000
  90 031f 00000001 		.ascii	"\000\000\000\001\300\003\300\003\300\006\300\014\300"
  90      C003C003 
  90      C006C00C 
  90      C0
  91 032c 0CC018C0 		.ascii	"\014\300\030\3000\300?\340?\340\000\300\003\340\003"
  91      30C03FE0 
  91      3FE000C0 
  91      03E003
  92 033b E0000000 		.ascii	"\340\000\000\000\000\000\000\000\000\000\000\000\000"
  92      00000000 
  92      00000000 
  92      00
  93 0348 00001FC0 		.ascii	"\000\000\037\300\037\300\030\000\030\000\037\200\037"
  93      1FC01800 
  93      18001F80 
  93      1F
  94 0355 C018E000 		.ascii	"\300\030\340\000`\000`\000`0\340?\300\037\200\000\000"
  94      60006000 
  94      6030E03F 
  94      C01F8000 
  94      00
  95 0366 00000000 		.ascii	"\000\000\000\000\000\000\000\000\000\000\000\000\003"
  95      00000000 
  95      00000000 
ARM GAS  C:\Users\kroko\AppData\Local\Temp\ccYfMdGS.s 			page 6


  95      03
  96 0373 E00FE01E 		.ascii	"\340\017\340\036\000\030\0008\0007\200?\3008\3400`0"
  96      00180038 
  96      0037803F 
  96      C038E030 
  96      6030
  97 0385 6018E01F 		.ascii	"`\030\340\037\300\007\200\000\000\000\000\000\000\000"
  97      C0078000 
  97      00000000 
  97      0000
  98 0393 00000000 		.ascii	"\000\000\000\000\000\000\000?\340?\3400`\000`\000\300"
  98      0000003F 
  98      E03FE030 
  98      60006000 
  98      C0
  99 03a4 00C000C0 		.ascii	"\000\300\000\300\001\200\001\200\001\200\003\000\003"
  99      01800180 
  99      01800300 
  99      03
 100 03b1 00030000 		.ascii	"\000\003\000\000\000\000\000\000\000\000\000\000\000"
 100      00000000 
 100      00000000 
 100      00
 101 03be 00000000 		.ascii	"\000\000\000\000\017\200\037\3008\3400`8\340\037\300"
 101      0F801FC0 
 101      38E03060 
 101      38E01FC0 
 102 03ce 1FC038E0 		.ascii	"\037\3008\3400`0`8\340\037\300\017\200\000\000\000\000"
 102      30603060 
 102      38E01FC0 
 102      0F800000 
 102      0000
 103 03e0 00000000 		.ascii	"\000\000\000\000\000\000\000\000\000\000\017\000\037"
 103      00000000 
 103      00000F00 
 103      1F
 104 03ed C038C030 		.ascii	"\3008\3000`0`8\340\037\340\017`\000\340\000\300\003"
 104      60306038 
 104      E01FE00F 
 104      6000E000 
 104      C003
 105 03ff C03F803E 		.ascii	"\300?\200>\000\000\000\000\000\000\000\000\000\000\000"
 105      00000000 
 105      00000000 
 105      000000
 106 040e 00000000 		.ascii	"\000\000\000\000\000\000\000\000\000\000\000\000\003"
 106      00000000 
 106      00000000 
 106      03
 107 041b 80038003 		.ascii	"\200\003\200\003\200\000\000\000\000\000\000\003\200"
 107      80000000 
 107      00000003 
 107      80
 108 0428 03800380 		.ascii	"\003\200\003\200\000\000\000\000\000\000\000\000\000"
 108      00000000 
 108      00000000 
 108      00
ARM GAS  C:\Users\kroko\AppData\Local\Temp\ccYfMdGS.s 			page 7


 109 0435 00000000 		.ascii	"\000\000\000\000\000\000\000\000\000\000\000\000\000"
 109      00000000 
 109      00000000 
 109      00
 110 0442 01C001C0 		.ascii	"\001\300\001\300\001\300\000\000\000\000\000\000\003"
 110      01C00000 
 110      00000000 
 110      03
 111 044f 80030006 		.ascii	"\200\003\000\006\000\006\000\004\000\000\000\000\000"
 111      00060004 
 111      00000000 
 111      00
 112 045c 00000000 		.ascii	"\000\000\000\000\000\000\000\000\000\000\0000\000\360"
 112      00000000 
 112      00000030 
 112      00F0
 113 046a 03C00700 		.ascii	"\003\300\007\000\034\000x\000\034\000\007\000\003\300"
 113      1C007800 
 113      1C000700 
 113      03C0
 114 0478 00F00030 		.ascii	"\000\360\0000\000\000\000\000\000\000\000\000\000\000"
 114      00000000 
 114      00000000 
 114      0000
 115 0486 00000000 		.ascii	"\000\000\000\000\000\000\000\000\000\000\000\000\177"
 115      00000000 
 115      00000000 
 115      7F
 116 0493 F07FF000 		.ascii	"\360\177\360\000\000\000\000\177\360\177\360\000\000"
 116      0000007F 
 116      F07FF000 
 116      00
 117 04a0 00000000 		.ascii	"\000\000\000\000\000\000\000\000\000\000\000\000\000"
 117      00000000 
 117      00000000 
 117      00
 118 04ad 00000000 		.ascii	"\000\000\000\000\000\000\000\000\0000\000<\000\017\000"
 118      00000000 
 118      0030003C 
 118      000F00
 119 04bc 038000E0 		.ascii	"\003\200\000\340\000x\000\340\003\200\017\000<\0000"
 119      007800E0 
 119      03800F00 
 119      3C0030
 120 04cb 00000000 		.ascii	"\000\000\000\000\000\000\000\000\000\000\000\000\000"
 120      00000000 
 120      00000000 
 120      00
 121 04d8 00000000 		.ascii	"\000\000\000\000\017\200\037\300\030`\030`\000`\001"
 121      0F801FC0 
 121      18601860 
 121      006001
 122 04e7 C0038003 		.ascii	"\300\003\200\003\000\000\000\000\000\007\000\007\000"
 122      00000000 
 122      00070007 
 122      00
 123 04f4 00000000 		.ascii	"\000\000\000\000\000\000\000\000\000\000\000\000\000"
ARM GAS  C:\Users\kroko\AppData\Local\Temp\ccYfMdGS.s 			page 8


 123      00000000 
 123      00000000 
 123      00
 124 0501 0003800C 		.ascii	"\000\003\200\014\200\010@\020@\020@\021\300\022@\022"
 124      80084010 
 124      40104011 
 124      C0124012 
 125 0511 40124011 		.ascii	"@\022@\021\300\020\000\010\000\010@\007\200\000\000"
 125      C0100008 
 125      00084007 
 125      800000
 126 0520 00000000 		.ascii	"\000\000\000\000\000\000\000\000\000\000\000\000\037"
 126      00000000 
 126      00000000 
 126      1F
 127 052d 801F8003 		.ascii	"\200\037\200\003\200\006\300\006\300\014\300\014`\037"
 127      8006C006 
 127      C00CC00C 
 127      601F
 128 053b E01FE030 		.ascii	"\340\037\34000xxxx\000\000\000\000\000\000\000\000\000"
 128      30787878 
 128      78000000 
 128      00000000 
 128      0000
 129 054d 00000000 		.ascii	"\000\000\000\000\000\000\000?\200?\300\030`\030`\030"
 129      0000003F 
 129      803FC018 
 129      60186018 
 130 055d E01FC01F 		.ascii	"\340\037\300\037\340\030p\0300\0300?\360?\340\000\000"
 130      E0187018 
 130      3018303F 
 130      F03FE000 
 130      00
 131 056e 00000000 		.ascii	"\000\000\000\000\000\000\000\000\000\000\000\000\000"
 131      00000000 
 131      00000000 
 131      00
 132 057b 0007B00F 		.ascii	"\000\007\260\017\360\034p800\0000\0000\0000\00080\034"
 132      F01C7038 
 132      30300030 
 132      00300030 
 132      0038301C 
 133 058f 700FE007 		.ascii	"p\017\340\007\300\000\000\000\000\000\000\000\000\000"
 133      C0000000 
 133      00000000 
 133      0000
 134 059d 00000000 		.ascii	"\000\000\000\000\000\000\000\177\200\177\3000\3400p"
 134      0000007F 
 134      807FC030 
 134      E03070
 135 05ac 30303030 		.ascii	"000000000p0\340\177\300\177\200\000\000\000\000\000"
 135      30303030 
 135      307030E0 
 135      7FC07F80 
 135      00000000 
 136 05c1 00000000 		.ascii	"\000\000\000\000\000\000\000\000\000\000\000?\360?\360"
 136      00000000 
ARM GAS  C:\Users\kroko\AppData\Local\Temp\ccYfMdGS.s 			page 9


 136      0000003F 
 136      F03FF0
 137 05d0 18301830 		.ascii	"\0300\0300\031\200\037\200\037\200\031\200\0300\030"
 137      19801F80 
 137      1F801980 
 137      183018
 138 05df 303FF03F 		.ascii	"0?\360?\360\000\000\000\000\000\000\000\000\000\000"
 138      F0000000 
 138      00000000 
 138      000000
 139 05ee 00000000 		.ascii	"\000\000\000\000\000\000?\360?\360\0300\0300\031\200"
 139      00003FF0 
 139      3FF01830 
 139      18301980 
 140 05fe 1F801F80 		.ascii	"\037\200\037\200\031\200\030\000\030\000?\000?\000\000"
 140      19801800 
 140      18003F00 
 140      3F0000
 141 060d 00000000 		.ascii	"\000\000\000\000\000\000\000\000\000\000\000\000\000"
 141      00000000 
 141      00000000 
 141      00
 142 061a 000007B0 		.ascii	"\000\000\007\260\037\360\030p000\0000\0001\3701\370"
 142      1FF01870 
 142      30303000 
 142      300031F8 
 142      31F8
 143 062c 30301830 		.ascii	"00\0300\037\360\007\300\000\000\000\000\000\000\000"
 143      1FF007C0 
 143      00000000 
 143      000000
 144 063b 00000000 		.ascii	"\000\000\000\000\000\000\000\000\000<\360<\360\030`"
 144      00000000 
 144      003CF03C 
 144      F01860
 145 064a 18601860 		.ascii	"\030`\030`\037\340\037\340\030`\030`\030`<\360<\360"
 145      1FE01FE0 
 145      18601860 
 145      18603CF0 
 145      3CF0
 146 065c 00000000 		.ascii	"\000\000\000\000\000\000\000\000\000\000\000\000\000"
 146      00000000 
 146      00000000 
 146      00
 147 0669 0000001F 		.ascii	"\000\000\000\037\340\037\340\003\000\003\000\003\000"
 147      E01FE003 
 147      00030003 
 147      00
 148 0676 03000300 		.ascii	"\003\000\003\000\003\000\003\000\003\000\037\340\037"
 148      03000300 
 148      03001FE0 
 148      1F
 149 0683 E0000000 		.ascii	"\340\000\000\000\000\000\000\000\000\000\000\000\000"
 149      00000000 
 149      00000000 
 149      00
 150 0690 00000000 		.ascii	"\000\000\000\000\003\370\003\370\000`\000`\000`\000"
ARM GAS  C:\Users\kroko\AppData\Local\Temp\ccYfMdGS.s 			page 10


 150      03F803F8 
 150      00600060 
 150      006000
 151 069f 60306030 		.ascii	"`0`0`0`0\340?\300\017\200\000\000\000\000\000\000\000"
 151      60306030 
 151      E03FC00F 
 151      80000000 
 151      00000000 
 152 06b3 00000000 		.ascii	"\000\000\000\000\000\000\000\000\000>\370>\370\030\340"
 152      00000000 
 152      003EF83E 
 152      F818E0
 153 06c2 19801B00 		.ascii	"\031\200\033\000\037\000\035\200\030\300\030\300\030"
 153      1F001D80 
 153      18C018C0 
 153      18
 154 06cf 603E783E 		.ascii	"`>x>8\000\000\000\000\000\000\000\000\000\000\000\000"
 154      38000000 
 154      00000000 
 154      00000000 
 154      00
 155 06e0 00000000 		.ascii	"\000\000\000\000?\000?\000\014\000\014\000\014\000\014"
 155      3F003F00 
 155      0C000C00 
 155      0C000C
 156 06ef 000C000C 		.ascii	"\000\014\000\0140\0140\0140?\360?\360\000\000\000\000"
 156      300C300C 
 156      303FF03F 
 156      F0000000 
 156      00
 157 0700 00000000 		.ascii	"\000\000\000\000\000\000\000\000\000\000\000\000xxx"
 157      00000000 
 157      00000000 
 157      787878
 158 070f 7838703C 		.ascii	"x8p<\3604\2607\2607\260303000|\370|\370\000\000\000"
 158      F034B037 
 158      B037B033 
 158      30333030 
 158      307CF87C 
 159 0727 00000000 		.ascii	"\000\000\000\000\000\000\000\000\000\000\000\000\000"
 159      00000000 
 159      00000000 
 159      00
 160 0734 39F03DF0 		.ascii	"9\360=\360\034`\036`\036`\033`\033`\031\340\031\340"
 160      1C601E60 
 160      1E601B60 
 160      1B6019E0 
 160      19E0
 161 0746 18E03EE0 		.ascii	"\030\340>\340>`\000\000\000\000\000\000\000\000\000"
 161      3E600000 
 161      00000000 
 161      000000
 162 0755 00000000 		.ascii	"\000\000\000\000\000\000\000\007\200\017\300\034\340"
 162      00000007 
 162      800FC01C 
 162      E0
 163 0762 38703030 		.ascii	"8p000000008p\034\340\017\300\007\200\000\000\000\000"
ARM GAS  C:\Users\kroko\AppData\Local\Temp\ccYfMdGS.s 			page 11


 163      30303030 
 163      30303870 
 163      1CE00FC0 
 163      07800000 
 164 0778 00000000 		.ascii	"\000\000\000\000\000\000\000\000\000\000\000\000?\300"
 164      00000000 
 164      00000000 
 164      3FC0
 165 0786 3FE01870 		.ascii	"?\340\030p\0300\0300\030p\037\340\037\300\030\000\030"
 165      18301830 
 165      18701FE0 
 165      1FC01800 
 165      18
 166 0797 003F003F 		.ascii	"\000?\000?\000\000\000\000\000\000\000\000\000\000\000"
 166      00000000 
 166      00000000 
 166      000000
 167 07a6 00000000 		.ascii	"\000\000\000\000\000\000\007\200\017\300\034\3408p0"
 167      00000780 
 167      0FC01CE0 
 167      387030
 168 07b5 30303030 		.ascii	"00000008p\034\340\017\300\007\200\007\260\017\360\014"
 168      30303038 
 168      701CE00F 
 168      C0078007 
 168      B00FF00C 
 169 07c9 E0000000 		.ascii	"\340\000\000\000\000\000\000"
 169      000000
 170 07d0 00000000 		.ascii	"\000\000\000\000?\300?\340\030p\0300\030p\037\340\037"
 170      3FC03FE0 
 170      18701830 
 170      18701FE0 
 170      1F
 171 07e1 C018E018 		.ascii	"\300\030\340\030`\030p>8>\030\000\000\000\000\000\000"
 171      6018703E 
 171      383E1800 
 171      00000000 
 171      00
 172 07f2 00000000 		.ascii	"\000\000\000\000\000\000\000\000\000\000\017\260\037"
 172      00000000 
 172      00000FB0 
 172      1F
 173 07ff F0387030 		.ascii	"\3608p008\000\037\200\007\340\000p008p?\3407\300\000"
 173      3038001F 
 173      8007E000 
 173      70303038 
 173      703FE037 
 174 0815 00000000 		.ascii	"\000\000\000\000\000\000\000\000\000\000\000\000\000"
 174      00000000 
 174      00000000 
 174      00
 175 0822 00003FF0 		.ascii	"\000\000?\360?\360303030\003\000\003\000\003\000\003"
 175      3FF03330 
 175      33303330 
 175      03000300 
 175      030003
 176 0835 0003000F 		.ascii	"\000\003\000\017\300\017\300\000\000\000\000\000\000"
ARM GAS  C:\Users\kroko\AppData\Local\Temp\ccYfMdGS.s 			page 12


 176      C00FC000 
 176      00000000 
 176      00
 177 0842 00000000 		.ascii	"\000\000\000\000\000\000\000\000\000\000<\360<\360\030"
 177      00000000 
 177      00003CF0 
 177      3CF018
 178 0851 60186018 		.ascii	"`\030`\030`\030`\030`\030`\030`\034\340\017\300\007"
 178      60186018 
 178      60186018 
 178      601CE00F 
 178      C007
 179 0863 80000000 		.ascii	"\200\000\000\000\000\000\000\000\000\000\000\000\000"
 179      00000000 
 179      00000000 
 179      00
 180 0870 00000000 		.ascii	"\000\000\000\000x\360x\3600`0`\030\300\030\300\015\200"
 180      78F078F0 
 180      30603060 
 180      18C018C0 
 180      0D80
 181 0882 0D800D80 		.ascii	"\015\200\015\200\007\000\007\000\007\000\000\000\000"
 181      07000700 
 181      07000000 
 181      00
 182 088f 00000000 		.ascii	"\000\000\000\000\000\000\000\000\000\000\000\000\000"
 182      00000000 
 182      00000000 
 182      00
 183 089c 7C7C7C7C 		.ascii	"||||0\0303\2303\2303\2306\330\026\320\034p\034p\034"
 183      30183398 
 183      33983398 
 183      36D816D0 
 183      1C701C70 
 184 08b1 70183000 		.ascii	"p\0300\000\000\000\000\000\000\000\000\000\000\000\000"
 184      00000000 
 184      00000000 
 184      000000
 185 08c0 00000000 		.ascii	"\000\000\000\000x\360x\3600`\030\300\015\200\007\000"
 185      78F078F0 
 185      306018C0 
 185      0D800700 
 186 08d0 07000D80 		.ascii	"\007\000\015\200\030\3000`x\360x\360\000\000\000\000"
 186      18C03060 
 186      78F078F0 
 186      00000000 
 187 08e0 00000000 		.ascii	"\000\000\000\000\000\000\000\000\000\000\000\000<\360"
 187      00000000 
 187      00000000 
 187      3CF0
 188 08ee 3CF01860 		.ascii	"<\360\030`\014\300\007\200\007\200\003\000\003\000\003"
 188      0CC00780 
 188      07800300 
 188      030003
 189 08fd 0003000F 		.ascii	"\000\003\000\017\300\017\300\000\000\000\000\000\000"
 189      C00FC000 
 189      00000000 
ARM GAS  C:\Users\kroko\AppData\Local\Temp\ccYfMdGS.s 			page 13


 189      00
 190 090a 00000000 		.ascii	"\000\000\000\000\000\000\000\000\000\000\037\340\037"
 190      00000000 
 190      00001FE0 
 190      1F
 191 0917 E0186018 		.ascii	"\340\030`\030\300\001\200\003\000\003\000\006\000\014"
 191      C0018003 
 191      00030006 
 191      000C
 192 0925 6018601F 		.ascii	"`\030`\037\340\037\340\000\000\000\000\000\000\000\000"
 192      E01FE000 
 192      00000000 
 192      000000
 193 0934 00000000 		.ascii	"\000\000\000\000\000\000\003\300\003\300\003\000\003"
 193      000003C0 
 193      03C00300 
 193      03
 194 0941 00030003 		.ascii	"\000\003\000\003\000\003\000\003\000\003\000\003\000"
 194      00030003 
 194      00030003 
 194      00
 195 094e 03000300 		.ascii	"\003\000\003\000\003\000\003\000\003\300\003\300\000"
 195      03000300 
 195      03C003C0 
 195      00
 196 095b 00000000 		.ascii	"\000\000\000\000\000\030\000\030\000\014\000\014\000"
 196      00180018 
 196      000C000C 
 196      00
 197 0968 0C000600 		.ascii	"\014\000\006\000\006\000\003\000\003\000\001\200\001"
 197      06000300 
 197      03000180 
 197      01
 198 0975 8000C000 		.ascii	"\200\000\300\000\300\000\300\000`\000`\000\000\000\000"
 198      C000C000 
 198      60006000 
 198      000000
 199 0984 00000000 		.ascii	"\000\000\000\000\000\000\017\000\017\000\003\000\003"
 199      00000F00 
 199      0F000300 
 199      03
 200 0991 00030003 		.ascii	"\000\003\000\003\000\003\000\003\000\003\000\003\000"
 200      00030003 
 200      00030003 
 200      00
 201 099e 03000300 		.ascii	"\003\000\003\000\003\000\003\000\017\000\017\000\000"
 201      03000300 
 201      0F000F00 
 201      00
 202 09ab 00000000 		.ascii	"\000\000\000\000\000\000\000\002\000\007\000\015\200"
 202      00000002 
 202      0007000D 
 202      80
 203 09b8 18C03060 		.ascii	"\030\3000`  \000\000\000\000\000\000\000\000\000\000"
 203      20200000 
 203      00000000 
 203      00000000 
ARM GAS  C:\Users\kroko\AppData\Local\Temp\ccYfMdGS.s 			page 14


 204 09c8 00000000 		.ascii	"\000\000\000\000\000\000\000\000\000\000\000\000\000"
 204      00000000 
 204      00000000 
 204      00
 205 09d5 00000000 		.ascii	"\000\000\000\000\000\000\000\000\000\000\000\000\000"
 205      00000000 
 205      00000000 
 205      00
 206 09e2 00000000 		.ascii	"\000\000\000\000\000\000\000\000\000\000\000\000\000"
 206      00000000 
 206      00000000 
 206      00
 207 09ef 00000000 		.ascii	"\000\000\000\000\000\000\000\000\000\000\000\000\000"
 207      00000000 
 207      00000000 
 207      00
 208 09fc FFFCFFFC 		.ascii	"\377\374\377\374\000\000\004\000\003\000\000\200\000"
 208      00000400 
 208      03000080 
 208      00
 209 0a09 00000000 		.ascii	"\000\000\000\000\000\000\000\000\000\000\000\000\000"
 209      00000000 
 209      00000000 
 209      00
 210 0a16 00000000 		.ascii	"\000\000\000\000\000\000\000\000\000\000\000\000\000"
 210      00000000 
 210      00000000 
 210      00
 211 0a23 00000000 		.ascii	"\000\000\000\000\000\000\000\000\000\000\000\000\000"
 211      00000000 
 211      00000000 
 211      00
 212 0a30 00000FC0 		.ascii	"\000\000\017\300\037\340\000`\017\340\037\3408`0\340"
 212      1FE00060 
 212      0FE01FE0 
 212      386030E0 
 213 0a40 3FF01F70 		.ascii	"?\360\037p\000\000\000\000\000\000\000\000\000\000\000"
 213      00000000 
 213      00000000 
 213      000000
 214 0a4f 00000070 		.ascii	"\000\000\000p\000p\0000\0000\0007\200?\3408`0000008"
 214      00700030 
 214      00300037 
 214      803FE038 
 214      60303030 
 215 0a67 607FE077 		.ascii	"`\177\340w\200\000\000\000\000\000\000\000\000\000\000"
 215      80000000 
 215      00000000 
 215      000000
 216 0a76 00000000 		.ascii	"\000\000\000\000\000\000\000\000\000\000\000\000\007"
 216      00000000 
 216      00000000 
 216      07
 217 0a83 B01FF018 		.ascii	"\260\037\360\0300000\0000\00080\037\360\017\300\000"
 217      30303030 
 217      00300038 
 217      301FF00F 
ARM GAS  C:\Users\kroko\AppData\Local\Temp\ccYfMdGS.s 			page 15


 217      C000
 218 0a95 00000000 		.ascii	"\000\000\000\000\000\000\000\000\000\000\000\000\000"
 218      00000000 
 218      00000000 
 218      00
 219 0aa2 00700070 		.ascii	"\000p\000p\0000\0000\007\260\037\360\030p0000008p\037"
 219      00300030 
 219      07B01FF0 
 219      18703030 
 219      30303030 
 220 0ab9 F807B800 		.ascii	"\370\007\270\000\000\000\000\000\000\000\000\000\000"
 220      00000000 
 220      00000000 
 220      00
 221 0ac6 00000000 		.ascii	"\000\000\000\000\000\000\000\000\000\000\000\000\007"
 221      00000000 
 221      00000000 
 221      07
 222 0ad3 801FE018 		.ascii	"\200\037\340\030`?\360?\3600\000\0300\037\360\007\300"
 222      603FF03F 
 222      F0300018 
 222      301FF007 
 222      C0
 223 0ae4 00000000 		.ascii	"\000\000\000\000\000\000\000\000\000\000\000\000\000"
 223      00000000 
 223      00000000 
 223      00
 224 0af1 0003F007 		.ascii	"\000\003\360\007\360\006\000\006\000\037\340\037\340"
 224      F0060006 
 224      001FE01F 
 224      E0
 225 0afe 06000600 		.ascii	"\006\000\006\000\006\000\006\000\006\000\037\340\037"
 225      06000600 
 225      06001FE0 
 225      1F
 226 0b0b E0000000 		.ascii	"\340\000\000\000\000\000\000\000\000\000\000\000\000"
 226      00000000 
 226      00000000 
 226      00
 227 0b18 00000000 		.ascii	"\000\000\000\000\000\000\000\000\000\000\007\270\037"
 227      00000000 
 227      000007B8 
 227      1F
 228 0b25 F8187030 		.ascii	"\370\030p000000\030p\037\360\007\260\0000\000p\017\340"
 228      30303030 
 228      3018701F 
 228      F007B000 
 228      3000700F 
 229 0b3a 0FC00000 		.ascii	"\017\300\000\000\000\000\000\0008\0008\000\030\000\030"
 229      00000000 
 229      38003800 
 229      180018
 230 0b49 001BC01F 		.ascii	"\000\033\300\037\340\034`\030`\030`\030`\030`<\360<"
 230      E01C6018 
 230      60186018 
 230      6018603C 
 230      F03C
ARM GAS  C:\Users\kroko\AppData\Local\Temp\ccYfMdGS.s 			page 16


 231 0b5b F0000000 		.ascii	"\360\000\000\000\000\000\000\000\000\000\000\000\000"
 231      00000000 
 231      00000000 
 231      00
 232 0b68 00000300 		.ascii	"\000\000\003\000\003\000\000\000\000\000\037\000\037"
 232      03000000 
 232      00001F00 
 232      1F
 233 0b75 00030003 		.ascii	"\000\003\000\003\000\003\000\003\000\003\000\037\340"
 233      00030003 
 233      0003001F 
 233      E0
 234 0b82 1FE00000 		.ascii	"\037\340\000\000\000\000\000\000\000\000\000\000\000"
 234      00000000 
 234      00000000 
 234      00
 235 0b8f 00000003 		.ascii	"\000\000\000\003\000\003\000\000\000\000\000\037\300"
 235      00030000 
 235      0000001F 
 235      C0
 236 0b9c 1FC000C0 		.ascii	"\037\300\000\300\000\300\000\300\000\300\000\300\000"
 236      00C000C0 
 236      00C000C0 
 236      00
 237 0ba9 C000C000 		.ascii	"\300\000\300\000\300\001\300?\200?\000\000\000\000\000"
 237      C001C03F 
 237      803F0000 
 237      000000
 238 0bb8 00003800 		.ascii	"\000\0008\0008\000\030\000\030\000\033\340\033\340\033"
 238      38001800 
 238      18001BE0 
 238      1BE01B
 239 0bc7 001E001E 		.ascii	"\000\036\000\036\000\033\000\031\2009\3609\360\000\000"
 239      001B0019 
 239      8039F039 
 239      F00000
 240 0bd6 00000000 		.ascii	"\000\000\000\000\000\000\000\000\000\000\000\000\037"
 240      00000000 
 240      00000000 
 240      1F
 241 0be3 001F0003 		.ascii	"\000\037\000\003\000\003\000\003\000\003\000\003\000"
 241      00030003 
 241      00030003 
 241      00
 242 0bf0 03000300 		.ascii	"\003\000\003\000\003\000\003\000\037\340\037\340\000"
 242      03000300 
 242      1FE01FE0 
 242      00
 243 0bfd 00000000 		.ascii	"\000\000\000\000\000\000\000\000\000\000\000\000\000"
 243      00000000 
 243      00000000 
 243      00
 244 0c0a 00000000 		.ascii	"\000\000\000\000\000\000\000\000~\340\177\360303030"
 244      00000000 
 244      7EE07FF0 
 244      33303330 
 244      3330
ARM GAS  C:\Users\kroko\AppData\Local\Temp\ccYfMdGS.s 			page 17


 245 0c1c 33303330 		.ascii	"3030{\270{\270\000\000\000\000\000\000\000\000\000\000"
 245      7BB87BB8 
 245      00000000 
 245      00000000 
 245      0000
 246 0c2e 00000000 		.ascii	"\000\000\000\000\000\000\000\000\000\000\000\000;\300"
 246      00000000 
 246      00000000 
 246      3BC0
 247 0c3c 3FE01C60 		.ascii	"?\340\034`\030`\030`\030`\030`<\360<\360\000\000\000"
 247      18601860 
 247      18601860 
 247      3CF03CF0 
 247      000000
 248 0c4f 00000000 		.ascii	"\000\000\000\000\000\000\000\000\000\000\000\000\000"
 248      00000000 
 248      00000000 
 248      00
 249 0c5c 00000000 		.ascii	"\000\000\000\000\000\000\007\200\037\340\030`000000"
 249      00000780 
 249      1FE01860 
 249      30303030 
 249      3030
 250 0c6e 18601FE0 		.ascii	"\030`\037\340\007\200\000\000\000\000\000\000\000\000"
 250      07800000 
 250      00000000 
 250      0000
 251 0c7c 00000000 		.ascii	"\000\000\000\000\000\000\000\000\000\000\000\000\000"
 251      00000000 
 251      00000000 
 251      00
 252 0c89 0077807F 		.ascii	"\000w\200\177\3408`0000008`?\3407\2000\0000\000|\000"
 252      E0386030 
 252      30303030 
 252      3038603F 
 252      E0378030 
 253 0ca2 7C000000 		.ascii	"|\000\000\000\000\000\000\000\000\000\000\000\000\000"
 253      00000000 
 253      00000000 
 253      0000
 254 0cb0 000007B8 		.ascii	"\000\000\007\270\037\370\030p000000\030p\037\360\007"
 254      1FF81870 
 254      30303030 
 254      30301870 
 254      1FF007
 255 0cc3 B0003000 		.ascii	"\260\0000\0000\000\370\000\370\000\000\000\000\000\000"
 255      3000F800 
 255      F8000000 
 255      000000
 256 0cd2 00000000 		.ascii	"\000\000\000\000\000\000\000\000<\340=\360\0170\016"
 256      00000000 
 256      3CE03DF0 
 256      0F300E
 257 0ce1 000C000C 		.ascii	"\000\014\000\014\000\014\000?\300?\300\000\000\000\000"
 257      000C003F 
 257      C03FC000 
 257      000000
ARM GAS  C:\Users\kroko\AppData\Local\Temp\ccYfMdGS.s 			page 18


 258 0cf0 00000000 		.ascii	"\000\000\000\000\000\000\000\000\000\000\000\000\000"
 258      00000000 
 258      00000000 
 258      00
 259 0cfd 00000000 		.ascii	"\000\000\000\000\000\007\340\037\340\030`\036\000\017"
 259      0007E01F 
 259      E018601E 
 259      000F
 260 0d0b C001E018 		.ascii	"\300\001\340\030`\037\340\037\200\000\000\000\000\000"
 260      601FE01F 
 260      80000000 
 260      0000
 261 0d19 00000000 		.ascii	"\000\000\000\000\000\000\000\000\000\000\000\014\000"
 261      00000000 
 261      0000000C 
 261      00
 262 0d26 0C000C00 		.ascii	"\014\000\014\000?\340?\340\014\000\014\000\014\000\014"
 262      3FE03FE0 
 262      0C000C00 
 262      0C000C
 263 0d35 000C300F 		.ascii	"\000\0140\017\360\007\300\000\000\000\000\000\000\000"
 263      F007C000 
 263      00000000 
 263      0000
 264 0d43 00000000 		.ascii	"\000\000\000\000\000\000\000\000\000\000\000\000\000"
 264      00000000 
 264      00000000 
 264      00
 265 0d50 000038E0 		.ascii	"\000\0008\3408\340\030`\030`\030`\030`\030\340\037\360"
 265      38E01860 
 265      18601860 
 265      186018E0 
 265      1FF0
 266 0d62 0F700000 		.ascii	"\017p\000\000\000\000\000\000\000\000\000\000\000\000"
 266      00000000 
 266      00000000 
 266      0000
 267 0d70 00000000 		.ascii	"\000\000\000\000\000\000\000\000\000\000x\360x\3600"
 267      00000000 
 267      000078F0 
 267      78F030
 268 0d7f 6018C018 		.ascii	"`\030\300\030\300\015\200\015\200\007\000\007\000\000"
 268      C00D800D 
 268      80070007 
 268      0000
 269 0d8d 00000000 		.ascii	"\000\000\000\000\000\000\000\000\000\000\000\000\000"
 269      00000000 
 269      00000000 
 269      00
 270 0d9a 00000000 		.ascii	"\000\000\000\000\000\000\000\000x\360x\3602`2`7\340"
 270      00000000 
 270      78F078F0 
 270      32603260 
 270      37E0
 271 0dac 1DC01DC0 		.ascii	"\035\300\035\300\030\300\030\300\000\000\000\000\000"
 271      18C018C0 
 271      00000000 
ARM GAS  C:\Users\kroko\AppData\Local\Temp\ccYfMdGS.s 			page 19


 271      00
 272 0db9 00000000 		.ascii	"\000\000\000\000\000\000\000\000\000\000\000\000\000"
 272      00000000 
 272      00000000 
 272      00
 273 0dc6 00000000 		.ascii	"\000\000\000\000<\360<\360\014\300\007\200\003\000\007"
 273      3CF03CF0 
 273      0CC00780 
 273      030007
 274 0dd5 800CC03C 		.ascii	"\200\014\300<\360<\360\000\000\000\000\000\000\000\000"
 274      F03CF000 
 274      00000000 
 274      000000
 275 0de4 00000000 		.ascii	"\000\000\000\000\000\000\000\000\000\000\000\000\000"
 275      00000000 
 275      00000000 
 275      00
 276 0df1 0078F078 		.ascii	"\000x\360x\3600`\030\300\030\300\015\200\017\200\007"
 276      F0306018 
 276      C018C00D 
 276      800F8007 
 277 0e01 00060006 		.ascii	"\000\006\000\006\000\014\000\177\000\177\000\000\000"
 277      000C007F 
 277      007F0000 
 277      00
 278 0e0e 00000000 		.ascii	"\000\000\000\000\000\000\000\000\000\000\000\000\037"
 278      00000000 
 278      00000000 
 278      1F
 279 0e1b E01FE018 		.ascii	"\340\037\340\030\300\001\200\003\000\006\000\014`\037"
 279      C0018003 
 279      0006000C 
 279      601F
 280 0e29 E01FE000 		.ascii	"\340\037\340\000\000\000\000\000\000\000\000\000\000"
 280      00000000 
 280      00000000 
 280      00
 281 0e36 00000000 		.ascii	"\000\000\000\000\001\300\003\300\003\000\003\000\003"
 281      01C003C0 
 281      03000300 
 281      03
 282 0e43 00030003 		.ascii	"\000\003\000\003\000\007\000\016\000\007\000\003\000"
 282      0007000E 
 282      00070003 
 282      00
 283 0e50 03000300 		.ascii	"\003\000\003\000\003\000\003\300\001\300\000\000\000"
 283      030003C0 
 283      01C00000 
 283      00
 284 0e5d 00000000 		.ascii	"\000\000\000\000\000\003\000\003\000\003\000\003\000"
 284      00030003 
 284      00030003 
 284      00
 285 0e6a 03000300 		.ascii	"\003\000\003\000\003\000\003\000\003\000\003\000\003"
 285      03000300 
 285      03000300 
 285      03
ARM GAS  C:\Users\kroko\AppData\Local\Temp\ccYfMdGS.s 			page 20


 286 0e77 00030003 		.ascii	"\000\003\000\003\000\003\000\003\000\003\000\000\000"
 286      00030003 
 286      00030000 
 286      00
 287 0e84 00000000 		.ascii	"\000\000\000\000\000\000\034\000\036\000\006\000\006"
 287      00001C00 
 287      1E000600 
 287      06
 288 0e91 00060006 		.ascii	"\000\006\000\006\000\006\000\007\000\003\200\007\000"
 288      00060007 
 288      00038007 
 288      00
 289 0e9e 06000600 		.ascii	"\006\000\006\000\006\000\006\000\036\000\034\000\000"
 289      06000600 
 289      1E001C00 
 289      00
 290 0eab 00000000 		.ascii	"\000\000\000\000\000\000\000\000\000\000\000\000\000"
 290      00000000 
 290      00000000 
 290      00
 291 0eb8 00000000 		.ascii	"\000\000\000\000\016\000?03\360\001\340\000\000\000"
 291      0E003F30 
 291      33F001E0 
 291      000000
 292 0ec7 00000000 		.ascii	"\000\000\000\000\000\000\000\000\000\000\000\000\000"
 292      00000000 
 292      00000000 
 292      00
 293 0ed4 00000000 		.ascii	"\000\000\000\000"
 294              		.ident	"GCC: (Arm GNU Toolchain 14.2.Rel1 (Build arm-14.52)) 14.2.1 20241119"
ARM GAS  C:\Users\kroko\AppData\Local\Temp\ccYfMdGS.s 			page 21


DEFINED SYMBOLS
                            *ABS*:00000000 font20.c
C:\Users\kroko\AppData\Local\Temp\ccYfMdGS.s:22     .data.Font20:00000000 Font20
C:\Users\kroko\AppData\Local\Temp\ccYfMdGS.s:19     .data.Font20:00000000 $d
C:\Users\kroko\AppData\Local\Temp\ccYfMdGS.s:31     .rodata.Font20_Table:00000000 Font20_Table
C:\Users\kroko\AppData\Local\Temp\ccYfMdGS.s:28     .rodata.Font20_Table:00000000 $d

NO UNDEFINED SYMBOLS
