ARM GAS  C:\Users\kroko\AppData\Local\Temp\ccXDp88I.s 			page 1


   1              		.cpu cortex-m4
   2              		.arch armv7e-m
   3              		.fpu fpv4-sp-d16
   4              		.eabi_attribute 27, 1
   5              		.eabi_attribute 28, 1
   6              		.eabi_attribute 20, 1
   7              		.eabi_attribute 21, 1
   8              		.eabi_attribute 23, 3
   9              		.eabi_attribute 24, 1
  10              		.eabi_attribute 25, 1
  11              		.eabi_attribute 26, 1
  12              		.eabi_attribute 30, 1
  13              		.eabi_attribute 34, 1
  14              		.eabi_attribute 18, 4
  15              		.file	"font8.c"
  16              		.text
  17              		.global	Font8
  18              		.section	.data.Font8,"aw"
  19              		.align	2
  22              	Font8:
  23 0000 00000000 		.word	Font8_Table
  24 0004 0500     		.short	5
  25 0006 0800     		.short	8
  26              		.global	Font8_Table
  27              		.section	.rodata.Font8_Table,"a"
  28              		.align	2
  31              	Font8_Table:
  32 0000 00000000 		.ascii	"\000\000\000\000\000\000\000\000    \000 \000\000PP"
  32      00000000 
  32      20202020 
  32      00200000 
  32      5050
  33 0012 00000000 		.ascii	"\000\000\000\000\000\000(P\370P\370P\240\000 0`0\020"
  33      00002850 
  33      F850F850 
  33      A0002030 
  33      603010
  34 0025 60200020 		.ascii	"` \000  \030`\020\020\000\000\0008 `Px\000\000   \000"
  34      20186010 
  34      10000000 
  34      38206050 
  34      78000020 
  35 003c 00000000 		.ascii	"\000\000\000\000\020     \020\000@     @\000 p P\000"
  35      10202020 
  35      20201000 
  35      40202020 
  35      20204000 
  36 0055 00000000 		.ascii	"\000\000\000\000  \370  \000\000\000\000\000\000\020"
  36      2020F820 
  36      20000000 
  36      00000010 
  37 0065 20200000 		.ascii	"  \000\000\000\000p\000\000\000\000\000\000\000\000"
  37      00007000 
  37      00000000 
  37      000000
  38 0074 00200000 		.ascii	"\000 \000\000\020   @@\200\000 PPPP \000\000`    \370"
  38      10202020 
ARM GAS  C:\Users\kroko\AppData\Local\Temp\ccXDp88I.s 			page 2


  38      40408000 
  38      20505050 
  38      50200000 
  39 008e 00002050 		.ascii	"\000\000 P  @p\000\000 P\020 \020`\000\000\0200Px\020"
  39      20204070 
  39      00002050 
  39      10201060 
  39      00001030 
  40 00a5 38000070 		.ascii	"8\000\000p@`\020P \000\0000@`PP`\000\000pP\020   \000"
  40      40601050 
  40      20000030 
  40      40605050 
  40      60000070 
  41 00bf 00205020 		.ascii	"\000 P PP \000\0000PP0\020`\000\000\000\000 \000\000"
  41      50502000 
  41      00305050 
  41      30106000 
  41      00000020 
  42 00d5 20000000 		.ascii	" \000\000\000\000\020\000\020 \000\000\000\020 \300"
  42      00100010 
  42      20000000 
  42      1020C0
  43 00e4 20100000 		.ascii	" \020\000\000\000p\000p\000\000\000\000\000@ \030 @"
  43      00700070 
  43      00000000 
  43      00402018 
  43      2040
  44 00f6 00002050 		.ascii	"\000\000 P\020 \000 \000\0000HHXH@8\000` Pp\210\330"
  44      10200020 
  44      00003048 
  44      48584840 
  44      38006020 
  45 010e 0000F048 		.ascii	"\000\000\360HpHH\360\000\000pP@@@0\000\000\360HHHH\360"
  45      704848F0 
  45      00007050 
  45      40404030 
  45      0000F048 
  46 0126 0000F848 		.ascii	"\000\000\370H`@H\370\000\000\370H`@@\340\000\000p@@"
  46      604048F8 
  46      0000F848 
  46      604040E0 
  46      00007040 
  47 013b 58503000 		.ascii	"XP0\000\000\350HxHH\350\000\000p    p\000\0008\020\020"
  47      00E84878 
  47      4848E800 
  47      00702020 
  47      20207000 
  48 0153 50502000 		.ascii	"PP \000\000\330P`pP\330\000\000\340@@@H\370\000\000"
  48      00D85060 
  48      7050D800 
  48      00E04040 
  48      4048F800 
  49 0168 D8D8D8A8 		.ascii	"\330\330\330\250\210\330\000\000\330hhXX\350\000\000"
  49      88D80000 
  49      D8686858 
  49      58E80000 
  50 0178 30484848 		.ascii	"0HHHH0\000\000\360HHp@\340\000\0000HHHH0\030\000\360"
ARM GAS  C:\Users\kroko\AppData\Local\Temp\ccXDp88I.s 			page 3


  50      48300000 
  50      F0484870 
  50      40E00000 
  50      30484848 
  51 0191 48487048 		.ascii	"HHpH\350\000\000pP \020Pp\000\000\370\250   p\000\000"
  51      E8000070 
  51      50201050 
  51      700000F8 
  51      A8202020 
  52 01a8 D8484848 		.ascii	"\330HHHH0\000\000\330\210HPP0\000\000\330\210\250\250"
  52      48300000 
  52      D8884850 
  52      50300000 
  52      D888A8A8 
  53 01bc A8500000 		.ascii	"\250P\000\000\330P  P\330\000\000\330\210P  p\000\000"
  53      D8502020 
  53      50D80000 
  53      D8885020 
  53      20700000 
  54 01d0 78481020 		.ascii	"xH\020 Hx\000\0000     0\000\200@@   \020\000`     "
  54      48780000 
  54      30202020 
  54      20203000 
  54      80404020 
  55 01ee 60002020 		.ascii	"`\000  P\000\000\000\000\000\000\000\000\000\000\000"
  55      50000000 
  55      00000000 
  55      00000000 
  56 01fe 00F82010 		.ascii	"\000\370 \020\000\000\000\000\000\000\000\0000\020p"
  56      00000000 
  56      00000000 
  56      301070
  57 020d 780000C0 		.ascii	"x\000\000\300@pHH\360\000\000\000\000p@@p\000\000\030"
  57      40704848 
  57      F0000000 
  57      00704040 
  57      70000018 
  58 0221 08384848 		.ascii	"\0108HH8\000\000\000\000pp@0\000\000\020 p  p\000\000"
  58      38000000 
  58      00707040 
  58      30000010 
  58      20702020 
  59 0238 00003848 		.ascii	"\000\0008HH8\0100\300@pHH\350\000\000 \000`  p\000\000"
  59      48380830 
  59      C0407048 
  59      48E80000 
  59      20006020 
  60 0250 20007010 		.ascii	" \000p\020\020\020\020p\300@XpP\330\000\000`    p\000"
  60      10101070 
  60      C0405870 
  60      50D80000 
  60      60202020 
  61 0267 000000D0 		.ascii	"\000\000\000\320\250\250\250\000\000\000\000\360HH\310"
  61      A8A8A800 
  61      000000F0 
  61      4848C8
  62 0276 00000000 		.ascii	"\000\000\000\0000HH0\000\000\000\000\360HHp@\340\000"
ARM GAS  C:\Users\kroko\AppData\Local\Temp\ccXDp88I.s 			page 4


  62      30484830 
  62      00000000 
  62      F0484870 
  62      40E000
  63 0289 00384848 		.ascii	"\0008HH8\010\030\000\000x  p\000\000\000\0000 \020`"
  63      38081800 
  63      00782020 
  63      70000000 
  63      00302010 
  64 029e 00000040 		.ascii	"\000\000\000@\360@H0\000\000\000\000\330HH8\000\000"
  64      F0404830 
  64      00000000 
  64      D8484838 
  64      0000
  65 02b0 0000C848 		.ascii	"\000\000\310H00\000\000\000\000\330\250\250P\000\000"
  65      30300000 
  65      0000D8A8 
  65      A8500000 
  66 02c0 00004830 		.ascii	"\000\000H00H\000\000\000\000\330PP  `\000\000xP(x\000"
  66      30480000 
  66      0000D850 
  66      50202060 
  66      00007850 
  67 02d7 00102020 		.ascii	"\000\020  `  \020\000       \000@  0  @\000\000\000"
  67      60202010 
  67      00202020 
  67      20202020 
  67      00402020 
  68 02f2 00285000 		.ascii	"\000(P\000\000\000"
  68      0000
  69              		.ident	"GCC: (Arm GNU Toolchain 14.2.Rel1 (Build arm-14.52)) 14.2.1 20241119"
ARM GAS  C:\Users\kroko\AppData\Local\Temp\ccXDp88I.s 			page 5


DEFINED SYMBOLS
                            *ABS*:00000000 font8.c
C:\Users\kroko\AppData\Local\Temp\ccXDp88I.s:22     .data.Font8:00000000 Font8
C:\Users\kroko\AppData\Local\Temp\ccXDp88I.s:19     .data.Font8:00000000 $d
C:\Users\kroko\AppData\Local\Temp\ccXDp88I.s:31     .rodata.Font8_Table:00000000 Font8_Table
C:\Users\kroko\AppData\Local\Temp\ccXDp88I.s:28     .rodata.Font8_Table:00000000 $d

NO UNDEFINED SYMBOLS
