ARM GAS  C:\Users\kroko\AppData\Local\Temp\ccn1Gp7v.s 			page 1


   1              		.cpu cortex-m4
   2              		.arch armv7e-m
   3              		.fpu fpv4-sp-d16
   4              		.eabi_attribute 27, 1
   5              		.eabi_attribute 28, 1
   6              		.eabi_attribute 20, 1
   7              		.eabi_attribute 21, 1
   8              		.eabi_attribute 23, 3
   9              		.eabi_attribute 24, 1
  10              		.eabi_attribute 25, 1
  11              		.eabi_attribute 26, 1
  12              		.eabi_attribute 30, 1
  13              		.eabi_attribute 34, 1
  14              		.eabi_attribute 18, 4
  15              		.file	"font16.c"
  16              		.text
  17              		.global	Font16
  18              		.section	.data.Font16,"aw"
  19              		.align	2
  22              	Font16:
  23 0000 00000000 		.word	Font16_Table
  24 0004 0B00     		.short	11
  25 0006 1000     		.short	16
  26              		.global	Font16_Table
  27              		.section	.rodata.Font16_Table,"a"
  28              		.align	2
  31              	Font16_Table:
  32 0000 00000000 		.ascii	"\000\000\000\000\000\000\000\000\000\000\000\000\000"
  32      00000000 
  32      00000000 
  32      00
  33 000d 00000000 		.ascii	"\000\000\000\000\000\000\000\000\000\000\000\000\000"
  33      00000000 
  33      00000000 
  33      00
  34 001a 00000000 		.ascii	"\000\000\000\000\000\000\000\000\014\000\014\000\014"
  34      00000000 
  34      0C000C00 
  34      0C
  35 0027 000C000C 		.ascii	"\000\014\000\014\000\014\000\014\000\014\000\000\000"
  35      000C000C 
  35      000C0000 
  35      00
  36 0034 0C000000 		.ascii	"\014\000\000\000\000\000\000\000\000\000\000\000\000"
  36      00000000 
  36      00000000 
  36      00
  37 0041 0000001D 		.ascii	"\000\000\000\035\300\035\300\010\200\010\200\010\200"
  37      C01DC008 
  37      80088008 
  37      80
  38 004e 00000000 		.ascii	"\000\000\000\000\000\000\000\000\000\000\000\000\000"
  38      00000000 
  38      00000000 
  38      00
  39 005b 00000000 		.ascii	"\000\000\000\000\000\000\000\015\200\015\200\015\200"
  39      0000000D 
ARM GAS  C:\Users\kroko\AppData\Local\Temp\ccn1Gp7v.s 			page 2


  39      800D800D 
  39      80
  40 0068 0D803FC0 		.ascii	"\015\200?\300\033\000?\300\033\000\033\000\033\000\033"
  40      1B003FC0 
  40      1B001B00 
  40      1B001B
  41 0077 00000000 		.ascii	"\000\000\000\000\000\000\000\000\000\004\000\037\200"
  41      00000000 
  41      0004001F 
  41      80
  42 0084 31803180 		.ascii	"1\2001\2008\000\036\000\017\000\003\2001\2001\200?\000"
  42      38001E00 
  42      0F000380 
  42      31803180 
  42      3F00
  43 0096 04000400 		.ascii	"\004\000\004\000\000\000\000\000\000\000\000\000\030"
  43      00000000 
  43      00000000 
  43      18
  44 00a3 00240024 		.ascii	"\000$\000$\000\030\300\007\200\036\0001\200\002@\002"
  44      0018C007 
  44      801E0031 
  44      80024002 
  45 00b3 40018000 		.ascii	"@\001\200\000\000\000\000\000\000\000\000\000\000\000"
  45      00000000 
  45      00000000 
  45      0000
  46 00c1 0000000F 		.ascii	"\000\000\000\017\000\030\000\030\000\030\000\014\000"
  46      00180018 
  46      0018000C 
  46      00
  47 00ce 1D803700 		.ascii	"\035\2007\0003\000\035\200\000\000\000\000\000\000\000"
  47      33001D80 
  47      00000000 
  47      000000
  48 00dd 00000000 		.ascii	"\000\000\000\000\000\000\000\007\000\007\000\002\000"
  48      00000007 
  48      00070002 
  48      00
  49 00ea 02000200 		.ascii	"\002\000\002\000\000\000\000\000\000\000\000\000\000"
  49      00000000 
  49      00000000 
  49      00
  50 00f7 00000000 		.ascii	"\000\000\000\000\000\000\000\000\000\000\000\003\000"
  50      00000000 
  50      00000003 
  50      00
  51 0104 03000600 		.ascii	"\003\000\006\000\016\000\014\000\014\000\014\000\014"
  51      0E000C00 
  51      0C000C00 
  51      0C
  52 0111 000E0006 		.ascii	"\000\016\000\006\000\003\000\003\000\000\000\000\000"
  52      00030003 
  52      00000000 
  52      00
  53 011e 00000000 		.ascii	"\000\000\000\000\030\000\030\000\014\000\006\000\006"
  53      18001800 
ARM GAS  C:\Users\kroko\AppData\Local\Temp\ccn1Gp7v.s 			page 3


  53      0C000600 
  53      06
  54 012b 00060006 		.ascii	"\000\006\000\006\000\006\000\006\000\014\000\034\000"
  54      00060006 
  54      000C001C 
  54      00
  55 0138 18000000 		.ascii	"\030\000\000\000\000\000\000\000\000\000\006\000\006"
  55      00000000 
  55      00000600 
  55      06
  56 0145 003FC03F 		.ascii	"\000?\300?\300\017\000\037\200\031\200\000\000\000\000"
  56      C00F001F 
  56      80198000 
  56      000000
  57 0154 00000000 		.ascii	"\000\000\000\000\000\000\000\000\000\000\000\000\000"
  57      00000000 
  57      00000000 
  57      00
  58 0161 00000000 		.ascii	"\000\000\000\000\000\004\000\004\000\004\000?\200\004"
  58      00040004 
  58      0004003F 
  58      8004
  59 016f 00040004 		.ascii	"\000\004\000\004\000\000\000\000\000\000\000\000\000"
  59      00000000 
  59      00000000 
  59      00
  60 017c 00000000 		.ascii	"\000\000\000\000\000\000\000\000\000\000\000\000\000"
  60      00000000 
  60      00000000 
  60      00
  61 0189 00000000 		.ascii	"\000\000\000\000\000\000\000\000\000\006\000\004\000"
  61      00000000 
  61      00060004 
  61      00
  62 0196 0C000800 		.ascii	"\014\000\010\000\010\000\000\000\000\000\000\000\000"
  62      08000000 
  62      00000000 
  62      00
  63 01a3 00000000 		.ascii	"\000\000\000\000\000\000\000\000\000?\200\000\000\000"
  63      00000000 
  63      003F8000 
  63      0000
  64 01b1 00000000 		.ascii	"\000\000\000\000\000\000\000\000\000\000\000\000\000"
  64      00000000 
  64      00000000 
  64      00
  65 01be 00000000 		.ascii	"\000\000\000\000\000\000\000\000\000\000\000\000\000"
  65      00000000 
  65      00000000 
  65      00
  66 01cb 00000000 		.ascii	"\000\000\000\000\000\000\000\014\000\014\000\000\000"
  66      0000000C 
  66      000C0000 
  66      00
  67 01d8 00000000 		.ascii	"\000\000\000\000\000\000\000\000\000\300\000\300\001"
  67      00000000 
  67      00C000C0 
ARM GAS  C:\Users\kroko\AppData\Local\Temp\ccn1Gp7v.s 			page 4


  67      01
  68 01e5 80018003 		.ascii	"\200\001\200\003\000\003\000\006\000\014\000\014\000"
  68      00030006 
  68      000C000C 
  68      00
  69 01f2 18001800 		.ascii	"\030\000\030\0000\0000\000\000\000\000\000\000\000\000"
  69      30003000 
  69      00000000 
  69      000000
  70 0201 000E001B 		.ascii	"\000\016\000\033\0001\2001\2001\2001\2001\2001\200\033"
  70      00318031 
  70      80318031 
  70      80318031 
  70      801B
  71 0213 000E0000 		.ascii	"\000\016\000\000\000\000\000\000\000\000\000\000\000"
  71      00000000 
  71      00000000 
  71      00
  72 0220 00000600 		.ascii	"\000\000\006\000>\000\006\000\006\000\006\000\006\000"
  72      3E000600 
  72      06000600 
  72      0600
  73 022e 06000600 		.ascii	"\006\000\006\000\006\000?\300\000\000\000\000\000\000"
  73      06003FC0 
  73      00000000 
  73      0000
  74 023c 00000000 		.ascii	"\000\000\000\000\000\000\017\000\031\2001\2001\200\003"
  74      00000F00 
  74      19803180 
  74      318003
  75 024b 0006000C 		.ascii	"\000\006\000\014\000\030\0000\000?\200\000\000\000\000"
  75      00180030 
  75      003F8000 
  75      000000
  76 025a 00000000 		.ascii	"\000\000\000\000\000\000\000\000?\000a\200\001\200\003"
  76      00000000 
  76      3F006180 
  76      018003
  77 0269 001F0003 		.ascii	"\000\037\000\003\200\001\200\001\200a\200?\000\000\000"
  77      80018001 
  77      8061803F 
  77      000000
  78 0278 00000000 		.ascii	"\000\000\000\000\000\000\000\000\000\000\007\000\007"
  78      00000000 
  78      00000700 
  78      07
  79 0285 000F000B 		.ascii	"\000\017\000\013\000\033\000\023\0003\000?\200\003\000"
  79      001B0013 
  79      0033003F 
  79      800300
  80 0294 0F800000 		.ascii	"\017\200\000\000\000\000\000\000\000\000\000\000\000"
  80      00000000 
  80      00000000 
  80      00
  81 02a1 001F8018 		.ascii	"\000\037\200\030\000\030\000\030\000\037\000\021\200"
  81      00180018 
  81      001F0011 
ARM GAS  C:\Users\kroko\AppData\Local\Temp\ccn1Gp7v.s 			page 5


  81      80
  82 02ae 01800180 		.ascii	"\001\200\001\200!\200\037\000\000\000\000\000\000\000"
  82      21801F00 
  82      00000000 
  82      0000
  83 02bc 00000000 		.ascii	"\000\000\000\000\000\000\007\200\034\000\030\0000\000"
  83      00000780 
  83      1C001800 
  83      3000
  84 02ca 37003980 		.ascii	"7\0009\2001\2001\200\031\200\017\000\000\000\000\000"
  84      31803180 
  84      19800F00 
  84      00000000 
  85 02da 00000000 		.ascii	"\000\000\000\000\000\000\000\000\177\000C\000\003\000"
  85      00000000 
  85      7F004300 
  85      0300
  86 02e8 06000600 		.ascii	"\006\000\006\000\006\000\006\000\014\000\014\000\014"
  86      06000600 
  86      0C000C00 
  86      0C
  87 02f5 00000000 		.ascii	"\000\000\000\000\000\000\000\000\000\000\000\000\000"
  87      00000000 
  87      00000000 
  87      00
  88 0302 1F003180 		.ascii	"\037\0001\2001\2001\200\037\0001\2001\2001\2001\200"
  88      31803180 
  88      1F003180 
  88      31803180 
  88      3180
  89 0314 1F000000 		.ascii	"\037\000\000\000\000\000\000\000\000\000\000\000\000"
  89      00000000 
  89      00000000 
  89      00
  90 0321 001E0033 		.ascii	"\000\036\0003\0001\2001\2003\200\035\200\001\200\003"
  90      00318031 
  90      8033801D 
  90      80018003 
  91 0331 0007003C 		.ascii	"\000\007\000<\000\000\000\000\000\000\000\000\000\000"
  91      00000000 
  91      00000000 
  91      0000
  92 033f 00000000 		.ascii	"\000\000\000\000\000\000\000\000\000\014\000\014\000"
  92      00000000 
  92      000C000C 
  92      00
  93 034c 00000000 		.ascii	"\000\000\000\000\000\000\014\000\014\000\000\000\000"
  93      00000C00 
  93      0C000000 
  93      00
  94 0359 00000000 		.ascii	"\000\000\000\000\000\000\000\000\000\000\000\000\000"
  94      00000000 
  94      00000000 
  94      00
  95 0366 00000300 		.ascii	"\000\000\003\000\003\000\000\000\000\000\000\000\006"
  95      03000000 
  95      00000000 
ARM GAS  C:\Users\kroko\AppData\Local\Temp\ccn1Gp7v.s 			page 6


  95      06
  96 0373 00040008 		.ascii	"\000\004\000\010\000\010\000\000\000\000\000\000\000"
  96      00080000 
  96      00000000 
  96      00
  97 0380 00000000 		.ascii	"\000\000\000\000\000\300\003\000\004\000\030\000`\000"
  97      00C00300 
  97      04001800 
  97      6000
  98 038e 18000400 		.ascii	"\030\000\004\000\003\000\000\300\000\000\000\000\000"
  98      030000C0 
  98      00000000 
  98      00
  99 039b 00000000 		.ascii	"\000\000\000\000\000\000\000\000\000\000\000\000\000"
  99      00000000 
  99      00000000 
  99      00
 100 03a8 00007FC0 		.ascii	"\000\000\177\300\000\000\177\300\000\000\000\000\000"
 100      00007FC0 
 100      00000000 
 100      00
 101 03b5 00000000 		.ascii	"\000\000\000\000\000\000\000\000\000\000\000\000\000"
 101      00000000 
 101      00000000 
 101      00
 102 03c2 00006000 		.ascii	"\000\000`\000\030\000\004\000\003\000\000\300\003\000"
 102      18000400 
 102      030000C0 
 102      0300
 103 03d0 04001800 		.ascii	"\004\000\030\000`\000\000\000\000\000\000\000\000\000"
 103      60000000 
 103      00000000 
 103      0000
 104 03de 00000000 		.ascii	"\000\000\000\000\000\000\037\0001\2001\200\001\200\007"
 104      00001F00 
 104      31803180 
 104      018007
 105 03ed 000C000C 		.ascii	"\000\014\000\014\000\000\000\014\000\000\000\000\000"
 105      0000000C 
 105      00000000 
 105      00
 106 03fa 00000000 		.ascii	"\000\000\000\000\000\000\000\000\016\000\021\000!\000"
 106      00000000 
 106      0E001100 
 106      2100
 107 0408 21002700 		.ascii	"!\000'\000)\000)\000'\000 \000\021\000\016\000\000\000"
 107      29002900 
 107      27002000 
 107      11000E00 
 107      0000
 108 041a 00000000 		.ascii	"\000\000\000\000\000\000\000\000\000\000?\000\017\000"
 108      00000000 
 108      00003F00 
 108      0F00
 109 0428 09001980 		.ascii	"\011\000\031\200\031\200\037\2000\3000\300y\340\000"
 109      19801F80 
 109      30C030C0 
ARM GAS  C:\Users\kroko\AppData\Local\Temp\ccn1Gp7v.s 			page 7


 109      79E000
 110 0437 00000000 		.ascii	"\000\000\000\000\000\000\000\000\000\000\000\000\000"
 110      00000000 
 110      00000000 
 110      00
 111 0444 7F003180 		.ascii	"\177\0001\2001\2001\200?\0001\2001\2001\200\177\000"
 111      31803180 
 111      3F003180 
 111      31803180 
 111      7F00
 112 0456 00000000 		.ascii	"\000\000\000\000\000\000\000\000\000\000\000\000\000"
 112      00000000 
 112      00000000 
 112      00
 113 0463 001F4030 		.ascii	"\000\037@0\300`@`\000`\000`\000`@0\200\037\000\000\000"
 113      C0604060 
 113      00600060 
 113      00604030 
 113      801F0000 
 114 0478 00000000 		.ascii	"\000\000\000\000\000\000\000\000\000\000\000\000\177"
 114      00000000 
 114      00000000 
 114      7F
 115 0485 00318030 		.ascii	"\0001\2000\3000\3000\3000\3000\3001\200\177\000\000"
 115      C030C030 
 115      C030C030 
 115      C031807F 
 115      0000
 116 0497 00000000 		.ascii	"\000\000\000\000\000\000\000\000\000\000\000\000\000"
 116      00000000 
 116      00000000 
 116      00
 117 04a4 7F803080 		.ascii	"\177\2000\2000\2002\000>\0002\0000\2000\200\177\200"
 117      30803200 
 117      3E003200 
 117      30803080 
 117      7F80
 118 04b6 00000000 		.ascii	"\000\000\000\000\000\000\000\000\000\000\000\000\000"
 118      00000000 
 118      00000000 
 118      00
 119 04c3 007FC030 		.ascii	"\000\177\3000@0@2\000>\0002\0000\0000\000|\000\000\000"
 119      40304032 
 119      003E0032 
 119      00300030 
 119      007C0000 
 120 04d8 00000000 		.ascii	"\000\000\000\000\000\000\000\000\000\000\000\000\036"
 120      00000000 
 120      00000000 
 120      1E
 121 04e5 80318060 		.ascii	"\2001\200`\200`\000`\000g\300a\2001\200\037\000\000"
 121      80600060 
 121      0067C061 
 121      8031801F 
 121      0000
 122 04f7 00000000 		.ascii	"\000\000\000\000\000\000\000\000\000\000\000\000\000"
 122      00000000 
ARM GAS  C:\Users\kroko\AppData\Local\Temp\ccn1Gp7v.s 			page 8


 122      00000000 
 122      00
 123 0504 7BC03180 		.ascii	"{\3001\2001\2001\200?\2001\2001\2001\200{\300\000\000"
 123      31803180 
 123      3F803180 
 123      31803180 
 123      7BC00000 
 124 0518 00000000 		.ascii	"\000\000\000\000\000\000\000\000\000\000\000\000?\300"
 124      00000000 
 124      00000000 
 124      3FC0
 125 0526 06000600 		.ascii	"\006\000\006\000\006\000\006\000\006\000\006\000\006"
 125      06000600 
 125      06000600 
 125      06
 126 0533 003FC000 		.ascii	"\000?\300\000\000\000\000\000\000\000\000\000\000\000"
 126      00000000 
 126      00000000 
 126      0000
 127 0541 0000001F 		.ascii	"\000\000\000\037\300\003\000\003\000\003\000\003\000"
 127      C0030003 
 127      00030003 
 127      00
 128 054e 63006300 		.ascii	"c\000c\000c\000>\000\000\000\000\000\000\000\000\000"
 128      63003E00 
 128      00000000 
 128      00000000 
 129 055e 00000000 		.ascii	"\000\000\000\000\000\000{\3001\2003\0006\000<\000>\000"
 129      00007BC0 
 129      31803300 
 129      36003C00 
 129      3E00
 130 0570 33003180 		.ascii	"3\0001\200y\300\000\000\000\000\000\000\000\000\000"
 130      79C00000 
 130      00000000 
 130      000000
 131 057f 00000000 		.ascii	"\000\000\000\000\000~\000\030\000\030\000\030\000\030"
 131      007E0018 
 131      00180018 
 131      0018
 132 058d 00184018 		.ascii	"\000\030@\030@\030@\177\300\000\000\000\000\000\000"
 132      4018407F 
 132      C0000000 
 132      000000
 133 059c 00000000 		.ascii	"\000\000\000\000\000\000\000\000\340\340`\300q\300{"
 133      00000000 
 133      E0E060C0 
 133      71C07B
 134 05ab C06AC06E 		.ascii	"\300j\300n\300d\300`\300\373\340\000\000\000\000\000"
 134      C064C060 
 134      C0FBE000 
 134      00000000 
 135 05bb 00000000 		.ascii	"\000\000\000\000\000\000\000\000\000s\3001\2009\200"
 135      00000000 
 135      0073C031 
 135      803980
 136 05ca 3D803580 		.ascii	"=\2005\2007\2003\2001\200y\200\000\000\000\000\000\000"
ARM GAS  C:\Users\kroko\AppData\Local\Temp\ccn1Gp7v.s 			page 9


 136      37803380 
 136      31807980 
 136      00000000 
 136      0000
 137 05dc 00000000 		.ascii	"\000\000\000\000\000\000\000\000\037\0001\200`\300`"
 137      00000000 
 137      1F003180 
 137      60C060
 138 05eb C060C060 		.ascii	"\300`\300`\300`\3001\200\037\000\000\000\000\000\000"
 138      C060C031 
 138      801F0000 
 138      00000000 
 139 05fb 00000000 		.ascii	"\000\000\000\000\000\000\000\000\000\177\0001\2001\200"
 139      00000000 
 139      007F0031 
 139      803180
 140 060a 31803180 		.ascii	"1\2001\200?\0000\0000\000~\000\000\000\000\000\000\000"
 140      3F003000 
 140      30007E00 
 140      00000000 
 140      0000
 141 061c 00000000 		.ascii	"\000\000\000\000\000\000\000\000\037\0001\200`\300`"
 141      00000000 
 141      1F003180 
 141      60C060
 142 062b C060C060 		.ascii	"\300`\300`\300`\3001\200\037\000\014\300\037\200\000"
 142      C060C031 
 142      801F000C 
 142      C01F8000 
 143 063b 00000000 		.ascii	"\000\000\000\000\000\000\000\000\000\177\0001\2001\200"
 143      00000000 
 143      007F0031 
 143      803180
 144 064a 31803E00 		.ascii	"1\200>\0003\0001\2001\200|\340\000\000\000\000\000\000"
 144      33003180 
 144      31807CE0 
 144      00000000 
 144      0000
 145 065c 00000000 		.ascii	"\000\000\000\000\000\000\000\000\037\2001\2001\2008"
 145      00000000 
 145      1F803180 
 145      318038
 146 066b 001F0003 		.ascii	"\000\037\000\003\2001\2001\200?\000\000\000\000\000"
 146      80318031 
 146      803F0000 
 146      000000
 147 067a 00000000 		.ascii	"\000\000\000\000\000\000\000\000\000\000\177\200L\200"
 147      00000000 
 147      00007F80 
 147      4C80
 148 0688 4C804C80 		.ascii	"L\200L\200\014\000\014\000\014\000\014\000?\000\000"
 148      0C000C00 
 148      0C000C00 
 148      3F0000
 149 0697 00000000 		.ascii	"\000\000\000\000\000\000\000\000\000\000\000\000\000"
 149      00000000 
 149      00000000 
ARM GAS  C:\Users\kroko\AppData\Local\Temp\ccn1Gp7v.s 			page 10


 149      00
 150 06a4 7BC03180 		.ascii	"{\3001\2001\2001\2001\2001\2001\2001\200\037\000\000"
 150      31803180 
 150      31803180 
 150      31803180 
 150      1F0000
 151 06b7 00000000 		.ascii	"\000\000\000\000\000\000\000\000\000\000\000\000\000"
 151      00000000 
 151      00000000 
 151      00
 152 06c4 7BC03180 		.ascii	"{\3001\2001\200\033\000\033\000\033\000\012\000\016"
 152      31801B00 
 152      1B001B00 
 152      0A000E
 153 06d3 000E0000 		.ascii	"\000\016\000\000\000\000\000\000\000\000\000\000\000"
 153      00000000 
 153      00000000 
 153      00
 154 06e0 00000000 		.ascii	"\000\000\000\000\373\340`\300d\300n\300n\300*\200;\200"
 154      FBE060C0 
 154      64C06EC0 
 154      6EC02A80 
 154      3B80
 155 06f2 3B803180 		.ascii	";\2001\200\000\000\000\000\000\000\000\000\000\000\000"
 155      00000000 
 155      00000000 
 155      000000
 156 0701 0000007B 		.ascii	"\000\000\000{\3001\200\033\000\016\000\016\000\016\000"
 156      C031801B 
 156      000E000E 
 156      000E00
 157 0710 1B003180 		.ascii	"\033\0001\200{\300\000\000\000\000\000\000\000\000\000"
 157      7BC00000 
 157      00000000 
 157      000000
 158 071f 00000000 		.ascii	"\000\000\000\000\000y\3400\300\031\200\017\000\006\000"
 158      0079E030 
 158      C019800F 
 158      000600
 159 072e 06000600 		.ascii	"\006\000\006\000\006\000\037\200\000\000\000\000\000"
 159      06001F80 
 159      00000000 
 159      00
 160 073b 00000000 		.ascii	"\000\000\000\000\000\000\000\000\000?\200!\200#\000"
 160      00000000 
 160      003F8021 
 160      802300
 161 074a 06000400 		.ascii	"\006\000\004\000\014\000\030\2000\200?\200\000\000\000"
 161      0C001880 
 161      30803F80 
 161      000000
 162 0759 00000000 		.ascii	"\000\000\000\000\000\000\000\000\000\007\200\006\000"
 162      00000000 
 162      00078006 
 162      00
 163 0766 06000600 		.ascii	"\006\000\006\000\006\000\006\000\006\000\006\000\006"
 163      06000600 
ARM GAS  C:\Users\kroko\AppData\Local\Temp\ccn1Gp7v.s 			page 11


 163      06000600 
 163      06
 164 0773 00060006 		.ascii	"\000\006\000\006\000\007\200\000\000\000\000\000\000"
 164      00078000 
 164      00000000 
 164      00
 165 0780 30003000 		.ascii	"0\0000\000\030\000\030\000\014\000\014\000\006\000\003"
 165      18001800 
 165      0C000C00 
 165      060003
 166 078f 00030001 		.ascii	"\000\003\000\001\200\001\200\000\300\000\300\000\000"
 166      80018000 
 166      C000C000 
 166      00
 167 079c 00000000 		.ascii	"\000\000\000\000\000\000\036\000\006\000\006\000\006"
 167      00001E00 
 167      06000600 
 167      06
 168 07a9 00060006 		.ascii	"\000\006\000\006\000\006\000\006\000\006\000\006\000"
 168      00060006 
 168      00060006 
 168      00
 169 07b6 06001E00 		.ascii	"\006\000\036\000\000\000\000\000\000\000\004\000\012"
 169      00000000 
 169      00000400 
 169      0A
 170 07c3 000A0011 		.ascii	"\000\012\000\021\000 \200 \200\000\000\000\000"
 170      00208020 
 170      80000000 
 170      00
 171 07d0 00000000 		.ascii	"\000\000\000\000\000\000\000\000\000\000\000\000\000"
 171      00000000 
 171      00000000 
 171      00
 172 07dd 00000000 		.ascii	"\000\000\000\000\000\000\000\000\000\000\000\000\000"
 172      00000000 
 172      00000000 
 172      00
 173 07ea 00000000 		.ascii	"\000\000\000\000\000\000\000\000\000\000\000\000\000"
 173      00000000 
 173      00000000 
 173      00
 174 07f7 00000000 		.ascii	"\000\000\000\000\000\000\000\377\340\010\000\004\000"
 174      000000FF 
 174      E0080004 
 174      00
 175 0804 02000000 		.ascii	"\002\000\000\000\000\000\000\000\000\000\000\000\000"
 175      00000000 
 175      00000000 
 175      00
 176 0811 00000000 		.ascii	"\000\000\000\000\000\000\000\000\000\000\000\000\000"
 176      00000000 
 176      00000000 
 176      00
 177 081e 00000000 		.ascii	"\000\000\000\000\000\000\000\000\000\000\037\000\001"
 177      00000000 
 177      00001F00 
ARM GAS  C:\Users\kroko\AppData\Local\Temp\ccn1Gp7v.s 			page 12


 177      01
 178 082b 8001801F 		.ascii	"\200\001\200\037\2001\2003\200\035\300\000\000\000\000"
 178      80318033 
 178      801DC000 
 178      000000
 179 083a 00000000 		.ascii	"\000\000\000\000\000\000\000\000p\0000\0000\0007\000"
 179      00000000 
 179      70003000 
 179      30003700 
 180 084a 398030C0 		.ascii	"9\2000\3000\3000\3009\200w\000\000\000\000\000\000\000"
 180      30C030C0 
 180      39807700 
 180      00000000 
 180      0000
 181 085c 00000000 		.ascii	"\000\000\000\000\000\000\000\000\000\000\000\000\036"
 181      00000000 
 181      00000000 
 181      1E
 182 0869 80318060 		.ascii	"\2001\200`\200`\000`\2001\200\037\000\000\000\000\000"
 182      80600060 
 182      8031801F 
 182      00000000 
 182      00
 183 087a 00000000 		.ascii	"\000\000\000\000\000\000\000\000\003\200\001\200\001"
 183      00000000 
 183      03800180 
 183      01
 184 0887 801D8033 		.ascii	"\200\035\2003\200a\200a\200a\2003\200\035\300\000\000"
 184      80618061 
 184      80618033 
 184      801DC000 
 184      00
 185 0898 00000000 		.ascii	"\000\000\000\000\000\000\000\000\000\000\000\000\000"
 185      00000000 
 185      00000000 
 185      00
 186 08a5 0000001F 		.ascii	"\000\000\000\037\0001\200`\300\177\300`\0000\300\037"
 186      00318060 
 186      C07FC060 
 186      0030C01F 
 187 08b5 80000000 		.ascii	"\200\000\000\000\000\000\000\000\000\000\000\000\000"
 187      00000000 
 187      00000000 
 187      00
 188 08c2 07E00C00 		.ascii	"\007\340\014\000\014\000?\200\014\000\014\000\014\000"
 188      0C003F80 
 188      0C000C00 
 188      0C00
 189 08d0 0C000C00 		.ascii	"\014\000\014\000?\200\000\000\000\000\000\000\000\000"
 189      3F800000 
 189      00000000 
 189      0000
 190 08de 00000000 		.ascii	"\000\000\000\000\000\000\000\000\000\000\035\3003\200"
 190      00000000 
 190      00001DC0 
 190      3380
 191 08ec 61806180 		.ascii	"a\200a\200a\2003\200\035\200\001\200\001\200\037\000"
ARM GAS  C:\Users\kroko\AppData\Local\Temp\ccn1Gp7v.s 			page 13


 191      61803380 
 191      1D800180 
 191      01801F00 
 192 08fc 00000000 		.ascii	"\000\000\000\000\000\000p\0000\0000\0007\0009\2001\200"
 192      00007000 
 192      30003000 
 192      37003980 
 192      3180
 193 090e 31803180 		.ascii	"1\2001\2001\200{\300\000\000\000\000\000\000\000\000"
 193      31807BC0 
 193      00000000 
 193      00000000 
 194 091e 00000000 		.ascii	"\000\000\000\000\006\000\006\000\000\000\036\000\006"
 194      06000600 
 194      00001E00 
 194      06
 195 092b 00060006 		.ascii	"\000\006\000\006\000\006\000\006\000?\300\000\000\000"
 195      00060006 
 195      003FC000 
 195      0000
 196 0939 00000000 		.ascii	"\000\000\000\000\000\000\000\000\000\006\000\006\000"
 196      00000000 
 196      00060006 
 196      00
 197 0946 00003F00 		.ascii	"\000\000?\000\003\000\003\000\003\000\003\000\003\000"
 197      03000300 
 197      03000300 
 197      0300
 198 0954 03000300 		.ascii	"\003\000\003\000\003\000>\000\000\000\000\000\000\000"
 198      03003E00 
 198      00000000 
 198      0000
 199 0962 70003000 		.ascii	"p\0000\0000\0007\2006\000<\000<\0006\0003\000w\300\000"
 199      30003780 
 199      36003C00 
 199      3C003600 
 199      330077C0 
 200 0977 00000000 		.ascii	"\000\000\000\000\000\000\000\000\000\000\000\036\000"
 200      00000000 
 200      0000001E 
 200      00
 201 0984 06000600 		.ascii	"\006\000\006\000\006\000\006\000\006\000\006\000\006"
 201      06000600 
 201      06000600 
 201      06
 202 0991 0006003F 		.ascii	"\000\006\000?\300\000\000\000\000\000\000\000\000\000"
 202      C0000000 
 202      00000000 
 202      0000
 203 099f 00000000 		.ascii	"\000\000\000\000\000\000\000\000\000\177\2006\3006\300"
 203      00000000 
 203      007F8036 
 203      C036C0
 204 09ae 36C036C0 		.ascii	"6\3006\3006\300v\340\000\000\000\000\000\000\000\000"
 204      36C076E0 
 204      00000000 
 204      00000000 
ARM GAS  C:\Users\kroko\AppData\Local\Temp\ccn1Gp7v.s 			page 14


 205 09be 00000000 		.ascii	"\000\000\000\000\000\000\000\000\000\000w\0009\2001"
 205      00000000 
 205      00007700 
 205      398031
 206 09cd 80318031 		.ascii	"\2001\2001\2001\200{\300\000\000\000\000\000\000\000"
 206      8031807B 
 206      C0000000 
 206      00000000 
 207 09dd 00000000 		.ascii	"\000\000\000\000\000\000\000\000\000\000\000\037\000"
 207      00000000 
 207      0000001F 
 207      00
 208 09ea 318060C0 		.ascii	"1\200`\300`\300`\3001\200\037\000\000\000\000\000\000"
 208      60C060C0 
 208      31801F00 
 208      00000000 
 208      00
 209 09fb 00000000 		.ascii	"\000\000\000\000\000\000\000\000\000\000\000\000\000"
 209      00000000 
 209      00000000 
 209      00
 210 0a08 77003980 		.ascii	"w\0009\2000\3000\3000\3009\2007\0000\0000\000|\000\000"
 210      30C030C0 
 210      30C03980 
 210      37003000 
 210      30007C00 
 211 0a1d 00000000 		.ascii	"\000\000\000\000\000\000\000\000\000\000\000\035\300"
 211      00000000 
 211      0000001D 
 211      C0
 212 0a2a 33806180 		.ascii	"3\200a\200a\200a\2003\200\035\200\001\200\001\200\007"
 212      61806180 
 212      33801D80 
 212      01800180 
 212      07
 213 0a3b C0000000 		.ascii	"\300\000\000\000\000\000\000\000\000\000\000\000\000"
 213      00000000 
 213      00000000 
 213      00
 214 0a48 7B801CC0 		.ascii	"{\200\034\300\030\000\030\000\030\000\030\000\177\000"
 214      18001800 
 214      18001800 
 214      7F00
 215 0a56 00000000 		.ascii	"\000\000\000\000\000\000\000\000\000\000\000\000\000"
 215      00000000 
 215      00000000 
 215      00
 216 0a63 00000000 		.ascii	"\000\000\000\000\000\037\2001\200<\000\037\000\003\200"
 216      001F8031 
 216      803C001F 
 216      000380
 217 0a72 31803F00 		.ascii	"1\200?\000\000\000\000\000\000\000\000\000\000\000\000"
 217      00000000 
 217      00000000 
 217      000000
 218 0a81 00180018 		.ascii	"\000\030\000\030\000\030\000\177\000\030\000\030\000"
 218      0018007F 
ARM GAS  C:\Users\kroko\AppData\Local\Temp\ccn1Gp7v.s 			page 15


 218      00180018 
 218      00
 219 0a8e 18001800 		.ascii	"\030\000\030\000\030\200\017\000\000\000\000\000\000"
 219      18800F00 
 219      00000000 
 219      00
 220 0a9b 00000000 		.ascii	"\000\000\000\000\000\000\000\000\000\000\000\000\000"
 220      00000000 
 220      00000000 
 220      00
 221 0aa8 73803180 		.ascii	"s\2001\2001\2001\2001\2003\200\035\300\000\000\000\000"
 221      31803180 
 221      31803380 
 221      1DC00000 
 221      0000
 222 0aba 00000000 		.ascii	"\000\000\000\000\000\000\000\000\000\000\000\000\000"
 222      00000000 
 222      00000000 
 222      00
 223 0ac7 007BC031 		.ascii	"\000{\3001\2001\200\033\000\033\000\016\000\016\000"
 223      8031801B 
 223      001B000E 
 223      000E00
 224 0ad6 00000000 		.ascii	"\000\000\000\000\000\000\000\000\000\000\000\000\000"
 224      00000000 
 224      00000000 
 224      00
 225 0ae3 00000000 		.ascii	"\000\000\000\000\000\361\340`\300d\300n\300;\200;\200"
 225      00F1E060 
 225      C064C06E 
 225      C03B803B 
 225      80
 226 0af4 31800000 		.ascii	"1\200\000\000\000\000\000\000\000\000\000\000\000\000"
 226      00000000 
 226      00000000 
 226      0000
 227 0b02 00000000 		.ascii	"\000\000\000\000\000\000{\300\033\000\016\000\016\000"
 227      00007BC0 
 227      1B000E00 
 227      0E00
 228 0b10 0E001B00 		.ascii	"\016\000\033\000{\300\000\000\000\000\000\000\000\000"
 228      7BC00000 
 228      00000000 
 228      0000
 229 0b1e 00000000 		.ascii	"\000\000\000\000\000\000\000\000\000\000y\3400\300\031"
 229      00000000 
 229      000079E0 
 229      30C019
 230 0b2d 8019800B 		.ascii	"\200\031\200\013\000\017\000\006\000\006\000\014\000"
 230      000F0006 
 230      0006000C 
 230      00
 231 0b3a 3E000000 		.ascii	">\000\000\000\000\000\000\000\000\000\000\000\000\000"
 231      00000000 
 231      00000000 
 231      0000
 232 0b48 3F802180 		.ascii	"?\200!\200\003\000\016\000\030\0000\200?\200\000\000"
ARM GAS  C:\Users\kroko\AppData\Local\Temp\ccn1Gp7v.s 			page 16


 232      03000E00 
 232      18003080 
 232      3F800000 
 233 0b58 00000000 		.ascii	"\000\000\000\000\000\000\000\000\000\000\006\000\014"
 233      00000000 
 233      00000600 
 233      0C
 234 0b65 000C000C 		.ascii	"\000\014\000\014\000\014\000\014\000\030\000\014\000"
 234      000C000C 
 234      0018000C 
 234      00
 235 0b72 0C000C00 		.ascii	"\014\000\014\000\014\000\006\000\000\000\000\000\000"
 235      0C000600 
 235      00000000 
 235      00
 236 0b7f 00000006 		.ascii	"\000\000\000\006\000\006\000\006\000\006\000\006\000"
 236      00060006 
 236      00060006 
 236      00
 237 0b8c 06000600 		.ascii	"\006\000\006\000\006\000\006\000\006\000\006\000\006"
 237      06000600 
 237      06000600 
 237      06
 238 0b99 00000000 		.ascii	"\000\000\000\000\000\000\000\000\000\014\000\006\000"
 238      00000000 
 238      000C0006 
 238      00
 239 0ba6 06000600 		.ascii	"\006\000\006\000\006\000\006\000\003\000\006\000\006"
 239      06000600 
 239      03000600 
 239      06
 240 0bb3 00060006 		.ascii	"\000\006\000\006\000\014\000\000\000\000\000\000\000"
 240      000C0000 
 240      00000000 
 240      00
 241 0bc0 00000000 		.ascii	"\000\000\000\000\000\000\000\000\000\000\030\000$\200"
 241      00000000 
 241      00001800 
 241      2480
 242 0bce 03000000 		.ascii	"\003\000\000\000\000\000\000\000\000\000\000\000\000"
 242      00000000 
 242      00000000 
 242      00
 243 0bdb 00000000 		.ascii	"\000\000\000\000\000"
 243      00
 244              		.ident	"GCC: (Arm GNU Toolchain 14.2.Rel1 (Build arm-14.52)) 14.2.1 20241119"
ARM GAS  C:\Users\kroko\AppData\Local\Temp\ccn1Gp7v.s 			page 17


DEFINED SYMBOLS
                            *ABS*:00000000 font16.c
C:\Users\kroko\AppData\Local\Temp\ccn1Gp7v.s:22     .data.Font16:00000000 Font16
C:\Users\kroko\AppData\Local\Temp\ccn1Gp7v.s:19     .data.Font16:00000000 $d
C:\Users\kroko\AppData\Local\Temp\ccn1Gp7v.s:31     .rodata.Font16_Table:00000000 Font16_Table
C:\Users\kroko\AppData\Local\Temp\ccn1Gp7v.s:28     .rodata.Font16_Table:00000000 $d

NO UNDEFINED SYMBOLS
