ARM GAS  C:\Users\kroko\AppData\Local\Temp\ccymSlzT.s 			page 1


   1              		.cpu cortex-m4
   2              		.arch armv7e-m
   3              		.fpu fpv4-sp-d16
   4              		.eabi_attribute 27, 1
   5              		.eabi_attribute 28, 1
   6              		.eabi_attribute 20, 1
   7              		.eabi_attribute 21, 1
   8              		.eabi_attribute 23, 3
   9              		.eabi_attribute 24, 1
  10              		.eabi_attribute 25, 1
  11              		.eabi_attribute 26, 1
  12              		.eabi_attribute 30, 1
  13              		.eabi_attribute 34, 1
  14              		.eabi_attribute 18, 4
  15              		.file	"font24.c"
  16              		.text
  17              		.global	Font24
  18              		.section	.data.Font24,"aw"
  19              		.align	2
  22              	Font24:
  23 0000 00000000 		.word	Font24_Table
  24 0004 1100     		.short	17
  25 0006 1800     		.short	24
  26              		.global	Font24_Table
  27              		.section	.rodata.Font24_Table,"a"
  28              		.align	2
  31              	Font24_Table:
  32 0000 00000000 		.ascii	"\000\000\000\000\000\000\000\000\000\000\000\000\000"
  32      00000000 
  32      00000000 
  32      00
  33 000d 00000000 		.ascii	"\000\000\000\000\000\000\000\000\000\000\000\000\000"
  33      00000000 
  33      00000000 
  33      00
  34 001a 00000000 		.ascii	"\000\000\000\000\000\000\000\000\000\000\000\000\000"
  34      00000000 
  34      00000000 
  34      00
  35 0027 00000000 		.ascii	"\000\000\000\000\000\000\000\000\000\000\000\000\000"
  35      00000000 
  35      00000000 
  35      00
  36 0034 00000000 		.ascii	"\000\000\000\000\000\000\000\000\000\000\000\000\000"
  36      00000000 
  36      00000000 
  36      00
  37 0041 00000000 		.ascii	"\000\000\000\000\000\000\000\000\000\000\000\000\000"
  37      00000000 
  37      00000000 
  37      00
  38 004e 03800003 		.ascii	"\003\200\000\003\200\000\003\200\000\003\200\000\003"
  38      80000380 
  38      00038000 
  38      03
  39 005b 80000380 		.ascii	"\200\000\003\200\000\003\200\000\003\200\000\003\200"
  39      00038000 
ARM GAS  C:\Users\kroko\AppData\Local\Temp\ccymSlzT.s 			page 2


  39      03800003 
  39      80
  40 0068 00010000 		.ascii	"\000\001\000\000\001\000\000\000\000\000\000\000\000"
  40      01000000 
  40      00000000 
  40      00
  41 0075 03800003 		.ascii	"\003\200\000\003\200\000\000\000\000\000\000\000\000"
  41      80000000 
  41      00000000 
  41      00
  42 0082 00000000 		.ascii	"\000\000\000\000\000\000\000\000\000\000\000\000\000"
  42      00000000 
  42      00000000 
  42      00
  43 008f 00000000 		.ascii	"\000\000\000\000\000\000\000\000\000\000\016p\000\016"
  43      00000000 
  43      00000E70 
  43      000E
  44 009d 70000E70 		.ascii	"p\000\016p\000\004 \000\004 \000\004 \000\004 \000\000"
  44      00042000 
  44      04200004 
  44      20000420 
  44      0000
  45 00af 00000000 		.ascii	"\000\000\000\000\000\000\000\000\000\000\000\000\000"
  45      00000000 
  45      00000000 
  45      00
  46 00bc 00000000 		.ascii	"\000\000\000\000\000\000\000\000\000\000\000\000\000"
  46      00000000 
  46      00000000 
  46      00
  47 00c9 00000000 		.ascii	"\000\000\000\000\000\000\000\000\000\000\000\000\000"
  47      00000000 
  47      00000000 
  47      00
  48 00d6 00000000 		.ascii	"\000\000\000\000\000\000\000\000\006`\000\006`\000\006"
  48      00000000 
  48      06600006 
  48      600006
  49 00e5 60000660 		.ascii	"`\000\006`\000\006`\000?\370\000?\370\000\006`\000\014"
  49      00066000 
  49      3FF8003F 
  49      F8000660 
  49      000C
  50 00f7 C0003FF8 		.ascii	"\300\000?\370\000?\370\000\014\300\000\014\300\000\014"
  50      003FF800 
  50      0CC0000C 
  50      C0000C
  51 0106 C0000CC0 		.ascii	"\300\000\014\300\000\014\300\000\000\000\000\000\000"
  51      000CC000 
  51      00000000 
  51      00
  52 0113 00000000 		.ascii	"\000\000\000\000\000\000\000\000\000\000\000\000\000"
  52      00000000 
  52      00000000 
  52      00
  53 0120 00000001 		.ascii	"\000\000\000\001\200\000\001\200\000\007\260\000\017"
ARM GAS  C:\Users\kroko\AppData\Local\Temp\ccymSlzT.s 			page 3


  53      80000180 
  53      0007B000 
  53      0F
  54 012d F0001870 		.ascii	"\360\000\030p\000\030p\000\034\000\000\017\200\000\007"
  54      00187000 
  54      1C00000F 
  54      800007
  55 013c E00000F0 		.ascii	"\340\000\000\360\000\0300\000\0340\000\034p\000\037"
  55      00183000 
  55      1C30001C 
  55      70001F
  56 014b E0001BC0 		.ascii	"\340\000\033\300\000\001\200\000\001\200\000\001\200"
  56      00018000 
  56      01800001 
  56      80
  57 0158 00018000 		.ascii	"\000\001\200\000\000\000\000\000\000\000\000\000\000"
  57      00000000 
  57      00000000 
  57      00
  58 0165 00000000 		.ascii	"\000\000\000\000\000\000\000\000\000\007\200\000\017"
  58      00000000 
  58      00078000 
  58      0F
  59 0172 C0001CE0 		.ascii	"\300\000\034\340\000\030`\000\030`\000\034\340\000\017"
  59      00186000 
  59      1860001C 
  59      E0000F
  60 0181 F80007E0 		.ascii	"\370\000\007\340\000\037\360\000\0078\000\006\030\000"
  60      001FF000 
  60      07380006 
  60      1800
  61 018f 06180007 		.ascii	"\006\030\000\0078\000\003\360\000\001\340\000\000\000"
  61      380003F0 
  61      0001E000 
  61      0000
  62 019d 00000000 		.ascii	"\000\000\000\000\000\000\000\000\000\000\000\000\000"
  62      00000000 
  62      00000000 
  62      00
  63 01aa 00000000 		.ascii	"\000\000\000\000\000\000\000\000\000\000\000\000\000"
  63      00000000 
  63      00000000 
  63      00
  64 01b7 00000000 		.ascii	"\000\000\000\000\000\003\360\000\007\360\000\014`\000"
  64      0003F000 
  64      07F0000C 
  64      6000
  65 01c5 0C00000C 		.ascii	"\014\000\000\014\000\000\006\000\000\007\000\000\017"
  65      00000600 
  65      00070000 
  65      0F
  66 01d2 9C001DFC 		.ascii	"\234\000\035\374\000\030\360\000\030p\000\017\374\000"
  66      0018F000 
  66      1870000F 
  66      FC00
  67 01e0 07DC0000 		.ascii	"\007\334\000\000\000\000\000\000\000\000\000\000\000"
  67      00000000 
ARM GAS  C:\Users\kroko\AppData\Local\Temp\ccymSlzT.s 			page 4


  67      00000000 
  67      00
  68 01ed 00000000 		.ascii	"\000\000\000\000\000\000\000\000\000\000\000\000\000"
  68      00000000 
  68      00000000 
  68      00
  69 01fa 00000000 		.ascii	"\000\000\000\000\000\000\000\003\200\000\003\200\000"
  69      00000003 
  69      80000380 
  69      00
  70 0207 03800001 		.ascii	"\003\200\000\001\000\000\001\000\000\001\000\000\001"
  70      00000100 
  70      00010000 
  70      01
  71 0214 00000000 		.ascii	"\000\000\000\000\000\000\000\000\000\000\000\000\000"
  71      00000000 
  71      00000000 
  71      00
  72 0221 00000000 		.ascii	"\000\000\000\000\000\000\000\000\000\000\000\000\000"
  72      00000000 
  72      00000000 
  72      00
  73 022e 00000000 		.ascii	"\000\000\000\000\000\000\000\000\000\000\000\000\000"
  73      00000000 
  73      00000000 
  73      00
  74 023b 00000000 		.ascii	"\000\000\000\000\000\000\000\000\000\000\000\000\030"
  74      00000000 
  74      00000000 
  74      18
  75 0248 00003800 		.ascii	"\000\0008\000\000p\000\000\360\000\000\340\000\000\340"
  75      00700000 
  75      F00000E0 
  75      0000E0
  76 0257 0001C000 		.ascii	"\000\001\300\000\001\300\000\001\300\000\001\300\000"
  76      01C00001 
  76      C00001C0 
  76      00
  77 0264 01C00001 		.ascii	"\001\300\000\001\300\000\000\340\000\000\340\000\000"
  77      C00000E0 
  77      0000E000 
  77      00
  78 0271 70000070 		.ascii	"p\000\000p\000\0008\000\000\030\000\000\000\000\000"
  78      00003800 
  78      00180000 
  78      000000
  79 0280 00000000 		.ascii	"\000\000\000\000\000\000\000\000\000\000\000\000\000"
  79      00000000 
  79      00000000 
  79      00
  80 028d 00180000 		.ascii	"\000\030\000\000\034\000\000\016\000\000\016\000\000"
  80      1C00000E 
  80      00000E00 
  80      00
  81 029a 07000007 		.ascii	"\007\000\000\007\000\000\003\200\000\003\200\000\003"
  81      00000380 
  81      00038000 
ARM GAS  C:\Users\kroko\AppData\Local\Temp\ccymSlzT.s 			page 5


  81      03
  82 02a7 80000380 		.ascii	"\200\000\003\200\000\003\200\000\003\200\000\007\000"
  82      00038000 
  82      03800007 
  82      00
  83 02b4 00070000 		.ascii	"\000\007\000\000\017\000\000\016\000\000\034\000\000"
  83      0F00000E 
  83      00001C00 
  83      00
  84 02c1 18000000 		.ascii	"\030\000\000\000\000\000\000\000\000\000\000\000\000"
  84      00000000 
  84      00000000 
  84      00
  85 02ce 00000000 		.ascii	"\000\000\000\000\000\000\000\000\001\200\000\001\200"
  85      00000000 
  85      01800001 
  85      80
  86 02db 00018000 		.ascii	"\000\001\200\000\035\270\000\037\370\000\007\340\000"
  86      1DB8001F 
  86      F80007E0 
  86      00
  87 02e8 03C00003 		.ascii	"\003\300\000\003\300\000\006`\000\006`\000\000\000\000"
  87      C0000660 
  87      00066000 
  87      000000
  88 02f7 00000000 		.ascii	"\000\000\000\000\000\000\000\000\000\000\000\000\000"
  88      00000000 
  88      00000000 
  88      00
  89 0304 00000000 		.ascii	"\000\000\000\000\000\000\000\000\000\000\000\000\000"
  89      00000000 
  89      00000000 
  89      00
  90 0311 00000000 		.ascii	"\000\000\000\000\000\000\000\000\000\000\000\000\000"
  90      00000000 
  90      00000000 
  90      00
  91 031e 00000000 		.ascii	"\000\000\000\000\000\000\001\200\000\001\200\000\001"
  91      00000180 
  91      00018000 
  91      01
  92 032b 80000180 		.ascii	"\200\000\001\200\000\001\200\000?\374\000?\374\000\001"
  92      00018000 
  92      3FFC003F 
  92      FC0001
  93 033a 80000180 		.ascii	"\200\000\001\200\000\001\200\000\001\200\000\001\200"
  93      00018000 
  93      01800001 
  93      80
  94 0347 00000000 		.ascii	"\000\000\000\000\000\000\000\000\000\000\000\000\000"
  94      00000000 
  94      00000000 
  94      00
  95 0354 00000000 		.ascii	"\000\000\000\000\000\000\000\000\000\000\000\000\000"
  95      00000000 
  95      00000000 
  95      00
ARM GAS  C:\Users\kroko\AppData\Local\Temp\ccymSlzT.s 			page 6


  96 0361 00000000 		.ascii	"\000\000\000\000\000\000\000\000\000\000\000\000\000"
  96      00000000 
  96      00000000 
  96      00
  97 036e 00000000 		.ascii	"\000\000\000\000\000\000\000\000\000\000\000\000\000"
  97      00000000 
  97      00000000 
  97      00
  98 037b 00000000 		.ascii	"\000\000\000\000\000\000\000\000\000\000\000\000\000"
  98      00000000 
  98      00000000 
  98      00
  99 0388 000000E0 		.ascii	"\000\000\000\340\000\000\300\000\001\300\000\001\200"
  99      0000C000 
  99      01C00001 
  99      80
 100 0395 00018000 		.ascii	"\000\001\200\000\003\000\000\003\000\000\000\000\000"
 100      03000003 
 100      00000000 
 100      00
 101 03a2 00000000 		.ascii	"\000\000\000\000\000\000\000\000\000\000\000\000\000"
 101      00000000 
 101      00000000 
 101      00
 102 03af 00000000 		.ascii	"\000\000\000\000\000\000\000\000\000\000\000\000\000"
 102      00000000 
 102      00000000 
 102      00
 103 03bc 00000000 		.ascii	"\000\000\000\000\000\000\000\037\370\000\037\370\000"
 103      0000001F 
 103      F8001FF8 
 103      00
 104 03c9 00000000 		.ascii	"\000\000\000\000\000\000\000\000\000\000\000\000\000"
 104      00000000 
 104      00000000 
 104      00
 105 03d6 00000000 		.ascii	"\000\000\000\000\000\000\000\000\000\000\000\000\000"
 105      00000000 
 105      00000000 
 105      00
 106 03e3 00000000 		.ascii	"\000\000\000\000\000\000\000\000\000\000\000\000\000"
 106      00000000 
 106      00000000 
 106      00
 107 03f0 00000000 		.ascii	"\000\000\000\000\000\000\000\000\000\000\000\000\000"
 107      00000000 
 107      00000000 
 107      00
 108 03fd 00000000 		.ascii	"\000\000\000\000\000\000\000\000\000\000\000\000\000"
 108      00000000 
 108      00000000 
 108      00
 109 040a 00000000 		.ascii	"\000\000\000\000\000\000\000\000\000\000\000\000\000"
 109      00000000 
 109      00000000 
 109      00
 110 0417 00000003 		.ascii	"\000\000\000\003\300\000\003\300\000\003\300\000\000"
ARM GAS  C:\Users\kroko\AppData\Local\Temp\ccymSlzT.s 			page 7


 110      C00003C0 
 110      0003C000 
 110      00
 111 0424 00000000 		.ascii	"\000\000\000\000\000\000\000\000\000\000\000\000\000"
 111      00000000 
 111      00000000 
 111      00
 112 0431 00000000 		.ascii	"\000\000\000\000\000\000\000\000\030\000\000\030\000"
 112      00000000 
 112      18000018 
 112      00
 113 043e 00380000 		.ascii	"\0008\000\0000\000\000p\000\000`\000\000`\000\000\300"
 113      30000070 
 113      00006000 
 113      00600000 
 113      C0
 114 044f 0000C000 		.ascii	"\000\000\300\000\001\200\000\001\200\000\003\000\000"
 114      01800001 
 114      80000300 
 114      00
 115 045c 03000006 		.ascii	"\003\000\000\006\000\000\006\000\000\016\000\000\014"
 115      00000600 
 115      000E0000 
 115      0C
 116 0469 00001C00 		.ascii	"\000\000\034\000\000\030\000\000\030\000\000\000\000"
 116      00180000 
 116      18000000 
 116      00
 117 0476 00000000 		.ascii	"\000\000\000\000\000\000\000\000\000\000\000\000\000"
 117      00000000 
 117      00000000 
 117      00
 118 0483 00000003 		.ascii	"\000\000\000\003\300\000\007\340\000\0140\000\0140\000"
 118      C00007E0 
 118      000C3000 
 118      0C3000
 119 0492 18180018 		.ascii	"\030\030\000\030\030\000\030\030\000\030\030\000\030"
 119      18001818 
 119      00181800 
 119      18
 120 049f 18001818 		.ascii	"\030\000\030\030\000\030\030\000\0140\000\0140\000\007"
 120      00181800 
 120      0C30000C 
 120      300007
 121 04ae E00003C0 		.ascii	"\340\000\003\300\000\000\000\000\000\000\000\000\000"
 121      00000000 
 121      00000000 
 121      00
 122 04bb 00000000 		.ascii	"\000\000\000\000\000\000\000\000\000\000\000\000\000"
 122      00000000 
 122      00000000 
 122      00
 123 04c8 00000000 		.ascii	"\000\000\000\000\000\000\000\200\000\007\200\000\037"
 123      00000080 
 123      00078000 
 123      1F
 124 04d5 80001D80 		.ascii	"\200\000\035\200\000\001\200\000\001\200\000\001\200"
ARM GAS  C:\Users\kroko\AppData\Local\Temp\ccymSlzT.s 			page 8


 124      00018000 
 124      01800001 
 124      80
 125 04e2 00018000 		.ascii	"\000\001\200\000\001\200\000\001\200\000\001\200\000"
 125      01800001 
 125      80000180 
 125      00
 126 04ef 01800001 		.ascii	"\001\200\000\001\200\000\037\370\000\037\370\000\000"
 126      80001FF8 
 126      001FF800 
 126      00
 127 04fc 00000000 		.ascii	"\000\000\000\000\000\000\000\000\000\000\000\000\000"
 127      00000000 
 127      00000000 
 127      00
 128 0509 00000000 		.ascii	"\000\000\000\000\000\000\000\000\000\000\000\000\000"
 128      00000000 
 128      00000000 
 128      00
 129 0516 07C0001F 		.ascii	"\007\300\000\037\360\00080\0000\030\0000\030\000\000"
 129      F0003830 
 129      00301800 
 129      30180000 
 130 0526 18000030 		.ascii	"\030\000\0000\000\000`\000\001\300\000\003\200\000\006"
 130      00006000 
 130      01C00003 
 130      800006
 131 0535 00000C00 		.ascii	"\000\000\014\000\000\030\000\000?\370\000?\370\000\000"
 131      00180000 
 131      3FF8003F 
 131      F80000
 132 0544 00000000 		.ascii	"\000\000\000\000\000\000\000\000\000\000\000\000\000"
 132      00000000 
 132      00000000 
 132      00
 133 0551 00000000 		.ascii	"\000\000\000\000\000\000\000\000\000\000\000\000\000"
 133      00000000 
 133      00000000 
 133      00
 134 055e 03C0000F 		.ascii	"\003\300\000\017\340\000\014p\000\0000\000\0000\000"
 134      E0000C70 
 134      00003000 
 134      003000
 135 056d 00600003 		.ascii	"\000`\000\003\300\000\003\340\000\000p\000\000\030\000"
 135      C00003E0 
 135      00007000 
 135      001800
 136 057c 00180000 		.ascii	"\000\030\000\000\030\000\0308\000\037\360\000\017\300"
 136      18001838 
 136      001FF000 
 136      0FC0
 137 058a 00000000 		.ascii	"\000\000\000\000\000\000\000\000\000\000\000\000\000"
 137      00000000 
 137      00000000 
 137      00
 138 0597 00000000 		.ascii	"\000\000\000\000\000\000\000\000\000\000\000\000\000"
 138      00000000 
ARM GAS  C:\Users\kroko\AppData\Local\Temp\ccymSlzT.s 			page 9


 138      00000000 
 138      00
 139 05a4 000000E0 		.ascii	"\000\000\000\340\000\001\340\000\001\340\000\003`\000"
 139      0001E000 
 139      01E00003 
 139      6000
 140 05b2 06600006 		.ascii	"\006`\000\006`\000\014`\000\014`\000\030`\0000`\000"
 140      60000C60 
 140      000C6000 
 140      18600030 
 140      6000
 141 05c4 3FF8003F 		.ascii	"?\370\000?\370\000\000`\000\003\370\000\003\370\000"
 141      F8000060 
 141      0003F800 
 141      03F800
 142 05d3 00000000 		.ascii	"\000\000\000\000\000\000\000\000\000\000\000\000\000"
 142      00000000 
 142      00000000 
 142      00
 143 05e0 00000000 		.ascii	"\000\000\000\000\000\000\000\000\000\000\000\000\000"
 143      00000000 
 143      00000000 
 143      00
 144 05ed 001FF000 		.ascii	"\000\037\360\000\037\360\000\030\000\000\030\000\000"
 144      1FF00018 
 144      00001800 
 144      00
 145 05fa 1800001B 		.ascii	"\030\000\000\033\300\000\037\360\000\0340\000\000\030"
 145      C0001FF0 
 145      001C3000 
 145      0018
 146 0608 00001800 		.ascii	"\000\000\030\000\000\030\000\000\030\00000\000?\360"
 146      00180000 
 146      18003030 
 146      003FF0
 147 0617 000FC000 		.ascii	"\000\017\300\000\000\000\000\000\000\000\000\000\000"
 147      00000000 
 147      00000000 
 147      00
 148 0624 00000000 		.ascii	"\000\000\000\000\000\000\000\000\000\000\000\000\000"
 148      00000000 
 148      00000000 
 148      00
 149 0631 00000000 		.ascii	"\000\000\000\000\000\000\370\000\003\370\000\007\000"
 149      0000F800 
 149      03F80007 
 149      00
 150 063e 000E0000 		.ascii	"\000\016\000\000\014\000\000\030\000\000\033\300\000"
 150      0C000018 
 150      00001BC0 
 150      00
 151 064b 1FF0001C 		.ascii	"\037\360\000\0340\000\030\030\000\030\030\000\030\030"
 151      30001818 
 151      00181800 
 151      1818
 152 0659 000C3800 		.ascii	"\000\0148\000\017\360\000\003\340\000\000\000\000\000"
 152      0FF00003 
ARM GAS  C:\Users\kroko\AppData\Local\Temp\ccymSlzT.s 			page 10


 152      E0000000 
 152      0000
 153 0667 00000000 		.ascii	"\000\000\000\000\000\000\000\000\000\000\000\000\000"
 153      00000000 
 153      00000000 
 153      00
 154 0674 00000000 		.ascii	"\000\000\000\000\000\000\000\000\000\000\037\370\000"
 154      00000000 
 154      00001FF8 
 154      00
 155 0681 1FF80018 		.ascii	"\037\370\000\030\030\000\0308\000\0000\000\0000\000"
 155      18001838 
 155      00003000 
 155      003000
 156 0690 00700000 		.ascii	"\000p\000\000`\000\000`\000\000\340\000\000\300\000"
 156      60000060 
 156      0000E000 
 156      00C000
 157 069f 00C00001 		.ascii	"\000\300\000\001\300\000\001\200\000\001\200\000\000"
 157      C0000180 
 157      00018000 
 157      00
 158 06ac 00000000 		.ascii	"\000\000\000\000\000\000\000\000\000\000\000\000\000"
 158      00000000 
 158      00000000 
 158      00
 159 06b9 00000000 		.ascii	"\000\000\000\000\000\000\000\000\000\000\000\000\000"
 159      00000000 
 159      00000000 
 159      00
 160 06c6 07E0000F 		.ascii	"\007\340\000\017\360\000\0348\000\030\030\000\030\030"
 160      F0001C38 
 160      00181800 
 160      1818
 161 06d4 000C3000 		.ascii	"\000\0140\000\007\340\000\007\340\000\0140\000\030\030"
 161      07E00007 
 161      E0000C30 
 161      001818
 162 06e3 00181800 		.ascii	"\000\030\030\000\030\030\000\0348\000\017\360\000\007"
 162      1818001C 
 162      38000FF0 
 162      0007
 163 06f1 E0000000 		.ascii	"\340\000\000\000\000\000\000\000\000\000\000\000\000"
 163      00000000 
 163      00000000 
 163      00
 164 06fe 00000000 		.ascii	"\000\000\000\000\000\000\000\000\000\000\000\000\000"
 164      00000000 
 164      00000000 
 164      00
 165 070b 00000007 		.ascii	"\000\000\000\007\300\000\017\360\000\0340\000\030\030"
 165      C0000FF0 
 165      001C3000 
 165      1818
 166 0719 00181800 		.ascii	"\000\030\030\000\030\030\000\0148\000\017\370\000\003"
 166      1818000C 
 166      38000FF8 
ARM GAS  C:\Users\kroko\AppData\Local\Temp\ccymSlzT.s 			page 11


 166      0003
 167 0727 D8000018 		.ascii	"\330\000\000\030\000\0000\000\000p\000\000\340\000\037"
 167      00003000 
 167      00700000 
 167      E0001F
 168 0736 C0001F00 		.ascii	"\300\000\037\000\000\000\000\000\000\000\000\000\000"
 168      00000000 
 168      00000000 
 168      00
 169 0743 00000000 		.ascii	"\000\000\000\000\000\000\000\000\000\000\000\000\000"
 169      00000000 
 169      00000000 
 169      00
 170 0750 00000000 		.ascii	"\000\000\000\000\000\000\000\000\000\000\000\000\000"
 170      00000000 
 170      00000000 
 170      00
 171 075d 00000000 		.ascii	"\000\000\000\000\000\003\300\000\003\300\000\003\300"
 171      0003C000 
 171      03C00003 
 171      C0
 172 076a 00000000 		.ascii	"\000\000\000\000\000\000\000\000\000\000\000\000\000"
 172      00000000 
 172      00000000 
 172      00
 173 0777 00000003 		.ascii	"\000\000\000\003\300\000\003\300\000\003\300\000\000"
 173      C00003C0 
 173      0003C000 
 173      00
 174 0784 00000000 		.ascii	"\000\000\000\000\000\000\000\000\000\000\000\000\000"
 174      00000000 
 174      00000000 
 174      00
 175 0791 00000000 		.ascii	"\000\000\000\000\000\000\000\000\000\000\000\000\000"
 175      00000000 
 175      00000000 
 175      00
 176 079e 00000000 		.ascii	"\000\000\000\000\000\000\000\000\000\000\000\000\000"
 176      00000000 
 176      00000000 
 176      00
 177 07ab F00000F0 		.ascii	"\360\000\000\360\000\000\360\000\000\000\000\000\000"
 177      0000F000 
 177      00000000 
 177      00
 178 07b8 00000000 		.ascii	"\000\000\000\000\000\000\000\000\340\000\001\300\000"
 178      00000000 
 178      E00001C0 
 178      00
 179 07c5 01800001 		.ascii	"\001\200\000\001\200\000\003\000\000\002\000"
 179      80000300 
 179      000200
 180 07d0 00000000 		.ascii	"\000\000\000\000\000\000\000\000\000\000\000\000\000"
 180      00000000 
 180      00000000 
 180      00
 181 07dd 00000000 		.ascii	"\000\000\000\000\000\000\000\000\000\000\000\000\000"
ARM GAS  C:\Users\kroko\AppData\Local\Temp\ccymSlzT.s 			page 12


 181      00000000 
 181      00000000 
 181      00
 182 07ea 0000001C 		.ascii	"\000\000\000\034\000\000<\000\000\360\000\003\300\000"
 182      00003C00 
 182      00F00003 
 182      C000
 183 07f8 0F00003C 		.ascii	"\017\000\000<\000\000\360\000\000<\000\000\017\000\000"
 183      0000F000 
 183      003C0000 
 183      0F0000
 184 0807 03C00000 		.ascii	"\003\300\000\000\360\000\000<\000\000\034\000\000\000"
 184      F000003C 
 184      00001C00 
 184      0000
 185 0815 00000000 		.ascii	"\000\000\000\000\000\000\000\000\000\000\000\000\000"
 185      00000000 
 185      00000000 
 185      00
 186 0822 00000000 		.ascii	"\000\000\000\000\000\000\000\000\000\000\000\000\000"
 186      00000000 
 186      00000000 
 186      00
 187 082f 00000000 		.ascii	"\000\000\000\000\000\000\000\000\000\000\000\000\000"
 187      00000000 
 187      00000000 
 187      00
 188 083c 007FFC00 		.ascii	"\000\177\374\000\177\374\000\000\000\000\000\000\000"
 188      7FFC0000 
 188      00000000 
 188      00
 189 0849 7FFC007F 		.ascii	"\177\374\000\177\374\000\000\000\000\000\000\000\000"
 189      FC000000 
 189      00000000 
 189      00
 190 0856 00000000 		.ascii	"\000\000\000\000\000\000\000\000\000\000\000\000\000"
 190      00000000 
 190      00000000 
 190      00
 191 0863 00000000 		.ascii	"\000\000\000\000\000\000\000\000\000\000\000\000\000"
 191      00000000 
 191      00000000 
 191      00
 192 0870 00000000 		.ascii	"\000\000\000\000\000\000\000\000\000\000\000\000p\000"
 192      00000000 
 192      00000000 
 192      7000
 193 087e 00780000 		.ascii	"\000x\000\000\036\000\000\007\200\000\001\340\000\000"
 193      1E000007 
 193      800001E0 
 193      0000
 194 088c 7800001E 		.ascii	"x\000\000\036\000\000x\000\001\340\000\007\200\000\036"
 194      00007800 
 194      01E00007 
 194      80001E
 195 089b 00007800 		.ascii	"\000\000x\000\000p\000\000\000\000\000\000\000\000\000"
 195      00700000 
ARM GAS  C:\Users\kroko\AppData\Local\Temp\ccymSlzT.s 			page 13


 195      00000000 
 195      000000
 196 08aa 00000000 		.ascii	"\000\000\000\000\000\000\000\000\000\000\000\000\000"
 196      00000000 
 196      00000000 
 196      00
 197 08b7 00000000 		.ascii	"\000\000\000\000\000\000\000\000\000\000\007\300\000"
 197      00000000 
 197      000007C0 
 197      00
 198 08c4 0FE00018 		.ascii	"\017\340\000\030p\000\0300\000\0300\000\000p\000\000"
 198      70001830 
 198      00183000 
 198      00700000 
 199 08d4 E00003C0 		.ascii	"\340\000\003\300\000\003\200\000\003\000\000\000\000"
 199      00038000 
 199      03000000 
 199      00
 200 08e1 00000000 		.ascii	"\000\000\000\000\007\000\000\007\000\000\000\000\000"
 200      07000007 
 200      00000000 
 200      00
 201 08ee 00000000 		.ascii	"\000\000\000\000\000\000\000\000\000\000\000\000\000"
 201      00000000 
 201      00000000 
 201      00
 202 08fb 00000000 		.ascii	"\000\000\000\000\000\000\000\000\000\000\000\003\340"
 202      00000000 
 202      00000003 
 202      E0
 203 0908 0007F000 		.ascii	"\000\007\360\000\0168\000\014\030\000\030x\000\030\370"
 203      0E38000C 
 203      18001878 
 203      0018F8
 204 0917 0019D800 		.ascii	"\000\031\330\000\031\230\000\031\230\000\031\230\000"
 204      19980019 
 204      98001998 
 204      00
 205 0924 18F80018 		.ascii	"\030\370\000\030x\000\030\000\000\014\000\000\016\030"
 205      78001800 
 205      000C0000 
 205      0E18
 206 0932 0007F800 		.ascii	"\000\007\370\000\003\340\000\000\000\000\000\000\000"
 206      03E00000 
 206      00000000 
 206      00
 207 093f 00000000 		.ascii	"\000\000\000\000\000\000\000\000\000\000\000\000\000"
 207      00000000 
 207      00000000 
 207      00
 208 094c 00000000 		.ascii	"\000\000\000\000\000\037\200\000\037\300\000\001\300"
 208      001F8000 
 208      1FC00001 
 208      C0
 209 0959 00036000 		.ascii	"\000\003`\000\003`\000\0060\000\0060\000\0140\000\017"
 209      03600006 
 209      30000630 
ARM GAS  C:\Users\kroko\AppData\Local\Temp\ccymSlzT.s 			page 14


 209      000C3000 
 209      0F
 210 096a F8001FF8 		.ascii	"\370\000\037\370\000\030\014\0000\014\000\374\177\000"
 210      00180C00 
 210      300C00FC 
 210      7F00
 211 0978 FC7F0000 		.ascii	"\374\177\000\000\000\000\000\000\000\000\000\000\000"
 211      00000000 
 211      00000000 
 211      00
 212 0985 00000000 		.ascii	"\000\000\000\000\000\000\000\000\000\000\000\000\000"
 212      00000000 
 212      00000000 
 212      00
 213 0992 00000000 		.ascii	"\000\000\000\000\000\000\000\177\340\000\177\360\000"
 213      0000007F 
 213      E0007FF0 
 213      00
 214 099f 18380018 		.ascii	"\0308\000\030\030\000\030\030\000\0308\000\037\360\000"
 214      18001818 
 214      00183800 
 214      1FF000
 215 09ae 1FF80018 		.ascii	"\037\370\000\030\034\000\030\014\000\030\014\000\030"
 215      1C00180C 
 215      00180C00 
 215      18
 216 09bb 0C007FF8 		.ascii	"\014\000\177\370\000\177\360\000\000\000\000\000\000"
 216      007FF000 
 216      00000000 
 216      00
 217 09c8 00000000 		.ascii	"\000\000\000\000\000\000\000\000\000\000\000\000\000"
 217      00000000 
 217      00000000 
 217      00
 218 09d5 00000000 		.ascii	"\000\000\000\000\000\000\000\000\000\000\000\000\003"
 218      00000000 
 218      00000000 
 218      03
 219 09e2 EC000FFC 		.ascii	"\354\000\017\374\000\034\034\000\030\014\0000\014\000"
 219      001C1C00 
 219      180C0030 
 219      0C00
 220 09f0 30000030 		.ascii	"0\000\0000\000\0000\000\0000\000\0000\000\000\030\014"
 220      00003000 
 220      00300000 
 220      30000018 
 220      0C
 221 0a01 001C1C00 		.ascii	"\000\034\034\000\017\370\000\003\360\000\000\000\000"
 221      0FF80003 
 221      F0000000 
 221      00
 222 0a0e 00000000 		.ascii	"\000\000\000\000\000\000\000\000\000\000\000\000\000"
 222      00000000 
 222      00000000 
 222      00
 223 0a1b 00000000 		.ascii	"\000\000\000\000\000\000\000\000\000\000\000\000\000"
 223      00000000 
ARM GAS  C:\Users\kroko\AppData\Local\Temp\ccymSlzT.s 			page 15


 223      00000000 
 223      00
 224 0a28 007FC000 		.ascii	"\000\177\300\000\177\360\000\0308\000\030\030\000\030"
 224      7FF00018 
 224      38001818 
 224      0018
 225 0a36 0C00180C 		.ascii	"\014\000\030\014\000\030\014\000\030\014\000\030\014"
 225      00180C00 
 225      180C0018 
 225      0C
 226 0a43 00180C00 		.ascii	"\000\030\014\000\030\030\000\0308\000\177\360\000\177"
 226      18180018 
 226      38007FF0 
 226      007F
 227 0a51 E0000000 		.ascii	"\340\000\000\000\000\000\000\000\000\000\000\000\000"
 227      00000000 
 227      00000000 
 227      00
 228 0a5e 00000000 		.ascii	"\000\000\000\000\000\000\000\000\000\000\000\000\000"
 228      00000000 
 228      00000000 
 228      00
 229 0a6b 00000000 		.ascii	"\000\000\000\000\000\000\177\370\000\177\370\000\030"
 229      00007FF8 
 229      007FF800 
 229      18
 230 0a78 18001818 		.ascii	"\030\000\030\030\000\031\230\000\031\200\000\037\200"
 230      00199800 
 230      1980001F 
 230      80
 231 0a85 001F8000 		.ascii	"\000\037\200\000\031\200\000\031\230\000\030\030\000"
 231      19800019 
 231      98001818 
 231      00
 232 0a92 1818007F 		.ascii	"\030\030\000\177\370\000\177\370\000\000\000\000\000"
 232      F8007FF8 
 232      00000000 
 232      00
 233 0a9f 00000000 		.ascii	"\000\000\000\000\000\000\000\000\000\000\000\000\000"
 233      00000000 
 233      00000000 
 233      00
 234 0aac 00000000 		.ascii	"\000\000\000\000\000\000\000\000\000\000\000\000\000"
 234      00000000 
 234      00000000 
 234      00
 235 0ab9 3FFC003F 		.ascii	"?\374\000?\374\000\014\014\000\014\014\000\014\314\000"
 235      FC000C0C 
 235      000C0C00 
 235      0CCC00
 236 0ac8 0CC0000F 		.ascii	"\014\300\000\017\300\000\017\300\000\014\300\000\014"
 236      C0000FC0 
 236      000CC000 
 236      0C
 237 0ad5 C0000C00 		.ascii	"\300\000\014\000\000\014\000\000?\300\000?\300\000\000"
 237      000C0000 
 237      3FC0003F 
ARM GAS  C:\Users\kroko\AppData\Local\Temp\ccymSlzT.s 			page 16


 237      C00000
 238 0ae4 00000000 		.ascii	"\000\000\000\000\000\000\000\000\000\000\000\000\000"
 238      00000000 
 238      00000000 
 238      00
 239 0af1 00000000 		.ascii	"\000\000\000\000\000\000\000\000\000\000\000\000\000"
 239      00000000 
 239      00000000 
 239      00
 240 0afe 00000003 		.ascii	"\000\000\000\003\354\000\017\374\000\034\034\000\030"
 240      EC000FFC 
 240      001C1C00 
 240      18
 241 0b0b 0C00300C 		.ascii	"\014\0000\014\0000\000\0000\000\0000\376\0000\376\000"
 241      00300000 
 241      30000030 
 241      FE0030FE 
 241      00
 242 0b1c 300C0038 		.ascii	"0\014\0008\014\000\034\034\000\017\374\000\003\360\000"
 242      0C001C1C 
 242      000FFC00 
 242      03F000
 243 0b2b 00000000 		.ascii	"\000\000\000\000\000\000\000\000\000\000\000\000\000"
 243      00000000 
 243      00000000 
 243      00
 244 0b38 00000000 		.ascii	"\000\000\000\000\000\000\000\000\000\000\000\000\000"
 244      00000000 
 244      00000000 
 244      00
 245 0b45 00000000 		.ascii	"\000\000\000\000~~\000~~\000\030\030\000\030\030\000"
 245      7E7E007E 
 245      7E001818 
 245      00181800 
 246 0b55 18180018 		.ascii	"\030\030\000\030\030\000\037\370\000\037\370\000\030"
 246      18001FF8 
 246      001FF800 
 246      18
 247 0b62 18001818 		.ascii	"\030\000\030\030\000\030\030\000\030\030\000~~\000~"
 247      00181800 
 247      1818007E 
 247      7E007E
 248 0b71 7E000000 		.ascii	"~\000\000\000\000\000\000\000\000\000\000\000\000\000"
 248      00000000 
 248      00000000 
 248      0000
 249 0b7f 00000000 		.ascii	"\000\000\000\000\000\000\000\000\000\000\000\000\000"
 249      00000000 
 249      00000000 
 249      00
 250 0b8c 00000000 		.ascii	"\000\000\000\000\000\037\370\000\037\370\000\001\200"
 250      001FF800 
 250      1FF80001 
 250      80
 251 0b99 00018000 		.ascii	"\000\001\200\000\001\200\000\001\200\000\001\200\000"
 251      01800001 
 251      80000180 
ARM GAS  C:\Users\kroko\AppData\Local\Temp\ccymSlzT.s 			page 17


 251      00
 252 0ba6 01800001 		.ascii	"\001\200\000\001\200\000\001\200\000\001\200\000\001"
 252      80000180 
 252      00018000 
 252      01
 253 0bb3 80001FF8 		.ascii	"\200\000\037\370\000\037\370\000\000\000\000\000\000"
 253      001FF800 
 253      00000000 
 253      00
 254 0bc0 00000000 		.ascii	"\000\000\000\000\000\000\000\000\000\000\000\000\000"
 254      00000000 
 254      00000000 
 254      00
 255 0bcd 00000000 		.ascii	"\000\000\000\000\000\000\000\000\000\000\000\000\007"
 255      00000000 
 255      00000000 
 255      07
 256 0bda FE0007FE 		.ascii	"\376\000\007\376\000\0000\000\0000\000\0000\000\000"
 256      00003000 
 256      00300000 
 256      300000
 257 0be9 30000030 		.ascii	"0\000\0000\00000\00000\00000\00000\0000`\000?\340\000"
 257      00303000 
 257      30300030 
 257      30003030 
 257      00306000 
 258 0c00 0F800000 		.ascii	"\017\200\000\000\000\000\000\000\000\000\000\000\000"
 258      00000000 
 258      00000000 
 258      00
 259 0c0d 00000000 		.ascii	"\000\000\000\000\000\000\000\000\000\000\000\000\000"
 259      00000000 
 259      00000000 
 259      00
 260 0c1a 00000000 		.ascii	"\000\000\000\000\000\000\000\177>\000\177>\000\0300"
 260      0000007F 
 260      3E007F3E 
 260      001830
 261 0c29 00186000 		.ascii	"\000\030`\000\030\300\000\031\200\000\033\200\000\037"
 261      18C00019 
 261      80001B80 
 261      001F
 262 0c37 C0001CE0 		.ascii	"\300\000\034\340\000\030p\000\0300\000\0308\000\177"
 262      00187000 
 262      18300018 
 262      38007F
 263 0c46 1F007F1F 		.ascii	"\037\000\177\037\000\000\000\000\000\000\000\000\000"
 263      00000000 
 263      00000000 
 263      00
 264 0c53 00000000 		.ascii	"\000\000\000\000\000\000\000\000\000\000\000\000\000"
 264      00000000 
 264      00000000 
 264      00
 265 0c60 00000000 		.ascii	"\000\000\000\000\000\000\000\000\000\177\200\000\177"
 265      00000000 
 265      007F8000 
ARM GAS  C:\Users\kroko\AppData\Local\Temp\ccymSlzT.s 			page 18


 265      7F
 266 0c6d 80000C00 		.ascii	"\200\000\014\000\000\014\000\000\014\000\000\014\000"
 266      000C0000 
 266      0C00000C 
 266      00
 267 0c7a 000C0000 		.ascii	"\000\014\000\000\014\000\000\014\014\000\014\014\000"
 267      0C00000C 
 267      0C000C0C 
 267      00
 268 0c87 0C0C000C 		.ascii	"\014\014\000\014\014\000\177\374\000\177\374\000\000"
 268      0C007FFC 
 268      007FFC00 
 268      00
 269 0c94 00000000 		.ascii	"\000\000\000\000\000\000\000\000\000\000\000\000\000"
 269      00000000 
 269      00000000 
 269      00
 270 0ca1 00000000 		.ascii	"\000\000\000\000\000\000\000\000\000\000\000\000\000"
 270      00000000 
 270      00000000 
 270      00
 271 0cae 000000F0 		.ascii	"\000\000\000\360\017\000\370\037\0008\034\000<<\000"
 271      0F00F81F 
 271      00381C00 
 271      3C3C00
 272 0cbd 3C3C0036 		.ascii	"<<\0006l\0006l\0003\314\0003\314\0001\214\0000\014\000"
 272      6C00366C 
 272      0033CC00 
 272      33CC0031 
 272      8C00300C 
 273 0cd2 300C00FE 		.ascii	"0\014\000\376\177\000\376\177\000\000\000\000\000\000"
 273      7F00FE7F 
 273      00000000 
 273      0000
 274 0ce0 00000000 		.ascii	"\000\000\000\000\000\000\000\000\000\000\000\000\000"
 274      00000000 
 274      00000000 
 274      00
 275 0ced 00000000 		.ascii	"\000\000\000\000\000\000\000\000\000\000\000\000x\376"
 275      00000000 
 275      00000000 
 275      78FE
 276 0cfb 0078FE00 		.ascii	"\000x\376\000\034\030\000\036\030\000\037\030\000\033"
 276      1C18001E 
 276      18001F18 
 276      001B
 277 0d09 18001B98 		.ascii	"\030\000\033\230\000\031\330\000\030\330\000\030\370"
 277      0019D800 
 277      18D80018 
 277      F8
 278 0d16 00187800 		.ascii	"\000\030x\000\0308\000\177\030\000\177\030\000\000\000"
 278      1838007F 
 278      18007F18 
 278      000000
 279 0d25 00000000 		.ascii	"\000\000\000\000\000\000\000\000\000\000\000\000\000"
 279      00000000 
 279      00000000 
ARM GAS  C:\Users\kroko\AppData\Local\Temp\ccymSlzT.s 			page 19


 279      00
 280 0d32 00000000 		.ascii	"\000\000\000\000\000\000\000\000\000\000\000\000\000"
 280      00000000 
 280      00000000 
 280      00
 281 0d3f 000003C0 		.ascii	"\000\000\003\300\000\017\360\000\0348\000\030\030\000"
 281      000FF000 
 281      1C380018 
 281      1800
 282 0d4d 381C0030 		.ascii	"8\034\0000\014\0000\014\0000\014\0000\014\0008\034\000"
 282      0C00300C 
 282      00300C00 
 282      300C0038 
 282      1C00
 283 0d5f 1818001C 		.ascii	"\030\030\000\0348\000\017\360\000\003\300\000\000\000"
 283      38000FF0 
 283      0003C000 
 283      0000
 284 0d6d 00000000 		.ascii	"\000\000\000\000\000\000\000\000\000\000\000\000\000"
 284      00000000 
 284      00000000 
 284      00
 285 0d7a 00000000 		.ascii	"\000\000\000\000\000\000\000\000\000\000\000\000\000"
 285      00000000 
 285      00000000 
 285      00
 286 0d87 00003FF0 		.ascii	"\000\000?\360\000?\370\000\014\034\000\014\014\000\014"
 286      003FF800 
 286      0C1C000C 
 286      0C000C
 287 0d96 0C000C0C 		.ascii	"\014\000\014\014\000\014\030\000\017\370\000\017\340"
 287      000C1800 
 287      0FF8000F 
 287      E0
 288 0da3 000C0000 		.ascii	"\000\014\000\000\014\000\000\014\000\000?\300\000?\300"
 288      0C00000C 
 288      00003FC0 
 288      003FC0
 289 0db2 00000000 		.ascii	"\000\000\000\000\000\000\000\000\000\000\000\000\000"
 289      00000000 
 289      00000000 
 289      00
 290 0dbf 00000000 		.ascii	"\000\000\000\000\000\000\000\000\000\000\000\000\000"
 290      00000000 
 290      00000000 
 290      00
 291 0dcc 00000000 		.ascii	"\000\000\000\000\000\003\300\000\017\360\000\0348\000"
 291      0003C000 
 291      0FF0001C 
 291      3800
 292 0dda 18180038 		.ascii	"\030\030\0008\034\0000\014\0000\014\0000\014\0000\014"
 292      1C00300C 
 292      00300C00 
 292      300C0030 
 292      0C
 293 0deb 00381C00 		.ascii	"\0008\034\000\030\030\000\0348\000\017\360\000\007\300"
 293      1818001C 
ARM GAS  C:\Users\kroko\AppData\Local\Temp\ccymSlzT.s 			page 20


 293      38000FF0 
 293      0007C0
 294 0dfa 0007CC00 		.ascii	"\000\007\314\000\017\374\000\0148\000\000\000\000\000"
 294      0FFC000C 
 294      38000000 
 294      0000
 295 0e08 00000000 		.ascii	"\000\000\000\000\000\000\000\000\000\000\000\000\000"
 295      00000000 
 295      00000000 
 295      00
 296 0e15 00000000 		.ascii	"\000\000\000\000\177\340\000\177\360\000\0308\000\030"
 296      7FE0007F 
 296      F0001838 
 296      0018
 297 0e23 18001818 		.ascii	"\030\000\030\030\000\0308\000\037\360\000\037\300\000"
 297      00183800 
 297      1FF0001F 
 297      C000
 298 0e31 18E00018 		.ascii	"\030\340\000\030p\000\0300\000\0308\000\177\036\000"
 298      70001830 
 298      00183800 
 298      7F1E00
 299 0e40 7F0E0000 		.ascii	"\177\016\000\000\000\000\000\000\000\000\000\000\000"
 299      00000000 
 299      00000000 
 299      00
 300 0e4d 00000000 		.ascii	"\000\000\000\000\000\000\000\000\000\000\000\000\000"
 300      00000000 
 300      00000000 
 300      00
 301 0e5a 00000000 		.ascii	"\000\000\000\000\000\000\000\007\330\000\017\370\000"
 301      00000007 
 301      D8000FF8 
 301      00
 302 0e67 1C380018 		.ascii	"\0348\000\030\030\000\030\030\000\036\000\000\017\300"
 302      18001818 
 302      001E0000 
 302      0FC0
 303 0e75 0003F000 		.ascii	"\000\003\360\000\000x\000\030\030\000\030\030\000\034"
 303      00780018 
 303      18001818 
 303      001C
 304 0e83 38001FF0 		.ascii	"8\000\037\360\000\033\340\000\000\000\000\000\000\000"
 304      001BE000 
 304      00000000 
 304      0000
 305 0e91 00000000 		.ascii	"\000\000\000\000\000\000\000\000\000\000\000\000\000"
 305      00000000 
 305      00000000 
 305      00
 306 0e9e 00000000 		.ascii	"\000\000\000\000\000\000\000\000\000\000\000?\374\000"
 306      00000000 
 306      0000003F 
 306      FC00
 307 0eac 3FFC0031 		.ascii	"?\374\0001\214\0001\214\0001\214\0001\214\000\001\200"
 307      8C00318C 
 307      00318C00 
ARM GAS  C:\Users\kroko\AppData\Local\Temp\ccymSlzT.s 			page 21


 307      318C0001 
 307      80
 308 0ebd 00018000 		.ascii	"\000\001\200\000\001\200\000\001\200\000\001\200\000"
 308      01800001 
 308      80000180 
 308      00
 309 0eca 0180000F 		.ascii	"\001\200\000\017\360\000\017\360\000\000\000\000\000"
 309      F0000FF0 
 309      00000000 
 309      00
 310 0ed7 00000000 		.ascii	"\000\000\000\000\000\000\000\000\000\000\000\000\000"
 310      00000000 
 310      00000000 
 310      00
 311 0ee4 00000000 		.ascii	"\000\000\000\000\000\000\000\000\000\000\000\000\000"
 311      00000000 
 311      00000000 
 311      00
 312 0ef1 7E7E007E 		.ascii	"~~\000~~\000\030\030\000\030\030\000\030\030\000\030"
 312      7E001818 
 312      00181800 
 312      18180018 
 313 0f01 18001818 		.ascii	"\030\000\030\030\000\030\030\000\030\030\000\030\030"
 313      00181800 
 313      18180018 
 313      18
 314 0f0e 00181800 		.ascii	"\000\030\030\000\0140\000\017\360\000\003\300\000\000"
 314      0C30000F 
 314      F00003C0 
 314      0000
 315 0f1c 00000000 		.ascii	"\000\000\000\000\000\000\000\000\000\000\000\000\000"
 315      00000000 
 315      00000000 
 315      00
 316 0f29 00000000 		.ascii	"\000\000\000\000\000\000\000\000\000\000\000\000\000"
 316      00000000 
 316      00000000 
 316      00
 317 0f36 0000007F 		.ascii	"\000\000\000\177\177\000\177\177\000\030\014\000\014"
 317      7F007F7F 
 317      00180C00 
 317      0C
 318 0f43 18000C18 		.ascii	"\030\000\014\030\000\014\030\000\0060\000\0060\000\003"
 318      000C1800 
 318      06300006 
 318      300003
 319 0f52 60000360 		.ascii	"`\000\003`\000\003`\000\001\300\000\001\300\000\000"
 319      00036000 
 319      01C00001 
 319      C00000
 320 0f61 80000000 		.ascii	"\200\000\000\000\000\000\000\000\000\000\000\000\000"
 320      00000000 
 320      00000000 
 320      00
 321 0f6e 00000000 		.ascii	"\000\000\000\000\000\000\000\000\000\000\000\000\000"
 321      00000000 
 321      00000000 
ARM GAS  C:\Users\kroko\AppData\Local\Temp\ccymSlzT.s 			page 22


 321      00
 322 0f7b 00000000 		.ascii	"\000\000\000\000\000\000\376?\200\376?\2000\006\000"
 322      0000FE3F 
 322      80FE3F80 
 322      300600
 323 0f8a 30060030 		.ascii	"0\006\0000\206\000\031\314\000\031\314\000\033l\000"
 323      860019CC 
 323      0019CC00 
 323      1B6C00
 324 0f99 1B6C001E 		.ascii	"\033l\000\036|\000\016"
 324      7C000E
 325 0fa0 38000E38 		.ascii	"8\000\0168\000\014\030\000\014\030\000\000\000\000\000"
 325      000C1800 
 325      0C180000 
 325      000000
 326 0faf 00000000 		.ascii	"\000\000\000\000\000\000\000\000\000\000\000\000\000"
 326      00000000 
 326      00000000 
 326      00
 327 0fbc 00000000 		.ascii	"\000\000\000\000\000\000\000\000\000\000\000\000\000"
 327      00000000 
 327      00000000 
 327      00
 328 0fc9 7E7E007E 		.ascii	"~~\000~~\000\030\030\000\0140\000\006`\000\003\300\000"
 328      7E001818 
 328      000C3000 
 328      06600003 
 328      C000
 329 0fdb 01800001 		.ascii	"\001\200\000\001\200\000\003\300\000\006`\000\0140\000"
 329      800003C0 
 329      00066000 
 329      0C3000
 330 0fea 1818007E 		.ascii	"\030\030\000~~\000~~\000\000\000\000\000\000\000\000"
 330      7E007E7E 
 330      00000000 
 330      00000000 
 331 0ffa 00000000 		.ascii	"\000\000\000\000\000\000\000\000\000\000\000\000\000"
 331      00000000 
 331      00000000 
 331      00
 332 1007 00000000 		.ascii	"\000\000\000\000\000\000\000\000\000\000|~\000|~\000"
 332      00000000 
 332      00007C7E 
 332      007C7E00 
 333 1017 1818000C 		.ascii	"\030\030\000\0140\000\006`\000\006`\000\003\300\000"
 333      30000660 
 333      00066000 
 333      03C000
 334 1026 01800001 		.ascii	"\001\200\000\001\200\000\001\200\000\001\200\000\001"
 334      80000180 
 334      00018000 
 334      01
 335 1033 80000FF0 		.ascii	"\200\000\017\360\000\017\360\000\000\000\000\000\000"
 335      000FF000 
 335      00000000 
 335      00
 336 1040 00000000 		.ascii	"\000\000\000\000\000\000\000\000\000\000\000\000\000"
ARM GAS  C:\Users\kroko\AppData\Local\Temp\ccymSlzT.s 			page 23


 336      00000000 
 336      00000000 
 336      00
 337 104d 00000000 		.ascii	"\000\000\000\000\000\000\000\000\000\000\000\000\037"
 337      00000000 
 337      00000000 
 337      1F
 338 105a F8001FF8 		.ascii	"\370\000\037\370\000\030\030\000\0300\000\030`\000\030"
 338      00181800 
 338      18300018 
 338      600018
 339 1069 C0000180 		.ascii	"\300\000\001\200\000\003\000\000\006\030\000\014\030"
 339      00030000 
 339      0618000C 
 339      18
 340 1076 00181800 		.ascii	"\000\030\030\0000\030\000?\370\000?\370\000\000\000"
 340      3018003F 
 340      F8003FF8 
 340      000000
 341 1085 00000000 		.ascii	"\000\000\000\000\000\000\000\000\000\000\000\000\000"
 341      00000000 
 341      00000000 
 341      00
 342 1092 00000000 		.ascii	"\000\000\000\000\000\000\000\000\000\000\000\000\001"
 342      00000000 
 342      00000000 
 342      01
 343 109f F00001F0 		.ascii	"\360\000\001\360\000\001\200\000\001\200\000\001\200"
 343      00018000 
 343      01800001 
 343      80
 344 10ac 00018000 		.ascii	"\000\001\200\000\001\200\000\001\200\000\001\200\000"
 344      01800001 
 344      80000180 
 344      00
 345 10b9 01800001 		.ascii	"\001\200\000\001\200\000\001\200\000\001\200\000\001"
 345      80000180 
 345      00018000 
 345      01
 346 10c6 80000180 		.ascii	"\200\000\001\200\000\001\200\000\001\360\000\001\360"
 346      00018000 
 346      01F00001 
 346      F0
 347 10d3 00000000 		.ascii	"\000\000\000\000\000\000\000\000\000\000\000\000\000"
 347      00000000 
 347      00000000 
 347      00
 348 10e0 18000018 		.ascii	"\030\000\000\030\000\000\034\000\000\014\000\000\016"
 348      00001C00 
 348      000C0000 
 348      0E
 349 10ed 00000600 		.ascii	"\000\000\006\000\000\006\000\000\003\000\000\003\000"
 349      00060000 
 349      03000003 
 349      00
 350 10fa 00018000 		.ascii	"\000\001\200\000\001\200\000\000\300\000\000\300\000"
 350      01800000 
ARM GAS  C:\Users\kroko\AppData\Local\Temp\ccymSlzT.s 			page 24


 350      C00000C0 
 350      00
 351 1107 00600000 		.ascii	"\000`\000\000`\000\000p\000\0000\000\0008\000\000\030"
 351      60000070 
 351      00003000 
 351      00380000 
 351      18
 352 1118 00001800 		.ascii	"\000\000\030\000\000\000\000\000\000\000\000\000\000"
 352      00000000 
 352      00000000 
 352      00
 353 1125 00000000 		.ascii	"\000\000\000\000\000\000\000\000\000\017\200\000\017"
 353      00000000 
 353      000F8000 
 353      0F
 354 1132 80000180 		.ascii	"\200\000\001\200\000\001\200\000\001\200\000\001\200"
 354      00018000 
 354      01800001 
 354      80
 355 113f 00018000 		.ascii	"\000\001\200\000\001\200\000\001\200\000\001\200\000"
 355      01800001 
 355      80000180 
 355      00
 356 114c 01800001 		.ascii	"\001\200\000\001\200\000\001\200\000\001\200\000\001"
 356      80000180 
 356      00018000 
 356      01
 357 1159 80000180 		.ascii	"\200\000\001\200\000\017\200\000\017\200\000\000\000"
 357      000F8000 
 357      0F800000 
 357      00
 358 1166 00000000 		.ascii	"\000\000\000\000\000\000\000\000\000\000\000\000\000"
 358      00000000 
 358      00000000 
 358      00
 359 1173 00800001 		.ascii	"\000\200\000\001\300\000\003\340\000\007p\000\0060\000"
 359      C00003E0 
 359      00077000 
 359      063000
 360 1182 0C180018 		.ascii	"\014\030\000\030\014\000\020\004\000\000\000\000\000"
 360      0C001004 
 360      00000000 
 360      00
 361 118f 00000000 		.ascii	"\000\000\000\000\000\000\000\000\000\000\000\000\000"
 361      00000000 
 361      00000000 
 361      00
 362 119c 00000000 		.ascii	"\000\000\000\000\000\000\000\000\000\000\000\000\000"
 362      00000000 
 362      00000000 
 362      00
 363 11a9 00000000 		.ascii	"\000\000\000\000\000\000\000\000\000\000\000\000\000"
 363      00000000 
 363      00000000 
 363      00
 364 11b6 00000000 		.ascii	"\000\000\000\000\000\000\000\000\000\000\000\000\000"
 364      00000000 
ARM GAS  C:\Users\kroko\AppData\Local\Temp\ccymSlzT.s 			page 25


 364      00000000 
 364      00
 365 11c3 00000000 		.ascii	"\000\000\000\000\000\000\000\000\000\000\000\000\000"
 365      00000000 
 365      00000000 
 365      00
 366 11d0 00000000 		.ascii	"\000\000\000\000\000\000\000\000\000\000\000\000\000"
 366      00000000 
 366      00000000 
 366      00
 367 11dd 00000000 		.ascii	"\000\000\000\000\000\000\000\000\000\000\000\000\000"
 367      00000000 
 367      00000000 
 367      00
 368 11ea 00000000 		.ascii	"\000\000\000\000\000\000\000\000\000\000\000\000\000"
 368      00000000 
 368      00000000 
 368      00
 369 11f7 000000FF 		.ascii	"\000\000\000\377\377\000\377\377\000\000\000\000\003"
 369      FF00FFFF 
 369      00000000 
 369      03
 370 1204 00000380 		.ascii	"\000\000\003\200\000\000\340\000\000`\000\000\000\000"
 370      0000E000 
 370      00600000 
 370      0000
 371 1212 00000000 		.ascii	"\000\000\000\000\000\000\000\000\000\000\000\000\000"
 371      00000000 
 371      00000000 
 371      00
 372 121f 00000000 		.ascii	"\000\000\000\000\000\000\000\000\000\000\000\000\000"
 372      00000000 
 372      00000000 
 372      00
 373 122c 00000000 		.ascii	"\000\000\000\000\000\000\000\000\000\000\000\000\000"
 373      00000000 
 373      00000000 
 373      00
 374 1239 00000000 		.ascii	"\000\000\000\000\000\000\000\000\000\000\000\000\000"
 374      00000000 
 374      00000000 
 374      00
 375 1246 00000000 		.ascii	"\000\000\000\000\000\000\000\000\000\000\000\000\000"
 375      00000000 
 375      00000000 
 375      00
 376 1253 00000000 		.ascii	"\000\000\000\000\000\000\000\017\300\000\037\340\000"
 376      0000000F 
 376      C0001FE0 
 376      00
 377 1260 00300000 		.ascii	"\0000\000\0000\000\007\360\000\037\360\00080\00000\000"
 377      300007F0 
 377      001FF000 
 377      38300030 
 377      3000
 378 1272 3070001F 		.ascii	"0p\000\037\374\000\017\274\000\000\000\000\000\000\000"
 378      FC000FBC 
ARM GAS  C:\Users\kroko\AppData\Local\Temp\ccymSlzT.s 			page 26


 378      00000000 
 378      000000
 379 1281 00000000 		.ascii	"\000\000\000\000\000\000\000\000\000\000\000\000\000"
 379      00000000 
 379      00000000 
 379      00
 380 128e 00000000 		.ascii	"\000\000\000\000\000\000\000\000x\000\000x\000\000\030"
 380      00000000 
 380      78000078 
 380      000018
 381 129d 00001800 		.ascii	"\000\000\030\000\000\033\340\000\037\370\000\034\030"
 381      001BE000 
 381      1FF8001C 
 381      18
 382 12aa 00180C00 		.ascii	"\000\030\014\000\030\014\000\030\014\000\030\014\000"
 382      180C0018 
 382      0C00180C 
 382      00
 383 12b7 180C001C 		.ascii	"\030\014\000\034\030\000\177\370\000{\340\000\000\000"
 383      18007FF8 
 383      007BE000 
 383      0000
 384 12c5 00000000 		.ascii	"\000\000\000\000\000\000\000\000\000\000\000\000\000"
 384      00000000 
 384      00000000 
 384      00
 385 12d2 00000000 		.ascii	"\000\000\000\000\000\000\000\000\000\000\000\000\000"
 385      00000000 
 385      00000000 
 385      00
 386 12df 00000000 		.ascii	"\000\000\000\000\000\000\000\000\000\000\000\003\354"
 386      00000000 
 386      00000003 
 386      EC
 387 12ec 000FFC00 		.ascii	"\000\017\374\000\034\034\0008\014\0000\014\0000\000"
 387      1C1C0038 
 387      0C00300C 
 387      003000
 388 12fb 00300000 		.ascii	"\0000\000\0008\014\000\034\034\000\017\370\000\003\360"
 388      380C001C 
 388      1C000FF8 
 388      0003F0
 389 130a 00000000 		.ascii	"\000\000\000\000\000\000\000\000\000\000\000\000\000"
 389      00000000 
 389      00000000 
 389      00
 390 1317 00000000 		.ascii	"\000\000\000\000\000\000\000\000\000\000\000\000\000"
 390      00000000 
 390      00000000 
 390      00
 391 1324 00000078 		.ascii	"\000\000\000x\000\000x\000\000\030\000\000\030\000\007"
 391      00007800 
 391      00180000 
 391      180007
 392 1333 D8001FF8 		.ascii	"\330\000\037\370\000\0308\0000\030\0000\030\0000\030"
 392      00183800 
 392      30180030 
ARM GAS  C:\Users\kroko\AppData\Local\Temp\ccymSlzT.s 			page 27


 392      18003018 
 393 1343 00301800 		.ascii	"\0000\030\0000\030\000\0308\000\037\376\000\007\336"
 393      30180018 
 393      38001FFE 
 393      0007DE
 394 1352 00000000 		.ascii	"\000\000\000\000\000\000\000\000\000\000\000\000\000"
 394      00000000 
 394      00000000 
 394      00
 395 135f 00000000 		.ascii	"\000\000\000\000\000\000\000\000\000\000\000\000\000"
 395      00000000 
 395      00000000 
 395      00
 396 136c 00000000 		.ascii	"\000\000\000\000\000\000\000\000\000\000\000\000\000"
 396      00000000 
 396      00000000 
 396      00
 397 1379 0007E000 		.ascii	"\000\007\340\000\037\370\000\030\030\0000\014\000?\374"
 397      1FF80018 
 397      1800300C 
 397      003FFC
 398 1388 003FFC00 		.ascii	"\000?\374\0000\000\0000\000\000\030\014\000\037\374"
 398      30000030 
 398      0000180C 
 398      001FFC
 399 1397 0007F000 		.ascii	"\000\007\360\000\000\000\000\000\000\000\000\000\000"
 399      00000000 
 399      00000000 
 399      00
 400 13a4 00000000 		.ascii	"\000\000\000\000\000\000\000\000\000\000\000\000\000"
 400      00000000 
 400      00000000 
 400      00
 401 13b1 00000000 		.ascii	"\000\000\000\000\000\001\374\000\003\374\000\006\000"
 401      0001FC00 
 401      03FC0006 
 401      00
 402 13be 00060000 		.ascii	"\000\006\000\000?\370\000?\370\000\006\000\000\006\000"
 402      3FF8003F 
 402      F8000600 
 402      000600
 403 13cd 00060000 		.ascii	"\000\006\000\000\006\000\000\006\000\000\006\000\000"
 403      06000006 
 403      00000600 
 403      00
 404 13da 0600003F 		.ascii	"\006\000\000?\360\000?\360\000\000\000\000\000\000\000"
 404      F0003FF0 
 404      00000000 
 404      000000
 405 13e9 00000000 		.ascii	"\000\000\000\000\000\000\000\000\000\000\000\000\000"
 405      00000000 
 405      00000000 
 405      00
 406 13f6 00000000 		.ascii	"\000\000\000\000\000\000\000\000\000\000\000\000\000"
 406      00000000 
 406      00000000 
 406      00
ARM GAS  C:\Users\kroko\AppData\Local\Temp\ccymSlzT.s 			page 28


 407 1403 00000000 		.ascii	"\000\000\000\000\000\000\000\007\336\000\037\376\000"
 407      00000007 
 407      DE001FFE 
 407      00
 408 1410 18380030 		.ascii	"\0308\0000\030\0000\030\0000\030\0000\030\0000\030\000"
 408      18003018 
 408      00301800 
 408      30180030 
 408      1800
 409 1422 1838001F 		.ascii	"\0308\000\037\370\000\007\330\000\000\030\000\000\030"
 409      F80007D8 
 409      00001800 
 409      0018
 410 1430 00003800 		.ascii	"\000\0008\000\017\360\000\017\300\000\000\000\000\000"
 410      0FF0000F 
 410      C0000000 
 410      0000
 411 143e 00000000 		.ascii	"\000\000\000\000\000\000\000\000x\000\000x\000\000\030"
 411      00000000 
 411      78000078 
 411      000018
 412 144d 00001800 		.ascii	"\000\000\030\000\000\033\340\000\037\360\000\0348\000"
 412      001BE000 
 412      1FF0001C 
 412      3800
 413 145b 18180018 		.ascii	"\030\030\000\030\030\000\030\030\000\030\030\000\030"
 413      18001818 
 413      00181800 
 413      18
 414 1468 18001818 		.ascii	"\030\000\030\030\000~~\000~~\000\000\000\000\000\000"
 414      007E7E00 
 414      7E7E0000 
 414      00000000 
 415 1478 00000000 		.ascii	"\000\000\000\000\000\000\000\000\000\000\000\000\000"
 415      00000000 
 415      00000000 
 415      00
 416 1485 00000000 		.ascii	"\000\000\000\000\000\000\000\000\000\001\200\000\001"
 416      00000000 
 416      00018000 
 416      01
 417 1492 80000000 		.ascii	"\200\000\000\000\000\000\000\000\037\200\000\037\200"
 417      00000000 
 417      1F80001F 
 417      80
 418 149f 00018000 		.ascii	"\000\001\200\000\001\200\000\001\200\000\001\200\000"
 418      01800001 
 418      80000180 
 418      00
 419 14ac 01800001 		.ascii	"\001\200\000\001\200\000\001\200\000?\374\000?\374\000"
 419      80000180 
 419      003FFC00 
 419      3FFC00
 420 14bb 00000000 		.ascii	"\000\000\000\000\000\000\000\000\000\000\000\000\000"
 420      00000000 
 420      00000000 
 420      00
ARM GAS  C:\Users\kroko\AppData\Local\Temp\ccymSlzT.s 			page 29


 421 14c8 00000000 		.ascii	"\000\000\000\000\000\000\000\000\000\000\000\000\000"
 421      00000000 
 421      00000000 
 421      00
 422 14d5 0000C000 		.ascii	"\000\000\300\000\000\300\000\000\000\000\000\000\000"
 422      00C00000 
 422      00000000 
 422      00
 423 14e2 1FF0001F 		.ascii	"\037\360\000\037\360\000\0000\000\0000\000\0000\000"
 423      F0000030 
 423      00003000 
 423      003000
 424 14f1 00300000 		.ascii	"\0000\000\0000\000\0000\000\0000\000\0000\000\0000\000"
 424      30000030 
 424      00003000 
 424      00300000 
 424      3000
 425 1503 00300000 		.ascii	"\0000\000\0000\000\000p\000\037\340\000\037\200\000"
 425      30000070 
 425      001FE000 
 425      1F8000
 426 1512 00000000 		.ascii	"\000\000\000\000\000\000\000\000\000\000\000\000<\000"
 426      00000000 
 426      00000000 
 426      3C00
 427 1520 003C0000 		.ascii	"\000<\000\000\014\000\000\014\000\000\014\370\000\014"
 427      0C00000C 
 427      00000CF8 
 427      000C
 428 152e F8000CC0 		.ascii	"\370\000\014\300\000\015\200\000\017\200\000\017\000"
 428      000D8000 
 428      0F80000F 
 428      00
 429 153b 000F8000 		.ascii	"\000\017\200\000\015\300\000\014\340\000<|\000<|\000"
 429      0DC0000C 
 429      E0003C7C 
 429      003C7C00 
 430 154b 00000000 		.ascii	"\000\000\000\000\000\000\000\000\000\000\000\000\000"
 430      00000000 
 430      00000000 
 430      00
 431 1558 00000000 		.ascii	"\000\000\000\000\000\000\000\000\000\000\000\000\000"
 431      00000000 
 431      00000000 
 431      00
 432 1565 001F8000 		.ascii	"\000\037\200\000\037\200\000\001\200\000\001\200\000"
 432      1F800001 
 432      80000180 
 432      00
 433 1572 01800001 		.ascii	"\001\200\000\001\200\000\001\200\000\001\200\000\001"
 433      80000180 
 433      00018000 
 433      01
 434 157f 80000180 		.ascii	"\200\000\001\200\000\001\200\000\001\200\000\001\200"
 434      00018000 
 434      01800001 
 434      80
ARM GAS  C:\Users\kroko\AppData\Local\Temp\ccymSlzT.s 			page 30


 435 158c 003FFC00 		.ascii	"\000?\374\000?\374\000\000\000\000\000\000\000\000\000"
 435      3FFC0000 
 435      00000000 
 435      000000
 436 159b 00000000 		.ascii	"\000\000\000\000\000\000\000\000\000\000\000\000\000"
 436      00000000 
 436      00000000 
 436      00
 437 15a8 00000000 		.ascii	"\000\000\000\000\000\000\000\000\000\000\000\000\000"
 437      00000000 
 437      00000000 
 437      00
 438 15b5 00000000 		.ascii	"\000\000\000\000\000\367x\000\377\374\0009\314\0001"
 438      00F77800 
 438      FFFC0039 
 438      CC0031
 439 15c4 8C00318C 		.ascii	"\214\0001\214\0001\214\0001\214\0001\214\0001\214\000"
 439      00318C00 
 439      318C0031 
 439      8C00318C 
 439      00
 440 15d5 FDEF00FD 		.ascii	"\375\357\000\375\357\000\000\000\000\000\000\000\000"
 440      EF000000 
 440      00000000 
 440      00
 441 15e2 00000000 		.ascii	"\000\000\000\000\000\000\000\000\000\000\000\000\000"
 441      00000000 
 441      00000000 
 441      00
 442 15ef 00000000 		.ascii	"\000\000\000\000\000\000\000\000\000\000\000\000\000"
 442      00000000 
 442      00000000 
 442      00
 443 15fc 00000000 		.ascii	"\000\000\000\000\000\000{\340\000\177\360\000\0348\000"
 443      00007BE0 
 443      007FF000 
 443      1C3800
 444 160b 18180018 		.ascii	"\030\030\000\030\030\000\030\030\000\030\030\000\030"
 444      18001818 
 444      00181800 
 444      18
 445 1618 18001818 		.ascii	"\030\000\030\030\000~~\000~~\000\000\000\000\000\000"
 445      007E7E00 
 445      7E7E0000 
 445      00000000 
 446 1628 00000000 		.ascii	"\000\000\000\000\000\000\000\000\000\000\000\000\000"
 446      00000000 
 446      00000000 
 446      00
 447 1635 00000000 		.ascii	"\000\000\000\000\000\000\000\000\000\000\000\000\000"
 447      00000000 
 447      00000000 
 447      00
 448 1642 00000000 		.ascii	"\000\000\000\000\000\000\000\000\003\300\000\017\360"
 448      00000000 
 448      03C0000F 
 448      F0
ARM GAS  C:\Users\kroko\AppData\Local\Temp\ccymSlzT.s 			page 31


 449 164f 001C3800 		.ascii	"\000\0348\0008\034\0000\014\0000\014\0000\014\0008\034"
 449      381C0030 
 449      0C00300C 
 449      00300C00 
 449      381C
 450 1661 001C3800 		.ascii	"\000\0348\000\017\360\000\003\300\000\000\000\000\000"
 450      0FF00003 
 450      C0000000 
 450      0000
 451 166f 00000000 		.ascii	"\000\000\000\000\000\000\000\000\000\000\000\000\000"
 451      00000000 
 451      00000000 
 451      00
 452 167c 00000000 		.ascii	"\000\000\000\000\000\000\000\000\000\000\000\000\000"
 452      00000000 
 452      00000000 
 452      00
 453 1689 00000000 		.ascii	"\000\000\000\000\000\000\000\000\000{\340\000\177\370"
 453      00000000 
 453      007BE000 
 453      7FF8
 454 1697 001C1800 		.ascii	"\000\034\030\000\030\014\000\030\014\000\030\014\000"
 454      180C0018 
 454      0C00180C 
 454      00
 455 16a4 180C0018 		.ascii	"\030\014\000\030\014\000\034\030\000\037\370\000\033"
 455      0C001C18 
 455      001FF800 
 455      1B
 456 16b1 E0001800 		.ascii	"\340\000\030\000\000\030\000\000\030\000\000\177\000"
 456      00180000 
 456      1800007F 
 456      00
 457 16be 007F0000 		.ascii	"\000\177\000\000\000\000\000\000\000\000\000\000\000"
 457      00000000 
 457      00000000 
 457      00
 458 16cb 00000000 		.ascii	"\000\000\000\000\000\000\000\000\000\000\000\000\000"
 458      00000000 
 458      00000000 
 458      00
 459 16d8 000007DE 		.ascii	"\000\000\007\336\000\037\376\000\0308\0000\030\0000"
 459      001FFE00 
 459      18380030 
 459      180030
 460 16e7 18003018 		.ascii	"\030\0000\030\0000\030\0000\030\000\0308\000\037\370"
 460      00301800 
 460      30180018 
 460      38001FF8 
 461 16f7 0007D800 		.ascii	"\000\007\330\000\000\030\000\000\030\000\000\030\000"
 461      00180000 
 461      18000018 
 461      00
 462 1704 00FE0000 		.ascii	"\000\376\000\000\376\000\000\000\000\000\000\000\000"
 462      FE000000 
 462      00000000 
 462      00
ARM GAS  C:\Users\kroko\AppData\Local\Temp\ccymSlzT.s 			page 32


 463 1711 00000000 		.ascii	"\000\000\000\000\000\000\000\000\000\000\000\000\000"
 463      00000000 
 463      00000000 
 463      00
 464 171e 00000000 		.ascii	"\000\000\000\000>x\000>\374\000\007\314\000\007\000"
 464      3E78003E 
 464      FC0007CC 
 464      000700
 465 172d 00060000 		.ascii	"\000\006\000\000\006\000\000\006\000\000\006\000\000"
 465      06000006 
 465      00000600 
 465      00
 466 173a 0600003F 		.ascii	"\006\000\000?\360\000?\360\000\000\000\000\000\000\000"
 466      F0003FF0 
 466      00000000 
 466      000000
 467 1749 00000000 		.ascii	"\000\000\000\000\000\000\000\000\000\000\000\000\000"
 467      00000000 
 467      00000000 
 467      00
 468 1756 00000000 		.ascii	"\000\000\000\000\000\000\000\000\000\000\000\000\000"
 468      00000000 
 468      00000000 
 468      00
 469 1763 00000000 		.ascii	"\000\000\000\000\000\000\000\007\370\000\017\370\000"
 469      00000007 
 469      F8000FF8 
 469      00
 470 1770 18180018 		.ascii	"\030\030\000\030\030\000\037\200\000\017\360\000\000"
 470      18001F80 
 470      000FF000 
 470      00
 471 177d F8001818 		.ascii	"\370\000\030\030\000\0308\000\037\360\000\037\340\000"
 471      00183800 
 471      1FF0001F 
 471      E000
 472 178b 00000000 		.ascii	"\000\000\000\000\000\000\000\000\000\000\000\000\000"
 472      00000000 
 472      00000000 
 472      00
 473 1798 00000000 		.ascii	"\000\000\000\000\000\000\000\000\000\000\000\000\000"
 473      00000000 
 473      00000000 
 473      00
 474 17a5 000C0000 		.ascii	"\000\014\000\000\014\000\000\014\000\000\014\000\000"
 474      0C00000C 
 474      00000C00 
 474      00
 475 17b2 3FF0003F 		.ascii	"?\360\000?\360\000\014\000\000\014\000\000\014\000\000"
 475      F0000C00 
 475      000C0000 
 475      0C0000
 476 17c1 0C00000C 		.ascii	"\014\000\000\014\000\000\014\000\000\014\034\000\007"
 476      00000C00 
 476      000C1C00 
 476      07
 477 17ce FC0003F0 		.ascii	"\374\000\003\360\000\000\000\000\000\000\000\000\000"
ARM GAS  C:\Users\kroko\AppData\Local\Temp\ccymSlzT.s 			page 33


 477      00000000 
 477      00000000 
 477      00
 478 17db 00000000 		.ascii	"\000\000\000\000\000\000\000\000\000\000\000\000\000"
 478      00000000 
 478      00000000 
 478      00
 479 17e8 00000000 		.ascii	"\000\000\000\000\000\000\000\000\000\000\000\000\000"
 479      00000000 
 479      00000000 
 479      00
 480 17f5 00000000 		.ascii	"\000\000\000\000\000xx\000xx\000\030\030\000\030\030"
 480      00787800 
 480      78780018 
 480      18001818 
 481 1805 00181800 		.ascii	"\000\030\030\000\030\030\000\030\030\000\030\030\000"
 481      18180018 
 481      18001818 
 481      00
 482 1812 1838000F 		.ascii	"\0308\000\017\376\000\007\336\000\000\000\000\000\000"
 482      FE0007DE 
 482      00000000 
 482      0000
 483 1820 00000000 		.ascii	"\000\000\000\000\000\000\000\000\000\000\000\000\000"
 483      00000000 
 483      00000000 
 483      00
 484 182d 00000000 		.ascii	"\000\000\000\000\000\000\000\000\000\000\000\000\000"
 484      00000000 
 484      00000000 
 484      00
 485 183a 00000000 		.ascii	"\000\000\000\000\000\000\000\000|>\000|>\000\030\030"
 485      00000000 
 485      7C3E007C 
 485      3E001818 
 486 184a 00181800 		.ascii	"\000\030\030\000\0140\000\0140\000\006`\000\006`\000"
 486      0C30000C 
 486      30000660 
 486      00066000 
 487 185a 07E00003 		.ascii	"\007\340\000\003\300\000\003\300\000\000\000\000\000"
 487      C00003C0 
 487      00000000 
 487      00
 488 1867 00000000 		.ascii	"\000\000\000\000\000\000\000\000\000\000\000\000\000"
 488      00000000 
 488      00000000 
 488      00
 489 1874 00000000 		.ascii	"\000\000\000\000\000\000\000\000\000\000\000\000\000"
 489      00000000 
 489      00000000 
 489      00
 490 1881 00000000 		.ascii	"\000\000\000\000\000\000\000\000\000x<\000x<\0001\030"
 490      00000000 
 490      00783C00 
 490      783C0031 
 490      18
 491 1892 00339800 		.ascii	"\0003\230\0003\230\000\032\260\000\036\360\000\036\360"
ARM GAS  C:\Users\kroko\AppData\Local\Temp\ccymSlzT.s 			page 34


 491      3398001A 
 491      B0001EF0 
 491      001EF0
 492 18a1 001C6000 		.ascii	"\000\034`\000\014`\000\014`\000\000\000\000\000\000"
 492      0C60000C 
 492      60000000 
 492      000000
 493 18b0 00000000 		.ascii	"\000\000\000\000\000\000\000\000\000\000\000\000\000"
 493      00000000 
 493      00000000 
 493      00
 494 18bd 00000000 		.ascii	"\000\000\000\000\000\000\000\000\000\000\000\000\000"
 494      00000000 
 494      00000000 
 494      00
 495 18ca 00000000 		.ascii	"\000\000\000\000\000\000\000\000>|\000>|\000\0140\000"
 495      00000000 
 495      3E7C003E 
 495      7C000C30 
 495      00
 496 18db 06600003 		.ascii	"\006`\000\003\300\000\001\200\000\003\300\000\006`\000"
 496      C0000180 
 496      0003C000 
 496      066000
 497 18ea 0C30003E 		.ascii	"\0140\000>|\000>|\000\000\000\000\000\000\000\000\000"
 497      7C003E7C 
 497      00000000 
 497      00000000 
 497      00
 498 18fb 00000000 		.ascii	"\000\000\000\000\000\000\000\000\000\000\000\000\000"
 498      00000000 
 498      00000000 
 498      00
 499 1908 00000000 		.ascii	"\000\000\000\000\000\000\000\000\000\000\000\000\000"
 499      00000000 
 499      00000000 
 499      00
 500 1915 00000000 		.ascii	"\000\000\000\000\000~\037\000~\037\000\030\014\000\014"
 500      007E1F00 
 500      7E1F0018 
 500      0C000C
 501 1924 18000C18 		.ascii	"\030\000\014\030\000\0060\000\0060\000\003`\000\003"
 501      00063000 
 501      06300003 
 501      600003
 502 1933 E00001C0 		.ascii	"\340\000\001\300\000\000\300\000\001\200\000\001\200"
 502      0000C000 
 502      01800001 
 502      80
 503 1940 00030000 		.ascii	"\000\003\000\000?\300\000?\300\000\000\000\000\000\000"
 503      3FC0003F 
 503      C0000000 
 503      000000
 504 194f 00000000 		.ascii	"\000\000\000\000\000\000\000\000\000\000\000\000\000"
 504      00000000 
 504      00000000 
 504      00
ARM GAS  C:\Users\kroko\AppData\Local\Temp\ccymSlzT.s 			page 35


 505 195c 00000000 		.ascii	"\000\000\000\000\000\000\037\370\000\037\370\000\030"
 505      00001FF8 
 505      001FF800 
 505      18
 506 1969 30001860 		.ascii	"0\000\030`\000\000\300\000\001\200\000\003\000\000\006"
 506      0000C000 
 506      01800003 
 506      000006
 507 1978 18000C18 		.ascii	"\030\000\014\030\000\037\370\000\037\370\000\000\000"
 507      001FF800 
 507      1FF80000 
 507      00
 508 1985 00000000 		.ascii	"\000\000\000\000\000\000\000\000\000\000\000\000\000"
 508      00000000 
 508      00000000 
 508      00
 509 1992 00000000 		.ascii	"\000\000\000\000\000\000\000\000\000\000\000\000\000"
 509      00000000 
 509      00000000 
 509      00
 510 199f E00001E0 		.ascii	"\340\000\001\340\000\001\200\000\001\200\000\001\200"
 510      00018000 
 510      01800001 
 510      80
 511 19ac 00018000 		.ascii	"\000\001\200\000\001\200\000\001\200\000\003\200\000"
 511      01800001 
 511      80000380 
 511      00
 512 19b9 07000003 		.ascii	"\007\000\000\003\200\000\001\200\000\001\200\000\001"
 512      80000180 
 512      00018000 
 512      01
 513 19c6 80000180 		.ascii	"\200\000\001\200\000\001\200\000\001\340\000\000\340"
 513      00018000 
 513      01E00000 
 513      E0
 514 19d3 00000000 		.ascii	"\000\000\000\000\000\000\000\000\000\000\000\000\000"
 514      00000000 
 514      00000000 
 514      00
 515 19e0 00000000 		.ascii	"\000\000\000\000\000\000\001\200\000\001\200\000\001"
 515      00000180 
 515      00018000 
 515      01
 516 19ed 80000180 		.ascii	"\200\000\001\200\000\001\200\000\001\200\000\001\200"
 516      00018000 
 516      01800001 
 516      80
 517 19fa 00018000 		.ascii	"\000\001\200\000\001\200\000\001\200\000\001\200\000"
 517      01800001 
 517      80000180 
 517      00
 518 1a07 01800001 		.ascii	"\001\200\000\001\200\000\001\200\000\001\200\000\001"
 518      80000180 
 518      00018000 
 518      01
 519 1a14 80000180 		.ascii	"\200\000\001\200\000\001\200\000\000\000\000\000\000"
ARM GAS  C:\Users\kroko\AppData\Local\Temp\ccymSlzT.s 			page 36


 519      00018000 
 519      00000000 
 519      00
 520 1a21 00000000 		.ascii	"\000\000\000\000\000\000\000\000\000\000\000\000\000"
 520      00000000 
 520      00000000 
 520      00
 521 1a2e 07000007 		.ascii	"\007\000\000\007\200\000\001\200\000\001\200\000\001"
 521      80000180 
 521      00018000 
 521      01
 522 1a3b 80000180 		.ascii	"\200\000\001\200\000\001\200\000\001\200\000\001\300"
 522      00018000 
 522      01800001 
 522      C0
 523 1a48 0000E000 		.ascii	"\000\000\340\000\001\300\000\001\200\000\001\200\000"
 523      01C00001 
 523      80000180 
 523      00
 524 1a55 01800001 		.ascii	"\001\200\000\001\200\000\001\200\000\007\200\000\007"
 524      80000180 
 524      00078000 
 524      07
 525 1a62 00000000 		.ascii	"\000\000\000\000\000\000\000\000\000\000\000\000\000"
 525      00000000 
 525      00000000 
 525      00
 526 1a6f 00000000 		.ascii	"\000\000\000\000\000\000\000\000\000\000\000\000\000"
 526      00000000 
 526      00000000 
 526      00
 527 1a7c 00000000 		.ascii	"\000\000\000\000\000\000\000\000\000\000\000\000\016"
 527      00000000 
 527      00000000 
 527      0E
 528 1a89 00001F18 		.ascii	"\000\000\037\030\000;\270\0001\360\000\000\340\000\000"
 528      003BB800 
 528      31F00000 
 528      E00000
 529 1a98 00000000 		.ascii	"\000\000\000\000\000\000\000\000\000\000\000\000\000"
 529      00000000 
 529      00000000 
 529      00
 530 1aa5 00000000 		.ascii	"\000\000\000\000\000\000\000\000\000\000\000\000\000"
 530      00000000 
 530      00000000 
 530      00
 531 1ab2 00000000 		.ascii	"\000\000\000\000\000\000"
 531      0000
 532              		.ident	"GCC: (Arm GNU Toolchain 14.2.Rel1 (Build arm-14.52)) 14.2.1 20241119"
ARM GAS  C:\Users\kroko\AppData\Local\Temp\ccymSlzT.s 			page 37


DEFINED SYMBOLS
                            *ABS*:00000000 font24.c
C:\Users\kroko\AppData\Local\Temp\ccymSlzT.s:22     .data.Font24:00000000 Font24
C:\Users\kroko\AppData\Local\Temp\ccymSlzT.s:19     .data.Font24:00000000 $d
C:\Users\kroko\AppData\Local\Temp\ccymSlzT.s:31     .rodata.Font24_Table:00000000 Font24_Table
C:\Users\kroko\AppData\Local\Temp\ccymSlzT.s:28     .rodata.Font24_Table:00000000 $d

NO UNDEFINED SYMBOLS
