ARM GAS  C:\Users\kroko\AppData\Local\Temp\ccfF5m5L.s 			page 1


   1              		.cpu cortex-m4
   2              		.arch armv7e-m
   3              		.fpu fpv4-sp-d16
   4              		.eabi_attribute 27, 1
   5              		.eabi_attribute 28, 1
   6              		.eabi_attribute 20, 1
   7              		.eabi_attribute 21, 1
   8              		.eabi_attribute 23, 3
   9              		.eabi_attribute 24, 1
  10              		.eabi_attribute 25, 1
  11              		.eabi_attribute 26, 1
  12              		.eabi_attribute 30, 1
  13              		.eabi_attribute 34, 1
  14              		.eabi_attribute 18, 4
  15              		.file	"stm32l4xx_ll_usb.c"
  16              		.text
  17              		.section	.text.USB_CoreInit,"ax",%progbits
  18              		.align	1
  19              		.global	USB_CoreInit
  20              		.syntax unified
  21              		.thumb
  22              		.thumb_func
  24              	USB_CoreInit:
  25              		@ args = 0, pretend = 0, frame = 16
  26              		@ frame_needed = 0, uses_anonymous_args = 0
  27              		@ link register save eliminated.
  28 0000 84B0     		sub	sp, sp, #16
  29 0002 04A8     		add	r0, sp, #16
  30 0004 00E90E00 		stmdb	r0, {r1, r2, r3}
  31 0008 0020     		movs	r0, #0
  32 000a 04B0     		add	sp, sp, #16
  33              		@ sp needed
  34 000c 7047     		bx	lr
  36              		.section	.text.USB_EnableGlobalInt,"ax",%progbits
  37              		.align	1
  38              		.global	USB_EnableGlobalInt
  39              		.syntax unified
  40              		.thumb
  41              		.thumb_func
  43              	USB_EnableGlobalInt:
  44              		@ args = 0, pretend = 0, frame = 0
  45              		@ frame_needed = 0, uses_anonymous_args = 0
  46              		@ link register save eliminated.
  47 0000 0346     		mov	r3, r0
  48 0002 0020     		movs	r0, #0
  49 0004 A3F84400 		strh	r0, [r3, #68]	@ movhi
  50 0008 4BF68072 		movw	r2, #49024
  51 000c A3F84020 		strh	r2, [r3, #64]	@ movhi
  52 0010 7047     		bx	lr
  54              		.section	.text.USB_DisableGlobalInt,"ax",%progbits
  55              		.align	1
  56              		.global	USB_DisableGlobalInt
  57              		.syntax unified
  58              		.thumb
  59              		.thumb_func
  61              	USB_DisableGlobalInt:
  62              		@ args = 0, pretend = 0, frame = 0
ARM GAS  C:\Users\kroko\AppData\Local\Temp\ccfF5m5L.s 			page 2


  63              		@ frame_needed = 0, uses_anonymous_args = 0
  64              		@ link register save eliminated.
  65 0000 B0F84030 		ldrh	r3, [r0, #64]
  66 0004 23F47E53 		bic	r3, r3, #16256
  67 0008 5B04     		lsls	r3, r3, #17
  68 000a 5B0C     		lsrs	r3, r3, #17
  69 000c A0F84030 		strh	r3, [r0, #64]	@ movhi
  70 0010 0020     		movs	r0, #0
  71 0012 7047     		bx	lr
  73              		.section	.text.USB_SetCurrentMode,"ax",%progbits
  74              		.align	1
  75              		.global	USB_SetCurrentMode
  76              		.syntax unified
  77              		.thumb
  78              		.thumb_func
  80              	USB_SetCurrentMode:
  81              		@ args = 0, pretend = 0, frame = 0
  82              		@ frame_needed = 0, uses_anonymous_args = 0
  83              		@ link register save eliminated.
  84 0000 0020     		movs	r0, #0
  85 0002 7047     		bx	lr
  87              		.section	.text.USB_DevInit,"ax",%progbits
  88              		.align	1
  89              		.global	USB_DevInit
  90              		.syntax unified
  91              		.thumb
  92              		.thumb_func
  94              	USB_DevInit:
  95              		@ args = 0, pretend = 0, frame = 16
  96              		@ frame_needed = 0, uses_anonymous_args = 0
  97              		@ link register save eliminated.
  98 0000 84B0     		sub	sp, sp, #16
  99 0002 8446     		mov	ip, r0
 100 0004 04A8     		add	r0, sp, #16
 101 0006 00E90E00 		stmdb	r0, {r1, r2, r3}
 102 000a 0123     		movs	r3, #1
 103 000c ACF84030 		strh	r3, [ip, #64]	@ movhi
 104 0010 0020     		movs	r0, #0
 105 0012 ACF84000 		strh	r0, [ip, #64]	@ movhi
 106 0016 ACF84400 		strh	r0, [ip, #68]	@ movhi
 107 001a ACF85000 		strh	r0, [ip, #80]	@ movhi
 108 001e 04B0     		add	sp, sp, #16
 109              		@ sp needed
 110 0020 7047     		bx	lr
 112              		.section	.text.USB_FlushTxFifo,"ax",%progbits
 113              		.align	1
 114              		.global	USB_FlushTxFifo
 115              		.syntax unified
 116              		.thumb
 117              		.thumb_func
 119              	USB_FlushTxFifo:
 120              		@ args = 0, pretend = 0, frame = 0
 121              		@ frame_needed = 0, uses_anonymous_args = 0
 122              		@ link register save eliminated.
 123 0000 0020     		movs	r0, #0
 124 0002 7047     		bx	lr
 126              		.section	.text.USB_FlushRxFifo,"ax",%progbits
ARM GAS  C:\Users\kroko\AppData\Local\Temp\ccfF5m5L.s 			page 3


 127              		.align	1
 128              		.global	USB_FlushRxFifo
 129              		.syntax unified
 130              		.thumb
 131              		.thumb_func
 133              	USB_FlushRxFifo:
 134              		@ args = 0, pretend = 0, frame = 0
 135              		@ frame_needed = 0, uses_anonymous_args = 0
 136              		@ link register save eliminated.
 137 0000 0020     		movs	r0, #0
 138 0002 7047     		bx	lr
 140              		.section	.text.USB_ActivateEndpoint,"ax",%progbits
 141              		.align	1
 142              		.global	USB_ActivateEndpoint
 143              		.syntax unified
 144              		.thumb
 145              		.thumb_func
 147              	USB_ActivateEndpoint:
 148              		@ args = 0, pretend = 0, frame = 0
 149              		@ frame_needed = 0, uses_anonymous_args = 0
 150 0000 10B5     		push	{r4, lr}
 151 0002 0346     		mov	r3, r0
 152 0004 91F800C0 		ldrb	ip, [r1]	@ zero_extendqisi2
 153 0008 30F82C20 		ldrh	r2, [r0, ip, lsl #2]
 154 000c 92B2     		uxth	r2, r2
 155 000e 22F4EC42 		bic	r2, r2, #30208
 156 0012 22F07002 		bic	r2, r2, #112
 157 0016 92B2     		uxth	r2, r2
 158 0018 C878     		ldrb	r0, [r1, #3]	@ zero_extendqisi2
 159 001a 0328     		cmp	r0, #3
 160 001c 61D8     		bhi	.L50
 161 001e DFE800F0 		tbb	[pc, r0]
 162              	.L13:
 163 0022 55       		.byte	(.L16-.L13)/2
 164 0023 5C       		.byte	(.L15-.L13)/2
 165 0024 02       		.byte	(.L14-.L13)/2
 166 0025 58       		.byte	(.L12-.L13)/2
 167              		.p2align 1
 168              	.L14:
 169 0026 0020     		movs	r0, #0
 170              	.L11:
 171 0028 48F2800E 		movw	lr, #32896
 172 002c 42EA0E02 		orr	r2, r2, lr
 173 0030 23F82C20 		strh	r2, [r3, ip, lsl #2]	@ movhi
 174 0034 91F800C0 		ldrb	ip, [r1]	@ zero_extendqisi2
 175 0038 33F82C20 		ldrh	r2, [r3, ip, lsl #2]
 176 003c 92B2     		uxth	r2, r2
 177 003e 22F4E042 		bic	r2, r2, #28672
 178 0042 22F07002 		bic	r2, r2, #112
 179 0046 4CEA0202 		orr	r2, ip, r2
 180 004a 42EA0E02 		orr	r2, r2, lr
 181 004e 23F82C20 		strh	r2, [r3, ip, lsl #2]	@ movhi
 182 0052 0A7B     		ldrb	r2, [r1, #12]	@ zero_extendqisi2
 183 0054 002A     		cmp	r2, #0
 184 0056 40F0DC80 		bne	.L17
 185 005a 4A78     		ldrb	r2, [r1, #1]	@ zero_extendqisi2
 186 005c 002A     		cmp	r2, #0
ARM GAS  C:\Users\kroko\AppData\Local\Temp\ccfF5m5L.s 			page 4


 187 005e 51D0     		beq	.L18
 188 0060 B3F85020 		ldrh	r2, [r3, #80]
 189 0064 13FA82F2 		uxtah	r2, r3, r2
 190 0068 0C78     		ldrb	r4, [r1]	@ zero_extendqisi2
 191 006a 02EBC402 		add	r2, r2, r4, lsl #3
 192 006e B1F806C0 		ldrh	ip, [r1, #6]
 193 0072 4FEA5C0C 		lsr	ip, ip, #1
 194 0076 4FEA4C0C 		lsl	ip, ip, #1
 195 007a A2F800C4 		strh	ip, [r2, #1024]	@ movhi
 196 007e 0C78     		ldrb	r4, [r1]	@ zero_extendqisi2
 197 0080 33F82420 		ldrh	r2, [r3, r4, lsl #2]
 198 0084 12F0400F 		tst	r2, #64
 199 0088 0CD0     		beq	.L19
 200 008a 33F82420 		ldrh	r2, [r3, r4, lsl #2]
 201 008e 92B2     		uxth	r2, r2
 202 0090 22F4E042 		bic	r2, r2, #28672
 203 0094 22F07002 		bic	r2, r2, #112
 204 0098 42F40042 		orr	r2, r2, #32768
 205 009c 42F0C002 		orr	r2, r2, #192
 206 00a0 23F82420 		strh	r2, [r3, r4, lsl #2]	@ movhi
 207              	.L19:
 208 00a4 CA78     		ldrb	r2, [r1, #3]	@ zero_extendqisi2
 209 00a6 012A     		cmp	r2, #1
 210 00a8 1DD0     		beq	.L20
 211 00aa 0978     		ldrb	r1, [r1]	@ zero_extendqisi2
 212 00ac 33F82120 		ldrh	r2, [r3, r1, lsl #2]
 213 00b0 92B2     		uxth	r2, r2
 214 00b2 22F4E042 		bic	r2, r2, #28672
 215 00b6 22F04002 		bic	r2, r2, #64
 216 00ba 82F02002 		eor	r2, r2, #32
 217 00be 42F40042 		orr	r2, r2, #32768
 218 00c2 42F08002 		orr	r2, r2, #128
 219 00c6 23F82120 		strh	r2, [r3, r1, lsl #2]	@ movhi
 220 00ca C3E1     		b	.L21
 221              	.L16:
 222 00cc 42F40072 		orr	r2, r2, #512
 223 00d0 AAE7     		b	.L11
 224              	.L12:
 225 00d2 42F4C062 		orr	r2, r2, #1536
 226 00d6 0020     		movs	r0, #0
 227 00d8 A6E7     		b	.L11
 228              	.L15:
 229 00da 42F48062 		orr	r2, r2, #1024
 230 00de 0020     		movs	r0, #0
 231 00e0 A2E7     		b	.L11
 232              	.L50:
 233 00e2 0120     		movs	r0, #1
 234 00e4 A0E7     		b	.L11
 235              	.L20:
 236 00e6 0978     		ldrb	r1, [r1]	@ zero_extendqisi2
 237 00e8 33F82120 		ldrh	r2, [r3, r1, lsl #2]
 238 00ec 92B2     		uxth	r2, r2
 239 00ee 22F4E042 		bic	r2, r2, #28672
 240 00f2 22F04002 		bic	r2, r2, #64
 241 00f6 42F40042 		orr	r2, r2, #32768
 242 00fa 42F08002 		orr	r2, r2, #128
 243 00fe 23F82120 		strh	r2, [r3, r1, lsl #2]	@ movhi
ARM GAS  C:\Users\kroko\AppData\Local\Temp\ccfF5m5L.s 			page 5


 244 0102 A7E1     		b	.L21
 245              	.L18:
 246 0104 B3F85020 		ldrh	r2, [r3, #80]
 247 0108 13FA82F2 		uxtah	r2, r3, r2
 248 010c 0C78     		ldrb	r4, [r1]	@ zero_extendqisi2
 249 010e 02EBC402 		add	r2, r2, r4, lsl #3
 250 0112 B1F806C0 		ldrh	ip, [r1, #6]
 251 0116 4FEA5C0C 		lsr	ip, ip, #1
 252 011a 4FEA4C0C 		lsl	ip, ip, #1
 253 011e A2F804C4 		strh	ip, [r2, #1028]	@ movhi
 254 0122 B3F85020 		ldrh	r2, [r3, #80]
 255 0126 13FA82F2 		uxtah	r2, r3, r2
 256 012a 0C78     		ldrb	r4, [r1]	@ zero_extendqisi2
 257 012c 02EBC402 		add	r2, r2, r4, lsl #3
 258 0130 B2F806C4 		ldrh	ip, [r2, #1030]
 259 0134 CCF3090C 		ubfx	ip, ip, #0, #10
 260 0138 A2F806C4 		strh	ip, [r2, #1030]	@ movhi
 261 013c 0C69     		ldr	r4, [r1, #16]
 262 013e 74BB     		cbnz	r4, .L22
 263 0140 B2F806C4 		ldrh	ip, [r2, #1030]
 264 0144 6FEA4C4C 		mvn	ip, ip, lsl #17
 265 0148 6FEA5C4C 		mvn	ip, ip, lsr #17
 266 014c 1FFA8CFC 		uxth	ip, ip
 267 0150 A2F806C4 		strh	ip, [r2, #1030]	@ movhi
 268              	.L23:
 269 0154 0C78     		ldrb	r4, [r1]	@ zero_extendqisi2
 270 0156 33F82420 		ldrh	r2, [r3, r4, lsl #2]
 271 015a 12F4804F 		tst	r2, #16384
 272 015e 0CD0     		beq	.L27
 273 0160 33F82420 		ldrh	r2, [r3, r4, lsl #2]
 274 0164 92B2     		uxth	r2, r2
 275 0166 22F4E042 		bic	r2, r2, #28672
 276 016a 22F07002 		bic	r2, r2, #112
 277 016e 42F44042 		orr	r2, r2, #49152
 278 0172 42F08002 		orr	r2, r2, #128
 279 0176 23F82420 		strh	r2, [r3, r4, lsl #2]	@ movhi
 280              	.L27:
 281 017a 0978     		ldrb	r1, [r1]	@ zero_extendqisi2
 282 017c C9BB     		cbnz	r1, .L28
 283 017e 33F82120 		ldrh	r2, [r3, r1, lsl #2]
 284 0182 92B2     		uxth	r2, r2
 285 0184 22F48042 		bic	r2, r2, #16384
 286 0188 22F07002 		bic	r2, r2, #112
 287 018c 82F44052 		eor	r2, r2, #12288
 288 0190 42F40042 		orr	r2, r2, #32768
 289 0194 42F08002 		orr	r2, r2, #128
 290 0198 23F82120 		strh	r2, [r3, r1, lsl #2]	@ movhi
 291 019c 5AE1     		b	.L21
 292              	.L22:
 293 019e 3E2C     		cmp	r4, #62
 294 01a0 12D8     		bhi	.L24
 295 01a2 4FEA540C 		lsr	ip, r4, #1
 296 01a6 14F0010F 		tst	r4, #1
 297 01aa 01D0     		beq	.L25
 298 01ac 0CF1010C 		add	ip, ip, #1
 299              	.L25:
 300 01b0 B2F80644 		ldrh	r4, [r2, #1030]
ARM GAS  C:\Users\kroko\AppData\Local\Temp\ccfF5m5L.s 			page 6


 301 01b4 A4B2     		uxth	r4, r4
 302 01b6 4FEA8C2C 		lsl	ip, ip, #10
 303 01ba 1FFA8CFC 		uxth	ip, ip
 304 01be 44EA0C04 		orr	r4, r4, ip
 305 01c2 A2F80644 		strh	r4, [r2, #1030]	@ movhi
 306 01c6 C5E7     		b	.L23
 307              	.L24:
 308 01c8 4FEA541C 		lsr	ip, r4, #5
 309 01cc 14F01F0F 		tst	r4, #31
 310 01d0 01D1     		bne	.L26
 311 01d2 0CF1FF3C 		add	ip, ip, #-1
 312              	.L26:
 313 01d6 B2F80644 		ldrh	r4, [r2, #1030]
 314 01da A4B2     		uxth	r4, r4
 315 01dc 4FEA8C2C 		lsl	ip, ip, #10
 316 01e0 1FFA8CFC 		uxth	ip, ip
 317 01e4 44EA0C04 		orr	r4, r4, ip
 318 01e8 44F40044 		orr	r4, r4, #32768
 319 01ec A2F80644 		strh	r4, [r2, #1030]	@ movhi
 320 01f0 B0E7     		b	.L23
 321              	.L28:
 322 01f2 33F82120 		ldrh	r2, [r3, r1, lsl #2]
 323 01f6 92B2     		uxth	r2, r2
 324 01f8 22F48042 		bic	r2, r2, #16384
 325 01fc 22F07002 		bic	r2, r2, #112
 326 0200 82F40052 		eor	r2, r2, #8192
 327 0204 42F40042 		orr	r2, r2, #32768
 328 0208 42F08002 		orr	r2, r2, #128
 329 020c 23F82120 		strh	r2, [r3, r1, lsl #2]	@ movhi
 330 0210 20E1     		b	.L21
 331              	.L17:
 332 0212 CA78     		ldrb	r2, [r1, #3]	@ zero_extendqisi2
 333 0214 022A     		cmp	r2, #2
 334 0216 74D0     		beq	.L52
 335 0218 91F800C0 		ldrb	ip, [r1]	@ zero_extendqisi2
 336 021c 33F82C20 		ldrh	r2, [r3, ip, lsl #2]
 337 0220 92B2     		uxth	r2, r2
 338 0222 22F4E242 		bic	r2, r2, #28928
 339 0226 22F07002 		bic	r2, r2, #112
 340 022a 42F40042 		orr	r2, r2, #32768
 341 022e 42F08002 		orr	r2, r2, #128
 342 0232 23F82C20 		strh	r2, [r3, ip, lsl #2]	@ movhi
 343              	.L30:
 344 0236 B3F85020 		ldrh	r2, [r3, #80]
 345 023a 13FA82F2 		uxtah	r2, r3, r2
 346 023e 91F800C0 		ldrb	ip, [r1]	@ zero_extendqisi2
 347 0242 02EBCC02 		add	r2, r2, ip, lsl #3
 348 0246 B1F808C0 		ldrh	ip, [r1, #8]
 349 024a 4FEA5C0C 		lsr	ip, ip, #1
 350 024e 4FEA4C0C 		lsl	ip, ip, #1
 351 0252 A2F800C4 		strh	ip, [r2, #1024]	@ movhi
 352 0256 B3F85020 		ldrh	r2, [r3, #80]
 353 025a 13FA82F2 		uxtah	r2, r3, r2
 354 025e 91F800C0 		ldrb	ip, [r1]	@ zero_extendqisi2
 355 0262 02EBCC02 		add	r2, r2, ip, lsl #3
 356 0266 B1F80AC0 		ldrh	ip, [r1, #10]
 357 026a 4FEA5C0C 		lsr	ip, ip, #1
ARM GAS  C:\Users\kroko\AppData\Local\Temp\ccfF5m5L.s 			page 7


 358 026e 4FEA4C0C 		lsl	ip, ip, #1
 359 0272 A2F804C4 		strh	ip, [r2, #1028]	@ movhi
 360 0276 4A78     		ldrb	r2, [r1, #1]	@ zero_extendqisi2
 361 0278 002A     		cmp	r2, #0
 362 027a 40F0F780 		bne	.L31
 363 027e 0C78     		ldrb	r4, [r1]	@ zero_extendqisi2
 364 0280 33F82420 		ldrh	r2, [r3, r4, lsl #2]
 365 0284 12F4804F 		tst	r2, #16384
 366 0288 0CD0     		beq	.L32
 367 028a 33F82420 		ldrh	r2, [r3, r4, lsl #2]
 368 028e 92B2     		uxth	r2, r2
 369 0290 22F4E042 		bic	r2, r2, #28672
 370 0294 22F07002 		bic	r2, r2, #112
 371 0298 42F44042 		orr	r2, r2, #49152
 372 029c 42F08002 		orr	r2, r2, #128
 373 02a0 23F82420 		strh	r2, [r3, r4, lsl #2]	@ movhi
 374              	.L32:
 375 02a4 0C78     		ldrb	r4, [r1]	@ zero_extendqisi2
 376 02a6 33F82420 		ldrh	r2, [r3, r4, lsl #2]
 377 02aa 12F0400F 		tst	r2, #64
 378 02ae 0CD0     		beq	.L33
 379 02b0 33F82420 		ldrh	r2, [r3, r4, lsl #2]
 380 02b4 92B2     		uxth	r2, r2
 381 02b6 22F4E042 		bic	r2, r2, #28672
 382 02ba 22F07002 		bic	r2, r2, #112
 383 02be 42F40042 		orr	r2, r2, #32768
 384 02c2 42F0C002 		orr	r2, r2, #192
 385 02c6 23F82420 		strh	r2, [r3, r4, lsl #2]	@ movhi
 386              	.L33:
 387 02ca 4A78     		ldrb	r2, [r1, #1]	@ zero_extendqisi2
 388 02cc 002A     		cmp	r2, #0
 389 02ce 51D1     		bne	.L34
 390 02d0 B3F85020 		ldrh	r2, [r3, #80]
 391 02d4 13FA82F2 		uxtah	r2, r3, r2
 392 02d8 0C78     		ldrb	r4, [r1]	@ zero_extendqisi2
 393 02da 02EBC402 		add	r2, r2, r4, lsl #3
 394 02de B2F80244 		ldrh	r4, [r2, #1026]
 395 02e2 C4F30904 		ubfx	r4, r4, #0, #10
 396 02e6 A2F80244 		strh	r4, [r2, #1026]	@ movhi
 397 02ea 0C69     		ldr	r4, [r1, #16]
 398 02ec C4B9     		cbnz	r4, .L35
 399 02ee B2F80244 		ldrh	r4, [r2, #1026]
 400 02f2 6FEA4444 		mvn	r4, r4, lsl #17
 401 02f6 6FEA5444 		mvn	r4, r4, lsr #17
 402 02fa A4B2     		uxth	r4, r4
 403 02fc A2F80244 		strh	r4, [r2, #1026]	@ movhi
 404 0300 3AE0     		b	.L36
 405              	.L52:
 406 0302 0C78     		ldrb	r4, [r1]	@ zero_extendqisi2
 407 0304 33F82420 		ldrh	r2, [r3, r4, lsl #2]
 408 0308 92B2     		uxth	r2, r2
 409 030a 22F4E042 		bic	r2, r2, #28672
 410 030e 22F07002 		bic	r2, r2, #112
 411 0312 42F40142 		orr	r2, r2, #33024
 412 0316 42F08002 		orr	r2, r2, #128
 413 031a 23F82420 		strh	r2, [r3, r4, lsl #2]	@ movhi
 414 031e 8AE7     		b	.L30
ARM GAS  C:\Users\kroko\AppData\Local\Temp\ccfF5m5L.s 			page 8


 415              	.L35:
 416 0320 3E2C     		cmp	r4, #62
 417 0322 12D8     		bhi	.L37
 418 0324 4FEA540C 		lsr	ip, r4, #1
 419 0328 14F0010F 		tst	r4, #1
 420 032c 01D0     		beq	.L38
 421 032e 0CF1010C 		add	ip, ip, #1
 422              	.L38:
 423 0332 B2F80244 		ldrh	r4, [r2, #1026]
 424 0336 A4B2     		uxth	r4, r4
 425 0338 4FEA8C2C 		lsl	ip, ip, #10
 426 033c 1FFA8CFC 		uxth	ip, ip
 427 0340 44EA0C04 		orr	r4, r4, ip
 428 0344 A2F80244 		strh	r4, [r2, #1026]	@ movhi
 429 0348 16E0     		b	.L36
 430              	.L37:
 431 034a 4FEA541C 		lsr	ip, r4, #5
 432 034e 14F01F0F 		tst	r4, #31
 433 0352 01D1     		bne	.L39
 434 0354 0CF1FF3C 		add	ip, ip, #-1
 435              	.L39:
 436 0358 B2F80244 		ldrh	r4, [r2, #1026]
 437 035c A4B2     		uxth	r4, r4
 438 035e 4FEA8C2C 		lsl	ip, ip, #10
 439 0362 1FFA8CFC 		uxth	ip, ip
 440 0366 44EA0C04 		orr	r4, r4, ip
 441 036a 44F40044 		orr	r4, r4, #32768
 442 036e A2F80244 		strh	r4, [r2, #1026]	@ movhi
 443 0372 01E0     		b	.L36
 444              	.L34:
 445 0374 012A     		cmp	r2, #1
 446 0376 1BD0     		beq	.L53
 447              	.L36:
 448 0378 4A78     		ldrb	r2, [r1, #1]	@ zero_extendqisi2
 449 037a 002A     		cmp	r2, #0
 450 037c 4DD1     		bne	.L40
 451 037e B3F85020 		ldrh	r2, [r3, #80]
 452 0382 13FA82F2 		uxtah	r2, r3, r2
 453 0386 0C78     		ldrb	r4, [r1]	@ zero_extendqisi2
 454 0388 02EBC402 		add	r2, r2, r4, lsl #3
 455 038c B2F80644 		ldrh	r4, [r2, #1030]
 456 0390 C4F30904 		ubfx	r4, r4, #0, #10
 457 0394 A2F80644 		strh	r4, [r2, #1030]	@ movhi
 458 0398 0C69     		ldr	r4, [r1, #16]
 459 039a A4B9     		cbnz	r4, .L41
 460 039c B2F80644 		ldrh	r4, [r2, #1030]
 461 03a0 6FEA4444 		mvn	r4, r4, lsl #17
 462 03a4 6FEA5444 		mvn	r4, r4, lsr #17
 463 03a8 A4B2     		uxth	r4, r4
 464 03aa A2F80644 		strh	r4, [r2, #1030]	@ movhi
 465 03ae 36E0     		b	.L42
 466              	.L53:
 467 03b0 B3F85020 		ldrh	r2, [r3, #80]
 468 03b4 13FA82F2 		uxtah	r2, r3, r2
 469 03b8 0C78     		ldrb	r4, [r1]	@ zero_extendqisi2
 470 03ba 02EBC402 		add	r2, r2, r4, lsl #3
 471 03be 0C8A     		ldrh	r4, [r1, #16]
ARM GAS  C:\Users\kroko\AppData\Local\Temp\ccfF5m5L.s 			page 9


 472 03c0 A2F80244 		strh	r4, [r2, #1026]	@ movhi
 473 03c4 D8E7     		b	.L36
 474              	.L41:
 475 03c6 3E2C     		cmp	r4, #62
 476 03c8 12D8     		bhi	.L43
 477 03ca 4FEA540C 		lsr	ip, r4, #1
 478 03ce 14F0010F 		tst	r4, #1
 479 03d2 01D0     		beq	.L44
 480 03d4 0CF1010C 		add	ip, ip, #1
 481              	.L44:
 482 03d8 B2F80644 		ldrh	r4, [r2, #1030]
 483 03dc A4B2     		uxth	r4, r4
 484 03de 4FEA8C2C 		lsl	ip, ip, #10
 485 03e2 1FFA8CFC 		uxth	ip, ip
 486 03e6 44EA0C04 		orr	r4, r4, ip
 487 03ea A2F80644 		strh	r4, [r2, #1030]	@ movhi
 488 03ee 16E0     		b	.L42
 489              	.L43:
 490 03f0 4FEA541C 		lsr	ip, r4, #5
 491 03f4 14F01F0F 		tst	r4, #31
 492 03f8 01D1     		bne	.L45
 493 03fa 0CF1FF3C 		add	ip, ip, #-1
 494              	.L45:
 495 03fe B2F80644 		ldrh	r4, [r2, #1030]
 496 0402 A4B2     		uxth	r4, r4
 497 0404 4FEA8C2C 		lsl	ip, ip, #10
 498 0408 1FFA8CFC 		uxth	ip, ip
 499 040c 44EA0C04 		orr	r4, r4, ip
 500 0410 44F40044 		orr	r4, r4, #32768
 501 0414 A2F80644 		strh	r4, [r2, #1030]	@ movhi
 502 0418 01E0     		b	.L42
 503              	.L40:
 504 041a 012A     		cmp	r2, #1
 505 041c 1BD0     		beq	.L54
 506              	.L42:
 507 041e 91F800C0 		ldrb	ip, [r1]	@ zero_extendqisi2
 508 0422 33F82C20 		ldrh	r2, [r3, ip, lsl #2]
 509 0426 92B2     		uxth	r2, r2
 510 0428 22F48042 		bic	r2, r2, #16384
 511 042c 22F07002 		bic	r2, r2, #112
 512 0430 82F44052 		eor	r2, r2, #12288
 513 0434 48F28004 		movw	r4, #32896
 514 0438 2243     		orrs	r2, r2, r4
 515 043a 23F82C20 		strh	r2, [r3, ip, lsl #2]	@ movhi
 516 043e 0978     		ldrb	r1, [r1]	@ zero_extendqisi2
 517 0440 33F82120 		ldrh	r2, [r3, r1, lsl #2]
 518 0444 92B2     		uxth	r2, r2
 519 0446 22F4E042 		bic	r2, r2, #28672
 520 044a 22F04002 		bic	r2, r2, #64
 521 044e 2243     		orrs	r2, r2, r4
 522 0450 23F82120 		strh	r2, [r3, r1, lsl #2]	@ movhi
 523              	.L21:
 524 0454 10BD     		pop	{r4, pc}
 525              	.L54:
 526 0456 B3F85020 		ldrh	r2, [r3, #80]
 527 045a 13FA82F2 		uxtah	r2, r3, r2
 528 045e 0C78     		ldrb	r4, [r1]	@ zero_extendqisi2
ARM GAS  C:\Users\kroko\AppData\Local\Temp\ccfF5m5L.s 			page 10


 529 0460 02EBC402 		add	r2, r2, r4, lsl #3
 530 0464 0C8A     		ldrh	r4, [r1, #16]
 531 0466 A2F80644 		strh	r4, [r2, #1030]	@ movhi
 532 046a D8E7     		b	.L42
 533              	.L31:
 534 046c 0C78     		ldrb	r4, [r1]	@ zero_extendqisi2
 535 046e 33F82420 		ldrh	r2, [r3, r4, lsl #2]
 536 0472 12F4804F 		tst	r2, #16384
 537 0476 0CD0     		beq	.L46
 538 0478 33F82420 		ldrh	r2, [r3, r4, lsl #2]
 539 047c 92B2     		uxth	r2, r2
 540 047e 22F4E042 		bic	r2, r2, #28672
 541 0482 22F07002 		bic	r2, r2, #112
 542 0486 42F44042 		orr	r2, r2, #49152
 543 048a 42F08002 		orr	r2, r2, #128
 544 048e 23F82420 		strh	r2, [r3, r4, lsl #2]	@ movhi
 545              	.L46:
 546 0492 0C78     		ldrb	r4, [r1]	@ zero_extendqisi2
 547 0494 33F82420 		ldrh	r2, [r3, r4, lsl #2]
 548 0498 12F0400F 		tst	r2, #64
 549 049c 0CD0     		beq	.L47
 550 049e 33F82420 		ldrh	r2, [r3, r4, lsl #2]
 551 04a2 92B2     		uxth	r2, r2
 552 04a4 22F4E042 		bic	r2, r2, #28672
 553 04a8 22F07002 		bic	r2, r2, #112
 554 04ac 42F40042 		orr	r2, r2, #32768
 555 04b0 42F0C002 		orr	r2, r2, #192
 556 04b4 23F82420 		strh	r2, [r3, r4, lsl #2]	@ movhi
 557              	.L47:
 558 04b8 CA78     		ldrb	r2, [r1, #3]	@ zero_extendqisi2
 559 04ba 012A     		cmp	r2, #1
 560 04bc 1ED0     		beq	.L48
 561 04be 0C78     		ldrb	r4, [r1]	@ zero_extendqisi2
 562 04c0 33F82420 		ldrh	r2, [r3, r4, lsl #2]
 563 04c4 92B2     		uxth	r2, r2
 564 04c6 22F4E042 		bic	r2, r2, #28672
 565 04ca 22F04002 		bic	r2, r2, #64
 566 04ce 82F02002 		eor	r2, r2, #32
 567 04d2 42F40042 		orr	r2, r2, #32768
 568 04d6 42F08002 		orr	r2, r2, #128
 569 04da 23F82420 		strh	r2, [r3, r4, lsl #2]	@ movhi
 570              	.L49:
 571 04de 0978     		ldrb	r1, [r1]	@ zero_extendqisi2
 572 04e0 33F82120 		ldrh	r2, [r3, r1, lsl #2]
 573 04e4 92B2     		uxth	r2, r2
 574 04e6 22F48042 		bic	r2, r2, #16384
 575 04ea 22F07002 		bic	r2, r2, #112
 576 04ee 42F40042 		orr	r2, r2, #32768
 577 04f2 42F08002 		orr	r2, r2, #128
 578 04f6 23F82120 		strh	r2, [r3, r1, lsl #2]	@ movhi
 579 04fa ABE7     		b	.L21
 580              	.L48:
 581 04fc 0C78     		ldrb	r4, [r1]	@ zero_extendqisi2
 582 04fe 33F82420 		ldrh	r2, [r3, r4, lsl #2]
 583 0502 92B2     		uxth	r2, r2
 584 0504 22F4E042 		bic	r2, r2, #28672
 585 0508 22F04002 		bic	r2, r2, #64
ARM GAS  C:\Users\kroko\AppData\Local\Temp\ccfF5m5L.s 			page 11


 586 050c 42F40042 		orr	r2, r2, #32768
 587 0510 42F08002 		orr	r2, r2, #128
 588 0514 23F82420 		strh	r2, [r3, r4, lsl #2]	@ movhi
 589 0518 E1E7     		b	.L49
 591              		.section	.text.USB_DeactivateEndpoint,"ax",%progbits
 592              		.align	1
 593              		.global	USB_DeactivateEndpoint
 594              		.syntax unified
 595              		.thumb
 596              		.thumb_func
 598              	USB_DeactivateEndpoint:
 599              		@ args = 0, pretend = 0, frame = 0
 600              		@ frame_needed = 0, uses_anonymous_args = 0
 601              		@ link register save eliminated.
 602 0000 0B7B     		ldrb	r3, [r1, #12]	@ zero_extendqisi2
 603 0002 002B     		cmp	r3, #0
 604 0004 46D1     		bne	.L56
 605 0006 4B78     		ldrb	r3, [r1, #1]	@ zero_extendqisi2
 606 0008 13B3     		cbz	r3, .L57
 607 000a 0A78     		ldrb	r2, [r1]	@ zero_extendqisi2
 608 000c 30F82230 		ldrh	r3, [r0, r2, lsl #2]
 609 0010 13F0400F 		tst	r3, #64
 610 0014 0CD0     		beq	.L58
 611 0016 30F82230 		ldrh	r3, [r0, r2, lsl #2]
 612 001a 9BB2     		uxth	r3, r3
 613 001c 23F4E043 		bic	r3, r3, #28672
 614 0020 23F07003 		bic	r3, r3, #112
 615 0024 43F40043 		orr	r3, r3, #32768
 616 0028 43F0C003 		orr	r3, r3, #192
 617 002c 20F82230 		strh	r3, [r0, r2, lsl #2]	@ movhi
 618              	.L58:
 619 0030 0A78     		ldrb	r2, [r1]	@ zero_extendqisi2
 620 0032 30F82230 		ldrh	r3, [r0, r2, lsl #2]
 621 0036 9BB2     		uxth	r3, r3
 622 0038 23F4E043 		bic	r3, r3, #28672
 623 003c 23F04003 		bic	r3, r3, #64
 624 0040 43F40043 		orr	r3, r3, #32768
 625 0044 43F08003 		orr	r3, r3, #128
 626 0048 20F82230 		strh	r3, [r0, r2, lsl #2]	@ movhi
 627              	.L59:
 628 004c 0020     		movs	r0, #0
 629 004e 7047     		bx	lr
 630              	.L57:
 631 0050 0A78     		ldrb	r2, [r1]	@ zero_extendqisi2
 632 0052 30F82230 		ldrh	r3, [r0, r2, lsl #2]
 633 0056 13F4804F 		tst	r3, #16384
 634 005a 0CD0     		beq	.L60
 635 005c 30F82230 		ldrh	r3, [r0, r2, lsl #2]
 636 0060 9BB2     		uxth	r3, r3
 637 0062 23F4E043 		bic	r3, r3, #28672
 638 0066 23F07003 		bic	r3, r3, #112
 639 006a 43F44043 		orr	r3, r3, #49152
 640 006e 43F08003 		orr	r3, r3, #128
 641 0072 20F82230 		strh	r3, [r0, r2, lsl #2]	@ movhi
 642              	.L60:
 643 0076 0A78     		ldrb	r2, [r1]	@ zero_extendqisi2
 644 0078 30F82230 		ldrh	r3, [r0, r2, lsl #2]
ARM GAS  C:\Users\kroko\AppData\Local\Temp\ccfF5m5L.s 			page 12


 645 007c 9BB2     		uxth	r3, r3
 646 007e 23F48043 		bic	r3, r3, #16384
 647 0082 23F07003 		bic	r3, r3, #112
 648 0086 43F40043 		orr	r3, r3, #32768
 649 008a 43F08003 		orr	r3, r3, #128
 650 008e 20F82230 		strh	r3, [r0, r2, lsl #2]	@ movhi
 651 0092 DBE7     		b	.L59
 652              	.L56:
 653 0094 4B78     		ldrb	r3, [r1, #1]	@ zero_extendqisi2
 654 0096 002B     		cmp	r3, #0
 655 0098 4ED1     		bne	.L61
 656 009a 0A78     		ldrb	r2, [r1]	@ zero_extendqisi2
 657 009c 30F82230 		ldrh	r3, [r0, r2, lsl #2]
 658 00a0 13F4804F 		tst	r3, #16384
 659 00a4 0CD0     		beq	.L62
 660 00a6 30F82230 		ldrh	r3, [r0, r2, lsl #2]
 661 00aa 9BB2     		uxth	r3, r3
 662 00ac 23F4E043 		bic	r3, r3, #28672
 663 00b0 23F07003 		bic	r3, r3, #112
 664 00b4 43F44043 		orr	r3, r3, #49152
 665 00b8 43F08003 		orr	r3, r3, #128
 666 00bc 20F82230 		strh	r3, [r0, r2, lsl #2]	@ movhi
 667              	.L62:
 668 00c0 0A78     		ldrb	r2, [r1]	@ zero_extendqisi2
 669 00c2 30F82230 		ldrh	r3, [r0, r2, lsl #2]
 670 00c6 13F0400F 		tst	r3, #64
 671 00ca 0CD0     		beq	.L63
 672 00cc 30F82230 		ldrh	r3, [r0, r2, lsl #2]
 673 00d0 9BB2     		uxth	r3, r3
 674 00d2 23F4E043 		bic	r3, r3, #28672
 675 00d6 23F07003 		bic	r3, r3, #112
 676 00da 43F40043 		orr	r3, r3, #32768
 677 00de 43F0C003 		orr	r3, r3, #192
 678 00e2 20F82230 		strh	r3, [r0, r2, lsl #2]	@ movhi
 679              	.L63:
 680 00e6 0A78     		ldrb	r2, [r1]	@ zero_extendqisi2
 681 00e8 30F82230 		ldrh	r3, [r0, r2, lsl #2]
 682 00ec 9BB2     		uxth	r3, r3
 683 00ee 23F4E043 		bic	r3, r3, #28672
 684 00f2 23F07003 		bic	r3, r3, #112
 685 00f6 43F40043 		orr	r3, r3, #32768
 686 00fa 43F0C003 		orr	r3, r3, #192
 687 00fe 20F82230 		strh	r3, [r0, r2, lsl #2]	@ movhi
 688 0102 0A78     		ldrb	r2, [r1]	@ zero_extendqisi2
 689 0104 30F82230 		ldrh	r3, [r0, r2, lsl #2]
 690 0108 9BB2     		uxth	r3, r3
 691 010a 23F48043 		bic	r3, r3, #16384
 692 010e 23F07003 		bic	r3, r3, #112
 693 0112 48F2800C 		movw	ip, #32896
 694 0116 43EA0C03 		orr	r3, r3, ip
 695 011a 20F82230 		strh	r3, [r0, r2, lsl #2]	@ movhi
 696 011e 0A78     		ldrb	r2, [r1]	@ zero_extendqisi2
 697 0120 30F82230 		ldrh	r3, [r0, r2, lsl #2]
 698 0124 9BB2     		uxth	r3, r3
 699 0126 23F4E043 		bic	r3, r3, #28672
 700 012a 23F04003 		bic	r3, r3, #64
 701 012e 43EA0C03 		orr	r3, r3, ip
ARM GAS  C:\Users\kroko\AppData\Local\Temp\ccfF5m5L.s 			page 13


 702 0132 20F82230 		strh	r3, [r0, r2, lsl #2]	@ movhi
 703 0136 89E7     		b	.L59
 704              	.L61:
 705 0138 0A78     		ldrb	r2, [r1]	@ zero_extendqisi2
 706 013a 30F82230 		ldrh	r3, [r0, r2, lsl #2]
 707 013e 13F4804F 		tst	r3, #16384
 708 0142 0CD0     		beq	.L64
 709 0144 30F82230 		ldrh	r3, [r0, r2, lsl #2]
 710 0148 9BB2     		uxth	r3, r3
 711 014a 23F4E043 		bic	r3, r3, #28672
 712 014e 23F07003 		bic	r3, r3, #112
 713 0152 43F44043 		orr	r3, r3, #49152
 714 0156 43F08003 		orr	r3, r3, #128
 715 015a 20F82230 		strh	r3, [r0, r2, lsl #2]	@ movhi
 716              	.L64:
 717 015e 0A78     		ldrb	r2, [r1]	@ zero_extendqisi2
 718 0160 30F82230 		ldrh	r3, [r0, r2, lsl #2]
 719 0164 13F0400F 		tst	r3, #64
 720 0168 0CD0     		beq	.L65
 721 016a 30F82230 		ldrh	r3, [r0, r2, lsl #2]
 722 016e 9BB2     		uxth	r3, r3
 723 0170 23F4E043 		bic	r3, r3, #28672
 724 0174 23F07003 		bic	r3, r3, #112
 725 0178 43F40043 		orr	r3, r3, #32768
 726 017c 43F0C003 		orr	r3, r3, #192
 727 0180 20F82230 		strh	r3, [r0, r2, lsl #2]	@ movhi
 728              	.L65:
 729 0184 0A78     		ldrb	r2, [r1]	@ zero_extendqisi2
 730 0186 30F82230 		ldrh	r3, [r0, r2, lsl #2]
 731 018a 9BB2     		uxth	r3, r3
 732 018c 23F4E043 		bic	r3, r3, #28672
 733 0190 23F07003 		bic	r3, r3, #112
 734 0194 43F44043 		orr	r3, r3, #49152
 735 0198 43F08003 		orr	r3, r3, #128
 736 019c 20F82230 		strh	r3, [r0, r2, lsl #2]	@ movhi
 737 01a0 0A78     		ldrb	r2, [r1]	@ zero_extendqisi2
 738 01a2 30F82230 		ldrh	r3, [r0, r2, lsl #2]
 739 01a6 9BB2     		uxth	r3, r3
 740 01a8 23F4E043 		bic	r3, r3, #28672
 741 01ac 23F04003 		bic	r3, r3, #64
 742 01b0 48F2800C 		movw	ip, #32896
 743 01b4 43EA0C03 		orr	r3, r3, ip
 744 01b8 20F82230 		strh	r3, [r0, r2, lsl #2]	@ movhi
 745 01bc 0A78     		ldrb	r2, [r1]	@ zero_extendqisi2
 746 01be 30F82230 		ldrh	r3, [r0, r2, lsl #2]
 747 01c2 9BB2     		uxth	r3, r3
 748 01c4 23F48043 		bic	r3, r3, #16384
 749 01c8 23F07003 		bic	r3, r3, #112
 750 01cc 43EA0C03 		orr	r3, r3, ip
 751 01d0 20F82230 		strh	r3, [r0, r2, lsl #2]	@ movhi
 752 01d4 3AE7     		b	.L59
 754              		.section	.text.USB_EPSetStall,"ax",%progbits
 755              		.align	1
 756              		.global	USB_EPSetStall
 757              		.syntax unified
 758              		.thumb
 759              		.thumb_func
ARM GAS  C:\Users\kroko\AppData\Local\Temp\ccfF5m5L.s 			page 14


 761              	USB_EPSetStall:
 762              		@ args = 0, pretend = 0, frame = 0
 763              		@ frame_needed = 0, uses_anonymous_args = 0
 764              		@ link register save eliminated.
 765 0000 4B78     		ldrb	r3, [r1, #1]	@ zero_extendqisi2
 766 0002 8BB1     		cbz	r3, .L67
 767 0004 0A78     		ldrb	r2, [r1]	@ zero_extendqisi2
 768 0006 30F82230 		ldrh	r3, [r0, r2, lsl #2]
 769 000a 9BB2     		uxth	r3, r3
 770 000c 23F4E043 		bic	r3, r3, #28672
 771 0010 23F04003 		bic	r3, r3, #64
 772 0014 83F01003 		eor	r3, r3, #16
 773 0018 43F40043 		orr	r3, r3, #32768
 774 001c 43F08003 		orr	r3, r3, #128
 775 0020 20F82230 		strh	r3, [r0, r2, lsl #2]	@ movhi
 776              	.L68:
 777 0024 0020     		movs	r0, #0
 778 0026 7047     		bx	lr
 779              	.L67:
 780 0028 0A78     		ldrb	r2, [r1]	@ zero_extendqisi2
 781 002a 30F82230 		ldrh	r3, [r0, r2, lsl #2]
 782 002e 9BB2     		uxth	r3, r3
 783 0030 23F48043 		bic	r3, r3, #16384
 784 0034 23F07003 		bic	r3, r3, #112
 785 0038 83F48053 		eor	r3, r3, #4096
 786 003c 43F40043 		orr	r3, r3, #32768
 787 0040 43F08003 		orr	r3, r3, #128
 788 0044 20F82230 		strh	r3, [r0, r2, lsl #2]	@ movhi
 789 0048 ECE7     		b	.L68
 791              		.section	.text.USB_EPClearStall,"ax",%progbits
 792              		.align	1
 793              		.global	USB_EPClearStall
 794              		.syntax unified
 795              		.thumb
 796              		.thumb_func
 798              	USB_EPClearStall:
 799              		@ args = 0, pretend = 0, frame = 0
 800              		@ frame_needed = 0, uses_anonymous_args = 0
 801              		@ link register save eliminated.
 802 0000 4B78     		ldrb	r3, [r1, #1]	@ zero_extendqisi2
 803 0002 33B3     		cbz	r3, .L70
 804 0004 0A78     		ldrb	r2, [r1]	@ zero_extendqisi2
 805 0006 30F82230 		ldrh	r3, [r0, r2, lsl #2]
 806 000a 13F0400F 		tst	r3, #64
 807 000e 0CD0     		beq	.L71
 808 0010 30F82230 		ldrh	r3, [r0, r2, lsl #2]
 809 0014 9BB2     		uxth	r3, r3
 810 0016 23F4E043 		bic	r3, r3, #28672
 811 001a 23F07003 		bic	r3, r3, #112
 812 001e 43F40043 		orr	r3, r3, #32768
 813 0022 43F0C003 		orr	r3, r3, #192
 814 0026 20F82230 		strh	r3, [r0, r2, lsl #2]	@ movhi
 815              	.L71:
 816 002a CB78     		ldrb	r3, [r1, #3]	@ zero_extendqisi2
 817 002c 012B     		cmp	r3, #1
 818 002e 33D0     		beq	.L72
 819 0030 0A78     		ldrb	r2, [r1]	@ zero_extendqisi2
ARM GAS  C:\Users\kroko\AppData\Local\Temp\ccfF5m5L.s 			page 15


 820 0032 30F82230 		ldrh	r3, [r0, r2, lsl #2]
 821 0036 9BB2     		uxth	r3, r3
 822 0038 23F4E043 		bic	r3, r3, #28672
 823 003c 23F04003 		bic	r3, r3, #64
 824 0040 83F02003 		eor	r3, r3, #32
 825 0044 43F40043 		orr	r3, r3, #32768
 826 0048 43F08003 		orr	r3, r3, #128
 827 004c 20F82230 		strh	r3, [r0, r2, lsl #2]	@ movhi
 828 0050 22E0     		b	.L72
 829              	.L70:
 830 0052 0A78     		ldrb	r2, [r1]	@ zero_extendqisi2
 831 0054 30F82230 		ldrh	r3, [r0, r2, lsl #2]
 832 0058 13F4804F 		tst	r3, #16384
 833 005c 0CD0     		beq	.L73
 834 005e 30F82230 		ldrh	r3, [r0, r2, lsl #2]
 835 0062 9BB2     		uxth	r3, r3
 836 0064 23F4E043 		bic	r3, r3, #28672
 837 0068 23F07003 		bic	r3, r3, #112
 838 006c 43F44043 		orr	r3, r3, #49152
 839 0070 43F08003 		orr	r3, r3, #128
 840 0074 20F82230 		strh	r3, [r0, r2, lsl #2]	@ movhi
 841              	.L73:
 842 0078 0A78     		ldrb	r2, [r1]	@ zero_extendqisi2
 843 007a 30F82230 		ldrh	r3, [r0, r2, lsl #2]
 844 007e 9BB2     		uxth	r3, r3
 845 0080 23F48043 		bic	r3, r3, #16384
 846 0084 23F07003 		bic	r3, r3, #112
 847 0088 83F44053 		eor	r3, r3, #12288
 848 008c 43F40043 		orr	r3, r3, #32768
 849 0090 43F08003 		orr	r3, r3, #128
 850 0094 20F82230 		strh	r3, [r0, r2, lsl #2]	@ movhi
 851              	.L72:
 852 0098 0020     		movs	r0, #0
 853 009a 7047     		bx	lr
 855              		.section	.text.USB_EPStopXfer,"ax",%progbits
 856              		.align	1
 857              		.global	USB_EPStopXfer
 858              		.syntax unified
 859              		.thumb
 860              		.thumb_func
 862              	USB_EPStopXfer:
 863              		@ args = 0, pretend = 0, frame = 0
 864              		@ frame_needed = 0, uses_anonymous_args = 0
 865              		@ link register save eliminated.
 866 0000 4B78     		ldrb	r3, [r1, #1]	@ zero_extendqisi2
 867 0002 012B     		cmp	r3, #1
 868 0004 16D0     		beq	.L79
 869 0006 0B7B     		ldrb	r3, [r1, #12]	@ zero_extendqisi2
 870 0008 93B9     		cbnz	r3, .L76
 871 000a CB78     		ldrb	r3, [r1, #3]	@ zero_extendqisi2
 872 000c 012B     		cmp	r3, #1
 873 000e 37D0     		beq	.L78
 874 0010 0A78     		ldrb	r2, [r1]	@ zero_extendqisi2
 875 0012 30F82230 		ldrh	r3, [r0, r2, lsl #2]
 876 0016 9BB2     		uxth	r3, r3
 877 0018 23F48043 		bic	r3, r3, #16384
 878 001c 23F07003 		bic	r3, r3, #112
ARM GAS  C:\Users\kroko\AppData\Local\Temp\ccfF5m5L.s 			page 16


 879 0020 83F40053 		eor	r3, r3, #8192
 880 0024 43F40043 		orr	r3, r3, #32768
 881 0028 43F08003 		orr	r3, r3, #128
 882 002c 20F82230 		strh	r3, [r0, r2, lsl #2]	@ movhi
 883              	.L76:
 884 0030 0020     		movs	r0, #0
 885 0032 7047     		bx	lr
 886              	.L79:
 887 0034 0B7B     		ldrb	r3, [r1, #12]	@ zero_extendqisi2
 888 0036 002B     		cmp	r3, #0
 889 0038 FAD1     		bne	.L76
 890 003a CB78     		ldrb	r3, [r1, #3]	@ zero_extendqisi2
 891 003c 012B     		cmp	r3, #1
 892 003e 10D0     		beq	.L77
 893 0040 0A78     		ldrb	r2, [r1]	@ zero_extendqisi2
 894 0042 30F82230 		ldrh	r3, [r0, r2, lsl #2]
 895 0046 9BB2     		uxth	r3, r3
 896 0048 23F4E043 		bic	r3, r3, #28672
 897 004c 23F04003 		bic	r3, r3, #64
 898 0050 83F02003 		eor	r3, r3, #32
 899 0054 43F40043 		orr	r3, r3, #32768
 900 0058 43F08003 		orr	r3, r3, #128
 901 005c 20F82230 		strh	r3, [r0, r2, lsl #2]	@ movhi
 902 0060 E6E7     		b	.L76
 903              	.L77:
 904 0062 0A78     		ldrb	r2, [r1]	@ zero_extendqisi2
 905 0064 30F82230 		ldrh	r3, [r0, r2, lsl #2]
 906 0068 9BB2     		uxth	r3, r3
 907 006a 23F4E043 		bic	r3, r3, #28672
 908 006e 23F04003 		bic	r3, r3, #64
 909 0072 43F40043 		orr	r3, r3, #32768
 910 0076 43F08003 		orr	r3, r3, #128
 911 007a 20F82230 		strh	r3, [r0, r2, lsl #2]	@ movhi
 912 007e D7E7     		b	.L76
 913              	.L78:
 914 0080 0A78     		ldrb	r2, [r1]	@ zero_extendqisi2
 915 0082 30F82230 		ldrh	r3, [r0, r2, lsl #2]
 916 0086 9BB2     		uxth	r3, r3
 917 0088 23F48043 		bic	r3, r3, #16384
 918 008c 23F07003 		bic	r3, r3, #112
 919 0090 43F40043 		orr	r3, r3, #32768
 920 0094 43F08003 		orr	r3, r3, #128
 921 0098 20F82230 		strh	r3, [r0, r2, lsl #2]	@ movhi
 922 009c C8E7     		b	.L76
 924              		.section	.text.USB_StopDevice,"ax",%progbits
 925              		.align	1
 926              		.global	USB_StopDevice
 927              		.syntax unified
 928              		.thumb
 929              		.thumb_func
 931              	USB_StopDevice:
 932              		@ args = 0, pretend = 0, frame = 0
 933              		@ frame_needed = 0, uses_anonymous_args = 0
 934              		@ link register save eliminated.
 935 0000 0346     		mov	r3, r0
 936 0002 0122     		movs	r2, #1
 937 0004 A0F84020 		strh	r2, [r0, #64]	@ movhi
ARM GAS  C:\Users\kroko\AppData\Local\Temp\ccfF5m5L.s 			page 17


 938 0008 0020     		movs	r0, #0
 939 000a A3F84400 		strh	r0, [r3, #68]	@ movhi
 940 000e 0322     		movs	r2, #3
 941 0010 A3F84020 		strh	r2, [r3, #64]	@ movhi
 942 0014 7047     		bx	lr
 944              		.section	.text.USB_SetDevAddress,"ax",%progbits
 945              		.align	1
 946              		.global	USB_SetDevAddress
 947              		.syntax unified
 948              		.thumb
 949              		.thumb_func
 951              	USB_SetDevAddress:
 952              		@ args = 0, pretend = 0, frame = 0
 953              		@ frame_needed = 0, uses_anonymous_args = 0
 954              		@ link register save eliminated.
 955 0000 11B9     		cbnz	r1, .L82
 956 0002 8023     		movs	r3, #128
 957 0004 A0F84C30 		strh	r3, [r0, #76]	@ movhi
 958              	.L82:
 959 0008 0020     		movs	r0, #0
 960 000a 7047     		bx	lr
 962              		.section	.text.USB_DevConnect,"ax",%progbits
 963              		.align	1
 964              		.global	USB_DevConnect
 965              		.syntax unified
 966              		.thumb
 967              		.thumb_func
 969              	USB_DevConnect:
 970              		@ args = 0, pretend = 0, frame = 0
 971              		@ frame_needed = 0, uses_anonymous_args = 0
 972              		@ link register save eliminated.
 973 0000 B0F85830 		ldrh	r3, [r0, #88]
 974 0004 6FEA4343 		mvn	r3, r3, lsl #17
 975 0008 6FEA5343 		mvn	r3, r3, lsr #17
 976 000c 9BB2     		uxth	r3, r3
 977 000e A0F85830 		strh	r3, [r0, #88]	@ movhi
 978 0012 0020     		movs	r0, #0
 979 0014 7047     		bx	lr
 981              		.section	.text.USB_DevDisconnect,"ax",%progbits
 982              		.align	1
 983              		.global	USB_DevDisconnect
 984              		.syntax unified
 985              		.thumb
 986              		.thumb_func
 988              	USB_DevDisconnect:
 989              		@ args = 0, pretend = 0, frame = 0
 990              		@ frame_needed = 0, uses_anonymous_args = 0
 991              		@ link register save eliminated.
 992 0000 B0F85830 		ldrh	r3, [r0, #88]
 993 0004 C3F30E03 		ubfx	r3, r3, #0, #15
 994 0008 A0F85830 		strh	r3, [r0, #88]	@ movhi
 995 000c 0020     		movs	r0, #0
 996 000e 7047     		bx	lr
 998              		.section	.text.USB_ReadInterrupts,"ax",%progbits
 999              		.align	1
 1000              		.global	USB_ReadInterrupts
 1001              		.syntax unified
ARM GAS  C:\Users\kroko\AppData\Local\Temp\ccfF5m5L.s 			page 18


 1002              		.thumb
 1003              		.thumb_func
 1005              	USB_ReadInterrupts:
 1006              		@ args = 0, pretend = 0, frame = 0
 1007              		@ frame_needed = 0, uses_anonymous_args = 0
 1008              		@ link register save eliminated.
 1009 0000 B0F84400 		ldrh	r0, [r0, #68]
 1010 0004 80B2     		uxth	r0, r0
 1011 0006 7047     		bx	lr
 1013              		.section	.text.USB_ReadDevAllOutEpInterrupt,"ax",%progbits
 1014              		.align	1
 1015              		.global	USB_ReadDevAllOutEpInterrupt
 1016              		.syntax unified
 1017              		.thumb
 1018              		.thumb_func
 1020              	USB_ReadDevAllOutEpInterrupt:
 1021              		@ args = 0, pretend = 0, frame = 0
 1022              		@ frame_needed = 0, uses_anonymous_args = 0
 1023              		@ link register save eliminated.
 1024 0000 0020     		movs	r0, #0
 1025 0002 7047     		bx	lr
 1027              		.section	.text.USB_ReadDevAllInEpInterrupt,"ax",%progbits
 1028              		.align	1
 1029              		.global	USB_ReadDevAllInEpInterrupt
 1030              		.syntax unified
 1031              		.thumb
 1032              		.thumb_func
 1034              	USB_ReadDevAllInEpInterrupt:
 1035              		@ args = 0, pretend = 0, frame = 0
 1036              		@ frame_needed = 0, uses_anonymous_args = 0
 1037              		@ link register save eliminated.
 1038 0000 0020     		movs	r0, #0
 1039 0002 7047     		bx	lr
 1041              		.section	.text.USB_ReadDevOutEPInterrupt,"ax",%progbits
 1042              		.align	1
 1043              		.global	USB_ReadDevOutEPInterrupt
 1044              		.syntax unified
 1045              		.thumb
 1046              		.thumb_func
 1048              	USB_ReadDevOutEPInterrupt:
 1049              		@ args = 0, pretend = 0, frame = 0
 1050              		@ frame_needed = 0, uses_anonymous_args = 0
 1051              		@ link register save eliminated.
 1052 0000 0020     		movs	r0, #0
 1053 0002 7047     		bx	lr
 1055              		.section	.text.USB_ReadDevInEPInterrupt,"ax",%progbits
 1056              		.align	1
 1057              		.global	USB_ReadDevInEPInterrupt
 1058              		.syntax unified
 1059              		.thumb
 1060              		.thumb_func
 1062              	USB_ReadDevInEPInterrupt:
 1063              		@ args = 0, pretend = 0, frame = 0
 1064              		@ frame_needed = 0, uses_anonymous_args = 0
 1065              		@ link register save eliminated.
 1066 0000 0020     		movs	r0, #0
 1067 0002 7047     		bx	lr
ARM GAS  C:\Users\kroko\AppData\Local\Temp\ccfF5m5L.s 			page 19


 1069              		.section	.text.USB_ClearInterrupts,"ax",%progbits
 1070              		.align	1
 1071              		.global	USB_ClearInterrupts
 1072              		.syntax unified
 1073              		.thumb
 1074              		.thumb_func
 1076              	USB_ClearInterrupts:
 1077              		@ args = 0, pretend = 0, frame = 0
 1078              		@ frame_needed = 0, uses_anonymous_args = 0
 1079              		@ link register save eliminated.
 1080 0000 7047     		bx	lr
 1082              		.section	.text.USB_EP0_OutStart,"ax",%progbits
 1083              		.align	1
 1084              		.global	USB_EP0_OutStart
 1085              		.syntax unified
 1086              		.thumb
 1087              		.thumb_func
 1089              	USB_EP0_OutStart:
 1090              		@ args = 0, pretend = 0, frame = 0
 1091              		@ frame_needed = 0, uses_anonymous_args = 0
 1092              		@ link register save eliminated.
 1093 0000 0020     		movs	r0, #0
 1094 0002 7047     		bx	lr
 1096              		.section	.text.USB_ActivateRemoteWakeup,"ax",%progbits
 1097              		.align	1
 1098              		.global	USB_ActivateRemoteWakeup
 1099              		.syntax unified
 1100              		.thumb
 1101              		.thumb_func
 1103              	USB_ActivateRemoteWakeup:
 1104              		@ args = 0, pretend = 0, frame = 0
 1105              		@ frame_needed = 0, uses_anonymous_args = 0
 1106              		@ link register save eliminated.
 1107 0000 B0F84030 		ldrh	r3, [r0, #64]
 1108 0004 9BB2     		uxth	r3, r3
 1109 0006 43F01003 		orr	r3, r3, #16
 1110 000a A0F84030 		strh	r3, [r0, #64]	@ movhi
 1111 000e 0020     		movs	r0, #0
 1112 0010 7047     		bx	lr
 1114              		.section	.text.USB_DeActivateRemoteWakeup,"ax",%progbits
 1115              		.align	1
 1116              		.global	USB_DeActivateRemoteWakeup
 1117              		.syntax unified
 1118              		.thumb
 1119              		.thumb_func
 1121              	USB_DeActivateRemoteWakeup:
 1122              		@ args = 0, pretend = 0, frame = 0
 1123              		@ frame_needed = 0, uses_anonymous_args = 0
 1124              		@ link register save eliminated.
 1125 0000 B0F84030 		ldrh	r3, [r0, #64]
 1126 0004 9BB2     		uxth	r3, r3
 1127 0006 23F01003 		bic	r3, r3, #16
 1128 000a 9BB2     		uxth	r3, r3
 1129 000c A0F84030 		strh	r3, [r0, #64]	@ movhi
 1130 0010 0020     		movs	r0, #0
 1131 0012 7047     		bx	lr
 1133              		.section	.text.USB_WritePMA,"ax",%progbits
ARM GAS  C:\Users\kroko\AppData\Local\Temp\ccfF5m5L.s 			page 20


 1134              		.align	1
 1135              		.global	USB_WritePMA
 1136              		.syntax unified
 1137              		.thumb
 1138              		.thumb_func
 1140              	USB_WritePMA:
 1141              		@ args = 0, pretend = 0, frame = 0
 1142              		@ frame_needed = 0, uses_anonymous_args = 0
 1143              		@ link register save eliminated.
 1144 0000 0133     		adds	r3, r3, #1
 1145 0002 5B08     		lsrs	r3, r3, #1
 1146 0004 0244     		add	r2, r2, r0
 1147 0006 02F58062 		add	r2, r2, #1024
 1148 000a 08E0     		b	.L95
 1149              	.L96:
 1150 000c 0878     		ldrb	r0, [r1]	@ zero_extendqisi2
 1151 000e 91F801C0 		ldrb	ip, [r1, #1]	@ zero_extendqisi2
 1152 0012 40EA0C20 		orr	r0, r0, ip, lsl #8
 1153 0016 22F8020B 		strh	r0, [r2], #2	@ movhi
 1154 001a 0231     		adds	r1, r1, #2
 1155 001c 013B     		subs	r3, r3, #1
 1156              	.L95:
 1157 001e 002B     		cmp	r3, #0
 1158 0020 F4D1     		bne	.L96
 1159 0022 7047     		bx	lr
 1161              		.section	.text.USB_EPStartXfer,"ax",%progbits
 1162              		.align	1
 1163              		.global	USB_EPStartXfer
 1164              		.syntax unified
 1165              		.thumb
 1166              		.thumb_func
 1168              	USB_EPStartXfer:
 1169              		@ args = 0, pretend = 0, frame = 0
 1170              		@ frame_needed = 0, uses_anonymous_args = 0
 1171 0000 70B5     		push	{r4, r5, r6, lr}
 1172 0002 0546     		mov	r5, r0
 1173 0004 0C46     		mov	r4, r1
 1174 0006 4B78     		ldrb	r3, [r1, #1]	@ zero_extendqisi2
 1175 0008 012B     		cmp	r3, #1
 1176 000a 1AD0     		beq	.L157
 1177 000c 0B7B     		ldrb	r3, [r1, #12]	@ zero_extendqisi2
 1178 000e 002B     		cmp	r3, #0
 1179 0010 40F09282 		bne	.L147
 1180 0014 8B69     		ldr	r3, [r1, #24]
 1181 0016 002B     		cmp	r3, #0
 1182 0018 40F06582 		bne	.L148
 1183 001c CB78     		ldrb	r3, [r1, #3]	@ zero_extendqisi2
 1184 001e 002B     		cmp	r3, #0
 1185 0020 40F06182 		bne	.L148
 1186 0024 0A78     		ldrb	r2, [r1]	@ zero_extendqisi2
 1187 0026 30F82230 		ldrh	r3, [r0, r2, lsl #2]
 1188 002a 9BB2     		uxth	r3, r3
 1189 002c 23F4E043 		bic	r3, r3, #28672
 1190 0030 23F07003 		bic	r3, r3, #112
 1191 0034 43F40143 		orr	r3, r3, #33024
 1192 0038 43F08003 		orr	r3, r3, #128
 1193 003c 20F82230 		strh	r3, [r0, r2, lsl #2]	@ movhi
ARM GAS  C:\Users\kroko\AppData\Local\Temp\ccfF5m5L.s 			page 21


 1194 0040 5FE2     		b	.L149
 1195              	.L157:
 1196 0042 8E69     		ldr	r6, [r1, #24]
 1197 0044 0A69     		ldr	r2, [r1, #16]
 1198 0046 9642     		cmp	r6, r2
 1199 0048 00D9     		bls	.L99
 1200 004a 1646     		mov	r6, r2
 1201              	.L99:
 1202 004c 217B     		ldrb	r1, [r4, #12]	@ zero_extendqisi2
 1203 004e 41B3     		cbz	r1, .L158
 1204 0050 E178     		ldrb	r1, [r4, #3]	@ zero_extendqisi2
 1205 0052 0229     		cmp	r1, #2
 1206 0054 47D0     		beq	.L159
 1207 0056 226A     		ldr	r2, [r4, #32]
 1208 0058 921B     		subs	r2, r2, r6
 1209 005a 2262     		str	r2, [r4, #32]
 1210 005c 2278     		ldrb	r2, [r4]	@ zero_extendqisi2
 1211 005e 35F82210 		ldrh	r1, [r5, r2, lsl #2]
 1212 0062 11F0400F 		tst	r1, #64
 1213 0066 00F0F681 		beq	.L133
 1214 006a 002B     		cmp	r3, #0
 1215 006c 40F0E381 		bne	.L134
 1216 0070 B5F85030 		ldrh	r3, [r5, #80]
 1217 0074 15FA83F3 		uxtah	r3, r5, r3
 1218 0078 03EBC202 		add	r2, r3, r2, lsl #3
 1219 007c B2F80634 		ldrh	r3, [r2, #1030]
 1220 0080 C3F30903 		ubfx	r3, r3, #0, #10
 1221 0084 A2F80634 		strh	r3, [r2, #1030]	@ movhi
 1222 0088 002E     		cmp	r6, #0
 1223 008a 40F0B481 		bne	.L135
 1224 008e B2F80634 		ldrh	r3, [r2, #1030]
 1225 0092 6FEA4343 		mvn	r3, r3, lsl #17
 1226 0096 6FEA5343 		mvn	r3, r3, lsr #17
 1227 009a 9BB2     		uxth	r3, r3
 1228 009c A2F80634 		strh	r3, [r2, #1030]	@ movhi
 1229 00a0 D2E1     		b	.L136
 1230              	.L158:
 1231 00a2 B6B2     		uxth	r6, r6
 1232 00a4 3346     		mov	r3, r6
 1233 00a6 E288     		ldrh	r2, [r4, #6]
 1234 00a8 6169     		ldr	r1, [r4, #20]
 1235 00aa 2846     		mov	r0, r5
 1236 00ac FFF7FEFF 		bl	USB_WritePMA
 1237 00b0 B5F85030 		ldrh	r3, [r5, #80]
 1238 00b4 15FA83F3 		uxtah	r3, r5, r3
 1239 00b8 2278     		ldrb	r2, [r4]	@ zero_extendqisi2
 1240 00ba 03EBC203 		add	r3, r3, r2, lsl #3
 1241 00be A3F80264 		strh	r6, [r3, #1026]	@ movhi
 1242              	.L101:
 1243 00c2 2278     		ldrb	r2, [r4]	@ zero_extendqisi2
 1244 00c4 35F82230 		ldrh	r3, [r5, r2, lsl #2]
 1245 00c8 9BB2     		uxth	r3, r3
 1246 00ca 23F4E043 		bic	r3, r3, #28672
 1247 00ce 23F04003 		bic	r3, r3, #64
 1248 00d2 83F03003 		eor	r3, r3, #48
 1249 00d6 43F40043 		orr	r3, r3, #32768
 1250 00da 43F08003 		orr	r3, r3, #128
ARM GAS  C:\Users\kroko\AppData\Local\Temp\ccfF5m5L.s 			page 22


 1251 00de 25F82230 		strh	r3, [r5, r2, lsl #2]	@ movhi
 1252 00e2 0020     		movs	r0, #0
 1253 00e4 24E2     		b	.L146
 1254              	.L159:
 1255 00e6 236A     		ldr	r3, [r4, #32]
 1256 00e8 9A42     		cmp	r2, r3
 1257 00ea 80F06681 		bcs	.L103
 1258 00ee 2278     		ldrb	r2, [r4]	@ zero_extendqisi2
 1259 00f0 35F82230 		ldrh	r3, [r5, r2, lsl #2]
 1260 00f4 9BB2     		uxth	r3, r3
 1261 00f6 23F4E043 		bic	r3, r3, #28672
 1262 00fa 23F07003 		bic	r3, r3, #112
 1263 00fe 43F40143 		orr	r3, r3, #33024
 1264 0102 43F08003 		orr	r3, r3, #128
 1265 0106 25F82230 		strh	r3, [r5, r2, lsl #2]	@ movhi
 1266 010a 236A     		ldr	r3, [r4, #32]
 1267 010c 9B1B     		subs	r3, r3, r6
 1268 010e 2362     		str	r3, [r4, #32]
 1269 0110 2378     		ldrb	r3, [r4]	@ zero_extendqisi2
 1270 0112 35F82320 		ldrh	r2, [r5, r3, lsl #2]
 1271 0116 12F0400F 		tst	r2, #64
 1272 011a 00F0A780 		beq	.L104
 1273 011e 6278     		ldrb	r2, [r4, #1]	@ zero_extendqisi2
 1274 0120 B2BB     		cbnz	r2, .L105
 1275 0122 B5F85020 		ldrh	r2, [r5, #80]
 1276 0126 15FA82F2 		uxtah	r2, r5, r2
 1277 012a 02EBC303 		add	r3, r2, r3, lsl #3
 1278 012e B3F80624 		ldrh	r2, [r3, #1030]
 1279 0132 C2F30902 		ubfx	r2, r2, #0, #10
 1280 0136 A3F80624 		strh	r2, [r3, #1030]	@ movhi
 1281 013a 4EB9     		cbnz	r6, .L106
 1282 013c B3F80624 		ldrh	r2, [r3, #1030]
 1283 0140 6FEA4242 		mvn	r2, r2, lsl #17
 1284 0144 6FEA5242 		mvn	r2, r2, lsr #17
 1285 0148 92B2     		uxth	r2, r2
 1286 014a A3F80624 		strh	r2, [r3, #1030]	@ movhi
 1287 014e 21E0     		b	.L107
 1288              	.L106:
 1289 0150 3E2E     		cmp	r6, #62
 1290 0152 0DD8     		bhi	.L108
 1291 0154 7208     		lsrs	r2, r6, #1
 1292 0156 16F0010F 		tst	r6, #1
 1293 015a 00D0     		beq	.L109
 1294 015c 0132     		adds	r2, r2, #1
 1295              	.L109:
 1296 015e B3F80614 		ldrh	r1, [r3, #1030]
 1297 0162 89B2     		uxth	r1, r1
 1298 0164 9202     		lsls	r2, r2, #10
 1299 0166 92B2     		uxth	r2, r2
 1300 0168 0A43     		orrs	r2, r2, r1
 1301 016a A3F80624 		strh	r2, [r3, #1030]	@ movhi
 1302 016e 11E0     		b	.L107
 1303              	.L108:
 1304 0170 7109     		lsrs	r1, r6, #5
 1305 0172 16F01F0F 		tst	r6, #31
 1306 0176 00D1     		bne	.L110
 1307 0178 0139     		subs	r1, r1, #1
ARM GAS  C:\Users\kroko\AppData\Local\Temp\ccfF5m5L.s 			page 23


 1308              	.L110:
 1309 017a B3F80624 		ldrh	r2, [r3, #1030]
 1310 017e 92B2     		uxth	r2, r2
 1311 0180 8902     		lsls	r1, r1, #10
 1312 0182 89B2     		uxth	r1, r1
 1313 0184 0A43     		orrs	r2, r2, r1
 1314 0186 42F40042 		orr	r2, r2, #32768
 1315 018a A3F80624 		strh	r2, [r3, #1030]	@ movhi
 1316 018e 01E0     		b	.L107
 1317              	.L105:
 1318 0190 012A     		cmp	r2, #1
 1319 0192 29D0     		beq	.L160
 1320              	.L107:
 1321 0194 B3B2     		uxth	r3, r6
 1322 0196 6289     		ldrh	r2, [r4, #10]
 1323 0198 6169     		ldr	r1, [r4, #20]
 1324 019a 2846     		mov	r0, r5
 1325 019c FFF7FEFF 		bl	USB_WritePMA
 1326 01a0 6369     		ldr	r3, [r4, #20]
 1327 01a2 3344     		add	r3, r3, r6
 1328 01a4 6361     		str	r3, [r4, #20]
 1329 01a6 236A     		ldr	r3, [r4, #32]
 1330 01a8 2269     		ldr	r2, [r4, #16]
 1331 01aa 9342     		cmp	r3, r2
 1332 01ac 26D9     		bls	.L111
 1333 01ae 9B1B     		subs	r3, r3, r6
 1334 01b0 2362     		str	r3, [r4, #32]
 1335              	.L112:
 1336 01b2 6378     		ldrb	r3, [r4, #1]	@ zero_extendqisi2
 1337 01b4 002B     		cmp	r3, #0
 1338 01b6 45D1     		bne	.L113
 1339 01b8 B5F85030 		ldrh	r3, [r5, #80]
 1340 01bc 15FA83F3 		uxtah	r3, r5, r3
 1341 01c0 2278     		ldrb	r2, [r4]	@ zero_extendqisi2
 1342 01c2 03EBC203 		add	r3, r3, r2, lsl #3
 1343 01c6 B3F80224 		ldrh	r2, [r3, #1026]
 1344 01ca C2F30902 		ubfx	r2, r2, #0, #10
 1345 01ce A3F80224 		strh	r2, [r3, #1026]	@ movhi
 1346 01d2 BEB9     		cbnz	r6, .L114
 1347 01d4 B3F80224 		ldrh	r2, [r3, #1026]
 1348 01d8 6FEA4242 		mvn	r2, r2, lsl #17
 1349 01dc 6FEA5242 		mvn	r2, r2, lsr #17
 1350 01e0 92B2     		uxth	r2, r2
 1351 01e2 A3F80224 		strh	r2, [r3, #1026]	@ movhi
 1352 01e6 2FE0     		b	.L115
 1353              	.L160:
 1354 01e8 B5F85020 		ldrh	r2, [r5, #80]
 1355 01ec 15FA82F2 		uxtah	r2, r5, r2
 1356 01f0 02EBC303 		add	r3, r2, r3, lsl #3
 1357 01f4 B2B2     		uxth	r2, r6
 1358 01f6 A3F80624 		strh	r2, [r3, #1030]	@ movhi
 1359 01fa CBE7     		b	.L107
 1360              	.L111:
 1361 01fc 0022     		movs	r2, #0
 1362 01fe 2262     		str	r2, [r4, #32]
 1363 0200 1E46     		mov	r6, r3
 1364 0202 D6E7     		b	.L112
ARM GAS  C:\Users\kroko\AppData\Local\Temp\ccfF5m5L.s 			page 24


 1365              	.L114:
 1366 0204 3E2E     		cmp	r6, #62
 1367 0206 0DD8     		bhi	.L116
 1368 0208 7208     		lsrs	r2, r6, #1
 1369 020a 16F0010F 		tst	r6, #1
 1370 020e 00D0     		beq	.L117
 1371 0210 0132     		adds	r2, r2, #1
 1372              	.L117:
 1373 0212 B3F80214 		ldrh	r1, [r3, #1026]
 1374 0216 89B2     		uxth	r1, r1
 1375 0218 9202     		lsls	r2, r2, #10
 1376 021a 92B2     		uxth	r2, r2
 1377 021c 0A43     		orrs	r2, r2, r1
 1378 021e A3F80224 		strh	r2, [r3, #1026]	@ movhi
 1379 0222 11E0     		b	.L115
 1380              	.L116:
 1381 0224 7109     		lsrs	r1, r6, #5
 1382 0226 16F01F0F 		tst	r6, #31
 1383 022a 00D1     		bne	.L118
 1384 022c 0139     		subs	r1, r1, #1
 1385              	.L118:
 1386 022e B3F80224 		ldrh	r2, [r3, #1026]
 1387 0232 92B2     		uxth	r2, r2
 1388 0234 8902     		lsls	r1, r1, #10
 1389 0236 89B2     		uxth	r1, r1
 1390 0238 0A43     		orrs	r2, r2, r1
 1391 023a 42F40042 		orr	r2, r2, #32768
 1392 023e A3F80224 		strh	r2, [r3, #1026]	@ movhi
 1393 0242 01E0     		b	.L115
 1394              	.L113:
 1395 0244 012B     		cmp	r3, #1
 1396 0246 06D0     		beq	.L161
 1397              	.L115:
 1398 0248 B3B2     		uxth	r3, r6
 1399 024a 2289     		ldrh	r2, [r4, #8]
 1400 024c 6169     		ldr	r1, [r4, #20]
 1401 024e 2846     		mov	r0, r5
 1402 0250 FFF7FEFF 		bl	USB_WritePMA
 1403 0254 35E7     		b	.L101
 1404              	.L161:
 1405 0256 B5F85030 		ldrh	r3, [r5, #80]
 1406 025a 15FA83F3 		uxtah	r3, r5, r3
 1407 025e 2278     		ldrb	r2, [r4]	@ zero_extendqisi2
 1408 0260 03EBC203 		add	r3, r3, r2, lsl #3
 1409 0264 B2B2     		uxth	r2, r6
 1410 0266 A3F80224 		strh	r2, [r3, #1026]	@ movhi
 1411 026a EDE7     		b	.L115
 1412              	.L104:
 1413 026c 6278     		ldrb	r2, [r4, #1]	@ zero_extendqisi2
 1414 026e B2BB     		cbnz	r2, .L119
 1415 0270 B5F85020 		ldrh	r2, [r5, #80]
 1416 0274 15FA82F2 		uxtah	r2, r5, r2
 1417 0278 02EBC303 		add	r3, r2, r3, lsl #3
 1418 027c B3F80224 		ldrh	r2, [r3, #1026]
 1419 0280 C2F30902 		ubfx	r2, r2, #0, #10
 1420 0284 A3F80224 		strh	r2, [r3, #1026]	@ movhi
 1421 0288 4EB9     		cbnz	r6, .L120
ARM GAS  C:\Users\kroko\AppData\Local\Temp\ccfF5m5L.s 			page 25


 1422 028a B3F80224 		ldrh	r2, [r3, #1026]
 1423 028e 6FEA4242 		mvn	r2, r2, lsl #17
 1424 0292 6FEA5242 		mvn	r2, r2, lsr #17
 1425 0296 92B2     		uxth	r2, r2
 1426 0298 A3F80224 		strh	r2, [r3, #1026]	@ movhi
 1427 029c 21E0     		b	.L121
 1428              	.L120:
 1429 029e 3E2E     		cmp	r6, #62
 1430 02a0 0DD8     		bhi	.L122
 1431 02a2 7208     		lsrs	r2, r6, #1
 1432 02a4 16F0010F 		tst	r6, #1
 1433 02a8 00D0     		beq	.L123
 1434 02aa 0132     		adds	r2, r2, #1
 1435              	.L123:
 1436 02ac B3F80214 		ldrh	r1, [r3, #1026]
 1437 02b0 89B2     		uxth	r1, r1
 1438 02b2 9202     		lsls	r2, r2, #10
 1439 02b4 92B2     		uxth	r2, r2
 1440 02b6 0A43     		orrs	r2, r2, r1
 1441 02b8 A3F80224 		strh	r2, [r3, #1026]	@ movhi
 1442 02bc 11E0     		b	.L121
 1443              	.L122:
 1444 02be 7109     		lsrs	r1, r6, #5
 1445 02c0 16F01F0F 		tst	r6, #31
 1446 02c4 00D1     		bne	.L124
 1447 02c6 0139     		subs	r1, r1, #1
 1448              	.L124:
 1449 02c8 B3F80224 		ldrh	r2, [r3, #1026]
 1450 02cc 92B2     		uxth	r2, r2
 1451 02ce 8902     		lsls	r1, r1, #10
 1452 02d0 89B2     		uxth	r1, r1
 1453 02d2 0A43     		orrs	r2, r2, r1
 1454 02d4 42F40042 		orr	r2, r2, #32768
 1455 02d8 A3F80224 		strh	r2, [r3, #1026]	@ movhi
 1456 02dc 01E0     		b	.L121
 1457              	.L119:
 1458 02de 012A     		cmp	r2, #1
 1459 02e0 29D0     		beq	.L162
 1460              	.L121:
 1461 02e2 B3B2     		uxth	r3, r6
 1462 02e4 2289     		ldrh	r2, [r4, #8]
 1463 02e6 6169     		ldr	r1, [r4, #20]
 1464 02e8 2846     		mov	r0, r5
 1465 02ea FFF7FEFF 		bl	USB_WritePMA
 1466 02ee 6369     		ldr	r3, [r4, #20]
 1467 02f0 3344     		add	r3, r3, r6
 1468 02f2 6361     		str	r3, [r4, #20]
 1469 02f4 236A     		ldr	r3, [r4, #32]
 1470 02f6 2269     		ldr	r2, [r4, #16]
 1471 02f8 9342     		cmp	r3, r2
 1472 02fa 26D9     		bls	.L125
 1473 02fc 9B1B     		subs	r3, r3, r6
 1474 02fe 2362     		str	r3, [r4, #32]
 1475              	.L126:
 1476 0300 6378     		ldrb	r3, [r4, #1]	@ zero_extendqisi2
 1477 0302 002B     		cmp	r3, #0
 1478 0304 45D1     		bne	.L127
ARM GAS  C:\Users\kroko\AppData\Local\Temp\ccfF5m5L.s 			page 26


 1479 0306 B5F85030 		ldrh	r3, [r5, #80]
 1480 030a 15FA83F3 		uxtah	r3, r5, r3
 1481 030e 2278     		ldrb	r2, [r4]	@ zero_extendqisi2
 1482 0310 03EBC203 		add	r3, r3, r2, lsl #3
 1483 0314 B3F80624 		ldrh	r2, [r3, #1030]
 1484 0318 C2F30902 		ubfx	r2, r2, #0, #10
 1485 031c A3F80624 		strh	r2, [r3, #1030]	@ movhi
 1486 0320 BEB9     		cbnz	r6, .L128
 1487 0322 B3F80624 		ldrh	r2, [r3, #1030]
 1488 0326 6FEA4242 		mvn	r2, r2, lsl #17
 1489 032a 6FEA5242 		mvn	r2, r2, lsr #17
 1490 032e 92B2     		uxth	r2, r2
 1491 0330 A3F80624 		strh	r2, [r3, #1030]	@ movhi
 1492 0334 2FE0     		b	.L129
 1493              	.L162:
 1494 0336 B5F85020 		ldrh	r2, [r5, #80]
 1495 033a 15FA82F2 		uxtah	r2, r5, r2
 1496 033e 02EBC303 		add	r3, r2, r3, lsl #3
 1497 0342 B2B2     		uxth	r2, r6
 1498 0344 A3F80224 		strh	r2, [r3, #1026]	@ movhi
 1499 0348 CBE7     		b	.L121
 1500              	.L125:
 1501 034a 0022     		movs	r2, #0
 1502 034c 2262     		str	r2, [r4, #32]
 1503 034e 1E46     		mov	r6, r3
 1504 0350 D6E7     		b	.L126
 1505              	.L128:
 1506 0352 3E2E     		cmp	r6, #62
 1507 0354 0DD8     		bhi	.L130
 1508 0356 7208     		lsrs	r2, r6, #1
 1509 0358 16F0010F 		tst	r6, #1
 1510 035c 00D0     		beq	.L131
 1511 035e 0132     		adds	r2, r2, #1
 1512              	.L131:
 1513 0360 B3F80614 		ldrh	r1, [r3, #1030]
 1514 0364 89B2     		uxth	r1, r1
 1515 0366 9202     		lsls	r2, r2, #10
 1516 0368 92B2     		uxth	r2, r2
 1517 036a 0A43     		orrs	r2, r2, r1
 1518 036c A3F80624 		strh	r2, [r3, #1030]	@ movhi
 1519 0370 11E0     		b	.L129
 1520              	.L130:
 1521 0372 7109     		lsrs	r1, r6, #5
 1522 0374 16F01F0F 		tst	r6, #31
 1523 0378 00D1     		bne	.L132
 1524 037a 0139     		subs	r1, r1, #1
 1525              	.L132:
 1526 037c B3F80624 		ldrh	r2, [r3, #1030]
 1527 0380 92B2     		uxth	r2, r2
 1528 0382 8902     		lsls	r1, r1, #10
 1529 0384 89B2     		uxth	r1, r1
 1530 0386 0A43     		orrs	r2, r2, r1
 1531 0388 42F40042 		orr	r2, r2, #32768
 1532 038c A3F80624 		strh	r2, [r3, #1030]	@ movhi
 1533 0390 01E0     		b	.L129
 1534              	.L127:
 1535 0392 012B     		cmp	r3, #1
ARM GAS  C:\Users\kroko\AppData\Local\Temp\ccfF5m5L.s 			page 27


 1536 0394 06D0     		beq	.L163
 1537              	.L129:
 1538 0396 B3B2     		uxth	r3, r6
 1539 0398 6289     		ldrh	r2, [r4, #10]
 1540 039a 6169     		ldr	r1, [r4, #20]
 1541 039c 2846     		mov	r0, r5
 1542 039e FFF7FEFF 		bl	USB_WritePMA
 1543 03a2 8EE6     		b	.L101
 1544              	.L163:
 1545 03a4 B5F85030 		ldrh	r3, [r5, #80]
 1546 03a8 15FA83F3 		uxtah	r3, r5, r3
 1547 03ac 2278     		ldrb	r2, [r4]	@ zero_extendqisi2
 1548 03ae 03EBC203 		add	r3, r3, r2, lsl #3
 1549 03b2 B2B2     		uxth	r2, r6
 1550 03b4 A3F80624 		strh	r2, [r3, #1030]	@ movhi
 1551 03b8 EDE7     		b	.L129
 1552              	.L103:
 1553 03ba 2178     		ldrb	r1, [r4]	@ zero_extendqisi2
 1554 03bc 35F82120 		ldrh	r2, [r5, r1, lsl #2]
 1555 03c0 92B2     		uxth	r2, r2
 1556 03c2 22F4E242 		bic	r2, r2, #28928
 1557 03c6 22F07002 		bic	r2, r2, #112
 1558 03ca 42F40042 		orr	r2, r2, #32768
 1559 03ce 42F08002 		orr	r2, r2, #128
 1560 03d2 25F82120 		strh	r2, [r5, r1, lsl #2]	@ movhi
 1561 03d6 B5F85020 		ldrh	r2, [r5, #80]
 1562 03da 15FA82F2 		uxtah	r2, r5, r2
 1563 03de 2178     		ldrb	r1, [r4]	@ zero_extendqisi2
 1564 03e0 02EBC102 		add	r2, r2, r1, lsl #3
 1565 03e4 9BB2     		uxth	r3, r3
 1566 03e6 A2F80234 		strh	r3, [r2, #1026]	@ movhi
 1567 03ea 2289     		ldrh	r2, [r4, #8]
 1568 03ec 6169     		ldr	r1, [r4, #20]
 1569 03ee 2846     		mov	r0, r5
 1570 03f0 FFF7FEFF 		bl	USB_WritePMA
 1571 03f4 65E6     		b	.L101
 1572              	.L135:
 1573 03f6 3E2E     		cmp	r6, #62
 1574 03f8 0DD8     		bhi	.L137
 1575 03fa 7308     		lsrs	r3, r6, #1
 1576 03fc 16F0010F 		tst	r6, #1
 1577 0400 00D0     		beq	.L138
 1578 0402 0133     		adds	r3, r3, #1
 1579              	.L138:
 1580 0404 B2F80614 		ldrh	r1, [r2, #1030]
 1581 0408 89B2     		uxth	r1, r1
 1582 040a 9B02     		lsls	r3, r3, #10
 1583 040c 9BB2     		uxth	r3, r3
 1584 040e 0B43     		orrs	r3, r3, r1
 1585 0410 A2F80634 		strh	r3, [r2, #1030]	@ movhi
 1586 0414 18E0     		b	.L136
 1587              	.L137:
 1588 0416 7109     		lsrs	r1, r6, #5
 1589 0418 16F01F0F 		tst	r6, #31
 1590 041c 00D1     		bne	.L139
 1591 041e 0139     		subs	r1, r1, #1
 1592              	.L139:
ARM GAS  C:\Users\kroko\AppData\Local\Temp\ccfF5m5L.s 			page 28


 1593 0420 B2F80634 		ldrh	r3, [r2, #1030]
 1594 0424 9BB2     		uxth	r3, r3
 1595 0426 8902     		lsls	r1, r1, #10
 1596 0428 89B2     		uxth	r1, r1
 1597 042a 0B43     		orrs	r3, r3, r1
 1598 042c 43F40043 		orr	r3, r3, #32768
 1599 0430 A2F80634 		strh	r3, [r2, #1030]	@ movhi
 1600 0434 08E0     		b	.L136
 1601              	.L134:
 1602 0436 B5F85030 		ldrh	r3, [r5, #80]
 1603 043a 15FA83F3 		uxtah	r3, r5, r3
 1604 043e 03EBC203 		add	r3, r3, r2, lsl #3
 1605 0442 B2B2     		uxth	r2, r6
 1606 0444 A3F80624 		strh	r2, [r3, #1030]	@ movhi
 1607              	.L136:
 1608 0448 B3B2     		uxth	r3, r6
 1609 044a 6289     		ldrh	r2, [r4, #10]
 1610 044c 6169     		ldr	r1, [r4, #20]
 1611 044e 2846     		mov	r0, r5
 1612 0450 FFF7FEFF 		bl	USB_WritePMA
 1613 0454 35E6     		b	.L101
 1614              	.L133:
 1615 0456 B3BB     		cbnz	r3, .L140
 1616 0458 B5F85030 		ldrh	r3, [r5, #80]
 1617 045c 15FA83F3 		uxtah	r3, r5, r3
 1618 0460 03EBC202 		add	r2, r3, r2, lsl #3
 1619 0464 B2F80234 		ldrh	r3, [r2, #1026]
 1620 0468 C3F30903 		ubfx	r3, r3, #0, #10
 1621 046c A2F80234 		strh	r3, [r2, #1026]	@ movhi
 1622 0470 4EB9     		cbnz	r6, .L141
 1623 0472 B2F80234 		ldrh	r3, [r2, #1026]
 1624 0476 6FEA4343 		mvn	r3, r3, lsl #17
 1625 047a 6FEA5343 		mvn	r3, r3, lsr #17
 1626 047e 9BB2     		uxth	r3, r3
 1627 0480 A2F80234 		strh	r3, [r2, #1026]	@ movhi
 1628 0484 28E0     		b	.L142
 1629              	.L141:
 1630 0486 3E2E     		cmp	r6, #62
 1631 0488 0DD8     		bhi	.L143
 1632 048a 7308     		lsrs	r3, r6, #1
 1633 048c 16F0010F 		tst	r6, #1
 1634 0490 00D0     		beq	.L144
 1635 0492 0133     		adds	r3, r3, #1
 1636              	.L144:
 1637 0494 B2F80214 		ldrh	r1, [r2, #1026]
 1638 0498 89B2     		uxth	r1, r1
 1639 049a 9B02     		lsls	r3, r3, #10
 1640 049c 9BB2     		uxth	r3, r3
 1641 049e 0B43     		orrs	r3, r3, r1
 1642 04a0 A2F80234 		strh	r3, [r2, #1026]	@ movhi
 1643 04a4 18E0     		b	.L142
 1644              	.L143:
 1645 04a6 7109     		lsrs	r1, r6, #5
 1646 04a8 16F01F0F 		tst	r6, #31
 1647 04ac 00D1     		bne	.L145
 1648 04ae 0139     		subs	r1, r1, #1
 1649              	.L145:
ARM GAS  C:\Users\kroko\AppData\Local\Temp\ccfF5m5L.s 			page 29


 1650 04b0 B2F80234 		ldrh	r3, [r2, #1026]
 1651 04b4 9BB2     		uxth	r3, r3
 1652 04b6 8902     		lsls	r1, r1, #10
 1653 04b8 89B2     		uxth	r1, r1
 1654 04ba 0B43     		orrs	r3, r3, r1
 1655 04bc 43F40043 		orr	r3, r3, #32768
 1656 04c0 A2F80234 		strh	r3, [r2, #1026]	@ movhi
 1657 04c4 08E0     		b	.L142
 1658              	.L140:
 1659 04c6 B5F85030 		ldrh	r3, [r5, #80]
 1660 04ca 15FA83F3 		uxtah	r3, r5, r3
 1661 04ce 03EBC203 		add	r3, r3, r2, lsl #3
 1662 04d2 B2B2     		uxth	r2, r6
 1663 04d4 A3F80224 		strh	r2, [r3, #1026]	@ movhi
 1664              	.L142:
 1665 04d8 B3B2     		uxth	r3, r6
 1666 04da 2289     		ldrh	r2, [r4, #8]
 1667 04dc 6169     		ldr	r1, [r4, #20]
 1668 04de 2846     		mov	r0, r5
 1669 04e0 FFF7FEFF 		bl	USB_WritePMA
 1670 04e4 EDE5     		b	.L101
 1671              	.L148:
 1672 04e6 2278     		ldrb	r2, [r4]	@ zero_extendqisi2
 1673 04e8 35F82230 		ldrh	r3, [r5, r2, lsl #2]
 1674 04ec 9BB2     		uxth	r3, r3
 1675 04ee 23F4E243 		bic	r3, r3, #28928
 1676 04f2 23F07003 		bic	r3, r3, #112
 1677 04f6 43F40043 		orr	r3, r3, #32768
 1678 04fa 43F08003 		orr	r3, r3, #128
 1679 04fe 25F82230 		strh	r3, [r5, r2, lsl #2]	@ movhi
 1680              	.L149:
 1681 0502 A369     		ldr	r3, [r4, #24]
 1682 0504 2269     		ldr	r2, [r4, #16]
 1683 0506 9342     		cmp	r3, r2
 1684 0508 13D9     		bls	.L150
 1685 050a 9B1A     		subs	r3, r3, r2
 1686 050c A361     		str	r3, [r4, #24]
 1687              	.L151:
 1688 050e 2278     		ldrb	r2, [r4]	@ zero_extendqisi2
 1689 0510 35F82230 		ldrh	r3, [r5, r2, lsl #2]
 1690 0514 9BB2     		uxth	r3, r3
 1691 0516 23F48043 		bic	r3, r3, #16384
 1692 051a 23F07003 		bic	r3, r3, #112
 1693 051e 83F44053 		eor	r3, r3, #12288
 1694 0522 43F40043 		orr	r3, r3, #32768
 1695 0526 43F08003 		orr	r3, r3, #128
 1696 052a 25F82230 		strh	r3, [r5, r2, lsl #2]	@ movhi
 1697 052e 0020     		movs	r0, #0
 1698              	.L146:
 1699 0530 70BD     		pop	{r4, r5, r6, pc}
 1700              	.L150:
 1701 0532 0023     		movs	r3, #0
 1702 0534 A361     		str	r3, [r4, #24]
 1703 0536 EAE7     		b	.L151
 1704              	.L147:
 1705 0538 CB78     		ldrb	r3, [r1, #3]	@ zero_extendqisi2
 1706 053a 022B     		cmp	r3, #2
ARM GAS  C:\Users\kroko\AppData\Local\Temp\ccfF5m5L.s 			page 30


 1707 053c 04D0     		beq	.L164
 1708 053e 012B     		cmp	r3, #1
 1709 0540 21D1     		bne	.L155
 1710 0542 0023     		movs	r3, #0
 1711 0544 8B61     		str	r3, [r1, #24]
 1712 0546 E2E7     		b	.L151
 1713              	.L164:
 1714 0548 CB69     		ldr	r3, [r1, #28]
 1715 054a 002B     		cmp	r3, #0
 1716 054c DFD0     		beq	.L151
 1717 054e 0A78     		ldrb	r2, [r1]	@ zero_extendqisi2
 1718 0550 30F82230 		ldrh	r3, [r0, r2, lsl #2]
 1719 0554 99B2     		uxth	r1, r3
 1720 0556 13F4804F 		tst	r3, #16384
 1721 055a 10D0     		beq	.L153
 1722 055c 11F0400F 		tst	r1, #64
 1723 0560 D5D0     		beq	.L151
 1724              	.L154:
 1725 0562 35F82230 		ldrh	r3, [r5, r2, lsl #2]
 1726 0566 9BB2     		uxth	r3, r3
 1727 0568 23F4E043 		bic	r3, r3, #28672
 1728 056c 23F07003 		bic	r3, r3, #112
 1729 0570 43F40043 		orr	r3, r3, #32768
 1730 0574 43F0C003 		orr	r3, r3, #192
 1731 0578 25F82230 		strh	r3, [r5, r2, lsl #2]	@ movhi
 1732 057c C7E7     		b	.L151
 1733              	.L153:
 1734 057e 11F0400F 		tst	r1, #64
 1735 0582 C4D1     		bne	.L151
 1736 0584 EDE7     		b	.L154
 1737              	.L155:
 1738 0586 0120     		movs	r0, #1
 1739 0588 D2E7     		b	.L146
 1741              		.section	.text.USB_ReadPMA,"ax",%progbits
 1742              		.align	1
 1743              		.global	USB_ReadPMA
 1744              		.syntax unified
 1745              		.thumb
 1746              		.thumb_func
 1748              	USB_ReadPMA:
 1749              		@ args = 0, pretend = 0, frame = 0
 1750              		@ frame_needed = 0, uses_anonymous_args = 0
 1751              		@ link register save eliminated.
 1752 0000 10B4     		push	{r4}
 1753 0002 5C08     		lsrs	r4, r3, #1
 1754 0004 0244     		add	r2, r2, r0
 1755 0006 02F58062 		add	r2, r2, #1024
 1756 000a 07E0     		b	.L166
 1757              	.L167:
 1758 000c 32F8020B 		ldrh	r0, [r2], #2
 1759 0010 0870     		strb	r0, [r1]
 1760 0012 C0F30720 		ubfx	r0, r0, #8, #8
 1761 0016 4870     		strb	r0, [r1, #1]
 1762 0018 0231     		adds	r1, r1, #2
 1763 001a 013C     		subs	r4, r4, #1
 1764              	.L166:
 1765 001c 002C     		cmp	r4, #0
ARM GAS  C:\Users\kroko\AppData\Local\Temp\ccfF5m5L.s 			page 31


 1766 001e F5D1     		bne	.L167
 1767 0020 13F0010F 		tst	r3, #1
 1768 0024 01D0     		beq	.L165
 1769 0026 1388     		ldrh	r3, [r2]
 1770 0028 0B70     		strb	r3, [r1]
 1771              	.L165:
 1772 002a 5DF8044B 		ldr	r4, [sp], #4
 1773 002e 7047     		bx	lr
 1775              		.ident	"GCC: (Arm GNU Toolchain 14.2.Rel1 (Build arm-14.52)) 14.2.1 20241119"
ARM GAS  C:\Users\kroko\AppData\Local\Temp\ccfF5m5L.s 			page 32


DEFINED SYMBOLS
                            *ABS*:00000000 stm32l4xx_ll_usb.c
C:\Users\kroko\AppData\Local\Temp\ccfF5m5L.s:18     .text.USB_CoreInit:00000000 $t
C:\Users\kroko\AppData\Local\Temp\ccfF5m5L.s:24     .text.USB_CoreInit:00000000 USB_CoreInit
C:\Users\kroko\AppData\Local\Temp\ccfF5m5L.s:37     .text.USB_EnableGlobalInt:00000000 $t
C:\Users\kroko\AppData\Local\Temp\ccfF5m5L.s:43     .text.USB_EnableGlobalInt:00000000 USB_EnableGlobalInt
C:\Users\kroko\AppData\Local\Temp\ccfF5m5L.s:55     .text.USB_DisableGlobalInt:00000000 $t
C:\Users\kroko\AppData\Local\Temp\ccfF5m5L.s:61     .text.USB_DisableGlobalInt:00000000 USB_DisableGlobalInt
C:\Users\kroko\AppData\Local\Temp\ccfF5m5L.s:74     .text.USB_SetCurrentMode:00000000 $t
C:\Users\kroko\AppData\Local\Temp\ccfF5m5L.s:80     .text.USB_SetCurrentMode:00000000 USB_SetCurrentMode
C:\Users\kroko\AppData\Local\Temp\ccfF5m5L.s:88     .text.USB_DevInit:00000000 $t
C:\Users\kroko\AppData\Local\Temp\ccfF5m5L.s:94     .text.USB_DevInit:00000000 USB_DevInit
C:\Users\kroko\AppData\Local\Temp\ccfF5m5L.s:113    .text.USB_FlushTxFifo:00000000 $t
C:\Users\kroko\AppData\Local\Temp\ccfF5m5L.s:119    .text.USB_FlushTxFifo:00000000 USB_FlushTxFifo
C:\Users\kroko\AppData\Local\Temp\ccfF5m5L.s:127    .text.USB_FlushRxFifo:00000000 $t
C:\Users\kroko\AppData\Local\Temp\ccfF5m5L.s:133    .text.USB_FlushRxFifo:00000000 USB_FlushRxFifo
C:\Users\kroko\AppData\Local\Temp\ccfF5m5L.s:141    .text.USB_ActivateEndpoint:00000000 $t
C:\Users\kroko\AppData\Local\Temp\ccfF5m5L.s:147    .text.USB_ActivateEndpoint:00000000 USB_ActivateEndpoint
C:\Users\kroko\AppData\Local\Temp\ccfF5m5L.s:163    .text.USB_ActivateEndpoint:00000022 $d
C:\Users\kroko\AppData\Local\Temp\ccfF5m5L.s:167    .text.USB_ActivateEndpoint:00000026 $t
C:\Users\kroko\AppData\Local\Temp\ccfF5m5L.s:592    .text.USB_DeactivateEndpoint:00000000 $t
C:\Users\kroko\AppData\Local\Temp\ccfF5m5L.s:598    .text.USB_DeactivateEndpoint:00000000 USB_DeactivateEndpoint
C:\Users\kroko\AppData\Local\Temp\ccfF5m5L.s:755    .text.USB_EPSetStall:00000000 $t
C:\Users\kroko\AppData\Local\Temp\ccfF5m5L.s:761    .text.USB_EPSetStall:00000000 USB_EPSetStall
C:\Users\kroko\AppData\Local\Temp\ccfF5m5L.s:792    .text.USB_EPClearStall:00000000 $t
C:\Users\kroko\AppData\Local\Temp\ccfF5m5L.s:798    .text.USB_EPClearStall:00000000 USB_EPClearStall
C:\Users\kroko\AppData\Local\Temp\ccfF5m5L.s:856    .text.USB_EPStopXfer:00000000 $t
C:\Users\kroko\AppData\Local\Temp\ccfF5m5L.s:862    .text.USB_EPStopXfer:00000000 USB_EPStopXfer
C:\Users\kroko\AppData\Local\Temp\ccfF5m5L.s:925    .text.USB_StopDevice:00000000 $t
C:\Users\kroko\AppData\Local\Temp\ccfF5m5L.s:931    .text.USB_StopDevice:00000000 USB_StopDevice
C:\Users\kroko\AppData\Local\Temp\ccfF5m5L.s:945    .text.USB_SetDevAddress:00000000 $t
C:\Users\kroko\AppData\Local\Temp\ccfF5m5L.s:951    .text.USB_SetDevAddress:00000000 USB_SetDevAddress
C:\Users\kroko\AppData\Local\Temp\ccfF5m5L.s:963    .text.USB_DevConnect:00000000 $t
C:\Users\kroko\AppData\Local\Temp\ccfF5m5L.s:969    .text.USB_DevConnect:00000000 USB_DevConnect
C:\Users\kroko\AppData\Local\Temp\ccfF5m5L.s:982    .text.USB_DevDisconnect:00000000 $t
C:\Users\kroko\AppData\Local\Temp\ccfF5m5L.s:988    .text.USB_DevDisconnect:00000000 USB_DevDisconnect
C:\Users\kroko\AppData\Local\Temp\ccfF5m5L.s:999    .text.USB_ReadInterrupts:00000000 $t
C:\Users\kroko\AppData\Local\Temp\ccfF5m5L.s:1005   .text.USB_ReadInterrupts:00000000 USB_ReadInterrupts
C:\Users\kroko\AppData\Local\Temp\ccfF5m5L.s:1014   .text.USB_ReadDevAllOutEpInterrupt:00000000 $t
C:\Users\kroko\AppData\Local\Temp\ccfF5m5L.s:1020   .text.USB_ReadDevAllOutEpInterrupt:00000000 USB_ReadDevAllOutEpInterrupt
C:\Users\kroko\AppData\Local\Temp\ccfF5m5L.s:1028   .text.USB_ReadDevAllInEpInterrupt:00000000 $t
C:\Users\kroko\AppData\Local\Temp\ccfF5m5L.s:1034   .text.USB_ReadDevAllInEpInterrupt:00000000 USB_ReadDevAllInEpInterrupt
C:\Users\kroko\AppData\Local\Temp\ccfF5m5L.s:1042   .text.USB_ReadDevOutEPInterrupt:00000000 $t
C:\Users\kroko\AppData\Local\Temp\ccfF5m5L.s:1048   .text.USB_ReadDevOutEPInterrupt:00000000 USB_ReadDevOutEPInterrupt
C:\Users\kroko\AppData\Local\Temp\ccfF5m5L.s:1056   .text.USB_ReadDevInEPInterrupt:00000000 $t
C:\Users\kroko\AppData\Local\Temp\ccfF5m5L.s:1062   .text.USB_ReadDevInEPInterrupt:00000000 USB_ReadDevInEPInterrupt
C:\Users\kroko\AppData\Local\Temp\ccfF5m5L.s:1070   .text.USB_ClearInterrupts:00000000 $t
C:\Users\kroko\AppData\Local\Temp\ccfF5m5L.s:1076   .text.USB_ClearInterrupts:00000000 USB_ClearInterrupts
C:\Users\kroko\AppData\Local\Temp\ccfF5m5L.s:1083   .text.USB_EP0_OutStart:00000000 $t
C:\Users\kroko\AppData\Local\Temp\ccfF5m5L.s:1089   .text.USB_EP0_OutStart:00000000 USB_EP0_OutStart
C:\Users\kroko\AppData\Local\Temp\ccfF5m5L.s:1097   .text.USB_ActivateRemoteWakeup:00000000 $t
C:\Users\kroko\AppData\Local\Temp\ccfF5m5L.s:1103   .text.USB_ActivateRemoteWakeup:00000000 USB_ActivateRemoteWakeup
C:\Users\kroko\AppData\Local\Temp\ccfF5m5L.s:1115   .text.USB_DeActivateRemoteWakeup:00000000 $t
C:\Users\kroko\AppData\Local\Temp\ccfF5m5L.s:1121   .text.USB_DeActivateRemoteWakeup:00000000 USB_DeActivateRemoteWakeup
C:\Users\kroko\AppData\Local\Temp\ccfF5m5L.s:1134   .text.USB_WritePMA:00000000 $t
C:\Users\kroko\AppData\Local\Temp\ccfF5m5L.s:1140   .text.USB_WritePMA:00000000 USB_WritePMA
C:\Users\kroko\AppData\Local\Temp\ccfF5m5L.s:1162   .text.USB_EPStartXfer:00000000 $t
ARM GAS  C:\Users\kroko\AppData\Local\Temp\ccfF5m5L.s 			page 33


C:\Users\kroko\AppData\Local\Temp\ccfF5m5L.s:1168   .text.USB_EPStartXfer:00000000 USB_EPStartXfer
C:\Users\kroko\AppData\Local\Temp\ccfF5m5L.s:1742   .text.USB_ReadPMA:00000000 $t
C:\Users\kroko\AppData\Local\Temp\ccfF5m5L.s:1748   .text.USB_ReadPMA:00000000 USB_ReadPMA

NO UNDEFINED SYMBOLS
