ARM GAS  C:\Users\kroko\AppData\Local\Temp\ccVDLFmQ.s 			page 1


   1              		.cpu cortex-m4
   2              		.arch armv7e-m
   3              		.fpu fpv4-sp-d16
   4              		.eabi_attribute 27, 1
   5              		.eabi_attribute 28, 1
   6              		.eabi_attribute 20, 1
   7              		.eabi_attribute 21, 1
   8              		.eabi_attribute 23, 3
   9              		.eabi_attribute 24, 1
  10              		.eabi_attribute 25, 1
  11              		.eabi_attribute 26, 1
  12              		.eabi_attribute 30, 1
  13              		.eabi_attribute 34, 1
  14              		.eabi_attribute 18, 4
  15              		.file	"stm32l4xx_hal_exti.c"
  16              		.text
  17              		.section	.text.HAL_EXTI_SetConfigLine,"ax",%progbits
  18              		.align	1
  19              		.global	HAL_EXTI_SetConfigLine
  20              		.syntax unified
  21              		.thumb
  22              		.thumb_func
  24              	HAL_EXTI_SetConfigLine:
  25              		@ args = 0, pretend = 0, frame = 0
  26              		@ frame_needed = 0, uses_anonymous_args = 0
  27              		@ link register save eliminated.
  28 0000 0028     		cmp	r0, #0
  29 0002 5ED0     		beq	.L12
  30 0004 0029     		cmp	r1, #0
  31 0006 5ED0     		beq	.L13
  32 0008 F0B4     		push	{r4, r5, r6, r7}
  33 000a 0A68     		ldr	r2, [r1]
  34 000c 0260     		str	r2, [r0]
  35 000e C2F30043 		ubfx	r3, r2, #16, #1
  36 0012 02F01F04 		and	r4, r2, #31
  37 0016 0120     		movs	r0, #1
  38 0018 A040     		lsls	r0, r0, r4
  39 001a 12F0007F 		tst	r2, #33554432
  40 001e 1BD0     		beq	.L3
  41 0020 4FEA431C 		lsl	ip, r3, #5
  42 0024 294F     		ldr	r7, .L19
  43 0026 5CF80750 		ldr	r5, [ip, r7]
  44 002a 8E68     		ldr	r6, [r1, #8]
  45 002c 16F0010F 		tst	r6, #1
  46 0030 29D0     		beq	.L4
  47 0032 0543     		orrs	r5, r5, r0
  48              	.L5:
  49 0034 4CF80750 		str	r5, [ip, r7]
  50 0038 254E     		ldr	r6, .L19+4
  51 003a 5CF80650 		ldr	r5, [ip, r6]
  52 003e 8F68     		ldr	r7, [r1, #8]
  53 0040 17F0020F 		tst	r7, #2
  54 0044 22D0     		beq	.L6
  55 0046 0543     		orrs	r5, r5, r0
  56              	.L7:
  57 0048 4CF80650 		str	r5, [ip, r6]
  58 004c 0D68     		ldr	r5, [r1]
ARM GAS  C:\Users\kroko\AppData\Local\Temp\ccVDLFmQ.s 			page 2


  59 004e 05F0C06C 		and	ip, r5, #100663296
  60 0052 BCF1C06F 		cmp	ip, #100663296
  61 0056 1CD0     		beq	.L18
  62              	.L3:
  63 0058 5B01     		lsls	r3, r3, #5
  64 005a 03F18042 		add	r2, r3, #1073741824
  65 005e 02F58232 		add	r2, r2, #66560
  66 0062 1468     		ldr	r4, [r2]
  67 0064 4D68     		ldr	r5, [r1, #4]
  68 0066 15F0010F 		tst	r5, #1
  69 006a 24D0     		beq	.L8
  70 006c 0443     		orrs	r4, r4, r0
  71              	.L9:
  72 006e 1460     		str	r4, [r2]
  73 0070 184C     		ldr	r4, .L19+8
  74 0072 1A59     		ldr	r2, [r3, r4]
  75 0074 4968     		ldr	r1, [r1, #4]
  76 0076 11F0020F 		tst	r1, #2
  77 007a 1FD0     		beq	.L10
  78 007c 0243     		orrs	r2, r2, r0
  79              	.L11:
  80 007e 1A51     		str	r2, [r3, r4]
  81 0080 0020     		movs	r0, #0
  82 0082 F0BC     		pop	{r4, r5, r6, r7}
  83 0084 7047     		bx	lr
  84              	.L4:
  85 0086 25EA0005 		bic	r5, r5, r0
  86 008a D3E7     		b	.L5
  87              	.L6:
  88 008c 25EA0005 		bic	r5, r5, r0
  89 0090 DAE7     		b	.L7
  90              	.L18:
  91 0092 A408     		lsrs	r4, r4, #2
  92 0094 104F     		ldr	r7, .L19+12
  93 0096 0234     		adds	r4, r4, #2
  94 0098 57F82460 		ldr	r6, [r7, r4, lsl #2]
  95 009c 02F00302 		and	r2, r2, #3
  96 00a0 9200     		lsls	r2, r2, #2
  97 00a2 0725     		movs	r5, #7
  98 00a4 9540     		lsls	r5, r5, r2
  99 00a6 26EA0506 		bic	r6, r6, r5
 100 00aa CD68     		ldr	r5, [r1, #12]
 101 00ac 9540     		lsls	r5, r5, r2
 102 00ae 3543     		orrs	r5, r5, r6
 103 00b0 47F82450 		str	r5, [r7, r4, lsl #2]
 104 00b4 D0E7     		b	.L3
 105              	.L8:
 106 00b6 24EA0004 		bic	r4, r4, r0
 107 00ba D8E7     		b	.L9
 108              	.L10:
 109 00bc 22EA0002 		bic	r2, r2, r0
 110 00c0 DDE7     		b	.L11
 111              	.L12:
 112 00c2 0120     		movs	r0, #1
 113 00c4 7047     		bx	lr
 114              	.L13:
 115 00c6 0120     		movs	r0, #1
ARM GAS  C:\Users\kroko\AppData\Local\Temp\ccVDLFmQ.s 			page 3


 116 00c8 7047     		bx	lr
 117              	.L20:
 118 00ca 00BF     		.align	2
 119              	.L19:
 120 00cc 08040140 		.word	1073808392
 121 00d0 0C040140 		.word	1073808396
 122 00d4 04040140 		.word	1073808388
 123 00d8 00000140 		.word	1073807360
 125              		.section	.text.HAL_EXTI_GetConfigLine,"ax",%progbits
 126              		.align	1
 127              		.global	HAL_EXTI_GetConfigLine
 128              		.syntax unified
 129              		.thumb
 130              		.thumb_func
 132              	HAL_EXTI_GetConfigLine:
 133              		@ args = 0, pretend = 0, frame = 0
 134              		@ frame_needed = 0, uses_anonymous_args = 0
 135 0000 0028     		cmp	r0, #0
 136 0002 4CD0     		beq	.L28
 137 0004 0029     		cmp	r1, #0
 138 0006 4CD0     		beq	.L29
 139 0008 10B5     		push	{r4, lr}
 140 000a 0368     		ldr	r3, [r0]
 141 000c 0B60     		str	r3, [r1]
 142 000e C3F30040 		ubfx	r0, r3, #16, #1
 143 0012 03F01F0E 		and	lr, r3, #31
 144 0016 0122     		movs	r2, #1
 145 0018 02FA0EF2 		lsl	r2, r2, lr
 146 001c 4001     		lsls	r0, r0, #5
 147 001e 00F1804C 		add	ip, r0, #1073741824
 148 0022 0CF5823C 		add	ip, ip, #66560
 149 0026 DCF80040 		ldr	r4, [ip]
 150 002a 2242     		tst	r2, r4
 151 002c 24D0     		beq	.L23
 152 002e 0124     		movs	r4, #1
 153 0030 4C60     		str	r4, [r1, #4]
 154              	.L24:
 155 0032 1E4C     		ldr	r4, .L37
 156 0034 0459     		ldr	r4, [r0, r4]
 157 0036 2242     		tst	r2, r4
 158 0038 03D0     		beq	.L25
 159 003a 4C68     		ldr	r4, [r1, #4]
 160 003c 44F00204 		orr	r4, r4, #2
 161 0040 4C60     		str	r4, [r1, #4]
 162              	.L25:
 163 0042 0024     		movs	r4, #0
 164 0044 8C60     		str	r4, [r1, #8]
 165 0046 CC60     		str	r4, [r1, #12]
 166 0048 13F0007F 		tst	r3, #33554432
 167 004c 2BD0     		beq	.L30
 168 004e 184C     		ldr	r4, .L37+4
 169 0050 0459     		ldr	r4, [r0, r4]
 170 0052 2242     		tst	r2, r4
 171 0054 01D0     		beq	.L26
 172 0056 0124     		movs	r4, #1
 173 0058 8C60     		str	r4, [r1, #8]
 174              	.L26:
ARM GAS  C:\Users\kroko\AppData\Local\Temp\ccVDLFmQ.s 			page 4


 175 005a 164C     		ldr	r4, .L37+8
 176 005c 0059     		ldr	r0, [r0, r4]
 177 005e 0242     		tst	r2, r0
 178 0060 03D0     		beq	.L27
 179 0062 8A68     		ldr	r2, [r1, #8]
 180 0064 42F00202 		orr	r2, r2, #2
 181 0068 8A60     		str	r2, [r1, #8]
 182              	.L27:
 183 006a 03F0C062 		and	r2, r3, #100663296
 184 006e B2F1C06F 		cmp	r2, #100663296
 185 0072 04D0     		beq	.L36
 186 0074 0020     		movs	r0, #0
 187 0076 17E0     		b	.L22
 188              	.L23:
 189 0078 0024     		movs	r4, #0
 190 007a 4C60     		str	r4, [r1, #4]
 191 007c D9E7     		b	.L24
 192              	.L36:
 193 007e 4FEA9E02 		lsr	r2, lr, #2
 194 0082 0232     		adds	r2, r2, #2
 195 0084 0C48     		ldr	r0, .L37+12
 196 0086 50F82220 		ldr	r2, [r0, r2, lsl #2]
 197 008a 03F00303 		and	r3, r3, #3
 198 008e 9B00     		lsls	r3, r3, #2
 199 0090 22FA03F3 		lsr	r3, r2, r3
 200 0094 03F00703 		and	r3, r3, #7
 201 0098 CB60     		str	r3, [r1, #12]
 202 009a 0020     		movs	r0, #0
 203 009c 04E0     		b	.L22
 204              	.L28:
 205 009e 0120     		movs	r0, #1
 206 00a0 7047     		bx	lr
 207              	.L29:
 208 00a2 0120     		movs	r0, #1
 209 00a4 7047     		bx	lr
 210              	.L30:
 211 00a6 0020     		movs	r0, #0
 212              	.L22:
 213 00a8 10BD     		pop	{r4, pc}
 214              	.L38:
 215 00aa 00BF     		.align	2
 216              	.L37:
 217 00ac 04040140 		.word	1073808388
 218 00b0 08040140 		.word	1073808392
 219 00b4 0C040140 		.word	1073808396
 220 00b8 00000140 		.word	1073807360
 222              		.section	.text.HAL_EXTI_ClearConfigLine,"ax",%progbits
 223              		.align	1
 224              		.global	HAL_EXTI_ClearConfigLine
 225              		.syntax unified
 226              		.thumb
 227              		.thumb_func
 229              	HAL_EXTI_ClearConfigLine:
 230              		@ args = 0, pretend = 0, frame = 0
 231              		@ frame_needed = 0, uses_anonymous_args = 0
 232 0000 0028     		cmp	r0, #0
 233 0002 40D0     		beq	.L41
ARM GAS  C:\Users\kroko\AppData\Local\Temp\ccVDLFmQ.s 			page 5


 234 0004 30B5     		push	{r4, r5, lr}
 235 0006 8446     		mov	ip, r0
 236 0008 0468     		ldr	r4, [r0]
 237 000a C4F30043 		ubfx	r3, r4, #16, #1
 238 000e 04F01F0E 		and	lr, r4, #31
 239 0012 0122     		movs	r2, #1
 240 0014 02FA0EF2 		lsl	r2, r2, lr
 241 0018 5B01     		lsls	r3, r3, #5
 242 001a 03F18041 		add	r1, r3, #1073741824
 243 001e 01F58231 		add	r1, r1, #66560
 244 0022 0868     		ldr	r0, [r1]
 245 0024 D543     		mvns	r5, r2
 246 0026 20EA0200 		bic	r0, r0, r2
 247 002a 0860     		str	r0, [r1]
 248 002c 1848     		ldr	r0, .L49
 249 002e 1958     		ldr	r1, [r3, r0]
 250 0030 21EA0202 		bic	r2, r1, r2
 251 0034 1A50     		str	r2, [r3, r0]
 252 0036 DCF80020 		ldr	r2, [ip]
 253 003a 12F0007F 		tst	r2, #33554432
 254 003e 24D0     		beq	.L42
 255 0040 1449     		ldr	r1, .L49+4
 256 0042 5A58     		ldr	r2, [r3, r1]
 257 0044 2A40     		ands	r2, r2, r5
 258 0046 5A50     		str	r2, [r3, r1]
 259 0048 134A     		ldr	r2, .L49+8
 260 004a 9958     		ldr	r1, [r3, r2]
 261 004c 0D40     		ands	r5, r5, r1
 262 004e 9D50     		str	r5, [r3, r2]
 263 0050 DCF80030 		ldr	r3, [ip]
 264 0054 03F0C063 		and	r3, r3, #100663296
 265 0058 B3F1C06F 		cmp	r3, #100663296
 266 005c 01D0     		beq	.L48
 267 005e 0020     		movs	r0, #0
 268 0060 14E0     		b	.L40
 269              	.L48:
 270 0062 4FEA9E0E 		lsr	lr, lr, #2
 271 0066 0D49     		ldr	r1, .L49+12
 272 0068 0EF1020E 		add	lr, lr, #2
 273 006c 51F82E30 		ldr	r3, [r1, lr, lsl #2]
 274 0070 04F00304 		and	r4, r4, #3
 275 0074 A400     		lsls	r4, r4, #2
 276 0076 0722     		movs	r2, #7
 277 0078 A240     		lsls	r2, r2, r4
 278 007a 23EA0203 		bic	r3, r3, r2
 279 007e 41F82E30 		str	r3, [r1, lr, lsl #2]
 280 0082 0020     		movs	r0, #0
 281 0084 02E0     		b	.L40
 282              	.L41:
 283 0086 0120     		movs	r0, #1
 284 0088 7047     		bx	lr
 285              	.L42:
 286 008a 0020     		movs	r0, #0
 287              	.L40:
 288 008c 30BD     		pop	{r4, r5, pc}
 289              	.L50:
 290 008e 00BF     		.align	2
ARM GAS  C:\Users\kroko\AppData\Local\Temp\ccVDLFmQ.s 			page 6


 291              	.L49:
 292 0090 04040140 		.word	1073808388
 293 0094 08040140 		.word	1073808392
 294 0098 0C040140 		.word	1073808396
 295 009c 00000140 		.word	1073807360
 297              		.section	.text.HAL_EXTI_RegisterCallback,"ax",%progbits
 298              		.align	1
 299              		.global	HAL_EXTI_RegisterCallback
 300              		.syntax unified
 301              		.thumb
 302              		.thumb_func
 304              	HAL_EXTI_RegisterCallback:
 305              		@ args = 0, pretend = 0, frame = 0
 306              		@ frame_needed = 0, uses_anonymous_args = 0
 307              		@ link register save eliminated.
 308 0000 0346     		mov	r3, r0
 309 0002 0846     		mov	r0, r1
 310 0004 09B9     		cbnz	r1, .L53
 311 0006 5A60     		str	r2, [r3, #4]
 312 0008 7047     		bx	lr
 313              	.L53:
 314 000a 0120     		movs	r0, #1
 315 000c 7047     		bx	lr
 317              		.section	.text.HAL_EXTI_GetHandle,"ax",%progbits
 318              		.align	1
 319              		.global	HAL_EXTI_GetHandle
 320              		.syntax unified
 321              		.thumb
 322              		.thumb_func
 324              	HAL_EXTI_GetHandle:
 325              		@ args = 0, pretend = 0, frame = 0
 326              		@ frame_needed = 0, uses_anonymous_args = 0
 327              		@ link register save eliminated.
 328 0000 10B1     		cbz	r0, .L56
 329 0002 0160     		str	r1, [r0]
 330 0004 0020     		movs	r0, #0
 331 0006 7047     		bx	lr
 332              	.L56:
 333 0008 0120     		movs	r0, #1
 334 000a 7047     		bx	lr
 336              		.section	.text.HAL_EXTI_IRQHandler,"ax",%progbits
 337              		.align	1
 338              		.global	HAL_EXTI_IRQHandler
 339              		.syntax unified
 340              		.thumb
 341              		.thumb_func
 343              	HAL_EXTI_IRQHandler:
 344              		@ args = 0, pretend = 0, frame = 0
 345              		@ frame_needed = 0, uses_anonymous_args = 0
 346 0000 10B5     		push	{r4, lr}
 347 0002 0368     		ldr	r3, [r0]
 348 0004 C3F30042 		ubfx	r2, r3, #16, #1
 349 0008 03F01F03 		and	r3, r3, #31
 350 000c 0121     		movs	r1, #1
 351 000e 9940     		lsls	r1, r1, r3
 352 0010 5301     		lsls	r3, r2, #5
 353 0012 044A     		ldr	r2, .L60
ARM GAS  C:\Users\kroko\AppData\Local\Temp\ccVDLFmQ.s 			page 7


 354 0014 9C58     		ldr	r4, [r3, r2]
 355 0016 0C42     		tst	r4, r1
 356 0018 03D0     		beq	.L57
 357 001a 9950     		str	r1, [r3, r2]
 358 001c 4368     		ldr	r3, [r0, #4]
 359 001e 03B1     		cbz	r3, .L57
 360 0020 9847     		blx	r3
 361              	.L57:
 362 0022 10BD     		pop	{r4, pc}
 363              	.L61:
 364              		.align	2
 365              	.L60:
 366 0024 14040140 		.word	1073808404
 368              		.section	.text.HAL_EXTI_GetPending,"ax",%progbits
 369              		.align	1
 370              		.global	HAL_EXTI_GetPending
 371              		.syntax unified
 372              		.thumb
 373              		.thumb_func
 375              	HAL_EXTI_GetPending:
 376              		@ args = 0, pretend = 0, frame = 0
 377              		@ frame_needed = 0, uses_anonymous_args = 0
 378              		@ link register save eliminated.
 379 0000 0368     		ldr	r3, [r0]
 380 0002 C3F30041 		ubfx	r1, r3, #16, #1
 381 0006 03F01F03 		and	r3, r3, #31
 382 000a 0122     		movs	r2, #1
 383 000c 9A40     		lsls	r2, r2, r3
 384 000e 4901     		lsls	r1, r1, #5
 385 0010 0248     		ldr	r0, .L63
 386 0012 0858     		ldr	r0, [r1, r0]
 387 0014 1040     		ands	r0, r0, r2
 388 0016 D840     		lsrs	r0, r0, r3
 389 0018 7047     		bx	lr
 390              	.L64:
 391 001a 00BF     		.align	2
 392              	.L63:
 393 001c 14040140 		.word	1073808404
 395              		.section	.text.HAL_EXTI_ClearPending,"ax",%progbits
 396              		.align	1
 397              		.global	HAL_EXTI_ClearPending
 398              		.syntax unified
 399              		.thumb
 400              		.thumb_func
 402              	HAL_EXTI_ClearPending:
 403              		@ args = 0, pretend = 0, frame = 0
 404              		@ frame_needed = 0, uses_anonymous_args = 0
 405              		@ link register save eliminated.
 406 0000 0368     		ldr	r3, [r0]
 407 0002 C3F30042 		ubfx	r2, r3, #16, #1
 408 0006 03F01F03 		and	r3, r3, #31
 409 000a 0121     		movs	r1, #1
 410 000c 9940     		lsls	r1, r1, r3
 411 000e 5301     		lsls	r3, r2, #5
 412 0010 014A     		ldr	r2, .L66
 413 0012 9950     		str	r1, [r3, r2]
 414 0014 7047     		bx	lr
ARM GAS  C:\Users\kroko\AppData\Local\Temp\ccVDLFmQ.s 			page 8


 415              	.L67:
 416 0016 00BF     		.align	2
 417              	.L66:
 418 0018 14040140 		.word	1073808404
 420              		.section	.text.HAL_EXTI_GenerateSWI,"ax",%progbits
 421              		.align	1
 422              		.global	HAL_EXTI_GenerateSWI
 423              		.syntax unified
 424              		.thumb
 425              		.thumb_func
 427              	HAL_EXTI_GenerateSWI:
 428              		@ args = 0, pretend = 0, frame = 0
 429              		@ frame_needed = 0, uses_anonymous_args = 0
 430              		@ link register save eliminated.
 431 0000 0368     		ldr	r3, [r0]
 432 0002 C3F30042 		ubfx	r2, r3, #16, #1
 433 0006 03F01F03 		and	r3, r3, #31
 434 000a 0121     		movs	r1, #1
 435 000c 9940     		lsls	r1, r1, r3
 436 000e 5301     		lsls	r3, r2, #5
 437 0010 014A     		ldr	r2, .L69
 438 0012 9950     		str	r1, [r3, r2]
 439 0014 7047     		bx	lr
 440              	.L70:
 441 0016 00BF     		.align	2
 442              	.L69:
 443 0018 10040140 		.word	1073808400
 445              		.ident	"GCC: (Arm GNU Toolchain 14.2.Rel1 (Build arm-14.52)) 14.2.1 20241119"
ARM GAS  C:\Users\kroko\AppData\Local\Temp\ccVDLFmQ.s 			page 9


DEFINED SYMBOLS
                            *ABS*:00000000 stm32l4xx_hal_exti.c
C:\Users\kroko\AppData\Local\Temp\ccVDLFmQ.s:18     .text.HAL_EXTI_SetConfigLine:00000000 $t
C:\Users\kroko\AppData\Local\Temp\ccVDLFmQ.s:24     .text.HAL_EXTI_SetConfigLine:00000000 HAL_EXTI_SetConfigLine
C:\Users\kroko\AppData\Local\Temp\ccVDLFmQ.s:120    .text.HAL_EXTI_SetConfigLine:000000cc $d
C:\Users\kroko\AppData\Local\Temp\ccVDLFmQ.s:126    .text.HAL_EXTI_GetConfigLine:00000000 $t
C:\Users\kroko\AppData\Local\Temp\ccVDLFmQ.s:132    .text.HAL_EXTI_GetConfigLine:00000000 HAL_EXTI_GetConfigLine
C:\Users\kroko\AppData\Local\Temp\ccVDLFmQ.s:217    .text.HAL_EXTI_GetConfigLine:000000ac $d
C:\Users\kroko\AppData\Local\Temp\ccVDLFmQ.s:223    .text.HAL_EXTI_ClearConfigLine:00000000 $t
C:\Users\kroko\AppData\Local\Temp\ccVDLFmQ.s:229    .text.HAL_EXTI_ClearConfigLine:00000000 HAL_EXTI_ClearConfigLine
C:\Users\kroko\AppData\Local\Temp\ccVDLFmQ.s:292    .text.HAL_EXTI_ClearConfigLine:00000090 $d
C:\Users\kroko\AppData\Local\Temp\ccVDLFmQ.s:298    .text.HAL_EXTI_RegisterCallback:00000000 $t
C:\Users\kroko\AppData\Local\Temp\ccVDLFmQ.s:304    .text.HAL_EXTI_RegisterCallback:00000000 HAL_EXTI_RegisterCallback
C:\Users\kroko\AppData\Local\Temp\ccVDLFmQ.s:318    .text.HAL_EXTI_GetHandle:00000000 $t
C:\Users\kroko\AppData\Local\Temp\ccVDLFmQ.s:324    .text.HAL_EXTI_GetHandle:00000000 HAL_EXTI_GetHandle
C:\Users\kroko\AppData\Local\Temp\ccVDLFmQ.s:337    .text.HAL_EXTI_IRQHandler:00000000 $t
C:\Users\kroko\AppData\Local\Temp\ccVDLFmQ.s:343    .text.HAL_EXTI_IRQHandler:00000000 HAL_EXTI_IRQHandler
C:\Users\kroko\AppData\Local\Temp\ccVDLFmQ.s:366    .text.HAL_EXTI_IRQHandler:00000024 $d
C:\Users\kroko\AppData\Local\Temp\ccVDLFmQ.s:369    .text.HAL_EXTI_GetPending:00000000 $t
C:\Users\kroko\AppData\Local\Temp\ccVDLFmQ.s:375    .text.HAL_EXTI_GetPending:00000000 HAL_EXTI_GetPending
C:\Users\kroko\AppData\Local\Temp\ccVDLFmQ.s:393    .text.HAL_EXTI_GetPending:0000001c $d
C:\Users\kroko\AppData\Local\Temp\ccVDLFmQ.s:396    .text.HAL_EXTI_ClearPending:00000000 $t
C:\Users\kroko\AppData\Local\Temp\ccVDLFmQ.s:402    .text.HAL_EXTI_ClearPending:00000000 HAL_EXTI_ClearPending
C:\Users\kroko\AppData\Local\Temp\ccVDLFmQ.s:418    .text.HAL_EXTI_ClearPending:00000018 $d
C:\Users\kroko\AppData\Local\Temp\ccVDLFmQ.s:421    .text.HAL_EXTI_GenerateSWI:00000000 $t
C:\Users\kroko\AppData\Local\Temp\ccVDLFmQ.s:427    .text.HAL_EXTI_GenerateSWI:00000000 HAL_EXTI_GenerateSWI
C:\Users\kroko\AppData\Local\Temp\ccVDLFmQ.s:443    .text.HAL_EXTI_GenerateSWI:00000018 $d

NO UNDEFINED SYMBOLS
