ARM GAS  C:\Users\kroko\AppData\Local\Temp\cchBfCgW.s 			page 1


   1              		.cpu cortex-m4
   2              		.arch armv7e-m
   3              		.fpu fpv4-sp-d16
   4              		.eabi_attribute 27, 1
   5              		.eabi_attribute 28, 1
   6              		.eabi_attribute 20, 1
   7              		.eabi_attribute 21, 1
   8              		.eabi_attribute 23, 3
   9              		.eabi_attribute 24, 1
  10              		.eabi_attribute 25, 1
  11              		.eabi_attribute 26, 1
  12              		.eabi_attribute 30, 1
  13              		.eabi_attribute 34, 1
  14              		.eabi_attribute 18, 4
  15              		.file	"stm32l4xx_hal_rtc_ex.c"
  16              		.text
  17              		.section	.text.HAL_RTCEx_SetTimeStamp,"ax",%progbits
  18              		.align	1
  19              		.global	HAL_RTCEx_SetTimeStamp
  20              		.syntax unified
  21              		.thumb
  22              		.thumb_func
  24              	HAL_RTCEx_SetTimeStamp:
  25              		@ args = 0, pretend = 0, frame = 0
  26              		@ frame_needed = 0, uses_anonymous_args = 0
  27              		@ link register save eliminated.
  28 0000 90F82820 		ldrb	r2, [r0, #40]	@ zero_extendqisi2
  29 0004 012A     		cmp	r2, #1
  30 0006 25D0     		beq	.L3
  31 0008 10B4     		push	{r4}
  32 000a 0346     		mov	r3, r0
  33 000c 0120     		movs	r0, #1
  34 000e 83F82800 		strb	r0, [r3, #40]
  35 0012 0222     		movs	r2, #2
  36 0014 83F82920 		strb	r2, [r3, #41]
  37 0018 1C68     		ldr	r4, [r3]
  38 001a A269     		ldr	r2, [r4, #24]
  39 001c 22F40062 		bic	r2, r2, #2048
  40 0020 22F00802 		bic	r2, r2, #8
  41 0024 0A43     		orrs	r2, r2, r1
  42 0026 CA21     		movs	r1, #202
  43 0028 6162     		str	r1, [r4, #36]
  44 002a 1968     		ldr	r1, [r3]
  45 002c 5324     		movs	r4, #83
  46 002e 4C62     		str	r4, [r1, #36]
  47 0030 1968     		ldr	r1, [r3]
  48 0032 8A61     		str	r2, [r1, #24]
  49 0034 1968     		ldr	r1, [r3]
  50 0036 8A69     		ldr	r2, [r1, #24]
  51 0038 42F40062 		orr	r2, r2, #2048
  52 003c 8A61     		str	r2, [r1, #24]
  53 003e 1A68     		ldr	r2, [r3]
  54 0040 FF21     		movs	r1, #255
  55 0042 5162     		str	r1, [r2, #36]
  56 0044 83F82900 		strb	r0, [r3, #41]
  57 0048 0020     		movs	r0, #0
  58 004a 83F82800 		strb	r0, [r3, #40]
ARM GAS  C:\Users\kroko\AppData\Local\Temp\cchBfCgW.s 			page 2


  59 004e 5DF8044B 		ldr	r4, [sp], #4
  60 0052 7047     		bx	lr
  61              	.L3:
  62 0054 0220     		movs	r0, #2
  63 0056 7047     		bx	lr
  65              		.section	.text.HAL_RTCEx_SetTimeStamp_IT,"ax",%progbits
  66              		.align	1
  67              		.global	HAL_RTCEx_SetTimeStamp_IT
  68              		.syntax unified
  69              		.thumb
  70              		.thumb_func
  72              	HAL_RTCEx_SetTimeStamp_IT:
  73              		@ args = 0, pretend = 0, frame = 0
  74              		@ frame_needed = 0, uses_anonymous_args = 0
  75              		@ link register save eliminated.
  76 0000 90F82820 		ldrb	r2, [r0, #40]	@ zero_extendqisi2
  77 0004 012A     		cmp	r2, #1
  78 0006 33D0     		beq	.L10
  79 0008 10B4     		push	{r4}
  80 000a 0346     		mov	r3, r0
  81 000c 0120     		movs	r0, #1
  82 000e 83F82800 		strb	r0, [r3, #40]
  83 0012 0222     		movs	r2, #2
  84 0014 83F82920 		strb	r2, [r3, #41]
  85 0018 1C68     		ldr	r4, [r3]
  86 001a A269     		ldr	r2, [r4, #24]
  87 001c 22F40062 		bic	r2, r2, #2048
  88 0020 22F00802 		bic	r2, r2, #8
  89 0024 0A43     		orrs	r2, r2, r1
  90 0026 CA21     		movs	r1, #202
  91 0028 6162     		str	r1, [r4, #36]
  92 002a 1968     		ldr	r1, [r3]
  93 002c 5324     		movs	r4, #83
  94 002e 4C62     		str	r4, [r1, #36]
  95 0030 1968     		ldr	r1, [r3]
  96 0032 8A61     		str	r2, [r1, #24]
  97 0034 1968     		ldr	r1, [r3]
  98 0036 8A69     		ldr	r2, [r1, #24]
  99 0038 42F40062 		orr	r2, r2, #2048
 100 003c 8A61     		str	r2, [r1, #24]
 101 003e 1968     		ldr	r1, [r3]
 102 0040 8A69     		ldr	r2, [r1, #24]
 103 0042 42F40042 		orr	r2, r2, #32768
 104 0046 8A61     		str	r2, [r1, #24]
 105 0048 0A4A     		ldr	r2, .L15
 106 004a 1168     		ldr	r1, [r2]
 107 004c 41F40021 		orr	r1, r1, #524288
 108 0050 1160     		str	r1, [r2]
 109 0052 9168     		ldr	r1, [r2, #8]
 110 0054 41F40021 		orr	r1, r1, #524288
 111 0058 9160     		str	r1, [r2, #8]
 112 005a 1A68     		ldr	r2, [r3]
 113 005c FF21     		movs	r1, #255
 114 005e 5162     		str	r1, [r2, #36]
 115 0060 83F82900 		strb	r0, [r3, #41]
 116 0064 0020     		movs	r0, #0
 117 0066 83F82800 		strb	r0, [r3, #40]
ARM GAS  C:\Users\kroko\AppData\Local\Temp\cchBfCgW.s 			page 3


 118 006a 5DF8044B 		ldr	r4, [sp], #4
 119 006e 7047     		bx	lr
 120              	.L10:
 121 0070 0220     		movs	r0, #2
 122 0072 7047     		bx	lr
 123              	.L16:
 124              		.align	2
 125              	.L15:
 126 0074 00040140 		.word	1073808384
 128              		.section	.text.HAL_RTCEx_DeactivateTimeStamp,"ax",%progbits
 129              		.align	1
 130              		.global	HAL_RTCEx_DeactivateTimeStamp
 131              		.syntax unified
 132              		.thumb
 133              		.thumb_func
 135              	HAL_RTCEx_DeactivateTimeStamp:
 136              		@ args = 0, pretend = 0, frame = 0
 137              		@ frame_needed = 0, uses_anonymous_args = 0
 138              		@ link register save eliminated.
 139 0000 0346     		mov	r3, r0
 140 0002 90F82820 		ldrb	r2, [r0, #40]	@ zero_extendqisi2
 141 0006 012A     		cmp	r2, #1
 142 0008 20D0     		beq	.L19
 143 000a 0121     		movs	r1, #1
 144 000c 80F82810 		strb	r1, [r0, #40]
 145 0010 0222     		movs	r2, #2
 146 0012 80F82920 		strb	r2, [r0, #41]
 147 0016 0268     		ldr	r2, [r0]
 148 0018 CA20     		movs	r0, #202
 149 001a 5062     		str	r0, [r2, #36]
 150 001c 1A68     		ldr	r2, [r3]
 151 001e 5320     		movs	r0, #83
 152 0020 5062     		str	r0, [r2, #36]
 153 0022 1868     		ldr	r0, [r3]
 154 0024 8269     		ldr	r2, [r0, #24]
 155 0026 22F40042 		bic	r2, r2, #32768
 156 002a 8261     		str	r2, [r0, #24]
 157 002c 1868     		ldr	r0, [r3]
 158 002e 8269     		ldr	r2, [r0, #24]
 159 0030 22F40062 		bic	r2, r2, #2048
 160 0034 22F00802 		bic	r2, r2, #8
 161 0038 8261     		str	r2, [r0, #24]
 162 003a 1A68     		ldr	r2, [r3]
 163 003c FF20     		movs	r0, #255
 164 003e 5062     		str	r0, [r2, #36]
 165 0040 83F82910 		strb	r1, [r3, #41]
 166 0044 0020     		movs	r0, #0
 167 0046 83F82800 		strb	r0, [r3, #40]
 168 004a 7047     		bx	lr
 169              	.L19:
 170 004c 0220     		movs	r0, #2
 171 004e 7047     		bx	lr
 173              		.section	.text.HAL_RTCEx_SetInternalTimeStamp,"ax",%progbits
 174              		.align	1
 175              		.global	HAL_RTCEx_SetInternalTimeStamp
 176              		.syntax unified
 177              		.thumb
ARM GAS  C:\Users\kroko\AppData\Local\Temp\cchBfCgW.s 			page 4


 178              		.thumb_func
 180              	HAL_RTCEx_SetInternalTimeStamp:
 181              		@ args = 0, pretend = 0, frame = 0
 182              		@ frame_needed = 0, uses_anonymous_args = 0
 183              		@ link register save eliminated.
 184 0000 90F82830 		ldrb	r3, [r0, #40]	@ zero_extendqisi2
 185 0004 012B     		cmp	r3, #1
 186 0006 1AD0     		beq	.L22
 187 0008 0122     		movs	r2, #1
 188 000a 80F82820 		strb	r2, [r0, #40]
 189 000e 0223     		movs	r3, #2
 190 0010 80F82930 		strb	r3, [r0, #41]
 191 0014 0368     		ldr	r3, [r0]
 192 0016 CA21     		movs	r1, #202
 193 0018 5962     		str	r1, [r3, #36]
 194 001a 0368     		ldr	r3, [r0]
 195 001c 5321     		movs	r1, #83
 196 001e 5962     		str	r1, [r3, #36]
 197 0020 0168     		ldr	r1, [r0]
 198 0022 8B69     		ldr	r3, [r1, #24]
 199 0024 43F08073 		orr	r3, r3, #16777216
 200 0028 8B61     		str	r3, [r1, #24]
 201 002a 0368     		ldr	r3, [r0]
 202 002c FF21     		movs	r1, #255
 203 002e 5962     		str	r1, [r3, #36]
 204 0030 80F82920 		strb	r2, [r0, #41]
 205 0034 0023     		movs	r3, #0
 206 0036 80F82830 		strb	r3, [r0, #40]
 207 003a 1846     		mov	r0, r3
 208 003c 7047     		bx	lr
 209              	.L22:
 210 003e 0220     		movs	r0, #2
 211 0040 7047     		bx	lr
 213              		.section	.text.HAL_RTCEx_DeactivateInternalTimeStamp,"ax",%progbits
 214              		.align	1
 215              		.global	HAL_RTCEx_DeactivateInternalTimeStamp
 216              		.syntax unified
 217              		.thumb
 218              		.thumb_func
 220              	HAL_RTCEx_DeactivateInternalTimeStamp:
 221              		@ args = 0, pretend = 0, frame = 0
 222              		@ frame_needed = 0, uses_anonymous_args = 0
 223              		@ link register save eliminated.
 224 0000 90F82830 		ldrb	r3, [r0, #40]	@ zero_extendqisi2
 225 0004 012B     		cmp	r3, #1
 226 0006 1AD0     		beq	.L25
 227 0008 0122     		movs	r2, #1
 228 000a 80F82820 		strb	r2, [r0, #40]
 229 000e 0223     		movs	r3, #2
 230 0010 80F82930 		strb	r3, [r0, #41]
 231 0014 0368     		ldr	r3, [r0]
 232 0016 CA21     		movs	r1, #202
 233 0018 5962     		str	r1, [r3, #36]
 234 001a 0368     		ldr	r3, [r0]
 235 001c 5321     		movs	r1, #83
 236 001e 5962     		str	r1, [r3, #36]
 237 0020 0168     		ldr	r1, [r0]
ARM GAS  C:\Users\kroko\AppData\Local\Temp\cchBfCgW.s 			page 5


 238 0022 8B69     		ldr	r3, [r1, #24]
 239 0024 23F08073 		bic	r3, r3, #16777216
 240 0028 8B61     		str	r3, [r1, #24]
 241 002a 0368     		ldr	r3, [r0]
 242 002c FF21     		movs	r1, #255
 243 002e 5962     		str	r1, [r3, #36]
 244 0030 80F82920 		strb	r2, [r0, #41]
 245 0034 0023     		movs	r3, #0
 246 0036 80F82830 		strb	r3, [r0, #40]
 247 003a 1846     		mov	r0, r3
 248 003c 7047     		bx	lr
 249              	.L25:
 250 003e 0220     		movs	r0, #2
 251 0040 7047     		bx	lr
 253              		.section	.text.HAL_RTCEx_GetTimeStamp,"ax",%progbits
 254              		.align	1
 255              		.global	HAL_RTCEx_GetTimeStamp
 256              		.syntax unified
 257              		.thumb
 258              		.thumb_func
 260              	HAL_RTCEx_GetTimeStamp:
 261              		@ args = 0, pretend = 0, frame = 0
 262              		@ frame_needed = 0, uses_anonymous_args = 0
 263 0000 70B5     		push	{r4, r5, r6, lr}
 264 0002 0646     		mov	r6, r0
 265 0004 0C46     		mov	r4, r1
 266 0006 1546     		mov	r5, r2
 267 0008 0168     		ldr	r1, [r0]
 268 000a 0A6B     		ldr	r2, [r1, #48]
 269 000c 496B     		ldr	r1, [r1, #52]
 270 000e C2F30540 		ubfx	r0, r2, #16, #6
 271 0012 2070     		strb	r0, [r4]
 272 0014 C2F30620 		ubfx	r0, r2, #8, #7
 273 0018 6070     		strb	r0, [r4, #1]
 274 001a 02F07F00 		and	r0, r2, #127
 275 001e A070     		strb	r0, [r4, #2]
 276 0020 C2F38052 		ubfx	r2, r2, #22, #1
 277 0024 E270     		strb	r2, [r4, #3]
 278 0026 3268     		ldr	r2, [r6]
 279 0028 926B     		ldr	r2, [r2, #56]
 280 002a 6260     		str	r2, [r4, #4]
 281 002c 0022     		movs	r2, #0
 282 002e EA70     		strb	r2, [r5, #3]
 283 0030 C1F30422 		ubfx	r2, r1, #8, #5
 284 0034 6A70     		strb	r2, [r5, #1]
 285 0036 01F03F02 		and	r2, r1, #63
 286 003a AA70     		strb	r2, [r5, #2]
 287 003c C1F34231 		ubfx	r1, r1, #13, #3
 288 0040 2970     		strb	r1, [r5]
 289 0042 43B1     		cbz	r3, .L29
 290              	.L27:
 291 0044 3368     		ldr	r3, [r6]
 292 0046 2022     		movs	r2, #32
 293 0048 DA65     		str	r2, [r3, #92]
 294 004a 3368     		ldr	r3, [r6]
 295 004c 40F20322 		movw	r2, #515
 296 0050 DA65     		str	r2, [r3, #92]
ARM GAS  C:\Users\kroko\AppData\Local\Temp\cchBfCgW.s 			page 6


 297 0052 0020     		movs	r0, #0
 298 0054 70BD     		pop	{r4, r5, r6, pc}
 299              	.L29:
 300 0056 2078     		ldrb	r0, [r4]	@ zero_extendqisi2
 301 0058 FFF7FEFF 		bl	RTC_Bcd2ToByte
 302 005c 2070     		strb	r0, [r4]
 303 005e 6078     		ldrb	r0, [r4, #1]	@ zero_extendqisi2
 304 0060 FFF7FEFF 		bl	RTC_Bcd2ToByte
 305 0064 6070     		strb	r0, [r4, #1]
 306 0066 A078     		ldrb	r0, [r4, #2]	@ zero_extendqisi2
 307 0068 FFF7FEFF 		bl	RTC_Bcd2ToByte
 308 006c A070     		strb	r0, [r4, #2]
 309 006e 6878     		ldrb	r0, [r5, #1]	@ zero_extendqisi2
 310 0070 FFF7FEFF 		bl	RTC_Bcd2ToByte
 311 0074 6870     		strb	r0, [r5, #1]
 312 0076 A878     		ldrb	r0, [r5, #2]	@ zero_extendqisi2
 313 0078 FFF7FEFF 		bl	RTC_Bcd2ToByte
 314 007c A870     		strb	r0, [r5, #2]
 315 007e 2878     		ldrb	r0, [r5]	@ zero_extendqisi2
 316 0080 FFF7FEFF 		bl	RTC_Bcd2ToByte
 317 0084 2870     		strb	r0, [r5]
 318 0086 DDE7     		b	.L27
 320              		.section	.text.HAL_RTCEx_TimeStampEventCallback,"ax",%progbits
 321              		.align	1
 322              		.weak	HAL_RTCEx_TimeStampEventCallback
 323              		.syntax unified
 324              		.thumb
 325              		.thumb_func
 327              	HAL_RTCEx_TimeStampEventCallback:
 328              		@ args = 0, pretend = 0, frame = 0
 329              		@ frame_needed = 0, uses_anonymous_args = 0
 330              		@ link register save eliminated.
 331 0000 7047     		bx	lr
 333              		.section	.text.HAL_RTCEx_PollForTimeStampEvent,"ax",%progbits
 334              		.align	1
 335              		.global	HAL_RTCEx_PollForTimeStampEvent
 336              		.syntax unified
 337              		.thumb
 338              		.thumb_func
 340              	HAL_RTCEx_PollForTimeStampEvent:
 341              		@ args = 0, pretend = 0, frame = 0
 342              		@ frame_needed = 0, uses_anonymous_args = 0
 343 0000 70B5     		push	{r4, r5, r6, lr}
 344 0002 0446     		mov	r4, r0
 345 0004 0D46     		mov	r5, r1
 346 0006 FFF7FEFF 		bl	HAL_GetTick
 347 000a 0646     		mov	r6, r0
 348              	.L35:
 349 000c 2368     		ldr	r3, [r4]
 350 000e 1A6D     		ldr	r2, [r3, #80]
 351 0010 12F0080F 		tst	r2, #8
 352 0014 19D1     		bne	.L39
 353 0016 1A6D     		ldr	r2, [r3, #80]
 354 0018 12F0100F 		tst	r2, #16
 355 001c 0DD1     		bne	.L40
 356 001e B5F1FF3F 		cmp	r5, #-1
 357 0022 F3D0     		beq	.L35
ARM GAS  C:\Users\kroko\AppData\Local\Temp\cchBfCgW.s 			page 7


 358 0024 FFF7FEFF 		bl	HAL_GetTick
 359 0028 801B     		subs	r0, r0, r6
 360 002a A842     		cmp	r0, r5
 361 002c 01D8     		bhi	.L36
 362 002e 002D     		cmp	r5, #0
 363 0030 ECD1     		bne	.L35
 364              	.L36:
 365 0032 0320     		movs	r0, #3
 366 0034 84F82900 		strb	r0, [r4, #41]
 367 0038 0BE0     		b	.L34
 368              	.L40:
 369 003a 4FF40172 		mov	r2, #516
 370 003e DA65     		str	r2, [r3, #92]
 371 0040 0423     		movs	r3, #4
 372 0042 84F82930 		strb	r3, [r4, #41]
 373 0046 0120     		movs	r0, #1
 374 0048 03E0     		b	.L34
 375              	.L39:
 376 004a 0123     		movs	r3, #1
 377 004c 84F82930 		strb	r3, [r4, #41]
 378 0050 0020     		movs	r0, #0
 379              	.L34:
 380 0052 70BD     		pop	{r4, r5, r6, pc}
 382              		.section	.text.HAL_RTCEx_SetWakeUpTimer,"ax",%progbits
 383              		.align	1
 384              		.global	HAL_RTCEx_SetWakeUpTimer
 385              		.syntax unified
 386              		.thumb
 387              		.thumb_func
 389              	HAL_RTCEx_SetWakeUpTimer:
 390              		@ args = 0, pretend = 0, frame = 0
 391              		@ frame_needed = 0, uses_anonymous_args = 0
 392 0000 F8B5     		push	{r3, r4, r5, r6, r7, lr}
 393 0002 90F82830 		ldrb	r3, [r0, #40]	@ zero_extendqisi2
 394 0006 012B     		cmp	r3, #1
 395 0008 47D0     		beq	.L46
 396 000a 0446     		mov	r4, r0
 397 000c 0D46     		mov	r5, r1
 398 000e 1646     		mov	r6, r2
 399 0010 0123     		movs	r3, #1
 400 0012 80F82830 		strb	r3, [r0, #40]
 401 0016 0223     		movs	r3, #2
 402 0018 80F82930 		strb	r3, [r0, #41]
 403 001c 0368     		ldr	r3, [r0]
 404 001e CA22     		movs	r2, #202
 405 0020 5A62     		str	r2, [r3, #36]
 406 0022 0368     		ldr	r3, [r0]
 407 0024 5322     		movs	r2, #83
 408 0026 5A62     		str	r2, [r3, #36]
 409 0028 0268     		ldr	r2, [r0]
 410 002a 9369     		ldr	r3, [r2, #24]
 411 002c 23F48063 		bic	r3, r3, #1024
 412 0030 9361     		str	r3, [r2, #24]
 413 0032 0368     		ldr	r3, [r0]
 414 0034 DB68     		ldr	r3, [r3, #12]
 415 0036 13F0400F 		tst	r3, #64
 416 003a 16D0     		beq	.L48
ARM GAS  C:\Users\kroko\AppData\Local\Temp\cchBfCgW.s 			page 8


 417              	.L43:
 418 003c 2168     		ldr	r1, [r4]
 419 003e 8B69     		ldr	r3, [r1, #24]
 420 0040 23F00703 		bic	r3, r3, #7
 421 0044 3343     		orrs	r3, r3, r6
 422 0046 8B61     		str	r3, [r1, #24]
 423 0048 2368     		ldr	r3, [r4]
 424 004a 5D61     		str	r5, [r3, #20]
 425 004c 2268     		ldr	r2, [r4]
 426 004e 9369     		ldr	r3, [r2, #24]
 427 0050 43F48063 		orr	r3, r3, #1024
 428 0054 9361     		str	r3, [r2, #24]
 429 0056 2368     		ldr	r3, [r4]
 430 0058 FF22     		movs	r2, #255
 431 005a 5A62     		str	r2, [r3, #36]
 432 005c 0123     		movs	r3, #1
 433 005e 84F82930 		strb	r3, [r4, #41]
 434 0062 0020     		movs	r0, #0
 435 0064 84F82800 		strb	r0, [r4, #40]
 436              	.L42:
 437 0068 F8BD     		pop	{r3, r4, r5, r6, r7, pc}
 438              	.L48:
 439 006a FFF7FEFF 		bl	HAL_GetTick
 440 006e 0746     		mov	r7, r0
 441              	.L44:
 442 0070 2368     		ldr	r3, [r4]
 443 0072 DB68     		ldr	r3, [r3, #12]
 444 0074 13F0040F 		tst	r3, #4
 445 0078 E0D1     		bne	.L43
 446 007a FFF7FEFF 		bl	HAL_GetTick
 447 007e C01B     		subs	r0, r0, r7
 448 0080 B0F57A7F 		cmp	r0, #1000
 449 0084 F4D9     		bls	.L44
 450 0086 2368     		ldr	r3, [r4]
 451 0088 FF22     		movs	r2, #255
 452 008a 5A62     		str	r2, [r3, #36]
 453 008c 0320     		movs	r0, #3
 454 008e 84F82900 		strb	r0, [r4, #41]
 455 0092 0023     		movs	r3, #0
 456 0094 84F82830 		strb	r3, [r4, #40]
 457 0098 E6E7     		b	.L42
 458              	.L46:
 459 009a 0220     		movs	r0, #2
 460 009c E4E7     		b	.L42
 462              		.section	.text.HAL_RTCEx_SetWakeUpTimer_IT,"ax",%progbits
 463              		.align	1
 464              		.global	HAL_RTCEx_SetWakeUpTimer_IT
 465              		.syntax unified
 466              		.thumb
 467              		.thumb_func
 469              	HAL_RTCEx_SetWakeUpTimer_IT:
 470              		@ args = 0, pretend = 0, frame = 0
 471              		@ frame_needed = 0, uses_anonymous_args = 0
 472 0000 2DE9F843 		push	{r3, r4, r5, r6, r7, r8, r9, lr}
 473 0004 1F46     		mov	r7, r3
 474 0006 90F82830 		ldrb	r3, [r0, #40]	@ zero_extendqisi2
 475 000a 012B     		cmp	r3, #1
ARM GAS  C:\Users\kroko\AppData\Local\Temp\cchBfCgW.s 			page 9


 476 000c 66D0     		beq	.L56
 477 000e 0446     		mov	r4, r0
 478 0010 0E46     		mov	r6, r1
 479 0012 9046     		mov	r8, r2
 480 0014 0123     		movs	r3, #1
 481 0016 80F82830 		strb	r3, [r0, #40]
 482 001a 0223     		movs	r3, #2
 483 001c 80F82930 		strb	r3, [r0, #41]
 484 0020 0368     		ldr	r3, [r0]
 485 0022 CA22     		movs	r2, #202
 486 0024 5A62     		str	r2, [r3, #36]
 487 0026 0368     		ldr	r3, [r0]
 488 0028 5322     		movs	r2, #83
 489 002a 5A62     		str	r2, [r3, #36]
 490 002c 0268     		ldr	r2, [r0]
 491 002e 9369     		ldr	r3, [r2, #24]
 492 0030 23F48063 		bic	r3, r3, #1024
 493 0034 9361     		str	r3, [r2, #24]
 494 0036 0368     		ldr	r3, [r0]
 495 0038 0422     		movs	r2, #4
 496 003a DA65     		str	r2, [r3, #92]
 497 003c 0368     		ldr	r3, [r0]
 498 003e DB68     		ldr	r3, [r3, #12]
 499 0040 13F0400F 		tst	r3, #64
 500 0044 2BD0     		beq	.L58
 501              	.L51:
 502 0046 2368     		ldr	r3, [r4]
 503 0048 46EA0746 		orr	r6, r6, r7, lsl #16
 504 004c 5E61     		str	r6, [r3, #20]
 505 004e 2268     		ldr	r2, [r4]
 506 0050 9369     		ldr	r3, [r2, #24]
 507 0052 23F00703 		bic	r3, r3, #7
 508 0056 43EA0803 		orr	r3, r3, r8
 509 005a 9361     		str	r3, [r2, #24]
 510 005c 002F     		cmp	r7, #0
 511 005e 37D0     		beq	.L54
 512 0060 1F4A     		ldr	r2, .L59
 513 0062 5368     		ldr	r3, [r2, #4]
 514 0064 43F48013 		orr	r3, r3, #1048576
 515 0068 5360     		str	r3, [r2, #4]
 516              	.L55:
 517 006a 1D4A     		ldr	r2, .L59
 518 006c 9368     		ldr	r3, [r2, #8]
 519 006e 43F48013 		orr	r3, r3, #1048576
 520 0072 9360     		str	r3, [r2, #8]
 521 0074 2268     		ldr	r2, [r4]
 522 0076 9369     		ldr	r3, [r2, #24]
 523 0078 43F48043 		orr	r3, r3, #16384
 524 007c 9361     		str	r3, [r2, #24]
 525 007e 2268     		ldr	r2, [r4]
 526 0080 9369     		ldr	r3, [r2, #24]
 527 0082 43F48063 		orr	r3, r3, #1024
 528 0086 9361     		str	r3, [r2, #24]
 529 0088 2368     		ldr	r3, [r4]
 530 008a FF22     		movs	r2, #255
 531 008c 5A62     		str	r2, [r3, #36]
 532 008e 0123     		movs	r3, #1
ARM GAS  C:\Users\kroko\AppData\Local\Temp\cchBfCgW.s 			page 10


 533 0090 84F82930 		strb	r3, [r4, #41]
 534 0094 0020     		movs	r0, #0
 535 0096 84F82800 		strb	r0, [r4, #40]
 536              	.L50:
 537 009a BDE8F883 		pop	{r3, r4, r5, r6, r7, r8, r9, pc}
 538              	.L58:
 539 009e FFF7FEFF 		bl	HAL_GetTick
 540 00a2 8146     		mov	r9, r0
 541              	.L52:
 542 00a4 2368     		ldr	r3, [r4]
 543 00a6 DD68     		ldr	r5, [r3, #12]
 544 00a8 15F0040F 		tst	r5, #4
 545 00ac CBD1     		bne	.L51
 546 00ae FFF7FEFF 		bl	HAL_GetTick
 547 00b2 A0EB0900 		sub	r0, r0, r9
 548 00b6 B0F57A7F 		cmp	r0, #1000
 549 00ba F3D9     		bls	.L52
 550 00bc 2368     		ldr	r3, [r4]
 551 00be FF22     		movs	r2, #255
 552 00c0 5A62     		str	r2, [r3, #36]
 553 00c2 0320     		movs	r0, #3
 554 00c4 84F82900 		strb	r0, [r4, #41]
 555 00c8 0023     		movs	r3, #0
 556 00ca 84F82830 		strb	r3, [r4, #40]
 557 00ce E4E7     		b	.L50
 558              	.L54:
 559 00d0 034A     		ldr	r2, .L59
 560 00d2 1368     		ldr	r3, [r2]
 561 00d4 43F48013 		orr	r3, r3, #1048576
 562 00d8 1360     		str	r3, [r2]
 563 00da C6E7     		b	.L55
 564              	.L56:
 565 00dc 0220     		movs	r0, #2
 566 00de DCE7     		b	.L50
 567              	.L60:
 568              		.align	2
 569              	.L59:
 570 00e0 00040140 		.word	1073808384
 572              		.section	.text.HAL_RTCEx_DeactivateWakeUpTimer,"ax",%progbits
 573              		.align	1
 574              		.global	HAL_RTCEx_DeactivateWakeUpTimer
 575              		.syntax unified
 576              		.thumb
 577              		.thumb_func
 579              	HAL_RTCEx_DeactivateWakeUpTimer:
 580              		@ args = 0, pretend = 0, frame = 0
 581              		@ frame_needed = 0, uses_anonymous_args = 0
 582 0000 38B5     		push	{r3, r4, r5, lr}
 583 0002 90F82830 		ldrb	r3, [r0, #40]	@ zero_extendqisi2
 584 0006 012B     		cmp	r3, #1
 585 0008 37D0     		beq	.L65
 586 000a 0446     		mov	r4, r0
 587 000c 0123     		movs	r3, #1
 588 000e 80F82830 		strb	r3, [r0, #40]
 589 0012 0223     		movs	r3, #2
 590 0014 80F82930 		strb	r3, [r0, #41]
 591 0018 0368     		ldr	r3, [r0]
ARM GAS  C:\Users\kroko\AppData\Local\Temp\cchBfCgW.s 			page 11


 592 001a CA22     		movs	r2, #202
 593 001c 5A62     		str	r2, [r3, #36]
 594 001e 0368     		ldr	r3, [r0]
 595 0020 5322     		movs	r2, #83
 596 0022 5A62     		str	r2, [r3, #36]
 597 0024 0268     		ldr	r2, [r0]
 598 0026 9369     		ldr	r3, [r2, #24]
 599 0028 23F48063 		bic	r3, r3, #1024
 600 002c 9361     		str	r3, [r2, #24]
 601 002e 0268     		ldr	r2, [r0]
 602 0030 9369     		ldr	r3, [r2, #24]
 603 0032 23F48043 		bic	r3, r3, #16384
 604 0036 9361     		str	r3, [r2, #24]
 605 0038 FFF7FEFF 		bl	HAL_GetTick
 606 003c 0546     		mov	r5, r0
 607              	.L63:
 608 003e 2368     		ldr	r3, [r4]
 609 0040 DA68     		ldr	r2, [r3, #12]
 610 0042 12F0040F 		tst	r2, #4
 611 0046 0FD1     		bne	.L67
 612 0048 FFF7FEFF 		bl	HAL_GetTick
 613 004c 431B     		subs	r3, r0, r5
 614 004e B3F57A7F 		cmp	r3, #1000
 615 0052 F4D9     		bls	.L63
 616 0054 2368     		ldr	r3, [r4]
 617 0056 FF22     		movs	r2, #255
 618 0058 5A62     		str	r2, [r3, #36]
 619 005a 0320     		movs	r0, #3
 620 005c 84F82900 		strb	r0, [r4, #41]
 621 0060 0023     		movs	r3, #0
 622 0062 84F82830 		strb	r3, [r4, #40]
 623 0066 07E0     		b	.L62
 624              	.L67:
 625 0068 FF22     		movs	r2, #255
 626 006a 5A62     		str	r2, [r3, #36]
 627 006c 0123     		movs	r3, #1
 628 006e 84F82930 		strb	r3, [r4, #41]
 629 0072 0020     		movs	r0, #0
 630 0074 84F82800 		strb	r0, [r4, #40]
 631              	.L62:
 632 0078 38BD     		pop	{r3, r4, r5, pc}
 633              	.L65:
 634 007a 0220     		movs	r0, #2
 635 007c FCE7     		b	.L62
 637              		.section	.text.HAL_RTCEx_GetWakeUpTimer,"ax",%progbits
 638              		.align	1
 639              		.global	HAL_RTCEx_GetWakeUpTimer
 640              		.syntax unified
 641              		.thumb
 642              		.thumb_func
 644              	HAL_RTCEx_GetWakeUpTimer:
 645              		@ args = 0, pretend = 0, frame = 0
 646              		@ frame_needed = 0, uses_anonymous_args = 0
 647              		@ link register save eliminated.
 648 0000 0368     		ldr	r3, [r0]
 649 0002 5869     		ldr	r0, [r3, #20]
 650 0004 80B2     		uxth	r0, r0
ARM GAS  C:\Users\kroko\AppData\Local\Temp\cchBfCgW.s 			page 12


 651 0006 7047     		bx	lr
 653              		.section	.text.HAL_RTCEx_WakeUpTimerEventCallback,"ax",%progbits
 654              		.align	1
 655              		.weak	HAL_RTCEx_WakeUpTimerEventCallback
 656              		.syntax unified
 657              		.thumb
 658              		.thumb_func
 660              	HAL_RTCEx_WakeUpTimerEventCallback:
 661              		@ args = 0, pretend = 0, frame = 0
 662              		@ frame_needed = 0, uses_anonymous_args = 0
 663              		@ link register save eliminated.
 664 0000 7047     		bx	lr
 666              		.section	.text.HAL_RTCEx_WakeUpTimerIRQHandler,"ax",%progbits
 667              		.align	1
 668              		.global	HAL_RTCEx_WakeUpTimerIRQHandler
 669              		.syntax unified
 670              		.thumb
 671              		.thumb_func
 673              	HAL_RTCEx_WakeUpTimerIRQHandler:
 674              		@ args = 0, pretend = 0, frame = 0
 675              		@ frame_needed = 0, uses_anonymous_args = 0
 676 0000 10B5     		push	{r4, lr}
 677 0002 0446     		mov	r4, r0
 678 0004 084B     		ldr	r3, .L74
 679 0006 4FF48012 		mov	r2, #1048576
 680 000a 5A61     		str	r2, [r3, #20]
 681 000c 0368     		ldr	r3, [r0]
 682 000e 5A6D     		ldr	r2, [r3, #84]
 683 0010 12F0040F 		tst	r2, #4
 684 0014 03D1     		bne	.L73
 685              	.L71:
 686 0016 0123     		movs	r3, #1
 687 0018 84F82930 		strb	r3, [r4, #41]
 688 001c 10BD     		pop	{r4, pc}
 689              	.L73:
 690 001e 0422     		movs	r2, #4
 691 0020 DA65     		str	r2, [r3, #92]
 692 0022 FFF7FEFF 		bl	HAL_RTCEx_WakeUpTimerEventCallback
 693 0026 F6E7     		b	.L71
 694              	.L75:
 695              		.align	2
 696              	.L74:
 697 0028 00040140 		.word	1073808384
 699              		.section	.text.HAL_RTCEx_PollForWakeUpTimerEvent,"ax",%progbits
 700              		.align	1
 701              		.global	HAL_RTCEx_PollForWakeUpTimerEvent
 702              		.syntax unified
 703              		.thumb
 704              		.thumb_func
 706              	HAL_RTCEx_PollForWakeUpTimerEvent:
 707              		@ args = 0, pretend = 0, frame = 0
 708              		@ frame_needed = 0, uses_anonymous_args = 0
 709 0000 70B5     		push	{r4, r5, r6, lr}
 710 0002 0446     		mov	r4, r0
 711 0004 0D46     		mov	r5, r1
 712 0006 FFF7FEFF 		bl	HAL_GetTick
 713 000a 0646     		mov	r6, r0
ARM GAS  C:\Users\kroko\AppData\Local\Temp\cchBfCgW.s 			page 13


 714              	.L78:
 715 000c 2368     		ldr	r3, [r4]
 716 000e 1A6D     		ldr	r2, [r3, #80]
 717 0010 12F0040F 		tst	r2, #4
 718 0014 0DD1     		bne	.L83
 719 0016 B5F1FF3F 		cmp	r5, #-1
 720 001a F7D0     		beq	.L78
 721 001c FFF7FEFF 		bl	HAL_GetTick
 722 0020 801B     		subs	r0, r0, r6
 723 0022 A842     		cmp	r0, r5
 724 0024 01D8     		bhi	.L79
 725 0026 002D     		cmp	r5, #0
 726 0028 F0D1     		bne	.L78
 727              	.L79:
 728 002a 0320     		movs	r0, #3
 729 002c 84F82900 		strb	r0, [r4, #41]
 730 0030 05E0     		b	.L80
 731              	.L83:
 732 0032 0422     		movs	r2, #4
 733 0034 DA65     		str	r2, [r3, #92]
 734 0036 0123     		movs	r3, #1
 735 0038 84F82930 		strb	r3, [r4, #41]
 736 003c 0020     		movs	r0, #0
 737              	.L80:
 738 003e 70BD     		pop	{r4, r5, r6, pc}
 740              		.section	.text.HAL_RTCEx_SetSmoothCalib,"ax",%progbits
 741              		.align	1
 742              		.global	HAL_RTCEx_SetSmoothCalib
 743              		.syntax unified
 744              		.thumb
 745              		.thumb_func
 747              	HAL_RTCEx_SetSmoothCalib:
 748              		@ args = 0, pretend = 0, frame = 0
 749              		@ frame_needed = 0, uses_anonymous_args = 0
 750 0000 2DE9F041 		push	{r4, r5, r6, r7, r8, lr}
 751 0004 1E46     		mov	r6, r3
 752 0006 90F82830 		ldrb	r3, [r0, #40]	@ zero_extendqisi2
 753 000a 012B     		cmp	r3, #1
 754 000c 41D0     		beq	.L89
 755 000e 0446     		mov	r4, r0
 756 0010 0D46     		mov	r5, r1
 757 0012 1746     		mov	r7, r2
 758 0014 0123     		movs	r3, #1
 759 0016 80F82830 		strb	r3, [r0, #40]
 760 001a 0223     		movs	r3, #2
 761 001c 80F82930 		strb	r3, [r0, #41]
 762 0020 0368     		ldr	r3, [r0]
 763 0022 CA22     		movs	r2, #202
 764 0024 5A62     		str	r2, [r3, #36]
 765 0026 0368     		ldr	r3, [r0]
 766 0028 5322     		movs	r2, #83
 767 002a 5A62     		str	r2, [r3, #36]
 768 002c 0368     		ldr	r3, [r0]
 769 002e DB68     		ldr	r3, [r3, #12]
 770 0030 13F4803F 		tst	r3, #65536
 771 0034 14D1     		bne	.L91
 772              	.L86:
ARM GAS  C:\Users\kroko\AppData\Local\Temp\cchBfCgW.s 			page 14


 773 0036 2368     		ldr	r3, [r4]
 774 0038 996A     		ldr	r1, [r3, #40]
 775 003a 21F46141 		bic	r1, r1, #57600
 776 003e 21F0FF01 		bic	r1, r1, #255
 777 0042 3D43     		orrs	r5, r5, r7
 778 0044 3543     		orrs	r5, r5, r6
 779 0046 2943     		orrs	r1, r1, r5
 780 0048 9962     		str	r1, [r3, #40]
 781 004a 2368     		ldr	r3, [r4]
 782 004c FF22     		movs	r2, #255
 783 004e 5A62     		str	r2, [r3, #36]
 784 0050 0123     		movs	r3, #1
 785 0052 84F82930 		strb	r3, [r4, #41]
 786 0056 0020     		movs	r0, #0
 787 0058 84F82800 		strb	r0, [r4, #40]
 788              	.L85:
 789 005c BDE8F081 		pop	{r4, r5, r6, r7, r8, pc}
 790              	.L91:
 791 0060 FFF7FEFF 		bl	HAL_GetTick
 792 0064 8046     		mov	r8, r0
 793              	.L87:
 794 0066 2368     		ldr	r3, [r4]
 795 0068 DB68     		ldr	r3, [r3, #12]
 796 006a 13F4803F 		tst	r3, #65536
 797 006e E2D0     		beq	.L86
 798 0070 FFF7FEFF 		bl	HAL_GetTick
 799 0074 A0EB0800 		sub	r0, r0, r8
 800 0078 B0F57A7F 		cmp	r0, #1000
 801 007c F3D9     		bls	.L87
 802 007e 2368     		ldr	r3, [r4]
 803 0080 FF22     		movs	r2, #255
 804 0082 5A62     		str	r2, [r3, #36]
 805 0084 0320     		movs	r0, #3
 806 0086 84F82900 		strb	r0, [r4, #41]
 807 008a 0023     		movs	r3, #0
 808 008c 84F82830 		strb	r3, [r4, #40]
 809 0090 E4E7     		b	.L85
 810              	.L89:
 811 0092 0220     		movs	r0, #2
 812 0094 E2E7     		b	.L85
 814              		.section	.text.HAL_RTCEx_SetLowPowerCalib,"ax",%progbits
 815              		.align	1
 816              		.global	HAL_RTCEx_SetLowPowerCalib
 817              		.syntax unified
 818              		.thumb
 819              		.thumb_func
 821              	HAL_RTCEx_SetLowPowerCalib:
 822              		@ args = 0, pretend = 0, frame = 0
 823              		@ frame_needed = 0, uses_anonymous_args = 0
 824              		@ link register save eliminated.
 825 0000 90F82820 		ldrb	r2, [r0, #40]	@ zero_extendqisi2
 826 0004 012A     		cmp	r2, #1
 827 0006 1ED0     		beq	.L94
 828 0008 10B4     		push	{r4}
 829 000a 0346     		mov	r3, r0
 830 000c 0120     		movs	r0, #1
 831 000e 83F82800 		strb	r0, [r3, #40]
ARM GAS  C:\Users\kroko\AppData\Local\Temp\cchBfCgW.s 			page 15


 832 0012 0222     		movs	r2, #2
 833 0014 83F82920 		strb	r2, [r3, #41]
 834 0018 1A68     		ldr	r2, [r3]
 835 001a CA24     		movs	r4, #202
 836 001c 5462     		str	r4, [r2, #36]
 837 001e 1A68     		ldr	r2, [r3]
 838 0020 5324     		movs	r4, #83
 839 0022 5462     		str	r4, [r2, #36]
 840 0024 1C68     		ldr	r4, [r3]
 841 0026 A26A     		ldr	r2, [r4, #40]
 842 0028 22F48052 		bic	r2, r2, #4096
 843 002c 1143     		orrs	r1, r1, r2
 844 002e A162     		str	r1, [r4, #40]
 845 0030 1A68     		ldr	r2, [r3]
 846 0032 FF21     		movs	r1, #255
 847 0034 5162     		str	r1, [r2, #36]
 848 0036 83F82900 		strb	r0, [r3, #41]
 849 003a 0020     		movs	r0, #0
 850 003c 83F82800 		strb	r0, [r3, #40]
 851 0040 5DF8044B 		ldr	r4, [sp], #4
 852 0044 7047     		bx	lr
 853              	.L94:
 854 0046 0220     		movs	r0, #2
 855 0048 7047     		bx	lr
 857              		.section	.text.HAL_RTCEx_SetSynchroShift,"ax",%progbits
 858              		.align	1
 859              		.global	HAL_RTCEx_SetSynchroShift
 860              		.syntax unified
 861              		.thumb
 862              		.thumb_func
 864              	HAL_RTCEx_SetSynchroShift:
 865              		@ args = 0, pretend = 0, frame = 0
 866              		@ frame_needed = 0, uses_anonymous_args = 0
 867 0000 90F82830 		ldrb	r3, [r0, #40]	@ zero_extendqisi2
 868 0004 012B     		cmp	r3, #1
 869 0006 59D0     		beq	.L105
 870 0008 2DE9F041 		push	{r4, r5, r6, r7, r8, lr}
 871 000c 0446     		mov	r4, r0
 872 000e 8846     		mov	r8, r1
 873 0010 1746     		mov	r7, r2
 874 0012 0123     		movs	r3, #1
 875 0014 80F82830 		strb	r3, [r0, #40]
 876 0018 0223     		movs	r3, #2
 877 001a 80F82930 		strb	r3, [r0, #41]
 878 001e 0368     		ldr	r3, [r0]
 879 0020 CA22     		movs	r2, #202
 880 0022 5A62     		str	r2, [r3, #36]
 881 0024 0368     		ldr	r3, [r0]
 882 0026 5322     		movs	r2, #83
 883 0028 5A62     		str	r2, [r3, #36]
 884 002a FFF7FEFF 		bl	HAL_GetTick
 885 002e 0646     		mov	r6, r0
 886              	.L101:
 887 0030 2368     		ldr	r3, [r4]
 888 0032 DD68     		ldr	r5, [r3, #12]
 889 0034 15F0080F 		tst	r5, #8
 890 0038 10D0     		beq	.L110
ARM GAS  C:\Users\kroko\AppData\Local\Temp\cchBfCgW.s 			page 16


 891 003a FFF7FEFF 		bl	HAL_GetTick
 892 003e 831B     		subs	r3, r0, r6
 893 0040 B3F57A7F 		cmp	r3, #1000
 894 0044 F4D9     		bls	.L101
 895 0046 2368     		ldr	r3, [r4]
 896 0048 FF22     		movs	r2, #255
 897 004a 5A62     		str	r2, [r3, #36]
 898 004c 0320     		movs	r0, #3
 899 004e 84F82900 		strb	r0, [r4, #41]
 900 0052 0023     		movs	r3, #0
 901 0054 84F82830 		strb	r3, [r4, #40]
 902              	.L100:
 903 0058 BDE8F081 		pop	{r4, r5, r6, r7, r8, pc}
 904              	.L110:
 905 005c 9A69     		ldr	r2, [r3, #24]
 906 005e 12F0100F 		tst	r2, #16
 907 0062 21D1     		bne	.L103
 908 0064 47EA0807 		orr	r7, r7, r8
 909 0068 DF62     		str	r7, [r3, #44]
 910 006a 2368     		ldr	r3, [r4]
 911 006c 9B69     		ldr	r3, [r3, #24]
 912 006e 13F0200F 		tst	r3, #32
 913 0072 09D0     		beq	.L111
 914              	.L104:
 915 0074 2368     		ldr	r3, [r4]
 916 0076 FF22     		movs	r2, #255
 917 0078 5A62     		str	r2, [r3, #36]
 918 007a 0123     		movs	r3, #1
 919 007c 84F82930 		strb	r3, [r4, #41]
 920 0080 0020     		movs	r0, #0
 921 0082 84F82800 		strb	r0, [r4, #40]
 922 0086 E7E7     		b	.L100
 923              	.L111:
 924 0088 2046     		mov	r0, r4
 925 008a FFF7FEFF 		bl	HAL_RTC_WaitForSynchro
 926 008e 0028     		cmp	r0, #0
 927 0090 F0D0     		beq	.L104
 928 0092 2368     		ldr	r3, [r4]
 929 0094 FF22     		movs	r2, #255
 930 0096 5A62     		str	r2, [r3, #36]
 931 0098 0423     		movs	r3, #4
 932 009a 84F82930 		strb	r3, [r4, #41]
 933 009e 0023     		movs	r3, #0
 934 00a0 84F82830 		strb	r3, [r4, #40]
 935 00a4 0120     		movs	r0, #1
 936 00a6 D7E7     		b	.L100
 937              	.L103:
 938 00a8 FF22     		movs	r2, #255
 939 00aa 5A62     		str	r2, [r3, #36]
 940 00ac 0423     		movs	r3, #4
 941 00ae 84F82930 		strb	r3, [r4, #41]
 942 00b2 0023     		movs	r3, #0
 943 00b4 84F82830 		strb	r3, [r4, #40]
 944 00b8 0120     		movs	r0, #1
 945 00ba CDE7     		b	.L100
 946              	.L105:
 947 00bc 0220     		movs	r0, #2
ARM GAS  C:\Users\kroko\AppData\Local\Temp\cchBfCgW.s 			page 17


 948 00be 7047     		bx	lr
 950              		.section	.text.HAL_RTCEx_SetCalibrationOutPut,"ax",%progbits
 951              		.align	1
 952              		.global	HAL_RTCEx_SetCalibrationOutPut
 953              		.syntax unified
 954              		.thumb
 955              		.thumb_func
 957              	HAL_RTCEx_SetCalibrationOutPut:
 958              		@ args = 0, pretend = 0, frame = 0
 959              		@ frame_needed = 0, uses_anonymous_args = 0
 960              		@ link register save eliminated.
 961 0000 90F82820 		ldrb	r2, [r0, #40]	@ zero_extendqisi2
 962 0004 012A     		cmp	r2, #1
 963 0006 26D0     		beq	.L114
 964 0008 10B4     		push	{r4}
 965 000a 0346     		mov	r3, r0
 966 000c 0120     		movs	r0, #1
 967 000e 83F82800 		strb	r0, [r3, #40]
 968 0012 0222     		movs	r2, #2
 969 0014 83F82920 		strb	r2, [r3, #41]
 970 0018 1A68     		ldr	r2, [r3]
 971 001a CA24     		movs	r4, #202
 972 001c 5462     		str	r4, [r2, #36]
 973 001e 1A68     		ldr	r2, [r3]
 974 0020 5324     		movs	r4, #83
 975 0022 5462     		str	r4, [r2, #36]
 976 0024 1C68     		ldr	r4, [r3]
 977 0026 A269     		ldr	r2, [r4, #24]
 978 0028 22F40022 		bic	r2, r2, #524288
 979 002c A261     		str	r2, [r4, #24]
 980 002e 1C68     		ldr	r4, [r3]
 981 0030 A269     		ldr	r2, [r4, #24]
 982 0032 0A43     		orrs	r2, r2, r1
 983 0034 A261     		str	r2, [r4, #24]
 984 0036 1968     		ldr	r1, [r3]
 985 0038 8A69     		ldr	r2, [r1, #24]
 986 003a 42F40002 		orr	r2, r2, #8388608
 987 003e 8A61     		str	r2, [r1, #24]
 988 0040 1A68     		ldr	r2, [r3]
 989 0042 FF21     		movs	r1, #255
 990 0044 5162     		str	r1, [r2, #36]
 991 0046 83F82900 		strb	r0, [r3, #41]
 992 004a 0020     		movs	r0, #0
 993 004c 83F82800 		strb	r0, [r3, #40]
 994 0050 5DF8044B 		ldr	r4, [sp], #4
 995 0054 7047     		bx	lr
 996              	.L114:
 997 0056 0220     		movs	r0, #2
 998 0058 7047     		bx	lr
 1000              		.section	.text.HAL_RTCEx_DeactivateCalibrationOutPut,"ax",%progbits
 1001              		.align	1
 1002              		.global	HAL_RTCEx_DeactivateCalibrationOutPut
 1003              		.syntax unified
 1004              		.thumb
 1005              		.thumb_func
 1007              	HAL_RTCEx_DeactivateCalibrationOutPut:
 1008              		@ args = 0, pretend = 0, frame = 0
ARM GAS  C:\Users\kroko\AppData\Local\Temp\cchBfCgW.s 			page 18


 1009              		@ frame_needed = 0, uses_anonymous_args = 0
 1010              		@ link register save eliminated.
 1011 0000 90F82830 		ldrb	r3, [r0, #40]	@ zero_extendqisi2
 1012 0004 012B     		cmp	r3, #1
 1013 0006 1AD0     		beq	.L121
 1014 0008 0122     		movs	r2, #1
 1015 000a 80F82820 		strb	r2, [r0, #40]
 1016 000e 0223     		movs	r3, #2
 1017 0010 80F82930 		strb	r3, [r0, #41]
 1018 0014 0368     		ldr	r3, [r0]
 1019 0016 CA21     		movs	r1, #202
 1020 0018 5962     		str	r1, [r3, #36]
 1021 001a 0368     		ldr	r3, [r0]
 1022 001c 5321     		movs	r1, #83
 1023 001e 5962     		str	r1, [r3, #36]
 1024 0020 0168     		ldr	r1, [r0]
 1025 0022 8B69     		ldr	r3, [r1, #24]
 1026 0024 23F40003 		bic	r3, r3, #8388608
 1027 0028 8B61     		str	r3, [r1, #24]
 1028 002a 0368     		ldr	r3, [r0]
 1029 002c FF21     		movs	r1, #255
 1030 002e 5962     		str	r1, [r3, #36]
 1031 0030 80F82920 		strb	r2, [r0, #41]
 1032 0034 0023     		movs	r3, #0
 1033 0036 80F82830 		strb	r3, [r0, #40]
 1034 003a 1846     		mov	r0, r3
 1035 003c 7047     		bx	lr
 1036              	.L121:
 1037 003e 0220     		movs	r0, #2
 1038 0040 7047     		bx	lr
 1040              		.section	.text.HAL_RTCEx_SetRefClock,"ax",%progbits
 1041              		.align	1
 1042              		.global	HAL_RTCEx_SetRefClock
 1043              		.syntax unified
 1044              		.thumb
 1045              		.thumb_func
 1047              	HAL_RTCEx_SetRefClock:
 1048              		@ args = 0, pretend = 0, frame = 0
 1049              		@ frame_needed = 0, uses_anonymous_args = 0
 1050 0000 90F82830 		ldrb	r3, [r0, #40]	@ zero_extendqisi2
 1051 0004 012B     		cmp	r3, #1
 1052 0006 24D0     		beq	.L126
 1053 0008 10B5     		push	{r4, lr}
 1054 000a 0446     		mov	r4, r0
 1055 000c 0123     		movs	r3, #1
 1056 000e 80F82830 		strb	r3, [r0, #40]
 1057 0012 0223     		movs	r3, #2
 1058 0014 80F82930 		strb	r3, [r0, #41]
 1059 0018 0368     		ldr	r3, [r0]
 1060 001a CA22     		movs	r2, #202
 1061 001c 5A62     		str	r2, [r3, #36]
 1062 001e 0368     		ldr	r3, [r0]
 1063 0020 5322     		movs	r2, #83
 1064 0022 5A62     		str	r2, [r3, #36]
 1065 0024 FFF7FEFF 		bl	RTC_EnterInitMode
 1066 0028 50B1     		cbz	r0, .L131
 1067              	.L124:
ARM GAS  C:\Users\kroko\AppData\Local\Temp\cchBfCgW.s 			page 19


 1068 002a 2368     		ldr	r3, [r4]
 1069 002c FF22     		movs	r2, #255
 1070 002e 5A62     		str	r2, [r3, #36]
 1071 0030 10B9     		cbnz	r0, .L125
 1072 0032 0123     		movs	r3, #1
 1073 0034 84F82930 		strb	r3, [r4, #41]
 1074              	.L125:
 1075 0038 0023     		movs	r3, #0
 1076 003a 84F82830 		strb	r3, [r4, #40]
 1077 003e 10BD     		pop	{r4, pc}
 1078              	.L131:
 1079 0040 2268     		ldr	r2, [r4]
 1080 0042 9369     		ldr	r3, [r2, #24]
 1081 0044 43F01003 		orr	r3, r3, #16
 1082 0048 9361     		str	r3, [r2, #24]
 1083 004a 2046     		mov	r0, r4
 1084 004c FFF7FEFF 		bl	RTC_ExitInitMode
 1085 0050 EBE7     		b	.L124
 1086              	.L126:
 1087 0052 0220     		movs	r0, #2
 1088 0054 7047     		bx	lr
 1090              		.section	.text.HAL_RTCEx_DeactivateRefClock,"ax",%progbits
 1091              		.align	1
 1092              		.global	HAL_RTCEx_DeactivateRefClock
 1093              		.syntax unified
 1094              		.thumb
 1095              		.thumb_func
 1097              	HAL_RTCEx_DeactivateRefClock:
 1098              		@ args = 0, pretend = 0, frame = 0
 1099              		@ frame_needed = 0, uses_anonymous_args = 0
 1100 0000 90F82830 		ldrb	r3, [r0, #40]	@ zero_extendqisi2
 1101 0004 012B     		cmp	r3, #1
 1102 0006 24D0     		beq	.L136
 1103 0008 10B5     		push	{r4, lr}
 1104 000a 0446     		mov	r4, r0
 1105 000c 0123     		movs	r3, #1
 1106 000e 80F82830 		strb	r3, [r0, #40]
 1107 0012 0223     		movs	r3, #2
 1108 0014 80F82930 		strb	r3, [r0, #41]
 1109 0018 0368     		ldr	r3, [r0]
 1110 001a CA22     		movs	r2, #202
 1111 001c 5A62     		str	r2, [r3, #36]
 1112 001e 0368     		ldr	r3, [r0]
 1113 0020 5322     		movs	r2, #83
 1114 0022 5A62     		str	r2, [r3, #36]
 1115 0024 FFF7FEFF 		bl	RTC_EnterInitMode
 1116 0028 50B1     		cbz	r0, .L141
 1117              	.L134:
 1118 002a 2368     		ldr	r3, [r4]
 1119 002c FF22     		movs	r2, #255
 1120 002e 5A62     		str	r2, [r3, #36]
 1121 0030 10B9     		cbnz	r0, .L135
 1122 0032 0123     		movs	r3, #1
 1123 0034 84F82930 		strb	r3, [r4, #41]
 1124              	.L135:
 1125 0038 0023     		movs	r3, #0
 1126 003a 84F82830 		strb	r3, [r4, #40]
ARM GAS  C:\Users\kroko\AppData\Local\Temp\cchBfCgW.s 			page 20


 1127 003e 10BD     		pop	{r4, pc}
 1128              	.L141:
 1129 0040 2268     		ldr	r2, [r4]
 1130 0042 9369     		ldr	r3, [r2, #24]
 1131 0044 23F01003 		bic	r3, r3, #16
 1132 0048 9361     		str	r3, [r2, #24]
 1133 004a 2046     		mov	r0, r4
 1134 004c FFF7FEFF 		bl	RTC_ExitInitMode
 1135 0050 EBE7     		b	.L134
 1136              	.L136:
 1137 0052 0220     		movs	r0, #2
 1138 0054 7047     		bx	lr
 1140              		.section	.text.HAL_RTCEx_EnableBypassShadow,"ax",%progbits
 1141              		.align	1
 1142              		.global	HAL_RTCEx_EnableBypassShadow
 1143              		.syntax unified
 1144              		.thumb
 1145              		.thumb_func
 1147              	HAL_RTCEx_EnableBypassShadow:
 1148              		@ args = 0, pretend = 0, frame = 0
 1149              		@ frame_needed = 0, uses_anonymous_args = 0
 1150              		@ link register save eliminated.
 1151 0000 90F82830 		ldrb	r3, [r0, #40]	@ zero_extendqisi2
 1152 0004 012B     		cmp	r3, #1
 1153 0006 1AD0     		beq	.L144
 1154 0008 0122     		movs	r2, #1
 1155 000a 80F82820 		strb	r2, [r0, #40]
 1156 000e 0223     		movs	r3, #2
 1157 0010 80F82930 		strb	r3, [r0, #41]
 1158 0014 0368     		ldr	r3, [r0]
 1159 0016 CA21     		movs	r1, #202
 1160 0018 5962     		str	r1, [r3, #36]
 1161 001a 0368     		ldr	r3, [r0]
 1162 001c 5321     		movs	r1, #83
 1163 001e 5962     		str	r1, [r3, #36]
 1164 0020 0168     		ldr	r1, [r0]
 1165 0022 8B69     		ldr	r3, [r1, #24]
 1166 0024 43F02003 		orr	r3, r3, #32
 1167 0028 8B61     		str	r3, [r1, #24]
 1168 002a 0368     		ldr	r3, [r0]
 1169 002c FF21     		movs	r1, #255
 1170 002e 5962     		str	r1, [r3, #36]
 1171 0030 80F82920 		strb	r2, [r0, #41]
 1172 0034 0023     		movs	r3, #0
 1173 0036 80F82830 		strb	r3, [r0, #40]
 1174 003a 1846     		mov	r0, r3
 1175 003c 7047     		bx	lr
 1176              	.L144:
 1177 003e 0220     		movs	r0, #2
 1178 0040 7047     		bx	lr
 1180              		.section	.text.HAL_RTCEx_DisableBypassShadow,"ax",%progbits
 1181              		.align	1
 1182              		.global	HAL_RTCEx_DisableBypassShadow
 1183              		.syntax unified
 1184              		.thumb
 1185              		.thumb_func
 1187              	HAL_RTCEx_DisableBypassShadow:
ARM GAS  C:\Users\kroko\AppData\Local\Temp\cchBfCgW.s 			page 21


 1188              		@ args = 0, pretend = 0, frame = 0
 1189              		@ frame_needed = 0, uses_anonymous_args = 0
 1190              		@ link register save eliminated.
 1191 0000 90F82830 		ldrb	r3, [r0, #40]	@ zero_extendqisi2
 1192 0004 012B     		cmp	r3, #1
 1193 0006 1AD0     		beq	.L147
 1194 0008 0122     		movs	r2, #1
 1195 000a 80F82820 		strb	r2, [r0, #40]
 1196 000e 0223     		movs	r3, #2
 1197 0010 80F82930 		strb	r3, [r0, #41]
 1198 0014 0368     		ldr	r3, [r0]
 1199 0016 CA21     		movs	r1, #202
 1200 0018 5962     		str	r1, [r3, #36]
 1201 001a 0368     		ldr	r3, [r0]
 1202 001c 5321     		movs	r1, #83
 1203 001e 5962     		str	r1, [r3, #36]
 1204 0020 0849     		ldr	r1, .L148
 1205 0022 8B69     		ldr	r3, [r1, #24]
 1206 0024 23F02003 		bic	r3, r3, #32
 1207 0028 8B61     		str	r3, [r1, #24]
 1208 002a 0368     		ldr	r3, [r0]
 1209 002c FF21     		movs	r1, #255
 1210 002e 5962     		str	r1, [r3, #36]
 1211 0030 80F82920 		strb	r2, [r0, #41]
 1212 0034 0023     		movs	r3, #0
 1213 0036 80F82830 		strb	r3, [r0, #40]
 1214 003a 1846     		mov	r0, r3
 1215 003c 7047     		bx	lr
 1216              	.L147:
 1217 003e 0220     		movs	r0, #2
 1218 0040 7047     		bx	lr
 1219              	.L149:
 1220 0042 00BF     		.align	2
 1221              	.L148:
 1222 0044 00280040 		.word	1073752064
 1224              		.section	.text.HAL_RTCEx_AlarmBEventCallback,"ax",%progbits
 1225              		.align	1
 1226              		.weak	HAL_RTCEx_AlarmBEventCallback
 1227              		.syntax unified
 1228              		.thumb
 1229              		.thumb_func
 1231              	HAL_RTCEx_AlarmBEventCallback:
 1232              		@ args = 0, pretend = 0, frame = 0
 1233              		@ frame_needed = 0, uses_anonymous_args = 0
 1234              		@ link register save eliminated.
 1235 0000 7047     		bx	lr
 1237              		.section	.text.HAL_RTCEx_PollForAlarmBEvent,"ax",%progbits
 1238              		.align	1
 1239              		.global	HAL_RTCEx_PollForAlarmBEvent
 1240              		.syntax unified
 1241              		.thumb
 1242              		.thumb_func
 1244              	HAL_RTCEx_PollForAlarmBEvent:
 1245              		@ args = 0, pretend = 0, frame = 0
 1246              		@ frame_needed = 0, uses_anonymous_args = 0
 1247 0000 70B5     		push	{r4, r5, r6, lr}
 1248 0002 0446     		mov	r4, r0
ARM GAS  C:\Users\kroko\AppData\Local\Temp\cchBfCgW.s 			page 22


 1249 0004 0D46     		mov	r5, r1
 1250 0006 FFF7FEFF 		bl	HAL_GetTick
 1251 000a 0646     		mov	r6, r0
 1252              	.L153:
 1253 000c 2368     		ldr	r3, [r4]
 1254 000e 1A6D     		ldr	r2, [r3, #80]
 1255 0010 12F0020F 		tst	r2, #2
 1256 0014 0DD1     		bne	.L158
 1257 0016 B5F1FF3F 		cmp	r5, #-1
 1258 001a F7D0     		beq	.L153
 1259 001c FFF7FEFF 		bl	HAL_GetTick
 1260 0020 801B     		subs	r0, r0, r6
 1261 0022 A842     		cmp	r0, r5
 1262 0024 01D8     		bhi	.L154
 1263 0026 002D     		cmp	r5, #0
 1264 0028 F0D1     		bne	.L153
 1265              	.L154:
 1266 002a 0320     		movs	r0, #3
 1267 002c 84F82900 		strb	r0, [r4, #41]
 1268 0030 05E0     		b	.L155
 1269              	.L158:
 1270 0032 0222     		movs	r2, #2
 1271 0034 DA65     		str	r2, [r3, #92]
 1272 0036 0123     		movs	r3, #1
 1273 0038 84F82930 		strb	r3, [r4, #41]
 1274 003c 0020     		movs	r0, #0
 1275              	.L155:
 1276 003e 70BD     		pop	{r4, r5, r6, pc}
 1278              		.section	.text.HAL_RTCEx_SetTamper,"ax",%progbits
 1279              		.align	1
 1280              		.global	HAL_RTCEx_SetTamper
 1281              		.syntax unified
 1282              		.thumb
 1283              		.thumb_func
 1285              	HAL_RTCEx_SetTamper:
 1286              		@ args = 0, pretend = 0, frame = 0
 1287              		@ frame_needed = 0, uses_anonymous_args = 0
 1288 0000 2DE9F041 		push	{r4, r5, r6, r7, r8, lr}
 1289 0004 0568     		ldr	r5, [r0]
 1290 0006 4468     		ldr	r4, [r0, #4]
 1291 0008 05EB040C 		add	ip, r5, r4
 1292 000c DCF80430 		ldr	r3, [ip, #4]
 1293 0010 0A68     		ldr	r2, [r1]
 1294 0012 4FEA0268 		lsl	r8, r2, #24
 1295 0016 1704     		lsls	r7, r2, #16
 1296 0018 47EA026E 		orr	lr, r7, r2, lsl #24
 1297 001c 42EA0E0E 		orr	lr, r2, lr
 1298 0020 23EA0E03 		bic	r3, r3, lr
 1299 0024 8E68     		ldr	r6, [r1, #8]
 1300 0026 032E     		cmp	r6, #3
 1301 0028 01D0     		beq	.L160
 1302 002a 012E     		cmp	r6, #1
 1303 002c 01D1     		bne	.L161
 1304              	.L160:
 1305 002e 43EA0803 		orr	r3, r3, r8
 1306              	.L161:
 1307 0032 0E69     		ldr	r6, [r1, #16]
ARM GAS  C:\Users\kroko\AppData\Local\Temp\cchBfCgW.s 			page 23


 1308 0034 06B1     		cbz	r6, .L162
 1309 0036 3B43     		orrs	r3, r3, r7
 1310              	.L162:
 1311 0038 CE68     		ldr	r6, [r1, #12]
 1312 003a 06B1     		cbz	r6, .L163
 1313 003c 1343     		orrs	r3, r3, r2
 1314              	.L163:
 1315 003e CCF80430 		str	r3, [ip, #4]
 1316 0042 4B69     		ldr	r3, [r1, #20]
 1317 0044 8A69     		ldr	r2, [r1, #24]
 1318 0046 1343     		orrs	r3, r3, r2
 1319 0048 CA69     		ldr	r2, [r1, #28]
 1320 004a 1343     		orrs	r3, r3, r2
 1321 004c 0A6A     		ldr	r2, [r1, #32]
 1322 004e 1343     		orrs	r3, r3, r2
 1323 0050 CCF80C30 		str	r3, [ip, #12]
 1324 0054 0268     		ldr	r2, [r0]
 1325 0056 9369     		ldr	r3, [r2, #24]
 1326 0058 03F00073 		and	r3, r3, #33554432
 1327 005c 4E6A     		ldr	r6, [r1, #36]
 1328 005e B342     		cmp	r3, r6
 1329 0060 0ED0     		beq	.L164
 1330 0062 CA23     		movs	r3, #202
 1331 0064 5362     		str	r3, [r2, #36]
 1332 0066 0368     		ldr	r3, [r0]
 1333 0068 5322     		movs	r2, #83
 1334 006a 5A62     		str	r2, [r3, #36]
 1335 006c 0668     		ldr	r6, [r0]
 1336 006e B269     		ldr	r2, [r6, #24]
 1337 0070 22F00072 		bic	r2, r2, #33554432
 1338 0074 4B6A     		ldr	r3, [r1, #36]
 1339 0076 1343     		orrs	r3, r3, r2
 1340 0078 B361     		str	r3, [r6, #24]
 1341 007a 0368     		ldr	r3, [r0]
 1342 007c FF22     		movs	r2, #255
 1343 007e 5A62     		str	r2, [r3, #36]
 1344              	.L164:
 1345 0080 2B59     		ldr	r3, [r5, r4]
 1346 0082 0A68     		ldr	r2, [r1]
 1347 0084 1343     		orrs	r3, r3, r2
 1348 0086 2B51     		str	r3, [r5, r4]
 1349 0088 0020     		movs	r0, #0
 1350 008a BDE8F081 		pop	{r4, r5, r6, r7, r8, pc}
 1352              		.section	.text.HAL_RTCEx_SetTamper_IT,"ax",%progbits
 1353              		.align	1
 1354              		.global	HAL_RTCEx_SetTamper_IT
 1355              		.syntax unified
 1356              		.thumb
 1357              		.thumb_func
 1359              	HAL_RTCEx_SetTamper_IT:
 1360              		@ args = 0, pretend = 0, frame = 0
 1361              		@ frame_needed = 0, uses_anonymous_args = 0
 1362 0000 2DE9F041 		push	{r4, r5, r6, r7, r8, lr}
 1363 0004 0668     		ldr	r6, [r0]
 1364 0006 4568     		ldr	r5, [r0, #4]
 1365 0008 7219     		adds	r2, r6, r5
 1366 000a 5368     		ldr	r3, [r2, #4]
ARM GAS  C:\Users\kroko\AppData\Local\Temp\cchBfCgW.s 			page 24


 1367 000c 0C68     		ldr	r4, [r1]
 1368 000e 4FEA0468 		lsl	r8, r4, #24
 1369 0012 4FEA044E 		lsl	lr, r4, #16
 1370 0016 4EEA046C 		orr	ip, lr, r4, lsl #24
 1371 001a 44EA0C0C 		orr	ip, r4, ip
 1372 001e 23EA0C03 		bic	r3, r3, ip
 1373 0022 8F68     		ldr	r7, [r1, #8]
 1374 0024 032F     		cmp	r7, #3
 1375 0026 01D0     		beq	.L167
 1376 0028 012F     		cmp	r7, #1
 1377 002a 01D1     		bne	.L168
 1378              	.L167:
 1379 002c 43EA0803 		orr	r3, r3, r8
 1380              	.L168:
 1381 0030 0F69     		ldr	r7, [r1, #16]
 1382 0032 0FB1     		cbz	r7, .L169
 1383 0034 43EA0E03 		orr	r3, r3, lr
 1384              	.L169:
 1385 0038 CF68     		ldr	r7, [r1, #12]
 1386 003a 07B1     		cbz	r7, .L170
 1387 003c 2343     		orrs	r3, r3, r4
 1388              	.L170:
 1389 003e 5360     		str	r3, [r2, #4]
 1390 0040 4B69     		ldr	r3, [r1, #20]
 1391 0042 8C69     		ldr	r4, [r1, #24]
 1392 0044 2343     		orrs	r3, r3, r4
 1393 0046 CC69     		ldr	r4, [r1, #28]
 1394 0048 2343     		orrs	r3, r3, r4
 1395 004a 0C6A     		ldr	r4, [r1, #32]
 1396 004c 2343     		orrs	r3, r3, r4
 1397 004e D360     		str	r3, [r2, #12]
 1398 0050 0468     		ldr	r4, [r0]
 1399 0052 A369     		ldr	r3, [r4, #24]
 1400 0054 03F00073 		and	r3, r3, #33554432
 1401 0058 4F6A     		ldr	r7, [r1, #36]
 1402 005a BB42     		cmp	r3, r7
 1403 005c 0ED0     		beq	.L171
 1404 005e CA23     		movs	r3, #202
 1405 0060 6362     		str	r3, [r4, #36]
 1406 0062 0368     		ldr	r3, [r0]
 1407 0064 5324     		movs	r4, #83
 1408 0066 5C62     		str	r4, [r3, #36]
 1409 0068 0768     		ldr	r7, [r0]
 1410 006a BC69     		ldr	r4, [r7, #24]
 1411 006c 24F00074 		bic	r4, r4, #33554432
 1412 0070 4B6A     		ldr	r3, [r1, #36]
 1413 0072 2343     		orrs	r3, r3, r4
 1414 0074 BB61     		str	r3, [r7, #24]
 1415 0076 0368     		ldr	r3, [r0]
 1416 0078 FF20     		movs	r0, #255
 1417 007a 5862     		str	r0, [r3, #36]
 1418              	.L171:
 1419 007c 0B4B     		ldr	r3, .L173
 1420 007e 1868     		ldr	r0, [r3]
 1421 0080 40F40020 		orr	r0, r0, #524288
 1422 0084 1860     		str	r0, [r3]
 1423 0086 9868     		ldr	r0, [r3, #8]
ARM GAS  C:\Users\kroko\AppData\Local\Temp\cchBfCgW.s 			page 25


 1424 0088 40F40020 		orr	r0, r0, #524288
 1425 008c 9860     		str	r0, [r3, #8]
 1426 008e D868     		ldr	r0, [r3, #12]
 1427 0090 40F40020 		orr	r0, r0, #524288
 1428 0094 D860     		str	r0, [r3, #12]
 1429 0096 D36A     		ldr	r3, [r2, #44]
 1430 0098 0868     		ldr	r0, [r1]
 1431 009a 0343     		orrs	r3, r3, r0
 1432 009c D362     		str	r3, [r2, #44]
 1433 009e 7359     		ldr	r3, [r6, r5]
 1434 00a0 0A68     		ldr	r2, [r1]
 1435 00a2 1343     		orrs	r3, r3, r2
 1436 00a4 7351     		str	r3, [r6, r5]
 1437 00a6 0020     		movs	r0, #0
 1438 00a8 BDE8F081 		pop	{r4, r5, r6, r7, r8, pc}
 1439              	.L174:
 1440              		.align	2
 1441              	.L173:
 1442 00ac 00040140 		.word	1073808384
 1444              		.section	.text.HAL_RTCEx_DeactivateTamper,"ax",%progbits
 1445              		.align	1
 1446              		.global	HAL_RTCEx_DeactivateTamper
 1447              		.syntax unified
 1448              		.thumb
 1449              		.thumb_func
 1451              	HAL_RTCEx_DeactivateTamper:
 1452              		@ args = 0, pretend = 0, frame = 0
 1453              		@ frame_needed = 0, uses_anonymous_args = 0
 1454              		@ link register save eliminated.
 1455 0000 10B4     		push	{r4}
 1456 0002 0468     		ldr	r4, [r0]
 1457 0004 4268     		ldr	r2, [r0, #4]
 1458 0006 A318     		adds	r3, r4, r2
 1459 0008 A058     		ldr	r0, [r4, r2]
 1460 000a 20EA0100 		bic	r0, r0, r1
 1461 000e A050     		str	r0, [r4, r2]
 1462 0010 5868     		ldr	r0, [r3, #4]
 1463 0012 0A04     		lsls	r2, r1, #16
 1464 0014 42EA0162 		orr	r2, r2, r1, lsl #24
 1465 0018 0A43     		orrs	r2, r2, r1
 1466 001a 20EA0202 		bic	r2, r0, r2
 1467 001e 5A60     		str	r2, [r3, #4]
 1468 0020 DA6A     		ldr	r2, [r3, #44]
 1469 0022 22EA0102 		bic	r2, r2, r1
 1470 0026 DA62     		str	r2, [r3, #44]
 1471 0028 D963     		str	r1, [r3, #60]
 1472 002a 0020     		movs	r0, #0
 1473 002c 5DF8044B 		ldr	r4, [sp], #4
 1474 0030 7047     		bx	lr
 1476              		.section	.text.HAL_RTCEx_PollForTamper1Event,"ax",%progbits
 1477              		.align	1
 1478              		.global	HAL_RTCEx_PollForTamper1Event
 1479              		.syntax unified
 1480              		.thumb
 1481              		.thumb_func
 1483              	HAL_RTCEx_PollForTamper1Event:
 1484              		@ args = 0, pretend = 0, frame = 0
ARM GAS  C:\Users\kroko\AppData\Local\Temp\cchBfCgW.s 			page 26


 1485              		@ frame_needed = 0, uses_anonymous_args = 0
 1486 0000 70B5     		push	{r4, r5, r6, lr}
 1487 0002 0446     		mov	r4, r0
 1488 0004 0D46     		mov	r5, r1
 1489 0006 FFF7FEFF 		bl	HAL_GetTick
 1490 000a 0646     		mov	r6, r0
 1491              	.L179:
 1492 000c 2368     		ldr	r3, [r4]
 1493 000e 6268     		ldr	r2, [r4, #4]
 1494 0010 1344     		add	r3, r3, r2
 1495 0012 1A6B     		ldr	r2, [r3, #48]
 1496 0014 12F0010F 		tst	r2, #1
 1497 0018 0DD1     		bne	.L184
 1498 001a B5F1FF3F 		cmp	r5, #-1
 1499 001e F5D0     		beq	.L179
 1500 0020 FFF7FEFF 		bl	HAL_GetTick
 1501 0024 801B     		subs	r0, r0, r6
 1502 0026 A842     		cmp	r0, r5
 1503 0028 01D8     		bhi	.L180
 1504 002a 002D     		cmp	r5, #0
 1505 002c EED1     		bne	.L179
 1506              	.L180:
 1507 002e 0320     		movs	r0, #3
 1508 0030 84F82900 		strb	r0, [r4, #41]
 1509 0034 04E0     		b	.L181
 1510              	.L184:
 1511 0036 0122     		movs	r2, #1
 1512 0038 DA63     		str	r2, [r3, #60]
 1513 003a 84F82920 		strb	r2, [r4, #41]
 1514 003e 0020     		movs	r0, #0
 1515              	.L181:
 1516 0040 70BD     		pop	{r4, r5, r6, pc}
 1518              		.section	.text.HAL_RTCEx_PollForTamper2Event,"ax",%progbits
 1519              		.align	1
 1520              		.global	HAL_RTCEx_PollForTamper2Event
 1521              		.syntax unified
 1522              		.thumb
 1523              		.thumb_func
 1525              	HAL_RTCEx_PollForTamper2Event:
 1526              		@ args = 0, pretend = 0, frame = 0
 1527              		@ frame_needed = 0, uses_anonymous_args = 0
 1528 0000 70B5     		push	{r4, r5, r6, lr}
 1529 0002 0446     		mov	r4, r0
 1530 0004 0D46     		mov	r5, r1
 1531 0006 FFF7FEFF 		bl	HAL_GetTick
 1532 000a 0646     		mov	r6, r0
 1533              	.L187:
 1534 000c 2368     		ldr	r3, [r4]
 1535 000e 6268     		ldr	r2, [r4, #4]
 1536 0010 1344     		add	r3, r3, r2
 1537 0012 1A6B     		ldr	r2, [r3, #48]
 1538 0014 12F0020F 		tst	r2, #2
 1539 0018 0DD1     		bne	.L192
 1540 001a B5F1FF3F 		cmp	r5, #-1
 1541 001e F5D0     		beq	.L187
 1542 0020 FFF7FEFF 		bl	HAL_GetTick
 1543 0024 801B     		subs	r0, r0, r6
ARM GAS  C:\Users\kroko\AppData\Local\Temp\cchBfCgW.s 			page 27


 1544 0026 A842     		cmp	r0, r5
 1545 0028 01D8     		bhi	.L188
 1546 002a 002D     		cmp	r5, #0
 1547 002c EED1     		bne	.L187
 1548              	.L188:
 1549 002e 0320     		movs	r0, #3
 1550 0030 84F82900 		strb	r0, [r4, #41]
 1551 0034 05E0     		b	.L189
 1552              	.L192:
 1553 0036 0222     		movs	r2, #2
 1554 0038 DA63     		str	r2, [r3, #60]
 1555 003a 0123     		movs	r3, #1
 1556 003c 84F82930 		strb	r3, [r4, #41]
 1557 0040 0020     		movs	r0, #0
 1558              	.L189:
 1559 0042 70BD     		pop	{r4, r5, r6, pc}
 1561              		.section	.text.HAL_RTCEx_Tamper1EventCallback,"ax",%progbits
 1562              		.align	1
 1563              		.weak	HAL_RTCEx_Tamper1EventCallback
 1564              		.syntax unified
 1565              		.thumb
 1566              		.thumb_func
 1568              	HAL_RTCEx_Tamper1EventCallback:
 1569              		@ args = 0, pretend = 0, frame = 0
 1570              		@ frame_needed = 0, uses_anonymous_args = 0
 1571              		@ link register save eliminated.
 1572 0000 7047     		bx	lr
 1574              		.section	.text.HAL_RTCEx_Tamper2EventCallback,"ax",%progbits
 1575              		.align	1
 1576              		.weak	HAL_RTCEx_Tamper2EventCallback
 1577              		.syntax unified
 1578              		.thumb
 1579              		.thumb_func
 1581              	HAL_RTCEx_Tamper2EventCallback:
 1582              		@ args = 0, pretend = 0, frame = 0
 1583              		@ frame_needed = 0, uses_anonymous_args = 0
 1584              		@ link register save eliminated.
 1585 0000 7047     		bx	lr
 1587              		.section	.text.HAL_RTCEx_TamperTimeStampIRQHandler,"ax",%progbits
 1588              		.align	1
 1589              		.global	HAL_RTCEx_TamperTimeStampIRQHandler
 1590              		.syntax unified
 1591              		.thumb
 1592              		.thumb_func
 1594              	HAL_RTCEx_TamperTimeStampIRQHandler:
 1595              		@ args = 0, pretend = 0, frame = 0
 1596              		@ frame_needed = 0, uses_anonymous_args = 0
 1597 0000 70B5     		push	{r4, r5, r6, lr}
 1598 0002 0446     		mov	r4, r0
 1599 0004 0568     		ldr	r5, [r0]
 1600 0006 4368     		ldr	r3, [r0, #4]
 1601 0008 1D44     		add	r5, r5, r3
 1602 000a 114B     		ldr	r3, .L203
 1603 000c 4FF40022 		mov	r2, #524288
 1604 0010 5A61     		str	r2, [r3, #20]
 1605 0012 0368     		ldr	r3, [r0]
 1606 0014 5B6D     		ldr	r3, [r3, #84]
ARM GAS  C:\Users\kroko\AppData\Local\Temp\cchBfCgW.s 			page 28


 1607 0016 13F0080F 		tst	r3, #8
 1608 001a 0BD1     		bne	.L200
 1609              	.L196:
 1610 001c 6E6B     		ldr	r6, [r5, #52]
 1611 001e EE63     		str	r6, [r5, #60]
 1612 0020 16F0010F 		tst	r6, #1
 1613 0024 0CD1     		bne	.L201
 1614              	.L197:
 1615 0026 16F0020F 		tst	r6, #2
 1616 002a 0DD1     		bne	.L202
 1617              	.L198:
 1618 002c 0123     		movs	r3, #1
 1619 002e 84F82930 		strb	r3, [r4, #41]
 1620 0032 70BD     		pop	{r4, r5, r6, pc}
 1621              	.L200:
 1622 0034 FFF7FEFF 		bl	HAL_RTCEx_TimeStampEventCallback
 1623 0038 2368     		ldr	r3, [r4]
 1624 003a 0822     		movs	r2, #8
 1625 003c DA65     		str	r2, [r3, #92]
 1626 003e EDE7     		b	.L196
 1627              	.L201:
 1628 0040 2046     		mov	r0, r4
 1629 0042 FFF7FEFF 		bl	HAL_RTCEx_Tamper1EventCallback
 1630 0046 EEE7     		b	.L197
 1631              	.L202:
 1632 0048 2046     		mov	r0, r4
 1633 004a FFF7FEFF 		bl	HAL_RTCEx_Tamper2EventCallback
 1634 004e EDE7     		b	.L198
 1635              	.L204:
 1636              		.align	2
 1637              	.L203:
 1638 0050 00040140 		.word	1073808384
 1640              		.section	.text.HAL_RTCEx_BKUPWrite,"ax",%progbits
 1641              		.align	1
 1642              		.global	HAL_RTCEx_BKUPWrite
 1643              		.syntax unified
 1644              		.thumb
 1645              		.thumb_func
 1647              	HAL_RTCEx_BKUPWrite:
 1648              		@ args = 0, pretend = 0, frame = 8
 1649              		@ frame_needed = 0, uses_anonymous_args = 0
 1650              		@ link register save eliminated.
 1651 0000 82B0     		sub	sp, sp, #8
 1652 0002 0368     		ldr	r3, [r0]
 1653 0004 4068     		ldr	r0, [r0, #4]
 1654 0006 0344     		add	r3, r3, r0
 1655 0008 03F58073 		add	r3, r3, #256
 1656 000c 0193     		str	r3, [sp, #4]
 1657 000e 019B     		ldr	r3, [sp, #4]
 1658 0010 03EB8103 		add	r3, r3, r1, lsl #2
 1659 0014 0193     		str	r3, [sp, #4]
 1660 0016 019B     		ldr	r3, [sp, #4]
 1661 0018 1A60     		str	r2, [r3]
 1662 001a 02B0     		add	sp, sp, #8
 1663              		@ sp needed
 1664 001c 7047     		bx	lr
 1666              		.section	.text.HAL_RTCEx_BKUPRead,"ax",%progbits
ARM GAS  C:\Users\kroko\AppData\Local\Temp\cchBfCgW.s 			page 29


 1667              		.align	1
 1668              		.global	HAL_RTCEx_BKUPRead
 1669              		.syntax unified
 1670              		.thumb
 1671              		.thumb_func
 1673              	HAL_RTCEx_BKUPRead:
 1674              		@ args = 0, pretend = 0, frame = 0
 1675              		@ frame_needed = 0, uses_anonymous_args = 0
 1676              		@ link register save eliminated.
 1677 0000 0368     		ldr	r3, [r0]
 1678 0002 4268     		ldr	r2, [r0, #4]
 1679 0004 1344     		add	r3, r3, r2
 1680 0006 03F58073 		add	r3, r3, #256
 1681 000a 53F82100 		ldr	r0, [r3, r1, lsl #2]
 1682 000e 7047     		bx	lr
 1684              		.ident	"GCC: (Arm GNU Toolchain 14.2.Rel1 (Build arm-14.52)) 14.2.1 20241119"
ARM GAS  C:\Users\kroko\AppData\Local\Temp\cchBfCgW.s 			page 30


DEFINED SYMBOLS
                            *ABS*:00000000 stm32l4xx_hal_rtc_ex.c
C:\Users\kroko\AppData\Local\Temp\cchBfCgW.s:18     .text.HAL_RTCEx_SetTimeStamp:00000000 $t
C:\Users\kroko\AppData\Local\Temp\cchBfCgW.s:24     .text.HAL_RTCEx_SetTimeStamp:00000000 HAL_RTCEx_SetTimeStamp
C:\Users\kroko\AppData\Local\Temp\cchBfCgW.s:66     .text.HAL_RTCEx_SetTimeStamp_IT:00000000 $t
C:\Users\kroko\AppData\Local\Temp\cchBfCgW.s:72     .text.HAL_RTCEx_SetTimeStamp_IT:00000000 HAL_RTCEx_SetTimeStamp_IT
C:\Users\kroko\AppData\Local\Temp\cchBfCgW.s:126    .text.HAL_RTCEx_SetTimeStamp_IT:00000074 $d
C:\Users\kroko\AppData\Local\Temp\cchBfCgW.s:129    .text.HAL_RTCEx_DeactivateTimeStamp:00000000 $t
C:\Users\kroko\AppData\Local\Temp\cchBfCgW.s:135    .text.HAL_RTCEx_DeactivateTimeStamp:00000000 HAL_RTCEx_DeactivateTimeStamp
C:\Users\kroko\AppData\Local\Temp\cchBfCgW.s:174    .text.HAL_RTCEx_SetInternalTimeStamp:00000000 $t
C:\Users\kroko\AppData\Local\Temp\cchBfCgW.s:180    .text.HAL_RTCEx_SetInternalTimeStamp:00000000 HAL_RTCEx_SetInternalTimeStamp
C:\Users\kroko\AppData\Local\Temp\cchBfCgW.s:214    .text.HAL_RTCEx_DeactivateInternalTimeStamp:00000000 $t
C:\Users\kroko\AppData\Local\Temp\cchBfCgW.s:220    .text.HAL_RTCEx_DeactivateInternalTimeStamp:00000000 HAL_RTCEx_DeactivateInternalTimeStamp
C:\Users\kroko\AppData\Local\Temp\cchBfCgW.s:254    .text.HAL_RTCEx_GetTimeStamp:00000000 $t
C:\Users\kroko\AppData\Local\Temp\cchBfCgW.s:260    .text.HAL_RTCEx_GetTimeStamp:00000000 HAL_RTCEx_GetTimeStamp
C:\Users\kroko\AppData\Local\Temp\cchBfCgW.s:321    .text.HAL_RTCEx_TimeStampEventCallback:00000000 $t
C:\Users\kroko\AppData\Local\Temp\cchBfCgW.s:327    .text.HAL_RTCEx_TimeStampEventCallback:00000000 HAL_RTCEx_TimeStampEventCallback
C:\Users\kroko\AppData\Local\Temp\cchBfCgW.s:334    .text.HAL_RTCEx_PollForTimeStampEvent:00000000 $t
C:\Users\kroko\AppData\Local\Temp\cchBfCgW.s:340    .text.HAL_RTCEx_PollForTimeStampEvent:00000000 HAL_RTCEx_PollForTimeStampEvent
C:\Users\kroko\AppData\Local\Temp\cchBfCgW.s:383    .text.HAL_RTCEx_SetWakeUpTimer:00000000 $t
C:\Users\kroko\AppData\Local\Temp\cchBfCgW.s:389    .text.HAL_RTCEx_SetWakeUpTimer:00000000 HAL_RTCEx_SetWakeUpTimer
C:\Users\kroko\AppData\Local\Temp\cchBfCgW.s:463    .text.HAL_RTCEx_SetWakeUpTimer_IT:00000000 $t
C:\Users\kroko\AppData\Local\Temp\cchBfCgW.s:469    .text.HAL_RTCEx_SetWakeUpTimer_IT:00000000 HAL_RTCEx_SetWakeUpTimer_IT
C:\Users\kroko\AppData\Local\Temp\cchBfCgW.s:570    .text.HAL_RTCEx_SetWakeUpTimer_IT:000000e0 $d
C:\Users\kroko\AppData\Local\Temp\cchBfCgW.s:573    .text.HAL_RTCEx_DeactivateWakeUpTimer:00000000 $t
C:\Users\kroko\AppData\Local\Temp\cchBfCgW.s:579    .text.HAL_RTCEx_DeactivateWakeUpTimer:00000000 HAL_RTCEx_DeactivateWakeUpTimer
C:\Users\kroko\AppData\Local\Temp\cchBfCgW.s:638    .text.HAL_RTCEx_GetWakeUpTimer:00000000 $t
C:\Users\kroko\AppData\Local\Temp\cchBfCgW.s:644    .text.HAL_RTCEx_GetWakeUpTimer:00000000 HAL_RTCEx_GetWakeUpTimer
C:\Users\kroko\AppData\Local\Temp\cchBfCgW.s:654    .text.HAL_RTCEx_WakeUpTimerEventCallback:00000000 $t
C:\Users\kroko\AppData\Local\Temp\cchBfCgW.s:660    .text.HAL_RTCEx_WakeUpTimerEventCallback:00000000 HAL_RTCEx_WakeUpTimerEventCallback
C:\Users\kroko\AppData\Local\Temp\cchBfCgW.s:667    .text.HAL_RTCEx_WakeUpTimerIRQHandler:00000000 $t
C:\Users\kroko\AppData\Local\Temp\cchBfCgW.s:673    .text.HAL_RTCEx_WakeUpTimerIRQHandler:00000000 HAL_RTCEx_WakeUpTimerIRQHandler
C:\Users\kroko\AppData\Local\Temp\cchBfCgW.s:697    .text.HAL_RTCEx_WakeUpTimerIRQHandler:00000028 $d
C:\Users\kroko\AppData\Local\Temp\cchBfCgW.s:700    .text.HAL_RTCEx_PollForWakeUpTimerEvent:00000000 $t
C:\Users\kroko\AppData\Local\Temp\cchBfCgW.s:706    .text.HAL_RTCEx_PollForWakeUpTimerEvent:00000000 HAL_RTCEx_PollForWakeUpTimerEvent
C:\Users\kroko\AppData\Local\Temp\cchBfCgW.s:741    .text.HAL_RTCEx_SetSmoothCalib:00000000 $t
C:\Users\kroko\AppData\Local\Temp\cchBfCgW.s:747    .text.HAL_RTCEx_SetSmoothCalib:00000000 HAL_RTCEx_SetSmoothCalib
C:\Users\kroko\AppData\Local\Temp\cchBfCgW.s:815    .text.HAL_RTCEx_SetLowPowerCalib:00000000 $t
C:\Users\kroko\AppData\Local\Temp\cchBfCgW.s:821    .text.HAL_RTCEx_SetLowPowerCalib:00000000 HAL_RTCEx_SetLowPowerCalib
C:\Users\kroko\AppData\Local\Temp\cchBfCgW.s:858    .text.HAL_RTCEx_SetSynchroShift:00000000 $t
C:\Users\kroko\AppData\Local\Temp\cchBfCgW.s:864    .text.HAL_RTCEx_SetSynchroShift:00000000 HAL_RTCEx_SetSynchroShift
C:\Users\kroko\AppData\Local\Temp\cchBfCgW.s:951    .text.HAL_RTCEx_SetCalibrationOutPut:00000000 $t
C:\Users\kroko\AppData\Local\Temp\cchBfCgW.s:957    .text.HAL_RTCEx_SetCalibrationOutPut:00000000 HAL_RTCEx_SetCalibrationOutPut
C:\Users\kroko\AppData\Local\Temp\cchBfCgW.s:1001   .text.HAL_RTCEx_DeactivateCalibrationOutPut:00000000 $t
C:\Users\kroko\AppData\Local\Temp\cchBfCgW.s:1007   .text.HAL_RTCEx_DeactivateCalibrationOutPut:00000000 HAL_RTCEx_DeactivateCalibrationOutPut
C:\Users\kroko\AppData\Local\Temp\cchBfCgW.s:1041   .text.HAL_RTCEx_SetRefClock:00000000 $t
C:\Users\kroko\AppData\Local\Temp\cchBfCgW.s:1047   .text.HAL_RTCEx_SetRefClock:00000000 HAL_RTCEx_SetRefClock
C:\Users\kroko\AppData\Local\Temp\cchBfCgW.s:1091   .text.HAL_RTCEx_DeactivateRefClock:00000000 $t
C:\Users\kroko\AppData\Local\Temp\cchBfCgW.s:1097   .text.HAL_RTCEx_DeactivateRefClock:00000000 HAL_RTCEx_DeactivateRefClock
C:\Users\kroko\AppData\Local\Temp\cchBfCgW.s:1141   .text.HAL_RTCEx_EnableBypassShadow:00000000 $t
C:\Users\kroko\AppData\Local\Temp\cchBfCgW.s:1147   .text.HAL_RTCEx_EnableBypassShadow:00000000 HAL_RTCEx_EnableBypassShadow
C:\Users\kroko\AppData\Local\Temp\cchBfCgW.s:1181   .text.HAL_RTCEx_DisableBypassShadow:00000000 $t
C:\Users\kroko\AppData\Local\Temp\cchBfCgW.s:1187   .text.HAL_RTCEx_DisableBypassShadow:00000000 HAL_RTCEx_DisableBypassShadow
C:\Users\kroko\AppData\Local\Temp\cchBfCgW.s:1222   .text.HAL_RTCEx_DisableBypassShadow:00000044 $d
C:\Users\kroko\AppData\Local\Temp\cchBfCgW.s:1225   .text.HAL_RTCEx_AlarmBEventCallback:00000000 $t
C:\Users\kroko\AppData\Local\Temp\cchBfCgW.s:1231   .text.HAL_RTCEx_AlarmBEventCallback:00000000 HAL_RTCEx_AlarmBEventCallback
C:\Users\kroko\AppData\Local\Temp\cchBfCgW.s:1238   .text.HAL_RTCEx_PollForAlarmBEvent:00000000 $t
ARM GAS  C:\Users\kroko\AppData\Local\Temp\cchBfCgW.s 			page 31


C:\Users\kroko\AppData\Local\Temp\cchBfCgW.s:1244   .text.HAL_RTCEx_PollForAlarmBEvent:00000000 HAL_RTCEx_PollForAlarmBEvent
C:\Users\kroko\AppData\Local\Temp\cchBfCgW.s:1279   .text.HAL_RTCEx_SetTamper:00000000 $t
C:\Users\kroko\AppData\Local\Temp\cchBfCgW.s:1285   .text.HAL_RTCEx_SetTamper:00000000 HAL_RTCEx_SetTamper
C:\Users\kroko\AppData\Local\Temp\cchBfCgW.s:1353   .text.HAL_RTCEx_SetTamper_IT:00000000 $t
C:\Users\kroko\AppData\Local\Temp\cchBfCgW.s:1359   .text.HAL_RTCEx_SetTamper_IT:00000000 HAL_RTCEx_SetTamper_IT
C:\Users\kroko\AppData\Local\Temp\cchBfCgW.s:1442   .text.HAL_RTCEx_SetTamper_IT:000000ac $d
C:\Users\kroko\AppData\Local\Temp\cchBfCgW.s:1445   .text.HAL_RTCEx_DeactivateTamper:00000000 $t
C:\Users\kroko\AppData\Local\Temp\cchBfCgW.s:1451   .text.HAL_RTCEx_DeactivateTamper:00000000 HAL_RTCEx_DeactivateTamper
C:\Users\kroko\AppData\Local\Temp\cchBfCgW.s:1477   .text.HAL_RTCEx_PollForTamper1Event:00000000 $t
C:\Users\kroko\AppData\Local\Temp\cchBfCgW.s:1483   .text.HAL_RTCEx_PollForTamper1Event:00000000 HAL_RTCEx_PollForTamper1Event
C:\Users\kroko\AppData\Local\Temp\cchBfCgW.s:1519   .text.HAL_RTCEx_PollForTamper2Event:00000000 $t
C:\Users\kroko\AppData\Local\Temp\cchBfCgW.s:1525   .text.HAL_RTCEx_PollForTamper2Event:00000000 HAL_RTCEx_PollForTamper2Event
C:\Users\kroko\AppData\Local\Temp\cchBfCgW.s:1562   .text.HAL_RTCEx_Tamper1EventCallback:00000000 $t
C:\Users\kroko\AppData\Local\Temp\cchBfCgW.s:1568   .text.HAL_RTCEx_Tamper1EventCallback:00000000 HAL_RTCEx_Tamper1EventCallback
C:\Users\kroko\AppData\Local\Temp\cchBfCgW.s:1575   .text.HAL_RTCEx_Tamper2EventCallback:00000000 $t
C:\Users\kroko\AppData\Local\Temp\cchBfCgW.s:1581   .text.HAL_RTCEx_Tamper2EventCallback:00000000 HAL_RTCEx_Tamper2EventCallback
C:\Users\kroko\AppData\Local\Temp\cchBfCgW.s:1588   .text.HAL_RTCEx_TamperTimeStampIRQHandler:00000000 $t
C:\Users\kroko\AppData\Local\Temp\cchBfCgW.s:1594   .text.HAL_RTCEx_TamperTimeStampIRQHandler:00000000 HAL_RTCEx_TamperTimeStampIRQHandler
C:\Users\kroko\AppData\Local\Temp\cchBfCgW.s:1638   .text.HAL_RTCEx_TamperTimeStampIRQHandler:00000050 $d
C:\Users\kroko\AppData\Local\Temp\cchBfCgW.s:1641   .text.HAL_RTCEx_BKUPWrite:00000000 $t
C:\Users\kroko\AppData\Local\Temp\cchBfCgW.s:1647   .text.HAL_RTCEx_BKUPWrite:00000000 HAL_RTCEx_BKUPWrite
C:\Users\kroko\AppData\Local\Temp\cchBfCgW.s:1667   .text.HAL_RTCEx_BKUPRead:00000000 $t
C:\Users\kroko\AppData\Local\Temp\cchBfCgW.s:1673   .text.HAL_RTCEx_BKUPRead:00000000 HAL_RTCEx_BKUPRead

UNDEFINED SYMBOLS
RTC_Bcd2ToByte
HAL_GetTick
HAL_RTC_WaitForSynchro
RTC_EnterInitMode
RTC_ExitInitMode
