ARM GAS  C:\Users\kroko\AppData\Local\Temp\ccdb3Yqb.s 			page 1


   1              		.cpu cortex-m4
   2              		.arch armv7e-m
   3              		.fpu fpv4-sp-d16
   4              		.eabi_attribute 27, 1
   5              		.eabi_attribute 28, 1
   6              		.eabi_attribute 20, 1
   7              		.eabi_attribute 21, 1
   8              		.eabi_attribute 23, 3
   9              		.eabi_attribute 24, 1
  10              		.eabi_attribute 25, 1
  11              		.eabi_attribute 26, 1
  12              		.eabi_attribute 30, 1
  13              		.eabi_attribute 34, 1
  14              		.eabi_attribute 18, 4
  15              		.file	"stm32l4xx_hal_pcd.c"
  16              		.text
  17              		.section	.text.HAL_PCD_EP_DB_Receive,"ax",%progbits
  18              		.align	1
  19              		.syntax unified
  20              		.thumb
  21              		.thumb_func
  23              	HAL_PCD_EP_DB_Receive:
  24              		@ args = 0, pretend = 0, frame = 0
  25              		@ frame_needed = 0, uses_anonymous_args = 0
  26 0000 38B5     		push	{r3, r4, r5, lr}
  27 0002 12F4804F 		tst	r2, #16384
  28 0006 43D0     		beq	.L2
  29 0008 0468     		ldr	r4, [r0]
  30 000a B4F85030 		ldrh	r3, [r4, #80]
  31 000e 91F800C0 		ldrb	ip, [r1]	@ zero_extendqisi2
  32 0012 4FEACC0E 		lsl	lr, ip, #3
  33 0016 1EFA83F3 		uxtah	r3, lr, r3
  34 001a 2344     		add	r3, r3, r4
  35 001c B3F80244 		ldrh	r4, [r3, #1026]
  36 0020 C4F30904 		ubfx	r4, r4, #0, #10
  37 0024 8B69     		ldr	r3, [r1, #24]
  38 0026 A342     		cmp	r3, r4
  39 0028 28D3     		bcc	.L3
  40 002a 1B1B     		subs	r3, r3, r4
  41 002c 8B61     		str	r3, [r1, #24]
  42              	.L4:
  43 002e 8B69     		ldr	r3, [r1, #24]
  44 0030 7BB9     		cbnz	r3, .L5
  45 0032 0568     		ldr	r5, [r0]
  46 0034 35F82C30 		ldrh	r3, [r5, ip, lsl #2]
  47 0038 9BB2     		uxth	r3, r3
  48 003a 23F48043 		bic	r3, r3, #16384
  49 003e 23F07003 		bic	r3, r3, #112
  50 0042 83F40053 		eor	r3, r3, #8192
  51 0046 43F40043 		orr	r3, r3, #32768
  52 004a 43F08003 		orr	r3, r3, #128
  53 004e 25F82C30 		strh	r3, [r5, ip, lsl #2]	@ movhi
  54              	.L5:
  55 0052 12F0400F 		tst	r2, #64
  56 0056 0ED0     		beq	.L6
  57 0058 0268     		ldr	r2, [r0]
  58 005a 0D78     		ldrb	r5, [r1]	@ zero_extendqisi2
ARM GAS  C:\Users\kroko\AppData\Local\Temp\ccdb3Yqb.s 			page 2


  59 005c 32F82530 		ldrh	r3, [r2, r5, lsl #2]
  60 0060 9BB2     		uxth	r3, r3
  61 0062 23F4E043 		bic	r3, r3, #28672
  62 0066 23F07003 		bic	r3, r3, #112
  63 006a 43F40043 		orr	r3, r3, #32768
  64 006e 43F0C003 		orr	r3, r3, #192
  65 0072 22F82530 		strh	r3, [r2, r5, lsl #2]	@ movhi
  66              	.L6:
  67 0076 24B9     		cbnz	r4, .L13
  68              	.L7:
  69 0078 2046     		mov	r0, r4
  70 007a 38BD     		pop	{r3, r4, r5, pc}
  71              	.L3:
  72 007c 0023     		movs	r3, #0
  73 007e 8B61     		str	r3, [r1, #24]
  74 0080 D5E7     		b	.L4
  75              	.L13:
  76 0082 2346     		mov	r3, r4
  77 0084 0A89     		ldrh	r2, [r1, #8]
  78 0086 4969     		ldr	r1, [r1, #20]
  79 0088 0068     		ldr	r0, [r0]
  80 008a FFF7FEFF 		bl	USB_ReadPMA
  81 008e F3E7     		b	.L7
  82              	.L2:
  83 0090 0468     		ldr	r4, [r0]
  84 0092 B4F85030 		ldrh	r3, [r4, #80]
  85 0096 91F800C0 		ldrb	ip, [r1]	@ zero_extendqisi2
  86 009a 4FEACC0E 		lsl	lr, ip, #3
  87 009e 1EFA83F3 		uxtah	r3, lr, r3
  88 00a2 2344     		add	r3, r3, r4
  89 00a4 B3F80644 		ldrh	r4, [r3, #1030]
  90 00a8 C4F30904 		ubfx	r4, r4, #0, #10
  91 00ac 8B69     		ldr	r3, [r1, #24]
  92 00ae A342     		cmp	r3, r4
  93 00b0 2FD3     		bcc	.L8
  94 00b2 1B1B     		subs	r3, r3, r4
  95 00b4 8B61     		str	r3, [r1, #24]
  96              	.L9:
  97 00b6 8B69     		ldr	r3, [r1, #24]
  98 00b8 7BB9     		cbnz	r3, .L10
  99 00ba 0568     		ldr	r5, [r0]
 100 00bc 35F82C30 		ldrh	r3, [r5, ip, lsl #2]
 101 00c0 9BB2     		uxth	r3, r3
 102 00c2 23F48043 		bic	r3, r3, #16384
 103 00c6 23F07003 		bic	r3, r3, #112
 104 00ca 83F40053 		eor	r3, r3, #8192
 105 00ce 43F40043 		orr	r3, r3, #32768
 106 00d2 43F08003 		orr	r3, r3, #128
 107 00d6 25F82C30 		strh	r3, [r5, ip, lsl #2]	@ movhi
 108              	.L10:
 109 00da 12F0400F 		tst	r2, #64
 110 00de 0FD1     		bne	.L11
 111 00e0 0268     		ldr	r2, [r0]
 112 00e2 91F800C0 		ldrb	ip, [r1]	@ zero_extendqisi2
 113 00e6 32F82C30 		ldrh	r3, [r2, ip, lsl #2]
 114 00ea 9BB2     		uxth	r3, r3
 115 00ec 23F4E043 		bic	r3, r3, #28672
ARM GAS  C:\Users\kroko\AppData\Local\Temp\ccdb3Yqb.s 			page 3


 116 00f0 23F07003 		bic	r3, r3, #112
 117 00f4 43F40043 		orr	r3, r3, #32768
 118 00f8 43F0C003 		orr	r3, r3, #192
 119 00fc 22F82C30 		strh	r3, [r2, ip, lsl #2]	@ movhi
 120              	.L11:
 121 0100 002C     		cmp	r4, #0
 122 0102 B9D0     		beq	.L7
 123 0104 2346     		mov	r3, r4
 124 0106 4A89     		ldrh	r2, [r1, #10]
 125 0108 4969     		ldr	r1, [r1, #20]
 126 010a 0068     		ldr	r0, [r0]
 127 010c FFF7FEFF 		bl	USB_ReadPMA
 128 0110 B2E7     		b	.L7
 129              	.L8:
 130 0112 0023     		movs	r3, #0
 131 0114 8B61     		str	r3, [r1, #24]
 132 0116 CEE7     		b	.L9
 134              		.section	.text.HAL_PCD_MspInit,"ax",%progbits
 135              		.align	1
 136              		.weak	HAL_PCD_MspInit
 137              		.syntax unified
 138              		.thumb
 139              		.thumb_func
 141              	HAL_PCD_MspInit:
 142              		@ args = 0, pretend = 0, frame = 0
 143              		@ frame_needed = 0, uses_anonymous_args = 0
 144              		@ link register save eliminated.
 145 0000 7047     		bx	lr
 147              		.section	.text.HAL_PCD_Init,"ax",%progbits
 148              		.align	1
 149              		.global	HAL_PCD_Init
 150              		.syntax unified
 151              		.thumb
 152              		.thumb_func
 154              	HAL_PCD_Init:
 155              		@ args = 0, pretend = 0, frame = 0
 156              		@ frame_needed = 0, uses_anonymous_args = 0
 157 0000 38B5     		push	{r3, r4, r5, lr}
 158 0002 0028     		cmp	r0, #0
 159 0004 75D0     		beq	.L25
 160 0006 0446     		mov	r4, r0
 161 0008 90F89132 		ldrb	r3, [r0, #657]	@ zero_extendqisi2
 162 000c A3B1     		cbz	r3, .L28
 163              	.L17:
 164 000e 0323     		movs	r3, #3
 165 0010 84F89132 		strb	r3, [r4, #657]
 166 0014 0023     		movs	r3, #0
 167 0016 6371     		strb	r3, [r4, #5]
 168 0018 2068     		ldr	r0, [r4]
 169 001a FFF7FEFF 		bl	USB_DisableGlobalInt
 170 001e 2346     		mov	r3, r4
 171 0020 53F8040B 		ldr	r0, [r3], #4
 172 0024 0ECB     		ldm	r3, {r1, r2, r3}
 173 0026 FFF7FEFF 		bl	USB_CoreInit
 174 002a 50B1     		cbz	r0, .L18
 175 002c 0223     		movs	r3, #2
 176 002e 84F89132 		strb	r3, [r4, #657]
ARM GAS  C:\Users\kroko\AppData\Local\Temp\ccdb3Yqb.s 			page 4


 177 0032 0125     		movs	r5, #1
 178              	.L16:
 179 0034 2846     		mov	r0, r5
 180 0036 38BD     		pop	{r3, r4, r5, pc}
 181              	.L28:
 182 0038 80F89032 		strb	r3, [r0, #656]
 183 003c FFF7FEFF 		bl	HAL_PCD_MspInit
 184 0040 E5E7     		b	.L17
 185              	.L18:
 186 0042 0021     		movs	r1, #0
 187 0044 2068     		ldr	r0, [r4]
 188 0046 FFF7FEFF 		bl	USB_SetCurrentMode
 189 004a 0346     		mov	r3, r0
 190 004c A8B9     		cbnz	r0, .L29
 191 004e 0246     		mov	r2, r0
 192              	.L19:
 193 0050 2079     		ldrb	r0, [r4, #4]	@ zero_extendqisi2
 194 0052 9042     		cmp	r0, r2
 195 0054 16D9     		bls	.L21
 196 0056 02EB8201 		add	r1, r2, r2, lsl #2
 197 005a 04EBC101 		add	r1, r4, r1, lsl #3
 198 005e 0120     		movs	r0, #1
 199 0060 4874     		strb	r0, [r1, #17]
 200 0062 0A74     		strb	r2, [r1, #16]
 201 0064 0020     		movs	r0, #0
 202 0066 C874     		strb	r0, [r1, #19]
 203 0068 0862     		str	r0, [r1, #32]
 204 006a 4862     		str	r0, [r1, #36]
 205 006c 0132     		adds	r2, r2, #1
 206 006e 02EB8201 		add	r1, r2, r2, lsl #2
 207 0072 C900     		lsls	r1, r1, #3
 208 0074 6050     		str	r0, [r4, r1]
 209 0076 D2B2     		uxtb	r2, r2
 210 0078 EAE7     		b	.L19
 211              	.L29:
 212 007a 0223     		movs	r3, #2
 213 007c 84F89132 		strb	r3, [r4, #657]
 214 0080 0125     		movs	r5, #1
 215 0082 D7E7     		b	.L16
 216              	.L21:
 217 0084 9842     		cmp	r0, r3
 218 0086 17D9     		bls	.L30
 219 0088 03EB8302 		add	r2, r3, r3, lsl #2
 220 008c 04EBC202 		add	r2, r4, r2, lsl #3
 221 0090 0021     		movs	r1, #0
 222 0092 82F85111 		strb	r1, [r2, #337]
 223 0096 82F85031 		strb	r3, [r2, #336]
 224 009a 82F85311 		strb	r1, [r2, #339]
 225 009e C2F86011 		str	r1, [r2, #352]
 226 00a2 C2F86411 		str	r1, [r2, #356]
 227 00a6 03EB8302 		add	r2, r3, r3, lsl #2
 228 00aa 04EBC202 		add	r2, r4, r2, lsl #3
 229 00ae C2F86811 		str	r1, [r2, #360]
 230 00b2 0133     		adds	r3, r3, #1
 231 00b4 DBB2     		uxtb	r3, r3
 232 00b6 E5E7     		b	.L21
 233              	.L30:
ARM GAS  C:\Users\kroko\AppData\Local\Temp\ccdb3Yqb.s 			page 5


 234 00b8 2346     		mov	r3, r4
 235 00ba 53F8040B 		ldr	r0, [r3], #4
 236 00be 0ECB     		ldm	r3, {r1, r2, r3}
 237 00c0 FFF7FEFF 		bl	USB_DevInit
 238 00c4 0546     		mov	r5, r0
 239 00c6 58B9     		cbnz	r0, .L31
 240 00c8 0023     		movs	r3, #0
 241 00ca 6373     		strb	r3, [r4, #13]
 242 00cc 0123     		movs	r3, #1
 243 00ce 84F89132 		strb	r3, [r4, #657]
 244 00d2 E37A     		ldrb	r3, [r4, #11]	@ zero_extendqisi2
 245 00d4 012B     		cmp	r3, #1
 246 00d6 08D0     		beq	.L32
 247              	.L24:
 248 00d8 2068     		ldr	r0, [r4]
 249 00da FFF7FEFF 		bl	USB_DevDisconnect
 250 00de A9E7     		b	.L16
 251              	.L31:
 252 00e0 0223     		movs	r3, #2
 253 00e2 84F89132 		strb	r3, [r4, #657]
 254 00e6 0125     		movs	r5, #1
 255 00e8 A4E7     		b	.L16
 256              	.L32:
 257 00ea 2046     		mov	r0, r4
 258 00ec FFF7FEFF 		bl	HAL_PCDEx_ActivateLPM
 259 00f0 F2E7     		b	.L24
 260              	.L25:
 261 00f2 0125     		movs	r5, #1
 262 00f4 9EE7     		b	.L16
 264              		.section	.text.HAL_PCD_MspDeInit,"ax",%progbits
 265              		.align	1
 266              		.weak	HAL_PCD_MspDeInit
 267              		.syntax unified
 268              		.thumb
 269              		.thumb_func
 271              	HAL_PCD_MspDeInit:
 272              		@ args = 0, pretend = 0, frame = 0
 273              		@ frame_needed = 0, uses_anonymous_args = 0
 274              		@ link register save eliminated.
 275 0000 7047     		bx	lr
 277              		.section	.text.HAL_PCD_DeInit,"ax",%progbits
 278              		.align	1
 279              		.global	HAL_PCD_DeInit
 280              		.syntax unified
 281              		.thumb
 282              		.thumb_func
 284              	HAL_PCD_DeInit:
 285              		@ args = 0, pretend = 0, frame = 0
 286              		@ frame_needed = 0, uses_anonymous_args = 0
 287 0000 38B5     		push	{r3, r4, r5, lr}
 288 0002 90B1     		cbz	r0, .L36
 289 0004 0446     		mov	r4, r0
 290 0006 0323     		movs	r3, #3
 291 0008 80F89132 		strb	r3, [r0, #657]
 292 000c 0068     		ldr	r0, [r0]
 293 000e FFF7FEFF 		bl	USB_StopDevice
 294 0012 0546     		mov	r5, r0
ARM GAS  C:\Users\kroko\AppData\Local\Temp\ccdb3Yqb.s 			page 6


 295 0014 10B1     		cbz	r0, .L39
 296 0016 0125     		movs	r5, #1
 297              	.L35:
 298 0018 2846     		mov	r0, r5
 299 001a 38BD     		pop	{r3, r4, r5, pc}
 300              	.L39:
 301 001c 2046     		mov	r0, r4
 302 001e FFF7FEFF 		bl	HAL_PCD_MspDeInit
 303 0022 0023     		movs	r3, #0
 304 0024 84F89132 		strb	r3, [r4, #657]
 305 0028 F6E7     		b	.L35
 306              	.L36:
 307 002a 0125     		movs	r5, #1
 308 002c F4E7     		b	.L35
 310              		.section	.text.HAL_PCD_Start,"ax",%progbits
 311              		.align	1
 312              		.global	HAL_PCD_Start
 313              		.syntax unified
 314              		.thumb
 315              		.thumb_func
 317              	HAL_PCD_Start:
 318              		@ args = 0, pretend = 0, frame = 0
 319              		@ frame_needed = 0, uses_anonymous_args = 0
 320 0000 90F89032 		ldrb	r3, [r0, #656]	@ zero_extendqisi2
 321 0004 012B     		cmp	r3, #1
 322 0006 0ED0     		beq	.L42
 323 0008 10B5     		push	{r4, lr}
 324 000a 0446     		mov	r4, r0
 325 000c 0123     		movs	r3, #1
 326 000e 80F89032 		strb	r3, [r0, #656]
 327 0012 0068     		ldr	r0, [r0]
 328 0014 FFF7FEFF 		bl	USB_EnableGlobalInt
 329 0018 2068     		ldr	r0, [r4]
 330 001a FFF7FEFF 		bl	USB_DevConnect
 331 001e 0020     		movs	r0, #0
 332 0020 84F89002 		strb	r0, [r4, #656]
 333 0024 10BD     		pop	{r4, pc}
 334              	.L42:
 335 0026 0220     		movs	r0, #2
 336 0028 7047     		bx	lr
 338              		.section	.text.HAL_PCD_Stop,"ax",%progbits
 339              		.align	1
 340              		.global	HAL_PCD_Stop
 341              		.syntax unified
 342              		.thumb
 343              		.thumb_func
 345              	HAL_PCD_Stop:
 346              		@ args = 0, pretend = 0, frame = 0
 347              		@ frame_needed = 0, uses_anonymous_args = 0
 348 0000 90F89032 		ldrb	r3, [r0, #656]	@ zero_extendqisi2
 349 0004 012B     		cmp	r3, #1
 350 0006 0ED0     		beq	.L49
 351 0008 10B5     		push	{r4, lr}
 352 000a 0446     		mov	r4, r0
 353 000c 0123     		movs	r3, #1
 354 000e 80F89032 		strb	r3, [r0, #656]
 355 0012 0068     		ldr	r0, [r0]
ARM GAS  C:\Users\kroko\AppData\Local\Temp\ccdb3Yqb.s 			page 7


 356 0014 FFF7FEFF 		bl	USB_DisableGlobalInt
 357 0018 2068     		ldr	r0, [r4]
 358 001a FFF7FEFF 		bl	USB_DevDisconnect
 359 001e 0020     		movs	r0, #0
 360 0020 84F89002 		strb	r0, [r4, #656]
 361 0024 10BD     		pop	{r4, pc}
 362              	.L49:
 363 0026 0220     		movs	r0, #2
 364 0028 7047     		bx	lr
 366              		.section	.text.HAL_PCD_DataOutStageCallback,"ax",%progbits
 367              		.align	1
 368              		.weak	HAL_PCD_DataOutStageCallback
 369              		.syntax unified
 370              		.thumb
 371              		.thumb_func
 373              	HAL_PCD_DataOutStageCallback:
 374              		@ args = 0, pretend = 0, frame = 0
 375              		@ frame_needed = 0, uses_anonymous_args = 0
 376              		@ link register save eliminated.
 377 0000 7047     		bx	lr
 379              		.section	.text.HAL_PCD_DataInStageCallback,"ax",%progbits
 380              		.align	1
 381              		.weak	HAL_PCD_DataInStageCallback
 382              		.syntax unified
 383              		.thumb
 384              		.thumb_func
 386              	HAL_PCD_DataInStageCallback:
 387              		@ args = 0, pretend = 0, frame = 0
 388              		@ frame_needed = 0, uses_anonymous_args = 0
 389              		@ link register save eliminated.
 390 0000 7047     		bx	lr
 392              		.section	.text.HAL_PCD_EP_DB_Transmit,"ax",%progbits
 393              		.align	1
 394              		.syntax unified
 395              		.thumb
 396              		.thumb_func
 398              	HAL_PCD_EP_DB_Transmit:
 399              		@ args = 0, pretend = 0, frame = 0
 400              		@ frame_needed = 0, uses_anonymous_args = 0
 401 0000 70B5     		push	{r4, r5, r6, lr}
 402 0002 0546     		mov	r5, r0
 403 0004 0C46     		mov	r4, r1
 404 0006 1646     		mov	r6, r2
 405 0008 12F0400F 		tst	r2, #64
 406 000c 00F02081 		beq	.L57
 407 0010 0268     		ldr	r2, [r0]
 408 0012 B2F85030 		ldrh	r3, [r2, #80]
 409 0016 0978     		ldrb	r1, [r1]	@ zero_extendqisi2
 410 0018 4FEAC10C 		lsl	ip, r1, #3
 411 001c 1CFA83F3 		uxtah	r3, ip, r3
 412 0020 1344     		add	r3, r3, r2
 413 0022 B3F80224 		ldrh	r2, [r3, #1026]
 414 0026 C2F30902 		ubfx	r2, r2, #0, #10
 415 002a A369     		ldr	r3, [r4, #24]
 416 002c 9342     		cmp	r3, r2
 417 002e 2CD9     		bls	.L58
 418 0030 9B1A     		subs	r3, r3, r2
ARM GAS  C:\Users\kroko\AppData\Local\Temp\ccdb3Yqb.s 			page 8


 419 0032 A361     		str	r3, [r4, #24]
 420              	.L59:
 421 0034 A069     		ldr	r0, [r4, #24]
 422 0036 58B3     		cbz	r0, .L99
 423 0038 16F4804F 		tst	r6, #16384
 424 003c 0DD0     		beq	.L68
 425 003e 2868     		ldr	r0, [r5]
 426 0040 30F82130 		ldrh	r3, [r0, r1, lsl #2]
 427 0044 9BB2     		uxth	r3, r3
 428 0046 23F4E043 		bic	r3, r3, #28672
 429 004a 23F07003 		bic	r3, r3, #112
 430 004e 43F44043 		orr	r3, r3, #49152
 431 0052 43F08003 		orr	r3, r3, #128
 432 0056 20F82130 		strh	r3, [r0, r1, lsl #2]	@ movhi
 433              	.L68:
 434 005a 94F82430 		ldrb	r3, [r4, #36]	@ zero_extendqisi2
 435 005e 012B     		cmp	r3, #1
 436 0060 00F08D80 		beq	.L100
 437              	.L69:
 438 0064 2A68     		ldr	r2, [r5]
 439 0066 2178     		ldrb	r1, [r4]	@ zero_extendqisi2
 440 0068 32F82130 		ldrh	r3, [r2, r1, lsl #2]
 441 006c 9BB2     		uxth	r3, r3
 442 006e 23F4E043 		bic	r3, r3, #28672
 443 0072 23F04003 		bic	r3, r3, #64
 444 0076 83F03003 		eor	r3, r3, #48
 445 007a 43F40043 		orr	r3, r3, #32768
 446 007e 43F08003 		orr	r3, r3, #128
 447 0082 22F82130 		strh	r3, [r2, r1, lsl #2]	@ movhi
 448              	.L67:
 449 0086 0020     		movs	r0, #0
 450 0088 70BD     		pop	{r4, r5, r6, pc}
 451              	.L58:
 452 008a 0023     		movs	r3, #0
 453 008c A361     		str	r3, [r4, #24]
 454 008e D1E7     		b	.L59
 455              	.L99:
 456 0090 6378     		ldrb	r3, [r4, #1]	@ zero_extendqisi2
 457 0092 002B     		cmp	r3, #0
 458 0094 48D1     		bne	.L61
 459 0096 2A68     		ldr	r2, [r5]
 460 0098 B2F85030 		ldrh	r3, [r2, #80]
 461 009c 12FA83F3 		uxtah	r3, r2, r3
 462 00a0 6344     		add	r3, r3, ip
 463 00a2 B3F80224 		ldrh	r2, [r3, #1026]
 464 00a6 C2F30902 		ubfx	r2, r2, #0, #10
 465 00aa A3F80224 		strh	r2, [r3, #1026]	@ movhi
 466 00ae B3F80224 		ldrh	r2, [r3, #1026]
 467 00b2 6FEA4242 		mvn	r2, r2, lsl #17
 468 00b6 6FEA5242 		mvn	r2, r2, lsr #17
 469 00ba 92B2     		uxth	r2, r2
 470 00bc A3F80224 		strh	r2, [r3, #1026]	@ movhi
 471              	.L62:
 472 00c0 2A68     		ldr	r2, [r5]
 473 00c2 6378     		ldrb	r3, [r4, #1]	@ zero_extendqisi2
 474 00c4 002B     		cmp	r3, #0
 475 00c6 3BD1     		bne	.L63
ARM GAS  C:\Users\kroko\AppData\Local\Temp\ccdb3Yqb.s 			page 9


 476 00c8 B2F85030 		ldrh	r3, [r2, #80]
 477 00cc 12FA83F3 		uxtah	r3, r2, r3
 478 00d0 2278     		ldrb	r2, [r4]	@ zero_extendqisi2
 479 00d2 03EBC203 		add	r3, r3, r2, lsl #3
 480 00d6 B3F80624 		ldrh	r2, [r3, #1030]
 481 00da C2F30902 		ubfx	r2, r2, #0, #10
 482 00de A3F80624 		strh	r2, [r3, #1030]	@ movhi
 483 00e2 B3F80624 		ldrh	r2, [r3, #1030]
 484 00e6 6FEA4242 		mvn	r2, r2, lsl #17
 485 00ea 6FEA5242 		mvn	r2, r2, lsr #17
 486 00ee 92B2     		uxth	r2, r2
 487 00f0 A3F80624 		strh	r2, [r3, #1030]	@ movhi
 488              	.L64:
 489 00f4 E378     		ldrb	r3, [r4, #3]	@ zero_extendqisi2
 490 00f6 022B     		cmp	r3, #2
 491 00f8 2FD0     		beq	.L101
 492              	.L65:
 493 00fa 2178     		ldrb	r1, [r4]	@ zero_extendqisi2
 494 00fc 2846     		mov	r0, r5
 495 00fe FFF7FEFF 		bl	HAL_PCD_DataInStageCallback
 496 0102 16F4804F 		tst	r6, #16384
 497 0106 BED0     		beq	.L67
 498 0108 2A68     		ldr	r2, [r5]
 499 010a 2178     		ldrb	r1, [r4]	@ zero_extendqisi2
 500 010c 32F82130 		ldrh	r3, [r2, r1, lsl #2]
 501 0110 9BB2     		uxth	r3, r3
 502 0112 23F4E043 		bic	r3, r3, #28672
 503 0116 23F07003 		bic	r3, r3, #112
 504 011a 43F44043 		orr	r3, r3, #49152
 505 011e 43F08003 		orr	r3, r3, #128
 506 0122 22F82130 		strh	r3, [r2, r1, lsl #2]	@ movhi
 507 0126 AEE7     		b	.L67
 508              	.L61:
 509 0128 012B     		cmp	r3, #1
 510 012a C9D1     		bne	.L62
 511 012c 2A68     		ldr	r2, [r5]
 512 012e B2F85030 		ldrh	r3, [r2, #80]
 513 0132 12FA83F3 		uxtah	r3, r2, r3
 514 0136 6344     		add	r3, r3, ip
 515 0138 0022     		movs	r2, #0
 516 013a A3F80224 		strh	r2, [r3, #1026]	@ movhi
 517 013e BFE7     		b	.L62
 518              	.L63:
 519 0140 012B     		cmp	r3, #1
 520 0142 D7D1     		bne	.L64
 521 0144 B2F85030 		ldrh	r3, [r2, #80]
 522 0148 12FA83F3 		uxtah	r3, r2, r3
 523 014c 2278     		ldrb	r2, [r4]	@ zero_extendqisi2
 524 014e 03EBC203 		add	r3, r3, r2, lsl #3
 525 0152 0022     		movs	r2, #0
 526 0154 A3F80624 		strh	r2, [r3, #1030]	@ movhi
 527 0158 CCE7     		b	.L64
 528              	.L101:
 529 015a 2A68     		ldr	r2, [r5]
 530 015c 2178     		ldrb	r1, [r4]	@ zero_extendqisi2
 531 015e 32F82130 		ldrh	r3, [r2, r1, lsl #2]
 532 0162 9BB2     		uxth	r3, r3
ARM GAS  C:\Users\kroko\AppData\Local\Temp\ccdb3Yqb.s 			page 10


 533 0164 23F4E043 		bic	r3, r3, #28672
 534 0168 23F04003 		bic	r3, r3, #64
 535 016c 83F02003 		eor	r3, r3, #32
 536 0170 43F40043 		orr	r3, r3, #32768
 537 0174 43F08003 		orr	r3, r3, #128
 538 0178 22F82130 		strh	r3, [r2, r1, lsl #2]	@ movhi
 539 017c BDE7     		b	.L65
 540              	.L100:
 541 017e 6369     		ldr	r3, [r4, #20]
 542 0180 1344     		add	r3, r3, r2
 543 0182 6361     		str	r3, [r4, #20]
 544 0184 E369     		ldr	r3, [r4, #28]
 545 0186 1344     		add	r3, r3, r2
 546 0188 E361     		str	r3, [r4, #28]
 547 018a 216A     		ldr	r1, [r4, #32]
 548 018c 2369     		ldr	r3, [r4, #16]
 549 018e 9942     		cmp	r1, r3
 550 0190 1DD3     		bcc	.L70
 551 0192 C91A     		subs	r1, r1, r3
 552 0194 2162     		str	r1, [r4, #32]
 553              	.L71:
 554 0196 6278     		ldrb	r2, [r4, #1]	@ zero_extendqisi2
 555 0198 002A     		cmp	r2, #0
 556 019a 44D1     		bne	.L73
 557 019c 2968     		ldr	r1, [r5]
 558 019e B1F85020 		ldrh	r2, [r1, #80]
 559 01a2 11FA82F2 		uxtah	r2, r1, r2
 560 01a6 2178     		ldrb	r1, [r4]	@ zero_extendqisi2
 561 01a8 02EBC102 		add	r2, r2, r1, lsl #3
 562 01ac B2F80214 		ldrh	r1, [r2, #1026]
 563 01b0 C1F30901 		ubfx	r1, r1, #0, #10
 564 01b4 A2F80214 		strh	r1, [r2, #1026]	@ movhi
 565 01b8 ABB9     		cbnz	r3, .L74
 566 01ba B2F80214 		ldrh	r1, [r2, #1026]
 567 01be 6FEA4141 		mvn	r1, r1, lsl #17
 568 01c2 6FEA5141 		mvn	r1, r1, lsr #17
 569 01c6 89B2     		uxth	r1, r1
 570 01c8 A2F80214 		strh	r1, [r2, #1026]	@ movhi
 571 01cc 2DE0     		b	.L75
 572              	.L70:
 573 01ce 21B9     		cbnz	r1, .L72
 574 01d0 0023     		movs	r3, #0
 575 01d2 84F82430 		strb	r3, [r4, #36]
 576 01d6 1346     		mov	r3, r2
 577 01d8 DDE7     		b	.L71
 578              	.L72:
 579 01da 0023     		movs	r3, #0
 580 01dc 84F82430 		strb	r3, [r4, #36]
 581 01e0 2362     		str	r3, [r4, #32]
 582 01e2 0B46     		mov	r3, r1
 583 01e4 D7E7     		b	.L71
 584              	.L74:
 585 01e6 3E2B     		cmp	r3, #62
 586 01e8 0DD8     		bhi	.L76
 587 01ea 5908     		lsrs	r1, r3, #1
 588 01ec 13F0010F 		tst	r3, #1
 589 01f0 00D0     		beq	.L77
ARM GAS  C:\Users\kroko\AppData\Local\Temp\ccdb3Yqb.s 			page 11


 590 01f2 0131     		adds	r1, r1, #1
 591              	.L77:
 592 01f4 B2F80204 		ldrh	r0, [r2, #1026]
 593 01f8 80B2     		uxth	r0, r0
 594 01fa 8902     		lsls	r1, r1, #10
 595 01fc 89B2     		uxth	r1, r1
 596 01fe 0143     		orrs	r1, r1, r0
 597 0200 A2F80214 		strh	r1, [r2, #1026]	@ movhi
 598 0204 11E0     		b	.L75
 599              	.L76:
 600 0206 5809     		lsrs	r0, r3, #5
 601 0208 13F01F0F 		tst	r3, #31
 602 020c 00D1     		bne	.L78
 603 020e 0138     		subs	r0, r0, #1
 604              	.L78:
 605 0210 B2F80214 		ldrh	r1, [r2, #1026]
 606 0214 89B2     		uxth	r1, r1
 607 0216 8002     		lsls	r0, r0, #10
 608 0218 80B2     		uxth	r0, r0
 609 021a 0143     		orrs	r1, r1, r0
 610 021c 41F40041 		orr	r1, r1, #32768
 611 0220 A2F80214 		strh	r1, [r2, #1026]	@ movhi
 612 0224 01E0     		b	.L75
 613              	.L73:
 614 0226 012A     		cmp	r2, #1
 615 0228 06D0     		beq	.L102
 616              	.L75:
 617 022a 9BB2     		uxth	r3, r3
 618 022c 2289     		ldrh	r2, [r4, #8]
 619 022e 6169     		ldr	r1, [r4, #20]
 620 0230 2868     		ldr	r0, [r5]
 621 0232 FFF7FEFF 		bl	USB_WritePMA
 622 0236 15E7     		b	.L69
 623              	.L102:
 624 0238 2968     		ldr	r1, [r5]
 625 023a B1F85020 		ldrh	r2, [r1, #80]
 626 023e 11FA82F2 		uxtah	r2, r1, r2
 627 0242 2178     		ldrb	r1, [r4]	@ zero_extendqisi2
 628 0244 02EBC102 		add	r2, r2, r1, lsl #3
 629 0248 99B2     		uxth	r1, r3
 630 024a A2F80214 		strh	r1, [r2, #1026]	@ movhi
 631 024e ECE7     		b	.L75
 632              	.L57:
 633 0250 0268     		ldr	r2, [r0]
 634 0252 B2F85030 		ldrh	r3, [r2, #80]
 635 0256 0978     		ldrb	r1, [r1]	@ zero_extendqisi2
 636 0258 C800     		lsls	r0, r1, #3
 637 025a 10FA83F3 		uxtah	r3, r0, r3
 638 025e 1344     		add	r3, r3, r2
 639 0260 B3F80624 		ldrh	r2, [r3, #1030]
 640 0264 C2F30902 		ubfx	r2, r2, #0, #10
 641 0268 A369     		ldr	r3, [r4, #24]
 642 026a 9342     		cmp	r3, r2
 643 026c 46D3     		bcc	.L79
 644 026e 9B1A     		subs	r3, r3, r2
 645 0270 A361     		str	r3, [r4, #24]
 646              	.L80:
ARM GAS  C:\Users\kroko\AppData\Local\Temp\ccdb3Yqb.s 			page 12


 647 0272 A369     		ldr	r3, [r4, #24]
 648 0274 002B     		cmp	r3, #0
 649 0276 44D0     		beq	.L103
 650 0278 16F4804F 		tst	r6, #16384
 651 027c 0DD1     		bne	.L88
 652 027e 2868     		ldr	r0, [r5]
 653 0280 30F82130 		ldrh	r3, [r0, r1, lsl #2]
 654 0284 9BB2     		uxth	r3, r3
 655 0286 23F4E043 		bic	r3, r3, #28672
 656 028a 23F07003 		bic	r3, r3, #112
 657 028e 43F44043 		orr	r3, r3, #49152
 658 0292 43F08003 		orr	r3, r3, #128
 659 0296 20F82130 		strh	r3, [r0, r1, lsl #2]	@ movhi
 660              	.L88:
 661 029a 94F82430 		ldrb	r3, [r4, #36]	@ zero_extendqisi2
 662 029e 012B     		cmp	r3, #1
 663 02a0 7FF4E0AE 		bne	.L69
 664 02a4 6369     		ldr	r3, [r4, #20]
 665 02a6 1344     		add	r3, r3, r2
 666 02a8 6361     		str	r3, [r4, #20]
 667 02aa E369     		ldr	r3, [r4, #28]
 668 02ac 1344     		add	r3, r3, r2
 669 02ae E361     		str	r3, [r4, #28]
 670 02b0 216A     		ldr	r1, [r4, #32]
 671 02b2 2369     		ldr	r3, [r4, #16]
 672 02b4 9942     		cmp	r1, r3
 673 02b6 C0F09C80 		bcc	.L89
 674 02ba C91A     		subs	r1, r1, r3
 675 02bc 2162     		str	r1, [r4, #32]
 676              	.L90:
 677 02be 2968     		ldr	r1, [r5]
 678 02c0 6278     		ldrb	r2, [r4, #1]	@ zero_extendqisi2
 679 02c2 002A     		cmp	r2, #0
 680 02c4 40F0C180 		bne	.L92
 681 02c8 B1F85020 		ldrh	r2, [r1, #80]
 682 02cc 11FA82F2 		uxtah	r2, r1, r2
 683 02d0 2178     		ldrb	r1, [r4]	@ zero_extendqisi2
 684 02d2 02EBC102 		add	r2, r2, r1, lsl #3
 685 02d6 B2F80614 		ldrh	r1, [r2, #1030]
 686 02da C1F30901 		ubfx	r1, r1, #0, #10
 687 02de A2F80614 		strh	r1, [r2, #1030]	@ movhi
 688 02e2 002B     		cmp	r3, #0
 689 02e4 40F09180 		bne	.L93
 690 02e8 B2F80614 		ldrh	r1, [r2, #1030]
 691 02ec 6FEA4141 		mvn	r1, r1, lsl #17
 692 02f0 6FEA5141 		mvn	r1, r1, lsr #17
 693 02f4 89B2     		uxth	r1, r1
 694 02f6 A2F80614 		strh	r1, [r2, #1030]	@ movhi
 695 02fa A8E0     		b	.L94
 696              	.L79:
 697 02fc 0023     		movs	r3, #0
 698 02fe A361     		str	r3, [r4, #24]
 699 0300 B7E7     		b	.L80
 700              	.L103:
 701 0302 6378     		ldrb	r3, [r4, #1]	@ zero_extendqisi2
 702 0304 002B     		cmp	r3, #0
 703 0306 49D1     		bne	.L82
ARM GAS  C:\Users\kroko\AppData\Local\Temp\ccdb3Yqb.s 			page 13


 704 0308 2A68     		ldr	r2, [r5]
 705 030a B2F85030 		ldrh	r3, [r2, #80]
 706 030e 12FA83F3 		uxtah	r3, r2, r3
 707 0312 0344     		add	r3, r3, r0
 708 0314 B3F80224 		ldrh	r2, [r3, #1026]
 709 0318 C2F30902 		ubfx	r2, r2, #0, #10
 710 031c A3F80224 		strh	r2, [r3, #1026]	@ movhi
 711 0320 B3F80224 		ldrh	r2, [r3, #1026]
 712 0324 6FEA4242 		mvn	r2, r2, lsl #17
 713 0328 6FEA5242 		mvn	r2, r2, lsr #17
 714 032c 92B2     		uxth	r2, r2
 715 032e A3F80224 		strh	r2, [r3, #1026]	@ movhi
 716              	.L83:
 717 0332 2A68     		ldr	r2, [r5]
 718 0334 6378     		ldrb	r3, [r4, #1]	@ zero_extendqisi2
 719 0336 002B     		cmp	r3, #0
 720 0338 3CD1     		bne	.L84
 721 033a B2F85030 		ldrh	r3, [r2, #80]
 722 033e 12FA83F3 		uxtah	r3, r2, r3
 723 0342 2278     		ldrb	r2, [r4]	@ zero_extendqisi2
 724 0344 03EBC203 		add	r3, r3, r2, lsl #3
 725 0348 B3F80624 		ldrh	r2, [r3, #1030]
 726 034c C2F30902 		ubfx	r2, r2, #0, #10
 727 0350 A3F80624 		strh	r2, [r3, #1030]	@ movhi
 728 0354 B3F80624 		ldrh	r2, [r3, #1030]
 729 0358 6FEA4242 		mvn	r2, r2, lsl #17
 730 035c 6FEA5242 		mvn	r2, r2, lsr #17
 731 0360 92B2     		uxth	r2, r2
 732 0362 A3F80624 		strh	r2, [r3, #1030]	@ movhi
 733              	.L85:
 734 0366 E378     		ldrb	r3, [r4, #3]	@ zero_extendqisi2
 735 0368 022B     		cmp	r3, #2
 736 036a 30D0     		beq	.L104
 737              	.L86:
 738 036c 2178     		ldrb	r1, [r4]	@ zero_extendqisi2
 739 036e 2846     		mov	r0, r5
 740 0370 FFF7FEFF 		bl	HAL_PCD_DataInStageCallback
 741 0374 16F4804F 		tst	r6, #16384
 742 0378 7FF485AE 		bne	.L67
 743 037c 2A68     		ldr	r2, [r5]
 744 037e 2178     		ldrb	r1, [r4]	@ zero_extendqisi2
 745 0380 32F82130 		ldrh	r3, [r2, r1, lsl #2]
 746 0384 9BB2     		uxth	r3, r3
 747 0386 23F4E043 		bic	r3, r3, #28672
 748 038a 23F07003 		bic	r3, r3, #112
 749 038e 43F44043 		orr	r3, r3, #49152
 750 0392 43F08003 		orr	r3, r3, #128
 751 0396 22F82130 		strh	r3, [r2, r1, lsl #2]	@ movhi
 752 039a 74E6     		b	.L67
 753              	.L82:
 754 039c 012B     		cmp	r3, #1
 755 039e C8D1     		bne	.L83
 756 03a0 2A68     		ldr	r2, [r5]
 757 03a2 B2F85030 		ldrh	r3, [r2, #80]
 758 03a6 12FA83F3 		uxtah	r3, r2, r3
 759 03aa 0344     		add	r3, r3, r0
 760 03ac 0022     		movs	r2, #0
ARM GAS  C:\Users\kroko\AppData\Local\Temp\ccdb3Yqb.s 			page 14


 761 03ae A3F80224 		strh	r2, [r3, #1026]	@ movhi
 762 03b2 BEE7     		b	.L83
 763              	.L84:
 764 03b4 012B     		cmp	r3, #1
 765 03b6 D6D1     		bne	.L85
 766 03b8 B2F85030 		ldrh	r3, [r2, #80]
 767 03bc 12FA83F3 		uxtah	r3, r2, r3
 768 03c0 2278     		ldrb	r2, [r4]	@ zero_extendqisi2
 769 03c2 03EBC203 		add	r3, r3, r2, lsl #3
 770 03c6 0022     		movs	r2, #0
 771 03c8 A3F80624 		strh	r2, [r3, #1030]	@ movhi
 772 03cc CBE7     		b	.L85
 773              	.L104:
 774 03ce 2A68     		ldr	r2, [r5]
 775 03d0 2178     		ldrb	r1, [r4]	@ zero_extendqisi2
 776 03d2 32F82130 		ldrh	r3, [r2, r1, lsl #2]
 777 03d6 9BB2     		uxth	r3, r3
 778 03d8 23F4E043 		bic	r3, r3, #28672
 779 03dc 23F04003 		bic	r3, r3, #64
 780 03e0 83F02003 		eor	r3, r3, #32
 781 03e4 43F40043 		orr	r3, r3, #32768
 782 03e8 43F08003 		orr	r3, r3, #128
 783 03ec 22F82130 		strh	r3, [r2, r1, lsl #2]	@ movhi
 784 03f0 BCE7     		b	.L86
 785              	.L89:
 786 03f2 21B9     		cbnz	r1, .L91
 787 03f4 0023     		movs	r3, #0
 788 03f6 84F82430 		strb	r3, [r4, #36]
 789 03fa 1346     		mov	r3, r2
 790 03fc 5FE7     		b	.L90
 791              	.L91:
 792 03fe 0023     		movs	r3, #0
 793 0400 2362     		str	r3, [r4, #32]
 794 0402 84F82430 		strb	r3, [r4, #36]
 795 0406 0B46     		mov	r3, r1
 796 0408 59E7     		b	.L90
 797              	.L93:
 798 040a 3E2B     		cmp	r3, #62
 799 040c 0DD8     		bhi	.L95
 800 040e 5908     		lsrs	r1, r3, #1
 801 0410 13F0010F 		tst	r3, #1
 802 0414 00D0     		beq	.L96
 803 0416 0131     		adds	r1, r1, #1
 804              	.L96:
 805 0418 B2F80604 		ldrh	r0, [r2, #1030]
 806 041c 80B2     		uxth	r0, r0
 807 041e 8902     		lsls	r1, r1, #10
 808 0420 89B2     		uxth	r1, r1
 809 0422 0143     		orrs	r1, r1, r0
 810 0424 A2F80614 		strh	r1, [r2, #1030]	@ movhi
 811 0428 11E0     		b	.L94
 812              	.L95:
 813 042a 5809     		lsrs	r0, r3, #5
 814 042c 13F01F0F 		tst	r3, #31
 815 0430 00D1     		bne	.L97
 816 0432 0138     		subs	r0, r0, #1
 817              	.L97:
ARM GAS  C:\Users\kroko\AppData\Local\Temp\ccdb3Yqb.s 			page 15


 818 0434 B2F80614 		ldrh	r1, [r2, #1030]
 819 0438 89B2     		uxth	r1, r1
 820 043a 8002     		lsls	r0, r0, #10
 821 043c 80B2     		uxth	r0, r0
 822 043e 0143     		orrs	r1, r1, r0
 823 0440 41F40041 		orr	r1, r1, #32768
 824 0444 A2F80614 		strh	r1, [r2, #1030]	@ movhi
 825 0448 01E0     		b	.L94
 826              	.L92:
 827 044a 012A     		cmp	r2, #1
 828 044c 06D0     		beq	.L105
 829              	.L94:
 830 044e 9BB2     		uxth	r3, r3
 831 0450 6289     		ldrh	r2, [r4, #10]
 832 0452 6169     		ldr	r1, [r4, #20]
 833 0454 2868     		ldr	r0, [r5]
 834 0456 FFF7FEFF 		bl	USB_WritePMA
 835 045a 03E6     		b	.L69
 836              	.L105:
 837 045c B1F85020 		ldrh	r2, [r1, #80]
 838 0460 11FA82F2 		uxtah	r2, r1, r2
 839 0464 2178     		ldrb	r1, [r4]	@ zero_extendqisi2
 840 0466 02EBC102 		add	r2, r2, r1, lsl #3
 841 046a 99B2     		uxth	r1, r3
 842 046c A2F80614 		strh	r1, [r2, #1030]	@ movhi
 843 0470 EDE7     		b	.L94
 845              		.section	.text.HAL_PCD_SetupStageCallback,"ax",%progbits
 846              		.align	1
 847              		.weak	HAL_PCD_SetupStageCallback
 848              		.syntax unified
 849              		.thumb
 850              		.thumb_func
 852              	HAL_PCD_SetupStageCallback:
 853              		@ args = 0, pretend = 0, frame = 0
 854              		@ frame_needed = 0, uses_anonymous_args = 0
 855              		@ link register save eliminated.
 856 0000 7047     		bx	lr
 858              		.section	.text.PCD_EP_ISR_Handler,"ax",%progbits
 859              		.align	1
 860              		.syntax unified
 861              		.thumb
 862              		.thumb_func
 864              	PCD_EP_ISR_Handler:
 865              		@ args = 0, pretend = 0, frame = 0
 866              		@ frame_needed = 0, uses_anonymous_args = 0
 867 0000 2DE9F041 		push	{r4, r5, r6, r7, r8, lr}
 868 0004 0546     		mov	r5, r0
 869              	.L108:
 870 0006 2868     		ldr	r0, [r5]
 871 0008 B0F84430 		ldrh	r3, [r0, #68]
 872 000c 13F4004F 		tst	r3, #32768
 873 0010 00F05582 		beq	.L132
 874 0014 B0F84440 		ldrh	r4, [r0, #68]
 875 0018 A3B2     		uxth	r3, r4
 876 001a 14F00F04 		ands	r4, r4, #15
 877 001e 40F09F80 		bne	.L109
 878 0022 13F0100F 		tst	r3, #16
ARM GAS  C:\Users\kroko\AppData\Local\Temp\ccdb3Yqb.s 			page 16


 879 0026 4AD0     		beq	.L133
 880 0028 0388     		ldrh	r3, [r0]
 881 002a 9AB2     		uxth	r2, r3
 882 002c 13F4006F 		tst	r3, #2048
 883 0030 75D1     		bne	.L134
 884 0032 12F4004F 		tst	r2, #32768
 885 0036 E6D0     		beq	.L108
 886 0038 0388     		ldrh	r3, [r0]
 887 003a 23F07003 		bic	r3, r3, #112
 888 003e 1B05     		lsls	r3, r3, #20
 889 0040 1B0D     		lsrs	r3, r3, #20
 890 0042 43F08003 		orr	r3, r3, #128
 891 0046 0380     		strh	r3, [r0]	@ movhi
 892 0048 2868     		ldr	r0, [r5]
 893 004a B0F85030 		ldrh	r3, [r0, #80]
 894 004e 95F85021 		ldrb	r2, [r5, #336]	@ zero_extendqisi2
 895 0052 D200     		lsls	r2, r2, #3
 896 0054 12FA83F3 		uxtah	r3, r2, r3
 897 0058 0344     		add	r3, r3, r0
 898 005a B3F80634 		ldrh	r3, [r3, #1030]
 899 005e C3F30903 		ubfx	r3, r3, #0, #10
 900 0062 C5F86C31 		str	r3, [r5, #364]
 901 0066 8BB1     		cbz	r3, .L113
 902 0068 D5F86411 		ldr	r1, [r5, #356]
 903 006c 71B1     		cbz	r1, .L113
 904 006e B5F85621 		ldrh	r2, [r5, #342]
 905 0072 FFF7FEFF 		bl	USB_ReadPMA
 906 0076 D5F86431 		ldr	r3, [r5, #356]
 907 007a D5F86C21 		ldr	r2, [r5, #364]
 908 007e 1344     		add	r3, r3, r2
 909 0080 C5F86431 		str	r3, [r5, #356]
 910 0084 0021     		movs	r1, #0
 911 0086 2846     		mov	r0, r5
 912 0088 FFF7FEFF 		bl	HAL_PCD_DataOutStageCallback
 913              	.L113:
 914 008c 2A68     		ldr	r2, [r5]
 915 008e 1388     		ldrh	r3, [r2]
 916 0090 99B2     		uxth	r1, r3
 917 0092 13F4006F 		tst	r3, #2048
 918 0096 B6D1     		bne	.L108
 919 0098 01F44051 		and	r1, r1, #12288
 920 009c B1F5405F 		cmp	r1, #12288
 921 00a0 B1D0     		beq	.L108
 922 00a2 1388     		ldrh	r3, [r2]
 923 00a4 9BB2     		uxth	r3, r3
 924 00a6 23F48043 		bic	r3, r3, #16384
 925 00aa 23F07003 		bic	r3, r3, #112
 926 00ae 83F44053 		eor	r3, r3, #12288
 927 00b2 43F40043 		orr	r3, r3, #32768
 928 00b6 43F08003 		orr	r3, r3, #128
 929 00ba 1380     		strh	r3, [r2]	@ movhi
 930 00bc A3E7     		b	.L108
 931              	.L133:
 932 00be 0388     		ldrh	r3, [r0]
 933 00c0 9BB2     		uxth	r3, r3
 934 00c2 23F4E143 		bic	r3, r3, #28800
 935 00c6 23F07003 		bic	r3, r3, #112
ARM GAS  C:\Users\kroko\AppData\Local\Temp\ccdb3Yqb.s 			page 17


 936 00ca 6FEA4343 		mvn	r3, r3, lsl #17
 937 00ce 6FEA5343 		mvn	r3, r3, lsr #17
 938 00d2 9BB2     		uxth	r3, r3
 939 00d4 0380     		strh	r3, [r0]	@ movhi
 940 00d6 2968     		ldr	r1, [r5]
 941 00d8 B1F85030 		ldrh	r3, [r1, #80]
 942 00dc 2A7C     		ldrb	r2, [r5, #16]	@ zero_extendqisi2
 943 00de D200     		lsls	r2, r2, #3
 944 00e0 12FA83F3 		uxtah	r3, r2, r3
 945 00e4 0B44     		add	r3, r3, r1
 946 00e6 B3F80234 		ldrh	r3, [r3, #1026]
 947 00ea C3F30903 		ubfx	r3, r3, #0, #10
 948 00ee EB62     		str	r3, [r5, #44]
 949 00f0 6A6A     		ldr	r2, [r5, #36]
 950 00f2 1A44     		add	r2, r2, r3
 951 00f4 6A62     		str	r2, [r5, #36]
 952 00f6 0021     		movs	r1, #0
 953 00f8 2846     		mov	r0, r5
 954 00fa FFF7FEFF 		bl	HAL_PCD_DataInStageCallback
 955 00fe 6B7B     		ldrb	r3, [r5, #13]	@ zero_extendqisi2
 956 0100 002B     		cmp	r3, #0
 957 0102 80D0     		beq	.L108
 958 0104 AB6A     		ldr	r3, [r5, #40]
 959 0106 002B     		cmp	r3, #0
 960 0108 7FF47DAF 		bne	.L108
 961 010c 6B7B     		ldrb	r3, [r5, #13]	@ zero_extendqisi2
 962 010e 2A68     		ldr	r2, [r5]
 963 0110 43F08003 		orr	r3, r3, #128
 964 0114 A2F84C30 		strh	r3, [r2, #76]	@ movhi
 965 0118 0023     		movs	r3, #0
 966 011a 6B73     		strb	r3, [r5, #13]
 967 011c 73E7     		b	.L108
 968              	.L134:
 969 011e B0F85030 		ldrh	r3, [r0, #80]
 970 0122 95F85021 		ldrb	r2, [r5, #336]	@ zero_extendqisi2
 971 0126 D200     		lsls	r2, r2, #3
 972 0128 12FA83F3 		uxtah	r3, r2, r3
 973 012c 0344     		add	r3, r3, r0
 974 012e B3F80634 		ldrh	r3, [r3, #1030]
 975 0132 C3F30903 		ubfx	r3, r3, #0, #10
 976 0136 C5F86C31 		str	r3, [r5, #364]
 977 013a B5F85621 		ldrh	r2, [r5, #342]
 978 013e 05F52671 		add	r1, r5, #664
 979 0142 FFF7FEFF 		bl	USB_ReadPMA
 980 0146 2A68     		ldr	r2, [r5]
 981 0148 1388     		ldrh	r3, [r2]
 982 014a 23F07003 		bic	r3, r3, #112
 983 014e 1B05     		lsls	r3, r3, #20
 984 0150 1B0D     		lsrs	r3, r3, #20
 985 0152 43F08003 		orr	r3, r3, #128
 986 0156 1380     		strh	r3, [r2]	@ movhi
 987 0158 2846     		mov	r0, r5
 988 015a FFF7FEFF 		bl	HAL_PCD_SetupStageCallback
 989 015e 52E7     		b	.L108
 990              	.L109:
 991 0160 30F82430 		ldrh	r3, [r0, r4, lsl #2]
 992 0164 9EB2     		uxth	r6, r3
ARM GAS  C:\Users\kroko\AppData\Local\Temp\ccdb3Yqb.s 			page 18


 993 0166 13F4004F 		tst	r3, #32768
 994 016a 4ED1     		bne	.L135
 995              	.L114:
 996 016c 16F0800F 		tst	r6, #128
 997 0170 3FF449AF 		beq	.L108
 998 0174 04EB8401 		add	r1, r4, r4, lsl #2
 999 0178 C900     		lsls	r1, r1, #3
 1000 017a 1031     		adds	r1, r1, #16
 1001 017c 2944     		add	r1, r1, r5
 1002 017e 2A68     		ldr	r2, [r5]
 1003 0180 32F82430 		ldrh	r3, [r2, r4, lsl #2]
 1004 0184 9BB2     		uxth	r3, r3
 1005 0186 23F4E143 		bic	r3, r3, #28800
 1006 018a 23F07003 		bic	r3, r3, #112
 1007 018e 6FEA4343 		mvn	r3, r3, lsl #17
 1008 0192 6FEA5343 		mvn	r3, r3, lsr #17
 1009 0196 9BB2     		uxth	r3, r3
 1010 0198 22F82430 		strh	r3, [r2, r4, lsl #2]	@ movhi
 1011 019c 04EB8403 		add	r3, r4, r4, lsl #2
 1012 01a0 05EBC303 		add	r3, r5, r3, lsl #3
 1013 01a4 DB7C     		ldrb	r3, [r3, #19]	@ zero_extendqisi2
 1014 01a6 012B     		cmp	r3, #1
 1015 01a8 00F0E980 		beq	.L136
 1016 01ac 16F4807F 		tst	r6, #256
 1017 01b0 40F08081 		bne	.L126
 1018 01b4 2868     		ldr	r0, [r5]
 1019 01b6 B0F85030 		ldrh	r3, [r0, #80]
 1020 01ba 04EB8402 		add	r2, r4, r4, lsl #2
 1021 01be 05EBC202 		add	r2, r5, r2, lsl #3
 1022 01c2 167C     		ldrb	r6, [r2, #16]	@ zero_extendqisi2
 1023 01c4 F200     		lsls	r2, r6, #3
 1024 01c6 12FA83F3 		uxtah	r3, r2, r3
 1025 01ca 0344     		add	r3, r3, r0
 1026 01cc B3F80234 		ldrh	r3, [r3, #1026]
 1027 01d0 C3F30903 		ubfx	r3, r3, #0, #10
 1028 01d4 621C     		adds	r2, r4, #1
 1029 01d6 02EB8202 		add	r2, r2, r2, lsl #2
 1030 01da 55F83220 		ldr	r2, [r5, r2, lsl #3]
 1031 01de 9A42     		cmp	r2, r3
 1032 01e0 40F24B81 		bls	.L127
 1033 01e4 671C     		adds	r7, r4, #1
 1034 01e6 07EB8707 		add	r7, r7, r7, lsl #2
 1035 01ea D21A     		subs	r2, r2, r3
 1036 01ec 45F83720 		str	r2, [r5, r7, lsl #3]
 1037              	.L128:
 1038 01f0 621C     		adds	r2, r4, #1
 1039 01f2 02EB8202 		add	r2, r2, r2, lsl #2
 1040 01f6 55F83220 		ldr	r2, [r5, r2, lsl #3]
 1041 01fa 002A     		cmp	r2, #0
 1042 01fc 40F04481 		bne	.L129
 1043 0200 3146     		mov	r1, r6
 1044 0202 2846     		mov	r0, r5
 1045 0204 FFF7FEFF 		bl	HAL_PCD_DataInStageCallback
 1046 0208 FDE6     		b	.L108
 1047              	.L135:
 1048 020a 30F82430 		ldrh	r3, [r0, r4, lsl #2]
 1049 020e 23F07003 		bic	r3, r3, #112
ARM GAS  C:\Users\kroko\AppData\Local\Temp\ccdb3Yqb.s 			page 19


 1050 0212 1B05     		lsls	r3, r3, #20
 1051 0214 1B0D     		lsrs	r3, r3, #20
 1052 0216 43F08003 		orr	r3, r3, #128
 1053 021a 20F82430 		strh	r3, [r0, r4, lsl #2]	@ movhi
 1054 021e 04EB8401 		add	r1, r4, r4, lsl #2
 1055 0222 C900     		lsls	r1, r1, #3
 1056 0224 01F5A871 		add	r1, r1, #336
 1057 0228 05EB0108 		add	r8, r5, r1
 1058 022c 04EB8403 		add	r3, r4, r4, lsl #2
 1059 0230 05EBC303 		add	r3, r5, r3, lsl #3
 1060 0234 93F85C31 		ldrb	r3, [r3, #348]	@ zero_extendqisi2
 1061 0238 002B     		cmp	r3, #0
 1062 023a 40D1     		bne	.L115
 1063 023c 2868     		ldr	r0, [r5]
 1064 023e B0F85030 		ldrh	r3, [r0, #80]
 1065 0242 04EB8402 		add	r2, r4, r4, lsl #2
 1066 0246 05EBC202 		add	r2, r5, r2, lsl #3
 1067 024a 92F85021 		ldrb	r2, [r2, #336]	@ zero_extendqisi2
 1068 024e D200     		lsls	r2, r2, #3
 1069 0250 12FA83F3 		uxtah	r3, r2, r3
 1070 0254 0344     		add	r3, r3, r0
 1071 0256 B3F80674 		ldrh	r7, [r3, #1030]
 1072 025a C7F30907 		ubfx	r7, r7, #0, #10
 1073 025e 17BB     		cbnz	r7, .L137
 1074              	.L116:
 1075 0260 04EB8403 		add	r3, r4, r4, lsl #2
 1076 0264 05EBC303 		add	r3, r5, r3, lsl #3
 1077 0268 D3F86C21 		ldr	r2, [r3, #364]
 1078 026c 3A44     		add	r2, r2, r7
 1079 026e C3F86C21 		str	r2, [r3, #364]
 1080 0272 D3F86421 		ldr	r2, [r3, #356]
 1081 0276 3A44     		add	r2, r2, r7
 1082 0278 C3F86421 		str	r2, [r3, #356]
 1083 027c D3F86831 		ldr	r3, [r3, #360]
 1084 0280 3BB1     		cbz	r3, .L119
 1085 0282 04EB8403 		add	r3, r4, r4, lsl #2
 1086 0286 05EBC303 		add	r3, r5, r3, lsl #3
 1087 028a D3F86031 		ldr	r3, [r3, #352]
 1088 028e 9F42     		cmp	r7, r3
 1089 0290 70D2     		bcs	.L120
 1090              	.L119:
 1091 0292 04EB8403 		add	r3, r4, r4, lsl #2
 1092 0296 05EBC303 		add	r3, r5, r3, lsl #3
 1093 029a 93F85011 		ldrb	r1, [r3, #336]	@ zero_extendqisi2
 1094 029e 2846     		mov	r0, r5
 1095 02a0 FFF7FEFF 		bl	HAL_PCD_DataOutStageCallback
 1096 02a4 62E7     		b	.L114
 1097              	.L137:
 1098 02a6 04EB8401 		add	r1, r4, r4, lsl #2
 1099 02aa 05EBC101 		add	r1, r5, r1, lsl #3
 1100 02ae 3B46     		mov	r3, r7
 1101 02b0 B1F85621 		ldrh	r2, [r1, #342]
 1102 02b4 D1F86411 		ldr	r1, [r1, #356]
 1103 02b8 FFF7FEFF 		bl	USB_ReadPMA
 1104 02bc D0E7     		b	.L116
 1105              	.L115:
 1106 02be 04EB8403 		add	r3, r4, r4, lsl #2
ARM GAS  C:\Users\kroko\AppData\Local\Temp\ccdb3Yqb.s 			page 20


 1107 02c2 05EBC303 		add	r3, r5, r3, lsl #3
 1108 02c6 93F85331 		ldrb	r3, [r3, #339]	@ zero_extendqisi2
 1109 02ca 022B     		cmp	r3, #2
 1110 02cc 33D0     		beq	.L138
 1111 02ce 2968     		ldr	r1, [r5]
 1112 02d0 04EB8402 		add	r2, r4, r4, lsl #2
 1113 02d4 05EBC202 		add	r2, r5, r2, lsl #3
 1114 02d8 92F85001 		ldrb	r0, [r2, #336]	@ zero_extendqisi2
 1115 02dc 31F82030 		ldrh	r3, [r1, r0, lsl #2]
 1116 02e0 9BB2     		uxth	r3, r3
 1117 02e2 23F4E043 		bic	r3, r3, #28672
 1118 02e6 23F07003 		bic	r3, r3, #112
 1119 02ea 43F40043 		orr	r3, r3, #32768
 1120 02ee 43F0C003 		orr	r3, r3, #192
 1121 02f2 21F82030 		strh	r3, [r1, r0, lsl #2]	@ movhi
 1122 02f6 2868     		ldr	r0, [r5]
 1123 02f8 92F85031 		ldrb	r3, [r2, #336]	@ zero_extendqisi2
 1124 02fc 30F82320 		ldrh	r2, [r0, r3, lsl #2]
 1125 0300 12F4804F 		tst	r2, #16384
 1126 0304 1ED0     		beq	.L118
 1127 0306 B0F85020 		ldrh	r2, [r0, #80]
 1128 030a DB00     		lsls	r3, r3, #3
 1129 030c 13FA82F3 		uxtah	r3, r3, r2
 1130 0310 0344     		add	r3, r3, r0
 1131 0312 B3F80274 		ldrh	r7, [r3, #1026]
 1132 0316 C7F30907 		ubfx	r7, r7, #0, #10
 1133 031a 002F     		cmp	r7, #0
 1134 031c A0D0     		beq	.L116
 1135 031e 04EB8401 		add	r1, r4, r4, lsl #2
 1136 0322 05EBC101 		add	r1, r5, r1, lsl #3
 1137 0326 3B46     		mov	r3, r7
 1138 0328 B1F85821 		ldrh	r2, [r1, #344]
 1139 032c D1F86411 		ldr	r1, [r1, #356]
 1140 0330 FFF7FEFF 		bl	USB_ReadPMA
 1141 0334 94E7     		b	.L116
 1142              	.L138:
 1143 0336 3246     		mov	r2, r6
 1144 0338 4146     		mov	r1, r8
 1145 033a 2846     		mov	r0, r5
 1146 033c FFF7FEFF 		bl	HAL_PCD_EP_DB_Receive
 1147 0340 0746     		mov	r7, r0
 1148 0342 8DE7     		b	.L116
 1149              	.L118:
 1150 0344 B0F85020 		ldrh	r2, [r0, #80]
 1151 0348 DB00     		lsls	r3, r3, #3
 1152 034a 13FA82F3 		uxtah	r3, r3, r2
 1153 034e 0344     		add	r3, r3, r0
 1154 0350 B3F80674 		ldrh	r7, [r3, #1030]
 1155 0354 C7F30907 		ubfx	r7, r7, #0, #10
 1156 0358 002F     		cmp	r7, #0
 1157 035a 81D0     		beq	.L116
 1158 035c 04EB8401 		add	r1, r4, r4, lsl #2
 1159 0360 05EBC101 		add	r1, r5, r1, lsl #3
 1160 0364 3B46     		mov	r3, r7
 1161 0366 B1F85A21 		ldrh	r2, [r1, #346]
 1162 036a D1F86411 		ldr	r1, [r1, #356]
 1163 036e FFF7FEFF 		bl	USB_ReadPMA
ARM GAS  C:\Users\kroko\AppData\Local\Temp\ccdb3Yqb.s 			page 21


 1164 0372 75E7     		b	.L116
 1165              	.L120:
 1166 0374 4146     		mov	r1, r8
 1167 0376 2868     		ldr	r0, [r5]
 1168 0378 FFF7FEFF 		bl	USB_EPStartXfer
 1169 037c F6E6     		b	.L114
 1170              	.L136:
 1171 037e 631C     		adds	r3, r4, #1
 1172 0380 03EB8303 		add	r3, r3, r3, lsl #2
 1173 0384 DB00     		lsls	r3, r3, #3
 1174 0386 0022     		movs	r2, #0
 1175 0388 EA50     		str	r2, [r5, r3]
 1176 038a 04EB8403 		add	r3, r4, r4, lsl #2
 1177 038e 05EBC303 		add	r3, r5, r3, lsl #3
 1178 0392 1B7F     		ldrb	r3, [r3, #28]	@ zero_extendqisi2
 1179 0394 1BB3     		cbz	r3, .L122
 1180 0396 16F0400F 		tst	r6, #64
 1181 039a 3BD0     		beq	.L123
 1182 039c 04EB8403 		add	r3, r4, r4, lsl #2
 1183 03a0 05EBC303 		add	r3, r5, r3, lsl #3
 1184 03a4 5B7C     		ldrb	r3, [r3, #17]	@ zero_extendqisi2
 1185 03a6 1BBB     		cbnz	r3, .L124
 1186 03a8 2A68     		ldr	r2, [r5]
 1187 03aa B2F85030 		ldrh	r3, [r2, #80]
 1188 03ae 12FA83F3 		uxtah	r3, r2, r3
 1189 03b2 04EB8402 		add	r2, r4, r4, lsl #2
 1190 03b6 05EBC202 		add	r2, r5, r2, lsl #3
 1191 03ba 127C     		ldrb	r2, [r2, #16]	@ zero_extendqisi2
 1192 03bc 03EBC203 		add	r3, r3, r2, lsl #3
 1193 03c0 B3F80224 		ldrh	r2, [r3, #1026]
 1194 03c4 C2F30902 		ubfx	r2, r2, #0, #10
 1195 03c8 A3F80224 		strh	r2, [r3, #1026]	@ movhi
 1196 03cc B3F80224 		ldrh	r2, [r3, #1026]
 1197 03d0 6FEA4242 		mvn	r2, r2, lsl #17
 1198 03d4 6FEA5242 		mvn	r2, r2, lsr #17
 1199 03d8 92B2     		uxth	r2, r2
 1200 03da A3F80224 		strh	r2, [r3, #1026]	@ movhi
 1201              	.L122:
 1202 03de 04EB8404 		add	r4, r4, r4, lsl #2
 1203 03e2 05EBC404 		add	r4, r5, r4, lsl #3
 1204 03e6 217C     		ldrb	r1, [r4, #16]	@ zero_extendqisi2
 1205 03e8 2846     		mov	r0, r5
 1206 03ea FFF7FEFF 		bl	HAL_PCD_DataInStageCallback
 1207 03ee 0AE6     		b	.L108
 1208              	.L124:
 1209 03f0 012B     		cmp	r3, #1
 1210 03f2 F4D1     		bne	.L122
 1211 03f4 2A68     		ldr	r2, [r5]
 1212 03f6 B2F85030 		ldrh	r3, [r2, #80]
 1213 03fa 12FA83F3 		uxtah	r3, r2, r3
 1214 03fe 04EB8402 		add	r2, r4, r4, lsl #2
 1215 0402 05EBC202 		add	r2, r5, r2, lsl #3
 1216 0406 127C     		ldrb	r2, [r2, #16]	@ zero_extendqisi2
 1217 0408 03EBC203 		add	r3, r3, r2, lsl #3
 1218 040c 0022     		movs	r2, #0
 1219 040e A3F80224 		strh	r2, [r3, #1026]	@ movhi
 1220 0412 E4E7     		b	.L122
ARM GAS  C:\Users\kroko\AppData\Local\Temp\ccdb3Yqb.s 			page 22


 1221              	.L123:
 1222 0414 2A68     		ldr	r2, [r5]
 1223 0416 04EB8403 		add	r3, r4, r4, lsl #2
 1224 041a 05EBC303 		add	r3, r5, r3, lsl #3
 1225 041e 5B7C     		ldrb	r3, [r3, #17]	@ zero_extendqisi2
 1226 0420 D3B9     		cbnz	r3, .L125
 1227 0422 B2F85030 		ldrh	r3, [r2, #80]
 1228 0426 12FA83F3 		uxtah	r3, r2, r3
 1229 042a 04EB8402 		add	r2, r4, r4, lsl #2
 1230 042e 05EBC202 		add	r2, r5, r2, lsl #3
 1231 0432 127C     		ldrb	r2, [r2, #16]	@ zero_extendqisi2
 1232 0434 03EBC203 		add	r3, r3, r2, lsl #3
 1233 0438 B3F80624 		ldrh	r2, [r3, #1030]
 1234 043c C2F30902 		ubfx	r2, r2, #0, #10
 1235 0440 A3F80624 		strh	r2, [r3, #1030]	@ movhi
 1236 0444 B3F80624 		ldrh	r2, [r3, #1030]
 1237 0448 6FEA4242 		mvn	r2, r2, lsl #17
 1238 044c 6FEA5242 		mvn	r2, r2, lsr #17
 1239 0450 92B2     		uxth	r2, r2
 1240 0452 A3F80624 		strh	r2, [r3, #1030]	@ movhi
 1241 0456 C2E7     		b	.L122
 1242              	.L125:
 1243 0458 012B     		cmp	r3, #1
 1244 045a C0D1     		bne	.L122
 1245 045c B2F85030 		ldrh	r3, [r2, #80]
 1246 0460 12FA83F3 		uxtah	r3, r2, r3
 1247 0464 04EB8402 		add	r2, r4, r4, lsl #2
 1248 0468 05EBC202 		add	r2, r5, r2, lsl #3
 1249 046c 127C     		ldrb	r2, [r2, #16]	@ zero_extendqisi2
 1250 046e 03EBC203 		add	r3, r3, r2, lsl #3
 1251 0472 0022     		movs	r2, #0
 1252 0474 A3F80624 		strh	r2, [r3, #1030]	@ movhi
 1253 0478 B1E7     		b	.L122
 1254              	.L127:
 1255 047a 621C     		adds	r2, r4, #1
 1256 047c 02EB8202 		add	r2, r2, r2, lsl #2
 1257 0480 D200     		lsls	r2, r2, #3
 1258 0482 0027     		movs	r7, #0
 1259 0484 AF50     		str	r7, [r5, r2]
 1260 0486 B3E6     		b	.L128
 1261              	.L129:
 1262 0488 04EB8402 		add	r2, r4, r4, lsl #2
 1263 048c 05EBC202 		add	r2, r5, r2, lsl #3
 1264 0490 566A     		ldr	r6, [r2, #36]
 1265 0492 1E44     		add	r6, r6, r3
 1266 0494 5662     		str	r6, [r2, #36]
 1267 0496 0134     		adds	r4, r4, #1
 1268 0498 04EB8402 		add	r2, r4, r4, lsl #2
 1269 049c 05EBC202 		add	r2, r5, r2, lsl #3
 1270 04a0 5268     		ldr	r2, [r2, #4]
 1271 04a2 04EB8404 		add	r4, r4, r4, lsl #2
 1272 04a6 05EBC404 		add	r4, r5, r4, lsl #3
 1273 04aa 1344     		add	r3, r3, r2
 1274 04ac 6360     		str	r3, [r4, #4]
 1275 04ae FFF7FEFF 		bl	USB_EPStartXfer
 1276 04b2 A8E5     		b	.L108
 1277              	.L126:
ARM GAS  C:\Users\kroko\AppData\Local\Temp\ccdb3Yqb.s 			page 23


 1278 04b4 3246     		mov	r2, r6
 1279 04b6 2846     		mov	r0, r5
 1280 04b8 FFF7FEFF 		bl	HAL_PCD_EP_DB_Transmit
 1281 04bc A3E5     		b	.L108
 1282              	.L132:
 1283 04be 0020     		movs	r0, #0
 1284 04c0 BDE8F081 		pop	{r4, r5, r6, r7, r8, pc}
 1286              		.section	.text.HAL_PCD_SOFCallback,"ax",%progbits
 1287              		.align	1
 1288              		.weak	HAL_PCD_SOFCallback
 1289              		.syntax unified
 1290              		.thumb
 1291              		.thumb_func
 1293              	HAL_PCD_SOFCallback:
 1294              		@ args = 0, pretend = 0, frame = 0
 1295              		@ frame_needed = 0, uses_anonymous_args = 0
 1296              		@ link register save eliminated.
 1297 0000 7047     		bx	lr
 1299              		.section	.text.HAL_PCD_ResetCallback,"ax",%progbits
 1300              		.align	1
 1301              		.weak	HAL_PCD_ResetCallback
 1302              		.syntax unified
 1303              		.thumb
 1304              		.thumb_func
 1306              	HAL_PCD_ResetCallback:
 1307              		@ args = 0, pretend = 0, frame = 0
 1308              		@ frame_needed = 0, uses_anonymous_args = 0
 1309              		@ link register save eliminated.
 1310 0000 7047     		bx	lr
 1312              		.section	.text.HAL_PCD_SuspendCallback,"ax",%progbits
 1313              		.align	1
 1314              		.weak	HAL_PCD_SuspendCallback
 1315              		.syntax unified
 1316              		.thumb
 1317              		.thumb_func
 1319              	HAL_PCD_SuspendCallback:
 1320              		@ args = 0, pretend = 0, frame = 0
 1321              		@ frame_needed = 0, uses_anonymous_args = 0
 1322              		@ link register save eliminated.
 1323 0000 7047     		bx	lr
 1325              		.section	.text.HAL_PCD_ResumeCallback,"ax",%progbits
 1326              		.align	1
 1327              		.weak	HAL_PCD_ResumeCallback
 1328              		.syntax unified
 1329              		.thumb
 1330              		.thumb_func
 1332              	HAL_PCD_ResumeCallback:
 1333              		@ args = 0, pretend = 0, frame = 0
 1334              		@ frame_needed = 0, uses_anonymous_args = 0
 1335              		@ link register save eliminated.
 1336 0000 7047     		bx	lr
 1338              		.section	.text.HAL_PCD_ISOOUTIncompleteCallback,"ax",%progbits
 1339              		.align	1
 1340              		.weak	HAL_PCD_ISOOUTIncompleteCallback
 1341              		.syntax unified
 1342              		.thumb
 1343              		.thumb_func
ARM GAS  C:\Users\kroko\AppData\Local\Temp\ccdb3Yqb.s 			page 24


 1345              	HAL_PCD_ISOOUTIncompleteCallback:
 1346              		@ args = 0, pretend = 0, frame = 0
 1347              		@ frame_needed = 0, uses_anonymous_args = 0
 1348              		@ link register save eliminated.
 1349 0000 7047     		bx	lr
 1351              		.section	.text.HAL_PCD_ISOINIncompleteCallback,"ax",%progbits
 1352              		.align	1
 1353              		.weak	HAL_PCD_ISOINIncompleteCallback
 1354              		.syntax unified
 1355              		.thumb
 1356              		.thumb_func
 1358              	HAL_PCD_ISOINIncompleteCallback:
 1359              		@ args = 0, pretend = 0, frame = 0
 1360              		@ frame_needed = 0, uses_anonymous_args = 0
 1361              		@ link register save eliminated.
 1362 0000 7047     		bx	lr
 1364              		.section	.text.HAL_PCD_ConnectCallback,"ax",%progbits
 1365              		.align	1
 1366              		.weak	HAL_PCD_ConnectCallback
 1367              		.syntax unified
 1368              		.thumb
 1369              		.thumb_func
 1371              	HAL_PCD_ConnectCallback:
 1372              		@ args = 0, pretend = 0, frame = 0
 1373              		@ frame_needed = 0, uses_anonymous_args = 0
 1374              		@ link register save eliminated.
 1375 0000 7047     		bx	lr
 1377              		.section	.text.HAL_PCD_DisconnectCallback,"ax",%progbits
 1378              		.align	1
 1379              		.weak	HAL_PCD_DisconnectCallback
 1380              		.syntax unified
 1381              		.thumb
 1382              		.thumb_func
 1384              	HAL_PCD_DisconnectCallback:
 1385              		@ args = 0, pretend = 0, frame = 0
 1386              		@ frame_needed = 0, uses_anonymous_args = 0
 1387              		@ link register save eliminated.
 1388 0000 7047     		bx	lr
 1390              		.section	.text.HAL_PCD_DevConnect,"ax",%progbits
 1391              		.align	1
 1392              		.global	HAL_PCD_DevConnect
 1393              		.syntax unified
 1394              		.thumb
 1395              		.thumb_func
 1397              	HAL_PCD_DevConnect:
 1398              		@ args = 0, pretend = 0, frame = 0
 1399              		@ frame_needed = 0, uses_anonymous_args = 0
 1400 0000 90F89032 		ldrb	r3, [r0, #656]	@ zero_extendqisi2
 1401 0004 012B     		cmp	r3, #1
 1402 0006 0BD0     		beq	.L149
 1403 0008 10B5     		push	{r4, lr}
 1404 000a 0446     		mov	r4, r0
 1405 000c 0123     		movs	r3, #1
 1406 000e 80F89032 		strb	r3, [r0, #656]
 1407 0012 0068     		ldr	r0, [r0]
 1408 0014 FFF7FEFF 		bl	USB_DevConnect
 1409 0018 0020     		movs	r0, #0
ARM GAS  C:\Users\kroko\AppData\Local\Temp\ccdb3Yqb.s 			page 25


 1410 001a 84F89002 		strb	r0, [r4, #656]
 1411 001e 10BD     		pop	{r4, pc}
 1412              	.L149:
 1413 0020 0220     		movs	r0, #2
 1414 0022 7047     		bx	lr
 1416              		.section	.text.HAL_PCD_DevDisconnect,"ax",%progbits
 1417              		.align	1
 1418              		.global	HAL_PCD_DevDisconnect
 1419              		.syntax unified
 1420              		.thumb
 1421              		.thumb_func
 1423              	HAL_PCD_DevDisconnect:
 1424              		@ args = 0, pretend = 0, frame = 0
 1425              		@ frame_needed = 0, uses_anonymous_args = 0
 1426 0000 90F89032 		ldrb	r3, [r0, #656]	@ zero_extendqisi2
 1427 0004 012B     		cmp	r3, #1
 1428 0006 0BD0     		beq	.L156
 1429 0008 10B5     		push	{r4, lr}
 1430 000a 0446     		mov	r4, r0
 1431 000c 0123     		movs	r3, #1
 1432 000e 80F89032 		strb	r3, [r0, #656]
 1433 0012 0068     		ldr	r0, [r0]
 1434 0014 FFF7FEFF 		bl	USB_DevDisconnect
 1435 0018 0020     		movs	r0, #0
 1436 001a 84F89002 		strb	r0, [r4, #656]
 1437 001e 10BD     		pop	{r4, pc}
 1438              	.L156:
 1439 0020 0220     		movs	r0, #2
 1440 0022 7047     		bx	lr
 1442              		.section	.text.HAL_PCD_SetAddress,"ax",%progbits
 1443              		.align	1
 1444              		.global	HAL_PCD_SetAddress
 1445              		.syntax unified
 1446              		.thumb
 1447              		.thumb_func
 1449              	HAL_PCD_SetAddress:
 1450              		@ args = 0, pretend = 0, frame = 0
 1451              		@ frame_needed = 0, uses_anonymous_args = 0
 1452 0000 90F89032 		ldrb	r3, [r0, #656]	@ zero_extendqisi2
 1453 0004 012B     		cmp	r3, #1
 1454 0006 0CD0     		beq	.L163
 1455 0008 10B5     		push	{r4, lr}
 1456 000a 0446     		mov	r4, r0
 1457 000c 0123     		movs	r3, #1
 1458 000e 80F89032 		strb	r3, [r0, #656]
 1459 0012 4173     		strb	r1, [r0, #13]
 1460 0014 0068     		ldr	r0, [r0]
 1461 0016 FFF7FEFF 		bl	USB_SetDevAddress
 1462 001a 0020     		movs	r0, #0
 1463 001c 84F89002 		strb	r0, [r4, #656]
 1464 0020 10BD     		pop	{r4, pc}
 1465              	.L163:
 1466 0022 0220     		movs	r0, #2
 1467 0024 7047     		bx	lr
 1469              		.section	.text.HAL_PCD_IRQHandler,"ax",%progbits
 1470              		.align	1
 1471              		.global	HAL_PCD_IRQHandler
ARM GAS  C:\Users\kroko\AppData\Local\Temp\ccdb3Yqb.s 			page 26


 1472              		.syntax unified
 1473              		.thumb
 1474              		.thumb_func
 1476              	HAL_PCD_IRQHandler:
 1477              		@ args = 0, pretend = 0, frame = 0
 1478              		@ frame_needed = 0, uses_anonymous_args = 0
 1479 0000 10B5     		push	{r4, lr}
 1480 0002 0446     		mov	r4, r0
 1481 0004 0068     		ldr	r0, [r0]
 1482 0006 FFF7FEFF 		bl	USB_ReadInterrupts
 1483 000a 10F4004F 		tst	r0, #32768
 1484 000e 23D1     		bne	.L182
 1485 0010 10F4806F 		tst	r0, #1024
 1486 0014 24D1     		bne	.L183
 1487 0016 10F4804F 		tst	r0, #16384
 1488 001a 32D1     		bne	.L184
 1489 001c 10F4005F 		tst	r0, #8192
 1490 0020 39D1     		bne	.L185
 1491 0022 10F4805F 		tst	r0, #4096
 1492 0026 40D1     		bne	.L186
 1493 0028 10F4006F 		tst	r0, #2048
 1494 002c 67D1     		bne	.L187
 1495 002e 10F0800F 		tst	r0, #128
 1496 0032 40F08180 		bne	.L188
 1497 0036 10F4007F 		tst	r0, #512
 1498 003a 40F0AD80 		bne	.L189
 1499 003e 10F4807F 		tst	r0, #256
 1500 0042 27D0     		beq	.L168
 1501 0044 2268     		ldr	r2, [r4]
 1502 0046 B2F84430 		ldrh	r3, [r2, #68]
 1503 004a 9BB2     		uxth	r3, r3
 1504 004c 23F48073 		bic	r3, r3, #256
 1505 0050 9BB2     		uxth	r3, r3
 1506 0052 A2F84430 		strh	r3, [r2, #68]	@ movhi
 1507 0056 1DE0     		b	.L168
 1508              	.L182:
 1509 0058 2046     		mov	r0, r4
 1510 005a FFF7FEFF 		bl	PCD_EP_ISR_Handler
 1511 005e 19E0     		b	.L168
 1512              	.L183:
 1513 0060 2268     		ldr	r2, [r4]
 1514 0062 B2F84430 		ldrh	r3, [r2, #68]
 1515 0066 9BB2     		uxth	r3, r3
 1516 0068 23F48063 		bic	r3, r3, #1024
 1517 006c 9BB2     		uxth	r3, r3
 1518 006e A2F84430 		strh	r3, [r2, #68]	@ movhi
 1519 0072 2046     		mov	r0, r4
 1520 0074 FFF7FEFF 		bl	HAL_PCD_ResetCallback
 1521 0078 0021     		movs	r1, #0
 1522 007a 2046     		mov	r0, r4
 1523 007c FFF7FEFF 		bl	HAL_PCD_SetAddress
 1524 0080 08E0     		b	.L168
 1525              	.L184:
 1526 0082 2268     		ldr	r2, [r4]
 1527 0084 B2F84430 		ldrh	r3, [r2, #68]
 1528 0088 9BB2     		uxth	r3, r3
 1529 008a 23F48043 		bic	r3, r3, #16384
ARM GAS  C:\Users\kroko\AppData\Local\Temp\ccdb3Yqb.s 			page 27


 1530 008e 9BB2     		uxth	r3, r3
 1531 0090 A2F84430 		strh	r3, [r2, #68]	@ movhi
 1532              	.L168:
 1533 0094 10BD     		pop	{r4, pc}
 1534              	.L185:
 1535 0096 2268     		ldr	r2, [r4]
 1536 0098 B2F84430 		ldrh	r3, [r2, #68]
 1537 009c 9BB2     		uxth	r3, r3
 1538 009e 23F40053 		bic	r3, r3, #8192
 1539 00a2 9BB2     		uxth	r3, r3
 1540 00a4 A2F84430 		strh	r3, [r2, #68]	@ movhi
 1541 00a8 F4E7     		b	.L168
 1542              	.L186:
 1543 00aa 2268     		ldr	r2, [r4]
 1544 00ac B2F84030 		ldrh	r3, [r2, #64]
 1545 00b0 9BB2     		uxth	r3, r3
 1546 00b2 23F00403 		bic	r3, r3, #4
 1547 00b6 9BB2     		uxth	r3, r3
 1548 00b8 A2F84030 		strh	r3, [r2, #64]	@ movhi
 1549 00bc 2268     		ldr	r2, [r4]
 1550 00be B2F84030 		ldrh	r3, [r2, #64]
 1551 00c2 9BB2     		uxth	r3, r3
 1552 00c4 23F00803 		bic	r3, r3, #8
 1553 00c8 9BB2     		uxth	r3, r3
 1554 00ca A2F84030 		strh	r3, [r2, #64]	@ movhi
 1555 00ce 94F8C832 		ldrb	r3, [r4, #712]	@ zero_extendqisi2
 1556 00d2 012B     		cmp	r3, #1
 1557 00d4 0CD0     		beq	.L190
 1558              	.L175:
 1559 00d6 2046     		mov	r0, r4
 1560 00d8 FFF7FEFF 		bl	HAL_PCD_ResumeCallback
 1561 00dc 2268     		ldr	r2, [r4]
 1562 00de B2F84430 		ldrh	r3, [r2, #68]
 1563 00e2 9BB2     		uxth	r3, r3
 1564 00e4 23F48053 		bic	r3, r3, #4096
 1565 00e8 9BB2     		uxth	r3, r3
 1566 00ea A2F84430 		strh	r3, [r2, #68]	@ movhi
 1567 00ee D1E7     		b	.L168
 1568              	.L190:
 1569 00f0 0021     		movs	r1, #0
 1570 00f2 84F8C812 		strb	r1, [r4, #712]
 1571 00f6 2046     		mov	r0, r4
 1572 00f8 FFF7FEFF 		bl	HAL_PCDEx_LPM_Callback
 1573 00fc EBE7     		b	.L175
 1574              	.L187:
 1575 00fe 2268     		ldr	r2, [r4]
 1576 0100 B2F84030 		ldrh	r3, [r2, #64]
 1577 0104 9BB2     		uxth	r3, r3
 1578 0106 43F00803 		orr	r3, r3, #8
 1579 010a A2F84030 		strh	r3, [r2, #64]	@ movhi
 1580 010e 2268     		ldr	r2, [r4]
 1581 0110 B2F84430 		ldrh	r3, [r2, #68]
 1582 0114 9BB2     		uxth	r3, r3
 1583 0116 23F40063 		bic	r3, r3, #2048
 1584 011a 9BB2     		uxth	r3, r3
 1585 011c A2F84430 		strh	r3, [r2, #68]	@ movhi
 1586 0120 2268     		ldr	r2, [r4]
ARM GAS  C:\Users\kroko\AppData\Local\Temp\ccdb3Yqb.s 			page 28


 1587 0122 B2F84030 		ldrh	r3, [r2, #64]
 1588 0126 9BB2     		uxth	r3, r3
 1589 0128 43F00403 		orr	r3, r3, #4
 1590 012c A2F84030 		strh	r3, [r2, #64]	@ movhi
 1591 0130 2046     		mov	r0, r4
 1592 0132 FFF7FEFF 		bl	HAL_PCD_SuspendCallback
 1593 0136 ADE7     		b	.L168
 1594              	.L188:
 1595 0138 2268     		ldr	r2, [r4]
 1596 013a B2F84430 		ldrh	r3, [r2, #68]
 1597 013e 9BB2     		uxth	r3, r3
 1598 0140 23F08003 		bic	r3, r3, #128
 1599 0144 9BB2     		uxth	r3, r3
 1600 0146 A2F84430 		strh	r3, [r2, #68]	@ movhi
 1601 014a 94F8C832 		ldrb	r3, [r4, #712]	@ zero_extendqisi2
 1602 014e FBB9     		cbnz	r3, .L178
 1603 0150 2268     		ldr	r2, [r4]
 1604 0152 B2F84030 		ldrh	r3, [r2, #64]
 1605 0156 9BB2     		uxth	r3, r3
 1606 0158 43F00403 		orr	r3, r3, #4
 1607 015c A2F84030 		strh	r3, [r2, #64]	@ movhi
 1608 0160 2268     		ldr	r2, [r4]
 1609 0162 B2F84030 		ldrh	r3, [r2, #64]
 1610 0166 9BB2     		uxth	r3, r3
 1611 0168 43F00803 		orr	r3, r3, #8
 1612 016c A2F84030 		strh	r3, [r2, #64]	@ movhi
 1613 0170 0121     		movs	r1, #1
 1614 0172 84F8C812 		strb	r1, [r4, #712]
 1615 0176 2368     		ldr	r3, [r4]
 1616 0178 B3F85430 		ldrh	r3, [r3, #84]
 1617 017c C3F38D03 		ubfx	r3, r3, #2, #14
 1618 0180 03F03C03 		and	r3, r3, #60
 1619 0184 C4F8CC32 		str	r3, [r4, #716]
 1620 0188 2046     		mov	r0, r4
 1621 018a FFF7FEFF 		bl	HAL_PCDEx_LPM_Callback
 1622 018e 81E7     		b	.L168
 1623              	.L178:
 1624 0190 2046     		mov	r0, r4
 1625 0192 FFF7FEFF 		bl	HAL_PCD_SuspendCallback
 1626 0196 7DE7     		b	.L168
 1627              	.L189:
 1628 0198 2268     		ldr	r2, [r4]
 1629 019a B2F84430 		ldrh	r3, [r2, #68]
 1630 019e 9BB2     		uxth	r3, r3
 1631 01a0 23F40073 		bic	r3, r3, #512
 1632 01a4 9BB2     		uxth	r3, r3
 1633 01a6 A2F84430 		strh	r3, [r2, #68]	@ movhi
 1634 01aa 2046     		mov	r0, r4
 1635 01ac FFF7FEFF 		bl	HAL_PCD_SOFCallback
 1636 01b0 70E7     		b	.L168
 1638              		.section	.text.HAL_PCD_EP_Open,"ax",%progbits
 1639              		.align	1
 1640              		.global	HAL_PCD_EP_Open
 1641              		.syntax unified
 1642              		.thumb
 1643              		.thumb_func
 1645              	HAL_PCD_EP_Open:
ARM GAS  C:\Users\kroko\AppData\Local\Temp\ccdb3Yqb.s 			page 29


 1646              		@ args = 0, pretend = 0, frame = 0
 1647              		@ frame_needed = 0, uses_anonymous_args = 0
 1648 0000 10B5     		push	{r4, lr}
 1649 0002 0446     		mov	r4, r0
 1650 0004 0846     		mov	r0, r1
 1651 0006 11F0800F 		tst	r1, #128
 1652 000a 27D1     		bne	.L198
 1653 000c 01F0070C 		and	ip, r1, #7
 1654 0010 0CEB8C01 		add	r1, ip, ip, lsl #2
 1655 0014 C900     		lsls	r1, r1, #3
 1656 0016 01F5A87E 		add	lr, r1, #336
 1657 001a 04EB0E01 		add	r1, r4, lr
 1658 001e 0CEB8C0C 		add	ip, ip, ip, lsl #2
 1659 0022 04EBCC0C 		add	ip, r4, ip, lsl #3
 1660 0026 4FF0000E 		mov	lr, #0
 1661 002a 8CF851E1 		strb	lr, [ip, #337]
 1662              	.L193:
 1663 002e 00F00700 		and	r0, r0, #7
 1664 0032 0870     		strb	r0, [r1]
 1665 0034 C2F30A02 		ubfx	r2, r2, #0, #11
 1666 0038 0A61     		str	r2, [r1, #16]
 1667 003a CB70     		strb	r3, [r1, #3]
 1668 003c 022B     		cmp	r3, #2
 1669 003e 1DD0     		beq	.L199
 1670              	.L194:
 1671 0040 94F89032 		ldrb	r3, [r4, #656]	@ zero_extendqisi2
 1672 0044 012B     		cmp	r3, #1
 1673 0046 1CD0     		beq	.L196
 1674 0048 0123     		movs	r3, #1
 1675 004a 84F89032 		strb	r3, [r4, #656]
 1676 004e 2068     		ldr	r0, [r4]
 1677 0050 FFF7FEFF 		bl	USB_ActivateEndpoint
 1678 0054 0020     		movs	r0, #0
 1679 0056 84F89002 		strb	r0, [r4, #656]
 1680              	.L195:
 1681 005a 10BD     		pop	{r4, pc}
 1682              	.L198:
 1683 005c 01F0070C 		and	ip, r1, #7
 1684 0060 0CEB8C01 		add	r1, ip, ip, lsl #2
 1685 0064 C900     		lsls	r1, r1, #3
 1686 0066 1031     		adds	r1, r1, #16
 1687 0068 2144     		add	r1, r1, r4
 1688 006a 0CEB8C0C 		add	ip, ip, ip, lsl #2
 1689 006e 04EBCC0C 		add	ip, r4, ip, lsl #3
 1690 0072 4FF0010E 		mov	lr, #1
 1691 0076 8CF811E0 		strb	lr, [ip, #17]
 1692 007a D8E7     		b	.L193
 1693              	.L199:
 1694 007c 0023     		movs	r3, #0
 1695 007e 0B71     		strb	r3, [r1, #4]
 1696 0080 DEE7     		b	.L194
 1697              	.L196:
 1698 0082 0220     		movs	r0, #2
 1699 0084 E9E7     		b	.L195
 1701              		.section	.text.HAL_PCD_EP_Close,"ax",%progbits
 1702              		.align	1
 1703              		.global	HAL_PCD_EP_Close
ARM GAS  C:\Users\kroko\AppData\Local\Temp\ccdb3Yqb.s 			page 30


 1704              		.syntax unified
 1705              		.thumb
 1706              		.thumb_func
 1708              	HAL_PCD_EP_Close:
 1709              		@ args = 0, pretend = 0, frame = 0
 1710              		@ frame_needed = 0, uses_anonymous_args = 0
 1711 0000 10B5     		push	{r4, lr}
 1712 0002 0446     		mov	r4, r0
 1713 0004 0A46     		mov	r2, r1
 1714 0006 11F0800F 		tst	r1, #128
 1715 000a 1FD1     		bne	.L206
 1716 000c 01F00700 		and	r0, r1, #7
 1717 0010 00EB8003 		add	r3, r0, r0, lsl #2
 1718 0014 DB00     		lsls	r3, r3, #3
 1719 0016 03F5A873 		add	r3, r3, #336
 1720 001a E118     		adds	r1, r4, r3
 1721 001c 00EB8000 		add	r0, r0, r0, lsl #2
 1722 0020 04EBC000 		add	r0, r4, r0, lsl #3
 1723 0024 0023     		movs	r3, #0
 1724 0026 80F85131 		strb	r3, [r0, #337]
 1725              	.L202:
 1726 002a 02F00702 		and	r2, r2, #7
 1727 002e 0A70     		strb	r2, [r1]
 1728 0030 94F89032 		ldrb	r3, [r4, #656]	@ zero_extendqisi2
 1729 0034 012B     		cmp	r3, #1
 1730 0036 17D0     		beq	.L204
 1731 0038 0123     		movs	r3, #1
 1732 003a 84F89032 		strb	r3, [r4, #656]
 1733 003e 2068     		ldr	r0, [r4]
 1734 0040 FFF7FEFF 		bl	USB_DeactivateEndpoint
 1735 0044 0020     		movs	r0, #0
 1736 0046 84F89002 		strb	r0, [r4, #656]
 1737              	.L203:
 1738 004a 10BD     		pop	{r4, pc}
 1739              	.L206:
 1740 004c 01F00700 		and	r0, r1, #7
 1741 0050 00EB8003 		add	r3, r0, r0, lsl #2
 1742 0054 DB00     		lsls	r3, r3, #3
 1743 0056 1033     		adds	r3, r3, #16
 1744 0058 E118     		adds	r1, r4, r3
 1745 005a 00EB8000 		add	r0, r0, r0, lsl #2
 1746 005e 04EBC000 		add	r0, r4, r0, lsl #3
 1747 0062 0123     		movs	r3, #1
 1748 0064 4374     		strb	r3, [r0, #17]
 1749 0066 E0E7     		b	.L202
 1750              	.L204:
 1751 0068 0220     		movs	r0, #2
 1752 006a EEE7     		b	.L203
 1754              		.section	.text.HAL_PCD_EP_Receive,"ax",%progbits
 1755              		.align	1
 1756              		.global	HAL_PCD_EP_Receive
 1757              		.syntax unified
 1758              		.thumb
 1759              		.thumb_func
 1761              	HAL_PCD_EP_Receive:
 1762              		@ args = 0, pretend = 0, frame = 0
 1763              		@ frame_needed = 0, uses_anonymous_args = 0
ARM GAS  C:\Users\kroko\AppData\Local\Temp\ccdb3Yqb.s 			page 31


 1764 0000 10B5     		push	{r4, lr}
 1765 0002 01F0070C 		and	ip, r1, #7
 1766 0006 0CEB8C01 		add	r1, ip, ip, lsl #2
 1767 000a C900     		lsls	r1, r1, #3
 1768 000c 01F5A871 		add	r1, r1, #336
 1769 0010 0CEB8C0E 		add	lr, ip, ip, lsl #2
 1770 0014 00EBCE0E 		add	lr, r0, lr, lsl #3
 1771 0018 CEF86421 		str	r2, [lr, #356]
 1772 001c CEF86831 		str	r3, [lr, #360]
 1773 0020 0024     		movs	r4, #0
 1774 0022 CEF86C41 		str	r4, [lr, #364]
 1775 0026 8EF85141 		strb	r4, [lr, #337]
 1776 002a 8EF850C1 		strb	ip, [lr, #336]
 1777 002e 0144     		add	r1, r1, r0
 1778 0030 0068     		ldr	r0, [r0]
 1779 0032 FFF7FEFF 		bl	USB_EPStartXfer
 1780 0036 2046     		mov	r0, r4
 1781 0038 10BD     		pop	{r4, pc}
 1783              		.section	.text.HAL_PCD_EP_GetRxCount,"ax",%progbits
 1784              		.align	1
 1785              		.global	HAL_PCD_EP_GetRxCount
 1786              		.syntax unified
 1787              		.thumb
 1788              		.thumb_func
 1790              	HAL_PCD_EP_GetRxCount:
 1791              		@ args = 0, pretend = 0, frame = 0
 1792              		@ frame_needed = 0, uses_anonymous_args = 0
 1793              		@ link register save eliminated.
 1794 0000 01F00701 		and	r1, r1, #7
 1795 0004 01EB8101 		add	r1, r1, r1, lsl #2
 1796 0008 00EBC100 		add	r0, r0, r1, lsl #3
 1797 000c D0F86C01 		ldr	r0, [r0, #364]
 1798 0010 7047     		bx	lr
 1800              		.section	.text.HAL_PCD_EP_Transmit,"ax",%progbits
 1801              		.align	1
 1802              		.global	HAL_PCD_EP_Transmit
 1803              		.syntax unified
 1804              		.thumb
 1805              		.thumb_func
 1807              	HAL_PCD_EP_Transmit:
 1808              		@ args = 0, pretend = 0, frame = 0
 1809              		@ frame_needed = 0, uses_anonymous_args = 0
 1810 0000 38B5     		push	{r3, r4, r5, lr}
 1811 0002 01F0070C 		and	ip, r1, #7
 1812 0006 0CEB8C01 		add	r1, ip, ip, lsl #2
 1813 000a C900     		lsls	r1, r1, #3
 1814 000c 1031     		adds	r1, r1, #16
 1815 000e 0CEB8C0E 		add	lr, ip, ip, lsl #2
 1816 0012 00EBCE0E 		add	lr, r0, lr, lsl #3
 1817 0016 CEF82420 		str	r2, [lr, #36]
 1818 001a 0CF10102 		add	r2, ip, #1
 1819 001e 02EB8204 		add	r4, r2, r2, lsl #2
 1820 0022 40F83430 		str	r3, [r0, r4, lsl #3]
 1821 0026 0125     		movs	r5, #1
 1822 0028 8EF83450 		strb	r5, [lr, #52]
 1823 002c CEF83030 		str	r3, [lr, #48]
 1824 0030 00EBC402 		add	r2, r0, r4, lsl #3
ARM GAS  C:\Users\kroko\AppData\Local\Temp\ccdb3Yqb.s 			page 32


 1825 0034 0024     		movs	r4, #0
 1826 0036 5460     		str	r4, [r2, #4]
 1827 0038 8EF81150 		strb	r5, [lr, #17]
 1828 003c 8EF810C0 		strb	ip, [lr, #16]
 1829 0040 0144     		add	r1, r1, r0
 1830 0042 0068     		ldr	r0, [r0]
 1831 0044 FFF7FEFF 		bl	USB_EPStartXfer
 1832 0048 2046     		mov	r0, r4
 1833 004a 38BD     		pop	{r3, r4, r5, pc}
 1835              		.section	.text.HAL_PCD_EP_SetStall,"ax",%progbits
 1836              		.align	1
 1837              		.global	HAL_PCD_EP_SetStall
 1838              		.syntax unified
 1839              		.thumb
 1840              		.thumb_func
 1842              	HAL_PCD_EP_SetStall:
 1843              		@ args = 0, pretend = 0, frame = 0
 1844              		@ frame_needed = 0, uses_anonymous_args = 0
 1845 0000 38B5     		push	{r3, r4, r5, lr}
 1846 0002 01F00705 		and	r5, r1, #7
 1847 0006 0279     		ldrb	r2, [r0, #4]	@ zero_extendqisi2
 1848 0008 AA42     		cmp	r2, r5
 1849 000a 35D3     		bcc	.L217
 1850 000c 0446     		mov	r4, r0
 1851 000e 0B46     		mov	r3, r1
 1852 0010 11F0800F 		tst	r1, #128
 1853 0014 1ED1     		bne	.L220
 1854 0016 01EB8101 		add	r1, r1, r1, lsl #2
 1855 001a C900     		lsls	r1, r1, #3
 1856 001c 01F5A871 		add	r1, r1, #336
 1857 0020 0144     		add	r1, r1, r0
 1858 0022 03EB8303 		add	r3, r3, r3, lsl #2
 1859 0026 00EBC303 		add	r3, r0, r3, lsl #3
 1860 002a 0022     		movs	r2, #0
 1861 002c 83F85121 		strb	r2, [r3, #337]
 1862              	.L215:
 1863 0030 0123     		movs	r3, #1
 1864 0032 8B70     		strb	r3, [r1, #2]
 1865 0034 0D70     		strb	r5, [r1]
 1866 0036 94F89032 		ldrb	r3, [r4, #656]	@ zero_extendqisi2
 1867 003a 012B     		cmp	r3, #1
 1868 003c 1ED0     		beq	.L218
 1869 003e 0123     		movs	r3, #1
 1870 0040 84F89032 		strb	r3, [r4, #656]
 1871 0044 2068     		ldr	r0, [r4]
 1872 0046 FFF7FEFF 		bl	USB_EPSetStall
 1873 004a 7DB1     		cbz	r5, .L221
 1874              	.L216:
 1875 004c 0020     		movs	r0, #0
 1876 004e 84F89002 		strb	r0, [r4, #656]
 1877              	.L213:
 1878 0052 38BD     		pop	{r3, r4, r5, pc}
 1879              	.L220:
 1880 0054 05EB8501 		add	r1, r5, r5, lsl #2
 1881 0058 C900     		lsls	r1, r1, #3
 1882 005a 1031     		adds	r1, r1, #16
 1883 005c 0144     		add	r1, r1, r0
ARM GAS  C:\Users\kroko\AppData\Local\Temp\ccdb3Yqb.s 			page 33


 1884 005e 05EB8503 		add	r3, r5, r5, lsl #2
 1885 0062 00EBC303 		add	r3, r0, r3, lsl #3
 1886 0066 0122     		movs	r2, #1
 1887 0068 5A74     		strb	r2, [r3, #17]
 1888 006a E1E7     		b	.L215
 1889              	.L221:
 1890 006c 04F52671 		add	r1, r4, #664
 1891 0070 2068     		ldr	r0, [r4]
 1892 0072 FFF7FEFF 		bl	USB_EP0_OutStart
 1893 0076 E9E7     		b	.L216
 1894              	.L217:
 1895 0078 0120     		movs	r0, #1
 1896 007a EAE7     		b	.L213
 1897              	.L218:
 1898 007c 0220     		movs	r0, #2
 1899 007e E8E7     		b	.L213
 1901              		.section	.text.HAL_PCD_EP_ClrStall,"ax",%progbits
 1902              		.align	1
 1903              		.global	HAL_PCD_EP_ClrStall
 1904              		.syntax unified
 1905              		.thumb
 1906              		.thumb_func
 1908              	HAL_PCD_EP_ClrStall:
 1909              		@ args = 0, pretend = 0, frame = 0
 1910              		@ frame_needed = 0, uses_anonymous_args = 0
 1911 0000 0B46     		mov	r3, r1
 1912 0002 0179     		ldrb	r1, [r0, #4]	@ zero_extendqisi2
 1913 0004 03F00F02 		and	r2, r3, #15
 1914 0008 9142     		cmp	r1, r2
 1915 000a 34D3     		bcc	.L226
 1916 000c 10B5     		push	{r4, lr}
 1917 000e 0446     		mov	r4, r0
 1918 0010 13F0800F 		tst	r3, #128
 1919 0014 21D1     		bne	.L232
 1920 0016 03F00702 		and	r2, r3, #7
 1921 001a 02EB8201 		add	r1, r2, r2, lsl #2
 1922 001e C900     		lsls	r1, r1, #3
 1923 0020 01F5A871 		add	r1, r1, #336
 1924 0024 0144     		add	r1, r1, r0
 1925 0026 02EB8202 		add	r2, r2, r2, lsl #2
 1926 002a 00EBC202 		add	r2, r0, r2, lsl #3
 1927 002e 0020     		movs	r0, #0
 1928 0030 82F85101 		strb	r0, [r2, #337]
 1929              	.L225:
 1930 0034 0022     		movs	r2, #0
 1931 0036 8A70     		strb	r2, [r1, #2]
 1932 0038 03F00703 		and	r3, r3, #7
 1933 003c 0B70     		strb	r3, [r1]
 1934 003e 94F89032 		ldrb	r3, [r4, #656]	@ zero_extendqisi2
 1935 0042 012B     		cmp	r3, #1
 1936 0044 19D0     		beq	.L227
 1937 0046 0123     		movs	r3, #1
 1938 0048 84F89032 		strb	r3, [r4, #656]
 1939 004c 2068     		ldr	r0, [r4]
 1940 004e FFF7FEFF 		bl	USB_EPClearStall
 1941 0052 0020     		movs	r0, #0
 1942 0054 84F89002 		strb	r0, [r4, #656]
ARM GAS  C:\Users\kroko\AppData\Local\Temp\ccdb3Yqb.s 			page 34


 1943              	.L223:
 1944 0058 10BD     		pop	{r4, pc}
 1945              	.L232:
 1946 005a 03F00702 		and	r2, r3, #7
 1947 005e 02EB8201 		add	r1, r2, r2, lsl #2
 1948 0062 C900     		lsls	r1, r1, #3
 1949 0064 1031     		adds	r1, r1, #16
 1950 0066 0144     		add	r1, r1, r0
 1951 0068 02EB8202 		add	r2, r2, r2, lsl #2
 1952 006c 00EBC202 		add	r2, r0, r2, lsl #3
 1953 0070 0120     		movs	r0, #1
 1954 0072 5074     		strb	r0, [r2, #17]
 1955 0074 DEE7     		b	.L225
 1956              	.L226:
 1957 0076 0120     		movs	r0, #1
 1958 0078 7047     		bx	lr
 1959              	.L227:
 1960 007a 0220     		movs	r0, #2
 1961 007c ECE7     		b	.L223
 1963              		.section	.text.HAL_PCD_EP_Abort,"ax",%progbits
 1964              		.align	1
 1965              		.global	HAL_PCD_EP_Abort
 1966              		.syntax unified
 1967              		.thumb
 1968              		.thumb_func
 1970              	HAL_PCD_EP_Abort:
 1971              		@ args = 0, pretend = 0, frame = 0
 1972              		@ frame_needed = 0, uses_anonymous_args = 0
 1973 0000 08B5     		push	{r3, lr}
 1974 0002 11F0800F 		tst	r1, #128
 1975 0006 0BD1     		bne	.L237
 1976 0008 01F00701 		and	r1, r1, #7
 1977 000c 01EB8101 		add	r1, r1, r1, lsl #2
 1978 0010 C900     		lsls	r1, r1, #3
 1979 0012 01F5A871 		add	r1, r1, #336
 1980 0016 0144     		add	r1, r1, r0
 1981              	.L235:
 1982 0018 0068     		ldr	r0, [r0]
 1983 001a FFF7FEFF 		bl	USB_EPStopXfer
 1984 001e 08BD     		pop	{r3, pc}
 1985              	.L237:
 1986 0020 01F00701 		and	r1, r1, #7
 1987 0024 01EB8101 		add	r1, r1, r1, lsl #2
 1988 0028 C900     		lsls	r1, r1, #3
 1989 002a 1031     		adds	r1, r1, #16
 1990 002c 0144     		add	r1, r1, r0
 1991 002e F3E7     		b	.L235
 1993              		.section	.text.HAL_PCD_EP_Flush,"ax",%progbits
 1994              		.align	1
 1995              		.global	HAL_PCD_EP_Flush
 1996              		.syntax unified
 1997              		.thumb
 1998              		.thumb_func
 2000              	HAL_PCD_EP_Flush:
 2001              		@ args = 0, pretend = 0, frame = 0
 2002              		@ frame_needed = 0, uses_anonymous_args = 0
 2003 0000 90F89032 		ldrb	r3, [r0, #656]	@ zero_extendqisi2
ARM GAS  C:\Users\kroko\AppData\Local\Temp\ccdb3Yqb.s 			page 35


 2004 0004 012B     		cmp	r3, #1
 2005 0006 14D0     		beq	.L242
 2006 0008 10B5     		push	{r4, lr}
 2007 000a 0446     		mov	r4, r0
 2008 000c 0123     		movs	r3, #1
 2009 000e 80F89032 		strb	r3, [r0, #656]
 2010 0012 11F0800F 		tst	r1, #128
 2011 0016 06D1     		bne	.L247
 2012 0018 0068     		ldr	r0, [r0]
 2013 001a FFF7FEFF 		bl	USB_FlushRxFifo
 2014              	.L241:
 2015 001e 0020     		movs	r0, #0
 2016 0020 84F89002 		strb	r0, [r4, #656]
 2017 0024 10BD     		pop	{r4, pc}
 2018              	.L247:
 2019 0026 01F00701 		and	r1, r1, #7
 2020 002a 0068     		ldr	r0, [r0]
 2021 002c FFF7FEFF 		bl	USB_FlushTxFifo
 2022 0030 F5E7     		b	.L241
 2023              	.L242:
 2024 0032 0220     		movs	r0, #2
 2025 0034 7047     		bx	lr
 2027              		.section	.text.HAL_PCD_ActivateRemoteWakeup,"ax",%progbits
 2028              		.align	1
 2029              		.global	HAL_PCD_ActivateRemoteWakeup
 2030              		.syntax unified
 2031              		.thumb
 2032              		.thumb_func
 2034              	HAL_PCD_ActivateRemoteWakeup:
 2035              		@ args = 0, pretend = 0, frame = 0
 2036              		@ frame_needed = 0, uses_anonymous_args = 0
 2037 0000 08B5     		push	{r3, lr}
 2038 0002 0068     		ldr	r0, [r0]
 2039 0004 FFF7FEFF 		bl	USB_ActivateRemoteWakeup
 2040 0008 08BD     		pop	{r3, pc}
 2042              		.section	.text.HAL_PCD_DeActivateRemoteWakeup,"ax",%progbits
 2043              		.align	1
 2044              		.global	HAL_PCD_DeActivateRemoteWakeup
 2045              		.syntax unified
 2046              		.thumb
 2047              		.thumb_func
 2049              	HAL_PCD_DeActivateRemoteWakeup:
 2050              		@ args = 0, pretend = 0, frame = 0
 2051              		@ frame_needed = 0, uses_anonymous_args = 0
 2052 0000 08B5     		push	{r3, lr}
 2053 0002 0068     		ldr	r0, [r0]
 2054 0004 FFF7FEFF 		bl	USB_DeActivateRemoteWakeup
 2055 0008 08BD     		pop	{r3, pc}
 2057              		.section	.text.HAL_PCD_GetState,"ax",%progbits
 2058              		.align	1
 2059              		.global	HAL_PCD_GetState
 2060              		.syntax unified
 2061              		.thumb
 2062              		.thumb_func
 2064              	HAL_PCD_GetState:
 2065              		@ args = 0, pretend = 0, frame = 0
 2066              		@ frame_needed = 0, uses_anonymous_args = 0
ARM GAS  C:\Users\kroko\AppData\Local\Temp\ccdb3Yqb.s 			page 36


 2067              		@ link register save eliminated.
 2068 0000 90F89102 		ldrb	r0, [r0, #657]	@ zero_extendqisi2
 2069 0004 7047     		bx	lr
 2071              		.ident	"GCC: (Arm GNU Toolchain 14.2.Rel1 (Build arm-14.52)) 14.2.1 20241119"
ARM GAS  C:\Users\kroko\AppData\Local\Temp\ccdb3Yqb.s 			page 37


DEFINED SYMBOLS
                            *ABS*:00000000 stm32l4xx_hal_pcd.c
C:\Users\kroko\AppData\Local\Temp\ccdb3Yqb.s:18     .text.HAL_PCD_EP_DB_Receive:00000000 $t
C:\Users\kroko\AppData\Local\Temp\ccdb3Yqb.s:23     .text.HAL_PCD_EP_DB_Receive:00000000 HAL_PCD_EP_DB_Receive
C:\Users\kroko\AppData\Local\Temp\ccdb3Yqb.s:135    .text.HAL_PCD_MspInit:00000000 $t
C:\Users\kroko\AppData\Local\Temp\ccdb3Yqb.s:141    .text.HAL_PCD_MspInit:00000000 HAL_PCD_MspInit
C:\Users\kroko\AppData\Local\Temp\ccdb3Yqb.s:148    .text.HAL_PCD_Init:00000000 $t
C:\Users\kroko\AppData\Local\Temp\ccdb3Yqb.s:154    .text.HAL_PCD_Init:00000000 HAL_PCD_Init
C:\Users\kroko\AppData\Local\Temp\ccdb3Yqb.s:265    .text.HAL_PCD_MspDeInit:00000000 $t
C:\Users\kroko\AppData\Local\Temp\ccdb3Yqb.s:271    .text.HAL_PCD_MspDeInit:00000000 HAL_PCD_MspDeInit
C:\Users\kroko\AppData\Local\Temp\ccdb3Yqb.s:278    .text.HAL_PCD_DeInit:00000000 $t
C:\Users\kroko\AppData\Local\Temp\ccdb3Yqb.s:284    .text.HAL_PCD_DeInit:00000000 HAL_PCD_DeInit
C:\Users\kroko\AppData\Local\Temp\ccdb3Yqb.s:311    .text.HAL_PCD_Start:00000000 $t
C:\Users\kroko\AppData\Local\Temp\ccdb3Yqb.s:317    .text.HAL_PCD_Start:00000000 HAL_PCD_Start
C:\Users\kroko\AppData\Local\Temp\ccdb3Yqb.s:339    .text.HAL_PCD_Stop:00000000 $t
C:\Users\kroko\AppData\Local\Temp\ccdb3Yqb.s:345    .text.HAL_PCD_Stop:00000000 HAL_PCD_Stop
C:\Users\kroko\AppData\Local\Temp\ccdb3Yqb.s:367    .text.HAL_PCD_DataOutStageCallback:00000000 $t
C:\Users\kroko\AppData\Local\Temp\ccdb3Yqb.s:373    .text.HAL_PCD_DataOutStageCallback:00000000 HAL_PCD_DataOutStageCallback
C:\Users\kroko\AppData\Local\Temp\ccdb3Yqb.s:380    .text.HAL_PCD_DataInStageCallback:00000000 $t
C:\Users\kroko\AppData\Local\Temp\ccdb3Yqb.s:386    .text.HAL_PCD_DataInStageCallback:00000000 HAL_PCD_DataInStageCallback
C:\Users\kroko\AppData\Local\Temp\ccdb3Yqb.s:393    .text.HAL_PCD_EP_DB_Transmit:00000000 $t
C:\Users\kroko\AppData\Local\Temp\ccdb3Yqb.s:398    .text.HAL_PCD_EP_DB_Transmit:00000000 HAL_PCD_EP_DB_Transmit
C:\Users\kroko\AppData\Local\Temp\ccdb3Yqb.s:846    .text.HAL_PCD_SetupStageCallback:00000000 $t
C:\Users\kroko\AppData\Local\Temp\ccdb3Yqb.s:852    .text.HAL_PCD_SetupStageCallback:00000000 HAL_PCD_SetupStageCallback
C:\Users\kroko\AppData\Local\Temp\ccdb3Yqb.s:859    .text.PCD_EP_ISR_Handler:00000000 $t
C:\Users\kroko\AppData\Local\Temp\ccdb3Yqb.s:864    .text.PCD_EP_ISR_Handler:00000000 PCD_EP_ISR_Handler
C:\Users\kroko\AppData\Local\Temp\ccdb3Yqb.s:1287   .text.HAL_PCD_SOFCallback:00000000 $t
C:\Users\kroko\AppData\Local\Temp\ccdb3Yqb.s:1293   .text.HAL_PCD_SOFCallback:00000000 HAL_PCD_SOFCallback
C:\Users\kroko\AppData\Local\Temp\ccdb3Yqb.s:1300   .text.HAL_PCD_ResetCallback:00000000 $t
C:\Users\kroko\AppData\Local\Temp\ccdb3Yqb.s:1306   .text.HAL_PCD_ResetCallback:00000000 HAL_PCD_ResetCallback
C:\Users\kroko\AppData\Local\Temp\ccdb3Yqb.s:1313   .text.HAL_PCD_SuspendCallback:00000000 $t
C:\Users\kroko\AppData\Local\Temp\ccdb3Yqb.s:1319   .text.HAL_PCD_SuspendCallback:00000000 HAL_PCD_SuspendCallback
C:\Users\kroko\AppData\Local\Temp\ccdb3Yqb.s:1326   .text.HAL_PCD_ResumeCallback:00000000 $t
C:\Users\kroko\AppData\Local\Temp\ccdb3Yqb.s:1332   .text.HAL_PCD_ResumeCallback:00000000 HAL_PCD_ResumeCallback
C:\Users\kroko\AppData\Local\Temp\ccdb3Yqb.s:1339   .text.HAL_PCD_ISOOUTIncompleteCallback:00000000 $t
C:\Users\kroko\AppData\Local\Temp\ccdb3Yqb.s:1345   .text.HAL_PCD_ISOOUTIncompleteCallback:00000000 HAL_PCD_ISOOUTIncompleteCallback
C:\Users\kroko\AppData\Local\Temp\ccdb3Yqb.s:1352   .text.HAL_PCD_ISOINIncompleteCallback:00000000 $t
C:\Users\kroko\AppData\Local\Temp\ccdb3Yqb.s:1358   .text.HAL_PCD_ISOINIncompleteCallback:00000000 HAL_PCD_ISOINIncompleteCallback
C:\Users\kroko\AppData\Local\Temp\ccdb3Yqb.s:1365   .text.HAL_PCD_ConnectCallback:00000000 $t
C:\Users\kroko\AppData\Local\Temp\ccdb3Yqb.s:1371   .text.HAL_PCD_ConnectCallback:00000000 HAL_PCD_ConnectCallback
C:\Users\kroko\AppData\Local\Temp\ccdb3Yqb.s:1378   .text.HAL_PCD_DisconnectCallback:00000000 $t
C:\Users\kroko\AppData\Local\Temp\ccdb3Yqb.s:1384   .text.HAL_PCD_DisconnectCallback:00000000 HAL_PCD_DisconnectCallback
C:\Users\kroko\AppData\Local\Temp\ccdb3Yqb.s:1391   .text.HAL_PCD_DevConnect:00000000 $t
C:\Users\kroko\AppData\Local\Temp\ccdb3Yqb.s:1397   .text.HAL_PCD_DevConnect:00000000 HAL_PCD_DevConnect
C:\Users\kroko\AppData\Local\Temp\ccdb3Yqb.s:1417   .text.HAL_PCD_DevDisconnect:00000000 $t
C:\Users\kroko\AppData\Local\Temp\ccdb3Yqb.s:1423   .text.HAL_PCD_DevDisconnect:00000000 HAL_PCD_DevDisconnect
C:\Users\kroko\AppData\Local\Temp\ccdb3Yqb.s:1443   .text.HAL_PCD_SetAddress:00000000 $t
C:\Users\kroko\AppData\Local\Temp\ccdb3Yqb.s:1449   .text.HAL_PCD_SetAddress:00000000 HAL_PCD_SetAddress
C:\Users\kroko\AppData\Local\Temp\ccdb3Yqb.s:1470   .text.HAL_PCD_IRQHandler:00000000 $t
C:\Users\kroko\AppData\Local\Temp\ccdb3Yqb.s:1476   .text.HAL_PCD_IRQHandler:00000000 HAL_PCD_IRQHandler
C:\Users\kroko\AppData\Local\Temp\ccdb3Yqb.s:1639   .text.HAL_PCD_EP_Open:00000000 $t
C:\Users\kroko\AppData\Local\Temp\ccdb3Yqb.s:1645   .text.HAL_PCD_EP_Open:00000000 HAL_PCD_EP_Open
C:\Users\kroko\AppData\Local\Temp\ccdb3Yqb.s:1702   .text.HAL_PCD_EP_Close:00000000 $t
C:\Users\kroko\AppData\Local\Temp\ccdb3Yqb.s:1708   .text.HAL_PCD_EP_Close:00000000 HAL_PCD_EP_Close
C:\Users\kroko\AppData\Local\Temp\ccdb3Yqb.s:1755   .text.HAL_PCD_EP_Receive:00000000 $t
C:\Users\kroko\AppData\Local\Temp\ccdb3Yqb.s:1761   .text.HAL_PCD_EP_Receive:00000000 HAL_PCD_EP_Receive
C:\Users\kroko\AppData\Local\Temp\ccdb3Yqb.s:1784   .text.HAL_PCD_EP_GetRxCount:00000000 $t
ARM GAS  C:\Users\kroko\AppData\Local\Temp\ccdb3Yqb.s 			page 38


C:\Users\kroko\AppData\Local\Temp\ccdb3Yqb.s:1790   .text.HAL_PCD_EP_GetRxCount:00000000 HAL_PCD_EP_GetRxCount
C:\Users\kroko\AppData\Local\Temp\ccdb3Yqb.s:1801   .text.HAL_PCD_EP_Transmit:00000000 $t
C:\Users\kroko\AppData\Local\Temp\ccdb3Yqb.s:1807   .text.HAL_PCD_EP_Transmit:00000000 HAL_PCD_EP_Transmit
C:\Users\kroko\AppData\Local\Temp\ccdb3Yqb.s:1836   .text.HAL_PCD_EP_SetStall:00000000 $t
C:\Users\kroko\AppData\Local\Temp\ccdb3Yqb.s:1842   .text.HAL_PCD_EP_SetStall:00000000 HAL_PCD_EP_SetStall
C:\Users\kroko\AppData\Local\Temp\ccdb3Yqb.s:1902   .text.HAL_PCD_EP_ClrStall:00000000 $t
C:\Users\kroko\AppData\Local\Temp\ccdb3Yqb.s:1908   .text.HAL_PCD_EP_ClrStall:00000000 HAL_PCD_EP_ClrStall
C:\Users\kroko\AppData\Local\Temp\ccdb3Yqb.s:1964   .text.HAL_PCD_EP_Abort:00000000 $t
C:\Users\kroko\AppData\Local\Temp\ccdb3Yqb.s:1970   .text.HAL_PCD_EP_Abort:00000000 HAL_PCD_EP_Abort
C:\Users\kroko\AppData\Local\Temp\ccdb3Yqb.s:1994   .text.HAL_PCD_EP_Flush:00000000 $t
C:\Users\kroko\AppData\Local\Temp\ccdb3Yqb.s:2000   .text.HAL_PCD_EP_Flush:00000000 HAL_PCD_EP_Flush
C:\Users\kroko\AppData\Local\Temp\ccdb3Yqb.s:2028   .text.HAL_PCD_ActivateRemoteWakeup:00000000 $t
C:\Users\kroko\AppData\Local\Temp\ccdb3Yqb.s:2034   .text.HAL_PCD_ActivateRemoteWakeup:00000000 HAL_PCD_ActivateRemoteWakeup
C:\Users\kroko\AppData\Local\Temp\ccdb3Yqb.s:2043   .text.HAL_PCD_DeActivateRemoteWakeup:00000000 $t
C:\Users\kroko\AppData\Local\Temp\ccdb3Yqb.s:2049   .text.HAL_PCD_DeActivateRemoteWakeup:00000000 HAL_PCD_DeActivateRemoteWakeup
C:\Users\kroko\AppData\Local\Temp\ccdb3Yqb.s:2058   .text.HAL_PCD_GetState:00000000 $t
C:\Users\kroko\AppData\Local\Temp\ccdb3Yqb.s:2064   .text.HAL_PCD_GetState:00000000 HAL_PCD_GetState

UNDEFINED SYMBOLS
USB_ReadPMA
USB_DisableGlobalInt
USB_CoreInit
USB_SetCurrentMode
USB_DevInit
USB_DevDisconnect
HAL_PCDEx_ActivateLPM
USB_StopDevice
USB_EnableGlobalInt
USB_DevConnect
USB_WritePMA
USB_EPStartXfer
USB_SetDevAddress
USB_ReadInterrupts
HAL_PCDEx_LPM_Callback
USB_ActivateEndpoint
USB_DeactivateEndpoint
USB_EPSetStall
USB_EP0_OutStart
USB_EPClearStall
USB_EPStopXfer
USB_FlushRxFifo
USB_FlushTxFifo
USB_ActivateRemoteWakeup
USB_DeActivateRemoteWakeup
