ARM GAS  C:\Users\kroko\AppData\Local\Temp\ccqI37Qe.s 			page 1


   1              		.cpu cortex-m4
   2              		.arch armv7e-m
   3              		.fpu fpv4-sp-d16
   4              		.eabi_attribute 27, 1
   5              		.eabi_attribute 28, 1
   6              		.eabi_attribute 20, 1
   7              		.eabi_attribute 21, 1
   8              		.eabi_attribute 23, 3
   9              		.eabi_attribute 24, 1
  10              		.eabi_attribute 25, 1
  11              		.eabi_attribute 26, 1
  12              		.eabi_attribute 30, 1
  13              		.eabi_attribute 34, 1
  14              		.eabi_attribute 18, 4
  15              		.file	"stm32l4xx_hal_msp.c"
  16              		.text
  17              		.section	.text.HAL_MspInit,"ax",%progbits
  18              		.align	1
  19              		.global	HAL_MspInit
  20              		.syntax unified
  21              		.thumb
  22              		.thumb_func
  24              	HAL_MspInit:
  25              		@ args = 0, pretend = 0, frame = 8
  26              		@ frame_needed = 0, uses_anonymous_args = 0
  27              		@ link register save eliminated.
  28 0000 82B0     		sub	sp, sp, #8
  29 0002 0A4B     		ldr	r3, .L3
  30 0004 1A6E     		ldr	r2, [r3, #96]
  31 0006 42F00102 		orr	r2, r2, #1
  32 000a 1A66     		str	r2, [r3, #96]
  33 000c 1A6E     		ldr	r2, [r3, #96]
  34 000e 02F00102 		and	r2, r2, #1
  35 0012 0092     		str	r2, [sp]
  36 0014 009A     		ldr	r2, [sp]
  37 0016 9A6D     		ldr	r2, [r3, #88]
  38 0018 42F08052 		orr	r2, r2, #268435456
  39 001c 9A65     		str	r2, [r3, #88]
  40 001e 9B6D     		ldr	r3, [r3, #88]
  41 0020 03F08053 		and	r3, r3, #268435456
  42 0024 0193     		str	r3, [sp, #4]
  43 0026 019B     		ldr	r3, [sp, #4]
  44 0028 02B0     		add	sp, sp, #8
  45              		@ sp needed
  46 002a 7047     		bx	lr
  47              	.L4:
  48              		.align	2
  49              	.L3:
  50 002c 00100240 		.word	1073876992
  52              		.section	.text.HAL_ADC_MspInit,"ax",%progbits
  53              		.align	1
  54              		.global	HAL_ADC_MspInit
  55              		.syntax unified
  56              		.thumb
  57              		.thumb_func
  59              	HAL_ADC_MspInit:
  60              		@ args = 0, pretend = 0, frame = 8
ARM GAS  C:\Users\kroko\AppData\Local\Temp\ccqI37Qe.s 			page 2


  61              		@ frame_needed = 0, uses_anonymous_args = 0
  62 0000 0268     		ldr	r2, [r0]
  63 0002 1C4B     		ldr	r3, .L14
  64 0004 9A42     		cmp	r2, r3
  65 0006 00D0     		beq	.L12
  66 0008 7047     		bx	lr
  67              	.L12:
  68 000a 10B5     		push	{r4, lr}
  69 000c 82B0     		sub	sp, sp, #8
  70 000e 0446     		mov	r4, r0
  71 0010 03F17043 		add	r3, r3, #-268435456
  72 0014 A3F5F833 		sub	r3, r3, #126976
  73 0018 DA6C     		ldr	r2, [r3, #76]
  74 001a 42F40052 		orr	r2, r2, #8192
  75 001e DA64     		str	r2, [r3, #76]
  76 0020 DB6C     		ldr	r3, [r3, #76]
  77 0022 03F40053 		and	r3, r3, #8192
  78 0026 0193     		str	r3, [sp, #4]
  79 0028 019B     		ldr	r3, [sp, #4]
  80 002a 1348     		ldr	r0, .L14+4
  81 002c 134B     		ldr	r3, .L14+8
  82 002e 0360     		str	r3, [r0]
  83 0030 0023     		movs	r3, #0
  84 0032 4360     		str	r3, [r0, #4]
  85 0034 8360     		str	r3, [r0, #8]
  86 0036 C360     		str	r3, [r0, #12]
  87 0038 8022     		movs	r2, #128
  88 003a 0261     		str	r2, [r0, #16]
  89 003c 4FF48072 		mov	r2, #256
  90 0040 4261     		str	r2, [r0, #20]
  91 0042 4FF48062 		mov	r2, #1024
  92 0046 8261     		str	r2, [r0, #24]
  93 0048 2022     		movs	r2, #32
  94 004a C261     		str	r2, [r0, #28]
  95 004c 0362     		str	r3, [r0, #32]
  96 004e FFF7FEFF 		bl	HAL_DMA_Init
  97 0052 60B9     		cbnz	r0, .L13
  98              	.L7:
  99 0054 084B     		ldr	r3, .L14+4
 100 0056 E364     		str	r3, [r4, #76]
 101 0058 9C62     		str	r4, [r3, #40]
 102 005a 0022     		movs	r2, #0
 103 005c 1146     		mov	r1, r2
 104 005e 1220     		movs	r0, #18
 105 0060 FFF7FEFF 		bl	HAL_NVIC_SetPriority
 106 0064 1220     		movs	r0, #18
 107 0066 FFF7FEFF 		bl	HAL_NVIC_EnableIRQ
 108 006a 02B0     		add	sp, sp, #8
 109              		@ sp needed
 110 006c 10BD     		pop	{r4, pc}
 111              	.L13:
 112 006e FFF7FEFF 		bl	Error_Handler
 113 0072 EFE7     		b	.L7
 114              	.L15:
 115              		.align	2
 116              	.L14:
 117 0074 00000450 		.word	1342439424
ARM GAS  C:\Users\kroko\AppData\Local\Temp\ccqI37Qe.s 			page 3


 118 0078 00000000 		.word	hdma_adc1
 119 007c 08000240 		.word	1073872904
 121              		.section	.text.HAL_ADC_MspDeInit,"ax",%progbits
 122              		.align	1
 123              		.global	HAL_ADC_MspDeInit
 124              		.syntax unified
 125              		.thumb
 126              		.thumb_func
 128              	HAL_ADC_MspDeInit:
 129              		@ args = 0, pretend = 0, frame = 0
 130              		@ frame_needed = 0, uses_anonymous_args = 0
 131 0000 08B5     		push	{r3, lr}
 132 0002 0268     		ldr	r2, [r0]
 133 0004 074B     		ldr	r3, .L20
 134 0006 9A42     		cmp	r2, r3
 135 0008 00D0     		beq	.L19
 136              	.L16:
 137 000a 08BD     		pop	{r3, pc}
 138              	.L19:
 139 000c 064A     		ldr	r2, .L20+4
 140 000e D36C     		ldr	r3, [r2, #76]
 141 0010 23F40053 		bic	r3, r3, #8192
 142 0014 D364     		str	r3, [r2, #76]
 143 0016 C06C     		ldr	r0, [r0, #76]
 144 0018 FFF7FEFF 		bl	HAL_DMA_DeInit
 145 001c 1220     		movs	r0, #18
 146 001e FFF7FEFF 		bl	HAL_NVIC_DisableIRQ
 147 0022 F2E7     		b	.L16
 148              	.L21:
 149              		.align	2
 150              	.L20:
 151 0024 00000450 		.word	1342439424
 152 0028 00100240 		.word	1073876992
 154              		.section	.text.HAL_RTC_MspInit,"ax",%progbits
 155              		.align	1
 156              		.global	HAL_RTC_MspInit
 157              		.syntax unified
 158              		.thumb
 159              		.thumb_func
 161              	HAL_RTC_MspInit:
 162              		@ args = 0, pretend = 0, frame = 56
 163              		@ frame_needed = 0, uses_anonymous_args = 0
 164 0000 10B5     		push	{r4, lr}
 165 0002 8EB0     		sub	sp, sp, #56
 166 0004 0446     		mov	r4, r0
 167 0006 3422     		movs	r2, #52
 168 0008 0021     		movs	r1, #0
 169 000a 01A8     		add	r0, sp, #4
 170 000c FFF7FEFF 		bl	memset
 171 0010 2268     		ldr	r2, [r4]
 172 0012 114B     		ldr	r3, .L28
 173 0014 9A42     		cmp	r2, r3
 174 0016 01D0     		beq	.L26
 175              	.L22:
 176 0018 0EB0     		add	sp, sp, #56
 177              		@ sp needed
 178 001a 10BD     		pop	{r4, pc}
ARM GAS  C:\Users\kroko\AppData\Local\Temp\ccqI37Qe.s 			page 4


 179              	.L26:
 180 001c 4FF40033 		mov	r3, #131072
 181 0020 0193     		str	r3, [sp, #4]
 182 0022 4FF48073 		mov	r3, #256
 183 0026 0D93     		str	r3, [sp, #52]
 184 0028 01A8     		add	r0, sp, #4
 185 002a FFF7FEFF 		bl	HAL_RCCEx_PeriphCLKConfig
 186 002e 78B9     		cbnz	r0, .L27
 187              	.L24:
 188 0030 0A4A     		ldr	r2, .L28+4
 189 0032 D2F89030 		ldr	r3, [r2, #144]
 190 0036 43F40043 		orr	r3, r3, #32768
 191 003a C2F89030 		str	r3, [r2, #144]
 192 003e 0022     		movs	r2, #0
 193 0040 1146     		mov	r1, r2
 194 0042 0320     		movs	r0, #3
 195 0044 FFF7FEFF 		bl	HAL_NVIC_SetPriority
 196 0048 0320     		movs	r0, #3
 197 004a FFF7FEFF 		bl	HAL_NVIC_EnableIRQ
 198 004e E3E7     		b	.L22
 199              	.L27:
 200 0050 FFF7FEFF 		bl	Error_Handler
 201 0054 ECE7     		b	.L24
 202              	.L29:
 203 0056 00BF     		.align	2
 204              	.L28:
 205 0058 00280040 		.word	1073752064
 206 005c 00100240 		.word	1073876992
 208              		.section	.text.HAL_RTC_MspDeInit,"ax",%progbits
 209              		.align	1
 210              		.global	HAL_RTC_MspDeInit
 211              		.syntax unified
 212              		.thumb
 213              		.thumb_func
 215              	HAL_RTC_MspDeInit:
 216              		@ args = 0, pretend = 0, frame = 0
 217              		@ frame_needed = 0, uses_anonymous_args = 0
 218 0000 08B5     		push	{r3, lr}
 219 0002 0268     		ldr	r2, [r0]
 220 0004 074B     		ldr	r3, .L34
 221 0006 9A42     		cmp	r2, r3
 222 0008 00D0     		beq	.L33
 223              	.L30:
 224 000a 08BD     		pop	{r3, pc}
 225              	.L33:
 226 000c 064A     		ldr	r2, .L34+4
 227 000e D2F89030 		ldr	r3, [r2, #144]
 228 0012 23F40043 		bic	r3, r3, #32768
 229 0016 C2F89030 		str	r3, [r2, #144]
 230 001a 0320     		movs	r0, #3
 231 001c FFF7FEFF 		bl	HAL_NVIC_DisableIRQ
 232 0020 F3E7     		b	.L30
 233              	.L35:
 234 0022 00BF     		.align	2
 235              	.L34:
 236 0024 00280040 		.word	1073752064
 237 0028 00100240 		.word	1073876992
ARM GAS  C:\Users\kroko\AppData\Local\Temp\ccqI37Qe.s 			page 5


 239              		.section	.text.HAL_SPI_MspInit,"ax",%progbits
 240              		.align	1
 241              		.global	HAL_SPI_MspInit
 242              		.syntax unified
 243              		.thumb
 244              		.thumb_func
 246              	HAL_SPI_MspInit:
 247              		@ args = 0, pretend = 0, frame = 32
 248              		@ frame_needed = 0, uses_anonymous_args = 0
 249 0000 00B5     		push	{lr}
 250 0002 89B0     		sub	sp, sp, #36
 251 0004 0023     		movs	r3, #0
 252 0006 0393     		str	r3, [sp, #12]
 253 0008 0493     		str	r3, [sp, #16]
 254 000a 0593     		str	r3, [sp, #20]
 255 000c 0693     		str	r3, [sp, #24]
 256 000e 0793     		str	r3, [sp, #28]
 257 0010 0268     		ldr	r2, [r0]
 258 0012 134B     		ldr	r3, .L40
 259 0014 9A42     		cmp	r2, r3
 260 0016 02D0     		beq	.L39
 261              	.L36:
 262 0018 09B0     		add	sp, sp, #36
 263              		@ sp needed
 264 001a 5DF804FB 		ldr	pc, [sp], #4
 265              	.L39:
 266 001e 03F56043 		add	r3, r3, #57344
 267 0022 1A6E     		ldr	r2, [r3, #96]
 268 0024 42F48052 		orr	r2, r2, #4096
 269 0028 1A66     		str	r2, [r3, #96]
 270 002a 1A6E     		ldr	r2, [r3, #96]
 271 002c 02F48052 		and	r2, r2, #4096
 272 0030 0192     		str	r2, [sp, #4]
 273 0032 019A     		ldr	r2, [sp, #4]
 274 0034 DA6C     		ldr	r2, [r3, #76]
 275 0036 42F00102 		orr	r2, r2, #1
 276 003a DA64     		str	r2, [r3, #76]
 277 003c DB6C     		ldr	r3, [r3, #76]
 278 003e 03F00103 		and	r3, r3, #1
 279 0042 0293     		str	r3, [sp, #8]
 280 0044 029B     		ldr	r3, [sp, #8]
 281 0046 8223     		movs	r3, #130
 282 0048 0393     		str	r3, [sp, #12]
 283 004a 0223     		movs	r3, #2
 284 004c 0493     		str	r3, [sp, #16]
 285 004e 0693     		str	r3, [sp, #24]
 286 0050 0523     		movs	r3, #5
 287 0052 0793     		str	r3, [sp, #28]
 288 0054 03A9     		add	r1, sp, #12
 289 0056 4FF09040 		mov	r0, #1207959552
 290 005a FFF7FEFF 		bl	HAL_GPIO_Init
 291 005e DBE7     		b	.L36
 292              	.L41:
 293              		.align	2
 294              	.L40:
 295 0060 00300140 		.word	1073819648
 297              		.section	.text.HAL_SPI_MspDeInit,"ax",%progbits
ARM GAS  C:\Users\kroko\AppData\Local\Temp\ccqI37Qe.s 			page 6


 298              		.align	1
 299              		.global	HAL_SPI_MspDeInit
 300              		.syntax unified
 301              		.thumb
 302              		.thumb_func
 304              	HAL_SPI_MspDeInit:
 305              		@ args = 0, pretend = 0, frame = 0
 306              		@ frame_needed = 0, uses_anonymous_args = 0
 307 0000 08B5     		push	{r3, lr}
 308 0002 0268     		ldr	r2, [r0]
 309 0004 074B     		ldr	r3, .L46
 310 0006 9A42     		cmp	r2, r3
 311 0008 00D0     		beq	.L45
 312              	.L42:
 313 000a 08BD     		pop	{r3, pc}
 314              	.L45:
 315 000c 064A     		ldr	r2, .L46+4
 316 000e 136E     		ldr	r3, [r2, #96]
 317 0010 23F48053 		bic	r3, r3, #4096
 318 0014 1366     		str	r3, [r2, #96]
 319 0016 8221     		movs	r1, #130
 320 0018 4FF09040 		mov	r0, #1207959552
 321 001c FFF7FEFF 		bl	HAL_GPIO_DeInit
 322 0020 F3E7     		b	.L42
 323              	.L47:
 324 0022 00BF     		.align	2
 325              	.L46:
 326 0024 00300140 		.word	1073819648
 327 0028 00100240 		.word	1073876992
 329              		.section	.text.HAL_UART_MspInit,"ax",%progbits
 330              		.align	1
 331              		.global	HAL_UART_MspInit
 332              		.syntax unified
 333              		.thumb
 334              		.thumb_func
 336              	HAL_UART_MspInit:
 337              		@ args = 0, pretend = 0, frame = 80
 338              		@ frame_needed = 0, uses_anonymous_args = 0
 339 0000 10B5     		push	{r4, lr}
 340 0002 94B0     		sub	sp, sp, #80
 341 0004 0446     		mov	r4, r0
 342 0006 0021     		movs	r1, #0
 343 0008 0F91     		str	r1, [sp, #60]
 344 000a 1091     		str	r1, [sp, #64]
 345 000c 1191     		str	r1, [sp, #68]
 346 000e 1291     		str	r1, [sp, #72]
 347 0010 1391     		str	r1, [sp, #76]
 348 0012 3422     		movs	r2, #52
 349 0014 02A8     		add	r0, sp, #8
 350 0016 FFF7FEFF 		bl	memset
 351 001a 2268     		ldr	r2, [r4]
 352 001c 184B     		ldr	r3, .L54
 353 001e 9A42     		cmp	r2, r3
 354 0020 01D0     		beq	.L52
 355              	.L48:
 356 0022 14B0     		add	sp, sp, #80
 357              		@ sp needed
ARM GAS  C:\Users\kroko\AppData\Local\Temp\ccqI37Qe.s 			page 7


 358 0024 10BD     		pop	{r4, pc}
 359              	.L52:
 360 0026 0223     		movs	r3, #2
 361 0028 0293     		str	r3, [sp, #8]
 362 002a 02A8     		add	r0, sp, #8
 363 002c FFF7FEFF 		bl	HAL_RCCEx_PeriphCLKConfig
 364 0030 10BB     		cbnz	r0, .L53
 365              	.L50:
 366 0032 144B     		ldr	r3, .L54+4
 367 0034 9A6D     		ldr	r2, [r3, #88]
 368 0036 42F40032 		orr	r2, r2, #131072
 369 003a 9A65     		str	r2, [r3, #88]
 370 003c 9A6D     		ldr	r2, [r3, #88]
 371 003e 02F40032 		and	r2, r2, #131072
 372 0042 0092     		str	r2, [sp]
 373 0044 009A     		ldr	r2, [sp]
 374 0046 DA6C     		ldr	r2, [r3, #76]
 375 0048 42F00102 		orr	r2, r2, #1
 376 004c DA64     		str	r2, [r3, #76]
 377 004e DB6C     		ldr	r3, [r3, #76]
 378 0050 03F00103 		and	r3, r3, #1
 379 0054 0193     		str	r3, [sp, #4]
 380 0056 019B     		ldr	r3, [sp, #4]
 381 0058 0423     		movs	r3, #4
 382 005a 0F93     		str	r3, [sp, #60]
 383 005c 1223     		movs	r3, #18
 384 005e 1093     		str	r3, [sp, #64]
 385 0060 0123     		movs	r3, #1
 386 0062 1193     		str	r3, [sp, #68]
 387 0064 0323     		movs	r3, #3
 388 0066 1293     		str	r3, [sp, #72]
 389 0068 0723     		movs	r3, #7
 390 006a 1393     		str	r3, [sp, #76]
 391 006c 0FA9     		add	r1, sp, #60
 392 006e 4FF09040 		mov	r0, #1207959552
 393 0072 FFF7FEFF 		bl	HAL_GPIO_Init
 394 0076 D4E7     		b	.L48
 395              	.L53:
 396 0078 FFF7FEFF 		bl	Error_Handler
 397 007c D9E7     		b	.L50
 398              	.L55:
 399 007e 00BF     		.align	2
 400              	.L54:
 401 0080 00440040 		.word	1073759232
 402 0084 00100240 		.word	1073876992
 404              		.section	.text.HAL_UART_MspDeInit,"ax",%progbits
 405              		.align	1
 406              		.global	HAL_UART_MspDeInit
 407              		.syntax unified
 408              		.thumb
 409              		.thumb_func
 411              	HAL_UART_MspDeInit:
 412              		@ args = 0, pretend = 0, frame = 0
 413              		@ frame_needed = 0, uses_anonymous_args = 0
 414 0000 08B5     		push	{r3, lr}
 415 0002 0268     		ldr	r2, [r0]
 416 0004 074B     		ldr	r3, .L60
ARM GAS  C:\Users\kroko\AppData\Local\Temp\ccqI37Qe.s 			page 8


 417 0006 9A42     		cmp	r2, r3
 418 0008 00D0     		beq	.L59
 419              	.L56:
 420 000a 08BD     		pop	{r3, pc}
 421              	.L59:
 422 000c 064A     		ldr	r2, .L60+4
 423 000e 936D     		ldr	r3, [r2, #88]
 424 0010 23F40033 		bic	r3, r3, #131072
 425 0014 9365     		str	r3, [r2, #88]
 426 0016 0421     		movs	r1, #4
 427 0018 4FF09040 		mov	r0, #1207959552
 428 001c FFF7FEFF 		bl	HAL_GPIO_DeInit
 429 0020 F3E7     		b	.L56
 430              	.L61:
 431 0022 00BF     		.align	2
 432              	.L60:
 433 0024 00440040 		.word	1073759232
 434 0028 00100240 		.word	1073876992
 436              		.ident	"GCC: (Arm GNU Toolchain 14.2.Rel1 (Build arm-14.52)) 14.2.1 20241119"
ARM GAS  C:\Users\kroko\AppData\Local\Temp\ccqI37Qe.s 			page 9


DEFINED SYMBOLS
                            *ABS*:00000000 stm32l4xx_hal_msp.c
C:\Users\kroko\AppData\Local\Temp\ccqI37Qe.s:18     .text.HAL_MspInit:00000000 $t
C:\Users\kroko\AppData\Local\Temp\ccqI37Qe.s:24     .text.HAL_MspInit:00000000 HAL_MspInit
C:\Users\kroko\AppData\Local\Temp\ccqI37Qe.s:50     .text.HAL_MspInit:0000002c $d
C:\Users\kroko\AppData\Local\Temp\ccqI37Qe.s:53     .text.HAL_ADC_MspInit:00000000 $t
C:\Users\kroko\AppData\Local\Temp\ccqI37Qe.s:59     .text.HAL_ADC_MspInit:00000000 HAL_ADC_MspInit
C:\Users\kroko\AppData\Local\Temp\ccqI37Qe.s:117    .text.HAL_ADC_MspInit:00000074 $d
C:\Users\kroko\AppData\Local\Temp\ccqI37Qe.s:122    .text.HAL_ADC_MspDeInit:00000000 $t
C:\Users\kroko\AppData\Local\Temp\ccqI37Qe.s:128    .text.HAL_ADC_MspDeInit:00000000 HAL_ADC_MspDeInit
C:\Users\kroko\AppData\Local\Temp\ccqI37Qe.s:151    .text.HAL_ADC_MspDeInit:00000024 $d
C:\Users\kroko\AppData\Local\Temp\ccqI37Qe.s:155    .text.HAL_RTC_MspInit:00000000 $t
C:\Users\kroko\AppData\Local\Temp\ccqI37Qe.s:161    .text.HAL_RTC_MspInit:00000000 HAL_RTC_MspInit
C:\Users\kroko\AppData\Local\Temp\ccqI37Qe.s:205    .text.HAL_RTC_MspInit:00000058 $d
C:\Users\kroko\AppData\Local\Temp\ccqI37Qe.s:209    .text.HAL_RTC_MspDeInit:00000000 $t
C:\Users\kroko\AppData\Local\Temp\ccqI37Qe.s:215    .text.HAL_RTC_MspDeInit:00000000 HAL_RTC_MspDeInit
C:\Users\kroko\AppData\Local\Temp\ccqI37Qe.s:236    .text.HAL_RTC_MspDeInit:00000024 $d
C:\Users\kroko\AppData\Local\Temp\ccqI37Qe.s:240    .text.HAL_SPI_MspInit:00000000 $t
C:\Users\kroko\AppData\Local\Temp\ccqI37Qe.s:246    .text.HAL_SPI_MspInit:00000000 HAL_SPI_MspInit
C:\Users\kroko\AppData\Local\Temp\ccqI37Qe.s:295    .text.HAL_SPI_MspInit:00000060 $d
C:\Users\kroko\AppData\Local\Temp\ccqI37Qe.s:298    .text.HAL_SPI_MspDeInit:00000000 $t
C:\Users\kroko\AppData\Local\Temp\ccqI37Qe.s:304    .text.HAL_SPI_MspDeInit:00000000 HAL_SPI_MspDeInit
C:\Users\kroko\AppData\Local\Temp\ccqI37Qe.s:326    .text.HAL_SPI_MspDeInit:00000024 $d
C:\Users\kroko\AppData\Local\Temp\ccqI37Qe.s:330    .text.HAL_UART_MspInit:00000000 $t
C:\Users\kroko\AppData\Local\Temp\ccqI37Qe.s:336    .text.HAL_UART_MspInit:00000000 HAL_UART_MspInit
C:\Users\kroko\AppData\Local\Temp\ccqI37Qe.s:401    .text.HAL_UART_MspInit:00000080 $d
C:\Users\kroko\AppData\Local\Temp\ccqI37Qe.s:405    .text.HAL_UART_MspDeInit:00000000 $t
C:\Users\kroko\AppData\Local\Temp\ccqI37Qe.s:411    .text.HAL_UART_MspDeInit:00000000 HAL_UART_MspDeInit
C:\Users\kroko\AppData\Local\Temp\ccqI37Qe.s:433    .text.HAL_UART_MspDeInit:00000024 $d

UNDEFINED SYMBOLS
HAL_DMA_Init
HAL_NVIC_SetPriority
HAL_NVIC_EnableIRQ
Error_Handler
hdma_adc1
HAL_DMA_DeInit
HAL_NVIC_DisableIRQ
memset
HAL_RCCEx_PeriphCLKConfig
HAL_GPIO_Init
HAL_GPIO_DeInit
