ARM GAS  C:\Users\kroko\AppData\Local\Temp\ccgRiGst.s 			page 1


   1              		.cpu cortex-m4
   2              		.arch armv7e-m
   3              		.fpu fpv4-sp-d16
   4              		.eabi_attribute 27, 1
   5              		.eabi_attribute 28, 1
   6              		.eabi_attribute 20, 1
   7              		.eabi_attribute 21, 1
   8              		.eabi_attribute 23, 3
   9              		.eabi_attribute 24, 1
  10              		.eabi_attribute 25, 1
  11              		.eabi_attribute 26, 1
  12              		.eabi_attribute 30, 1
  13              		.eabi_attribute 34, 1
  14              		.eabi_attribute 18, 4
  15              		.file	"usbd_ctlreq.c"
  16              		.text
  17              		.section	.text.USBD_GetLen,"ax",%progbits
  18              		.align	1
  19              		.syntax unified
  20              		.thumb
  21              		.thumb_func
  23              	USBD_GetLen:
  24              		@ args = 0, pretend = 0, frame = 0
  25              		@ frame_needed = 0, uses_anonymous_args = 0
  26              		@ link register save eliminated.
  27 0000 0346     		mov	r3, r0
  28 0002 0020     		movs	r0, #0
  29 0004 02E0     		b	.L2
  30              	.L3:
  31 0006 0130     		adds	r0, r0, #1
  32 0008 C0B2     		uxtb	r0, r0
  33 000a 0133     		adds	r3, r3, #1
  34              	.L2:
  35 000c 1A78     		ldrb	r2, [r3]	@ zero_extendqisi2
  36 000e 002A     		cmp	r2, #0
  37 0010 F9D1     		bne	.L3
  38 0012 7047     		bx	lr
  40              		.section	.text.USBD_ParseSetupRequest,"ax",%progbits
  41              		.align	1
  42              		.global	USBD_ParseSetupRequest
  43              		.syntax unified
  44              		.thumb
  45              		.thumb_func
  47              	USBD_ParseSetupRequest:
  48              		@ args = 0, pretend = 0, frame = 0
  49              		@ frame_needed = 0, uses_anonymous_args = 0
  50              		@ link register save eliminated.
  51 0000 0B78     		ldrb	r3, [r1]	@ zero_extendqisi2
  52 0002 0370     		strb	r3, [r0]
  53 0004 4B78     		ldrb	r3, [r1, #1]	@ zero_extendqisi2
  54 0006 4370     		strb	r3, [r0, #1]
  55 0008 8B78     		ldrb	r3, [r1, #2]	@ zero_extendqisi2
  56 000a CA78     		ldrb	r2, [r1, #3]	@ zero_extendqisi2
  57 000c 43EA0223 		orr	r3, r3, r2, lsl #8
  58 0010 4380     		strh	r3, [r0, #2]	@ movhi
  59 0012 0B79     		ldrb	r3, [r1, #4]	@ zero_extendqisi2
  60 0014 4A79     		ldrb	r2, [r1, #5]	@ zero_extendqisi2
ARM GAS  C:\Users\kroko\AppData\Local\Temp\ccgRiGst.s 			page 2


  61 0016 43EA0223 		orr	r3, r3, r2, lsl #8
  62 001a 8380     		strh	r3, [r0, #4]	@ movhi
  63 001c 8B79     		ldrb	r3, [r1, #6]	@ zero_extendqisi2
  64 001e CA79     		ldrb	r2, [r1, #7]	@ zero_extendqisi2
  65 0020 43EA0223 		orr	r3, r3, r2, lsl #8
  66 0024 C380     		strh	r3, [r0, #6]	@ movhi
  67 0026 7047     		bx	lr
  69              		.section	.text.USBD_CtlError,"ax",%progbits
  70              		.align	1
  71              		.global	USBD_CtlError
  72              		.syntax unified
  73              		.thumb
  74              		.thumb_func
  76              	USBD_CtlError:
  77              		@ args = 0, pretend = 0, frame = 0
  78              		@ frame_needed = 0, uses_anonymous_args = 0
  79 0000 10B5     		push	{r4, lr}
  80 0002 0446     		mov	r4, r0
  81 0004 8021     		movs	r1, #128
  82 0006 FFF7FEFF 		bl	USBD_LL_StallEP
  83 000a 0021     		movs	r1, #0
  84 000c 2046     		mov	r0, r4
  85 000e FFF7FEFF 		bl	USBD_LL_StallEP
  86 0012 10BD     		pop	{r4, pc}
  88              		.section	.text.USBD_GetDescriptor,"ax",%progbits
  89              		.align	1
  90              		.syntax unified
  91              		.thumb
  92              		.thumb_func
  94              	USBD_GetDescriptor:
  95              		@ args = 0, pretend = 0, frame = 8
  96              		@ frame_needed = 0, uses_anonymous_args = 0
  97 0000 30B5     		push	{r4, r5, lr}
  98 0002 83B0     		sub	sp, sp, #12
  99 0004 0546     		mov	r5, r0
 100 0006 0C46     		mov	r4, r1
 101 0008 0023     		movs	r3, #0
 102 000a ADF80630 		strh	r3, [sp, #6]	@ movhi
 103 000e 4A88     		ldrh	r2, [r1, #2]
 104 0010 130A     		lsrs	r3, r2, #8
 105 0012 013B     		subs	r3, r3, #1
 106 0014 0E2B     		cmp	r3, #14
 107 0016 00F2BB80 		bhi	.L8
 108 001a DFE803F0 		tbb	[pc, r3]
 109              	.L10:
 110 001e 15       		.byte	(.L15-.L10)/2
 111 001f 2F       		.byte	(.L14-.L10)/2
 112 0020 43       		.byte	(.L13-.L10)/2
 113 0021 B9       		.byte	(.L8-.L10)/2
 114 0022 B9       		.byte	(.L8-.L10)/2
 115 0023 9D       		.byte	(.L12-.L10)/2
 116 0024 AA       		.byte	(.L11-.L10)/2
 117 0025 B9       		.byte	(.L8-.L10)/2
 118 0026 B9       		.byte	(.L8-.L10)/2
 119 0027 B9       		.byte	(.L8-.L10)/2
 120 0028 B9       		.byte	(.L8-.L10)/2
 121 0029 B9       		.byte	(.L8-.L10)/2
ARM GAS  C:\Users\kroko\AppData\Local\Temp\ccgRiGst.s 			page 3


 122 002a B9       		.byte	(.L8-.L10)/2
 123 002b B9       		.byte	(.L8-.L10)/2
 124 002c 08       		.byte	(.L9-.L10)/2
 125 002d 00       		.p2align 1
 126              	.L9:
 127 002e D0F8B432 		ldr	r3, [r0, #692]
 128 0032 DB69     		ldr	r3, [r3, #28]
 129 0034 23B1     		cbz	r3, .L16
 130 0036 0DF10601 		add	r1, sp, #6
 131 003a 007C     		ldrb	r0, [r0, #16]	@ zero_extendqisi2
 132 003c 9847     		blx	r3
 133 003e 0AE0     		b	.L17
 134              	.L16:
 135 0040 2146     		mov	r1, r4
 136 0042 FFF7FEFF 		bl	USBD_CtlError
 137 0046 A6E0     		b	.L7
 138              	.L15:
 139 0048 D0F8B432 		ldr	r3, [r0, #692]
 140 004c 1B68     		ldr	r3, [r3]
 141 004e 0DF10601 		add	r1, sp, #6
 142 0052 007C     		ldrb	r0, [r0, #16]	@ zero_extendqisi2
 143 0054 9847     		blx	r3
 144              	.L17:
 145 0056 E288     		ldrh	r2, [r4, #6]
 146 0058 002A     		cmp	r2, #0
 147 005a 00F0A380 		beq	.L37
 148 005e BDF80630 		ldrh	r3, [sp, #6]
 149 0062 002B     		cmp	r3, #0
 150 0064 00F09980 		beq	.L38
 151 0068 9A42     		cmp	r2, r3
 152 006a 28BF     		it	cs
 153 006c 1A46     		movcs	r2, r3
 154 006e ADF80620 		strh	r2, [sp, #6]	@ movhi
 155 0072 0146     		mov	r1, r0
 156 0074 2846     		mov	r0, r5
 157 0076 FFF7FEFF 		bl	USBD_CtlSendData
 158 007a 8CE0     		b	.L7
 159              	.L14:
 160 007c 037C     		ldrb	r3, [r0, #16]	@ zero_extendqisi2
 161 007e 43B9     		cbnz	r3, .L19
 162 0080 D0F8B832 		ldr	r3, [r0, #696]
 163 0084 9B6A     		ldr	r3, [r3, #40]
 164 0086 0DF10600 		add	r0, sp, #6
 165 008a 9847     		blx	r3
 166 008c 0223     		movs	r3, #2
 167 008e 4370     		strb	r3, [r0, #1]
 168 0090 E1E7     		b	.L17
 169              	.L19:
 170 0092 D0F8B832 		ldr	r3, [r0, #696]
 171 0096 DB6A     		ldr	r3, [r3, #44]
 172 0098 0DF10600 		add	r0, sp, #6
 173 009c 9847     		blx	r3
 174 009e 0223     		movs	r3, #2
 175 00a0 4370     		strb	r3, [r0, #1]
 176 00a2 D8E7     		b	.L17
 177              	.L13:
 178 00a4 D2B2     		uxtb	r2, r2
ARM GAS  C:\Users\kroko\AppData\Local\Temp\ccgRiGst.s 			page 4


 179 00a6 052A     		cmp	r2, #5
 180 00a8 52D8     		bhi	.L20
 181 00aa DFE802F0 		tbb	[pc, r2]
 182              	.L22:
 183 00ae 03       		.byte	(.L27-.L22)/2
 184 00af 10       		.byte	(.L26-.L22)/2
 185 00b0 1D       		.byte	(.L25-.L22)/2
 186 00b1 2A       		.byte	(.L24-.L22)/2
 187 00b2 37       		.byte	(.L23-.L22)/2
 188 00b3 44       		.byte	(.L21-.L22)/2
 189              		.p2align 1
 190              	.L27:
 191 00b4 D0F8B432 		ldr	r3, [r0, #692]
 192 00b8 5B68     		ldr	r3, [r3, #4]
 193 00ba 23B1     		cbz	r3, .L28
 194 00bc 0DF10601 		add	r1, sp, #6
 195 00c0 007C     		ldrb	r0, [r0, #16]	@ zero_extendqisi2
 196 00c2 9847     		blx	r3
 197 00c4 C7E7     		b	.L17
 198              	.L28:
 199 00c6 2146     		mov	r1, r4
 200 00c8 FFF7FEFF 		bl	USBD_CtlError
 201 00cc 63E0     		b	.L7
 202              	.L26:
 203 00ce D0F8B432 		ldr	r3, [r0, #692]
 204 00d2 9B68     		ldr	r3, [r3, #8]
 205 00d4 23B1     		cbz	r3, .L29
 206 00d6 0DF10601 		add	r1, sp, #6
 207 00da 007C     		ldrb	r0, [r0, #16]	@ zero_extendqisi2
 208 00dc 9847     		blx	r3
 209 00de BAE7     		b	.L17
 210              	.L29:
 211 00e0 2146     		mov	r1, r4
 212 00e2 FFF7FEFF 		bl	USBD_CtlError
 213 00e6 56E0     		b	.L7
 214              	.L25:
 215 00e8 D0F8B432 		ldr	r3, [r0, #692]
 216 00ec DB68     		ldr	r3, [r3, #12]
 217 00ee 23B1     		cbz	r3, .L30
 218 00f0 0DF10601 		add	r1, sp, #6
 219 00f4 007C     		ldrb	r0, [r0, #16]	@ zero_extendqisi2
 220 00f6 9847     		blx	r3
 221 00f8 ADE7     		b	.L17
 222              	.L30:
 223 00fa 2146     		mov	r1, r4
 224 00fc FFF7FEFF 		bl	USBD_CtlError
 225 0100 49E0     		b	.L7
 226              	.L24:
 227 0102 D0F8B432 		ldr	r3, [r0, #692]
 228 0106 1B69     		ldr	r3, [r3, #16]
 229 0108 23B1     		cbz	r3, .L31
 230 010a 0DF10601 		add	r1, sp, #6
 231 010e 007C     		ldrb	r0, [r0, #16]	@ zero_extendqisi2
 232 0110 9847     		blx	r3
 233 0112 A0E7     		b	.L17
 234              	.L31:
 235 0114 2146     		mov	r1, r4
ARM GAS  C:\Users\kroko\AppData\Local\Temp\ccgRiGst.s 			page 5


 236 0116 FFF7FEFF 		bl	USBD_CtlError
 237 011a 3CE0     		b	.L7
 238              	.L23:
 239 011c D0F8B432 		ldr	r3, [r0, #692]
 240 0120 5B69     		ldr	r3, [r3, #20]
 241 0122 23B1     		cbz	r3, .L32
 242 0124 0DF10601 		add	r1, sp, #6
 243 0128 007C     		ldrb	r0, [r0, #16]	@ zero_extendqisi2
 244 012a 9847     		blx	r3
 245 012c 93E7     		b	.L17
 246              	.L32:
 247 012e 2146     		mov	r1, r4
 248 0130 FFF7FEFF 		bl	USBD_CtlError
 249 0134 2FE0     		b	.L7
 250              	.L21:
 251 0136 D0F8B432 		ldr	r3, [r0, #692]
 252 013a 9B69     		ldr	r3, [r3, #24]
 253 013c 23B1     		cbz	r3, .L33
 254 013e 0DF10601 		add	r1, sp, #6
 255 0142 007C     		ldrb	r0, [r0, #16]	@ zero_extendqisi2
 256 0144 9847     		blx	r3
 257 0146 86E7     		b	.L17
 258              	.L33:
 259 0148 2146     		mov	r1, r4
 260 014a FFF7FEFF 		bl	USBD_CtlError
 261 014e 22E0     		b	.L7
 262              	.L20:
 263 0150 2146     		mov	r1, r4
 264 0152 FFF7FEFF 		bl	USBD_CtlError
 265 0156 1EE0     		b	.L7
 266              	.L12:
 267 0158 037C     		ldrb	r3, [r0, #16]	@ zero_extendqisi2
 268 015a 33B9     		cbnz	r3, .L34
 269 015c D0F8B832 		ldr	r3, [r0, #696]
 270 0160 5B6B     		ldr	r3, [r3, #52]
 271 0162 0DF10600 		add	r0, sp, #6
 272 0166 9847     		blx	r3
 273 0168 75E7     		b	.L17
 274              	.L34:
 275 016a 2146     		mov	r1, r4
 276 016c FFF7FEFF 		bl	USBD_CtlError
 277 0170 11E0     		b	.L7
 278              	.L11:
 279 0172 037C     		ldrb	r3, [r0, #16]	@ zero_extendqisi2
 280 0174 43B9     		cbnz	r3, .L35
 281 0176 D0F8B832 		ldr	r3, [r0, #696]
 282 017a 1B6B     		ldr	r3, [r3, #48]
 283 017c 0DF10600 		add	r0, sp, #6
 284 0180 9847     		blx	r3
 285 0182 0723     		movs	r3, #7
 286 0184 4370     		strb	r3, [r0, #1]
 287 0186 66E7     		b	.L17
 288              	.L35:
 289 0188 2146     		mov	r1, r4
 290 018a FFF7FEFF 		bl	USBD_CtlError
 291 018e 02E0     		b	.L7
 292              	.L8:
ARM GAS  C:\Users\kroko\AppData\Local\Temp\ccgRiGst.s 			page 6


 293 0190 2146     		mov	r1, r4
 294 0192 FFF7FEFF 		bl	USBD_CtlError
 295              	.L7:
 296 0196 03B0     		add	sp, sp, #12
 297              		@ sp needed
 298 0198 30BD     		pop	{r4, r5, pc}
 299              	.L38:
 300 019a 2146     		mov	r1, r4
 301 019c 2846     		mov	r0, r5
 302 019e FFF7FEFF 		bl	USBD_CtlError
 303 01a2 F8E7     		b	.L7
 304              	.L37:
 305 01a4 2846     		mov	r0, r5
 306 01a6 FFF7FEFF 		bl	USBD_CtlSendStatus
 307 01aa F4E7     		b	.L7
 309              		.section	.text.USBD_SetAddress,"ax",%progbits
 310              		.align	1
 311              		.syntax unified
 312              		.thumb
 313              		.thumb_func
 315              	USBD_SetAddress:
 316              		@ args = 0, pretend = 0, frame = 0
 317              		@ frame_needed = 0, uses_anonymous_args = 0
 318 0000 38B5     		push	{r3, r4, r5, lr}
 319 0002 0446     		mov	r4, r0
 320 0004 8B88     		ldrh	r3, [r1, #4]
 321 0006 F3B9     		cbnz	r3, .L42
 322 0008 CB88     		ldrh	r3, [r1, #6]
 323 000a E3B9     		cbnz	r3, .L42
 324 000c 4B88     		ldrh	r3, [r1, #2]
 325 000e 7F2B     		cmp	r3, #127
 326 0010 19D8     		bhi	.L42
 327 0012 03F07F05 		and	r5, r3, #127
 328 0016 90F89C32 		ldrb	r3, [r0, #668]	@ zero_extendqisi2
 329 001a 032B     		cmp	r3, #3
 330 001c 0CD0     		beq	.L47
 331 001e 80F89E52 		strb	r5, [r0, #670]
 332 0022 2946     		mov	r1, r5
 333 0024 FFF7FEFF 		bl	USBD_LL_SetUSBAddress
 334 0028 2046     		mov	r0, r4
 335 002a FFF7FEFF 		bl	USBD_CtlSendStatus
 336 002e 35B1     		cbz	r5, .L45
 337 0030 0223     		movs	r3, #2
 338 0032 84F89C32 		strb	r3, [r4, #668]
 339 0036 09E0     		b	.L41
 340              	.L47:
 341 0038 FFF7FEFF 		bl	USBD_CtlError
 342 003c 06E0     		b	.L41
 343              	.L45:
 344 003e 0123     		movs	r3, #1
 345 0040 84F89C32 		strb	r3, [r4, #668]
 346 0044 02E0     		b	.L41
 347              	.L42:
 348 0046 2046     		mov	r0, r4
 349 0048 FFF7FEFF 		bl	USBD_CtlError
 350              	.L41:
 351 004c 38BD     		pop	{r3, r4, r5, pc}
ARM GAS  C:\Users\kroko\AppData\Local\Temp\ccgRiGst.s 			page 7


 353              		.section	.text.USBD_SetConfig,"ax",%progbits
 354              		.align	1
 355              		.syntax unified
 356              		.thumb
 357              		.thumb_func
 359              	USBD_SetConfig:
 360              		@ args = 0, pretend = 0, frame = 0
 361              		@ frame_needed = 0, uses_anonymous_args = 0
 362 0000 70B5     		push	{r4, r5, r6, lr}
 363 0002 0446     		mov	r4, r0
 364 0004 0E46     		mov	r6, r1
 365 0006 8D78     		ldrb	r5, [r1, #2]	@ zero_extendqisi2
 366 0008 2F4B     		ldr	r3, .L63
 367 000a 1D70     		strb	r5, [r3]
 368 000c 012D     		cmp	r5, #1
 369 000e 10D8     		bhi	.L61
 370 0010 90F89C32 		ldrb	r3, [r0, #668]	@ zero_extendqisi2
 371 0014 DAB2     		uxtb	r2, r3
 372 0016 022B     		cmp	r3, #2
 373 0018 0FD0     		beq	.L51
 374 001a 032A     		cmp	r2, #3
 375 001c 26D0     		beq	.L52
 376 001e FFF7FEFF 		bl	USBD_CtlError
 377 0022 294B     		ldr	r3, .L63
 378 0024 1978     		ldrb	r1, [r3]	@ zero_extendqisi2
 379 0026 2046     		mov	r0, r4
 380 0028 FFF7FEFF 		bl	USBD_ClrClassConfig
 381 002c 0325     		movs	r5, #3
 382              	.L50:
 383 002e 2846     		mov	r0, r5
 384 0030 70BD     		pop	{r4, r5, r6, pc}
 385              	.L61:
 386 0032 FFF7FEFF 		bl	USBD_CtlError
 387 0036 0325     		movs	r5, #3
 388 0038 F9E7     		b	.L50
 389              	.L51:
 390 003a A5B1     		cbz	r5, .L54
 391 003c 4560     		str	r5, [r0, #4]
 392 003e 2946     		mov	r1, r5
 393 0040 FFF7FEFF 		bl	USBD_SetClassConfig
 394 0044 0546     		mov	r5, r0
 395 0046 38B1     		cbz	r0, .L55
 396 0048 3146     		mov	r1, r6
 397 004a 2046     		mov	r0, r4
 398 004c FFF7FEFF 		bl	USBD_CtlError
 399 0050 0223     		movs	r3, #2
 400 0052 84F89C32 		strb	r3, [r4, #668]
 401 0056 EAE7     		b	.L50
 402              	.L55:
 403 0058 2046     		mov	r0, r4
 404 005a FFF7FEFF 		bl	USBD_CtlSendStatus
 405 005e 0323     		movs	r3, #3
 406 0060 84F89C32 		strb	r3, [r4, #668]
 407 0064 E3E7     		b	.L50
 408              	.L54:
 409 0066 FFF7FEFF 		bl	USBD_CtlSendStatus
 410 006a E0E7     		b	.L50
ARM GAS  C:\Users\kroko\AppData\Local\Temp\ccgRiGst.s 			page 8


 411              	.L52:
 412 006c CDB1     		cbz	r5, .L62
 413 006e 4168     		ldr	r1, [r0, #4]
 414 0070 8D42     		cmp	r5, r1
 415 0072 25D0     		beq	.L57
 416 0074 C9B2     		uxtb	r1, r1
 417 0076 FFF7FEFF 		bl	USBD_ClrClassConfig
 418 007a 134B     		ldr	r3, .L63
 419 007c 1978     		ldrb	r1, [r3]	@ zero_extendqisi2
 420 007e 6160     		str	r1, [r4, #4]
 421 0080 2046     		mov	r0, r4
 422 0082 FFF7FEFF 		bl	USBD_SetClassConfig
 423 0086 0546     		mov	r5, r0
 424 0088 B0B1     		cbz	r0, .L58
 425 008a 3146     		mov	r1, r6
 426 008c 2046     		mov	r0, r4
 427 008e FFF7FEFF 		bl	USBD_CtlError
 428 0092 2179     		ldrb	r1, [r4, #4]	@ zero_extendqisi2
 429 0094 2046     		mov	r0, r4
 430 0096 FFF7FEFF 		bl	USBD_ClrClassConfig
 431 009a 0223     		movs	r3, #2
 432 009c 84F89C32 		strb	r3, [r4, #668]
 433 00a0 C5E7     		b	.L50
 434              	.L62:
 435 00a2 0223     		movs	r3, #2
 436 00a4 80F89C32 		strb	r3, [r0, #668]
 437 00a8 4560     		str	r5, [r0, #4]
 438 00aa 2946     		mov	r1, r5
 439 00ac FFF7FEFF 		bl	USBD_ClrClassConfig
 440 00b0 2046     		mov	r0, r4
 441 00b2 FFF7FEFF 		bl	USBD_CtlSendStatus
 442 00b6 BAE7     		b	.L50
 443              	.L58:
 444 00b8 2046     		mov	r0, r4
 445 00ba FFF7FEFF 		bl	USBD_CtlSendStatus
 446 00be B6E7     		b	.L50
 447              	.L57:
 448 00c0 FFF7FEFF 		bl	USBD_CtlSendStatus
 449 00c4 0025     		movs	r5, #0
 450 00c6 B2E7     		b	.L50
 451              	.L64:
 452              		.align	2
 453              	.L63:
 454 00c8 00000000 		.word	cfgidx.0
 456              		.section	.text.USBD_GetConfig,"ax",%progbits
 457              		.align	1
 458              		.syntax unified
 459              		.thumb
 460              		.thumb_func
 462              	USBD_GetConfig:
 463              		@ args = 0, pretend = 0, frame = 0
 464              		@ frame_needed = 0, uses_anonymous_args = 0
 465 0000 08B5     		push	{r3, lr}
 466 0002 CB88     		ldrh	r3, [r1, #6]
 467 0004 012B     		cmp	r3, #1
 468 0006 0BD1     		bne	.L73
 469 0008 90F89C32 		ldrb	r3, [r0, #668]	@ zero_extendqisi2
ARM GAS  C:\Users\kroko\AppData\Local\Temp\ccgRiGst.s 			page 9


 470 000c DAB2     		uxtb	r2, r3
 471 000e 022B     		cmp	r3, #2
 472 0010 09D9     		bls	.L74
 473 0012 032A     		cmp	r2, #3
 474 0014 11D1     		bne	.L70
 475 0016 0122     		movs	r2, #1
 476 0018 011D     		adds	r1, r0, #4
 477 001a FFF7FEFF 		bl	USBD_CtlSendData
 478 001e 01E0     		b	.L65
 479              	.L73:
 480 0020 FFF7FEFF 		bl	USBD_CtlError
 481              	.L65:
 482 0024 08BD     		pop	{r3, pc}
 483              	.L74:
 484 0026 52B2     		sxtb	r2, r2
 485 0028 3AB1     		cbz	r2, .L70
 486 002a 0146     		mov	r1, r0
 487 002c 0023     		movs	r3, #0
 488 002e 41F8083F 		str	r3, [r1, #8]!
 489 0032 0122     		movs	r2, #1
 490 0034 FFF7FEFF 		bl	USBD_CtlSendData
 491 0038 F4E7     		b	.L65
 492              	.L70:
 493 003a FFF7FEFF 		bl	USBD_CtlError
 494 003e F1E7     		b	.L65
 496              		.section	.text.USBD_GetStatus,"ax",%progbits
 497              		.align	1
 498              		.syntax unified
 499              		.thumb
 500              		.thumb_func
 502              	USBD_GetStatus:
 503              		@ args = 0, pretend = 0, frame = 0
 504              		@ frame_needed = 0, uses_anonymous_args = 0
 505 0000 08B5     		push	{r3, lr}
 506 0002 90F89C32 		ldrb	r3, [r0, #668]	@ zero_extendqisi2
 507 0006 013B     		subs	r3, r3, #1
 508 0008 022B     		cmp	r3, #2
 509 000a 12D8     		bhi	.L76
 510 000c CB88     		ldrh	r3, [r1, #6]
 511 000e 022B     		cmp	r3, #2
 512 0010 0CD1     		bne	.L81
 513 0012 0123     		movs	r3, #1
 514 0014 C360     		str	r3, [r0, #12]
 515 0016 D0F8A432 		ldr	r3, [r0, #676]
 516 001a 0BB1     		cbz	r3, .L79
 517 001c 0323     		movs	r3, #3
 518 001e C360     		str	r3, [r0, #12]
 519              	.L79:
 520 0020 0222     		movs	r2, #2
 521 0022 00F10C01 		add	r1, r0, #12
 522 0026 FFF7FEFF 		bl	USBD_CtlSendData
 523              	.L75:
 524 002a 08BD     		pop	{r3, pc}
 525              	.L81:
 526 002c FFF7FEFF 		bl	USBD_CtlError
 527 0030 FBE7     		b	.L75
 528              	.L76:
ARM GAS  C:\Users\kroko\AppData\Local\Temp\ccgRiGst.s 			page 10


 529 0032 FFF7FEFF 		bl	USBD_CtlError
 530 0036 F8E7     		b	.L75
 532              		.section	.text.USBD_SetFeature,"ax",%progbits
 533              		.align	1
 534              		.syntax unified
 535              		.thumb
 536              		.thumb_func
 538              	USBD_SetFeature:
 539              		@ args = 0, pretend = 0, frame = 0
 540              		@ frame_needed = 0, uses_anonymous_args = 0
 541 0000 08B5     		push	{r3, lr}
 542 0002 4B88     		ldrh	r3, [r1, #2]
 543 0004 012B     		cmp	r3, #1
 544 0006 04D0     		beq	.L87
 545 0008 022B     		cmp	r3, #2
 546 000a 07D0     		beq	.L88
 547 000c FFF7FEFF 		bl	USBD_CtlError
 548              	.L82:
 549 0010 08BD     		pop	{r3, pc}
 550              	.L87:
 551 0012 C0F8A432 		str	r3, [r0, #676]
 552 0016 FFF7FEFF 		bl	USBD_CtlSendStatus
 553 001a F9E7     		b	.L82
 554              	.L88:
 555 001c 8B88     		ldrh	r3, [r1, #4]
 556 001e 1B0A     		lsrs	r3, r3, #8
 557 0020 80F8A032 		strb	r3, [r0, #672]
 558 0024 FFF7FEFF 		bl	USBD_CtlSendStatus
 559 0028 F2E7     		b	.L82
 561              		.section	.text.USBD_ClrFeature,"ax",%progbits
 562              		.align	1
 563              		.syntax unified
 564              		.thumb
 565              		.thumb_func
 567              	USBD_ClrFeature:
 568              		@ args = 0, pretend = 0, frame = 0
 569              		@ frame_needed = 0, uses_anonymous_args = 0
 570 0000 08B5     		push	{r3, lr}
 571 0002 90F89C32 		ldrb	r3, [r0, #668]	@ zero_extendqisi2
 572 0006 013B     		subs	r3, r3, #1
 573 0008 022B     		cmp	r3, #2
 574 000a 09D8     		bhi	.L90
 575 000c 4B88     		ldrh	r3, [r1, #2]
 576 000e 012B     		cmp	r3, #1
 577 0010 00D0     		beq	.L93
 578              	.L89:
 579 0012 08BD     		pop	{r3, pc}
 580              	.L93:
 581 0014 0023     		movs	r3, #0
 582 0016 C0F8A432 		str	r3, [r0, #676]
 583 001a FFF7FEFF 		bl	USBD_CtlSendStatus
 584 001e F8E7     		b	.L89
 585              	.L90:
 586 0020 FFF7FEFF 		bl	USBD_CtlError
 587 0024 F5E7     		b	.L89
 589              		.section	.text.USBD_StdDevReq,"ax",%progbits
 590              		.align	1
ARM GAS  C:\Users\kroko\AppData\Local\Temp\ccgRiGst.s 			page 11


 591              		.global	USBD_StdDevReq
 592              		.syntax unified
 593              		.thumb
 594              		.thumb_func
 596              	USBD_StdDevReq:
 597              		@ args = 0, pretend = 0, frame = 0
 598              		@ frame_needed = 0, uses_anonymous_args = 0
 599 0000 38B5     		push	{r3, r4, r5, lr}
 600 0002 0C78     		ldrb	r4, [r1]	@ zero_extendqisi2
 601 0004 04F06004 		and	r4, r4, #96
 602 0008 202C     		cmp	r4, #32
 603 000a 06D0     		beq	.L95
 604 000c 402C     		cmp	r4, #64
 605 000e 04D0     		beq	.L95
 606 0010 6CB1     		cbz	r4, .L96
 607 0012 FFF7FEFF 		bl	USBD_CtlError
 608 0016 0024     		movs	r4, #0
 609 0018 07E0     		b	.L98
 610              	.L95:
 611 001a D0F8D432 		ldr	r3, [r0, #724]
 612 001e AE33     		adds	r3, r3, #174
 613 0020 50F82330 		ldr	r3, [r0, r3, lsl #2]
 614 0024 9B68     		ldr	r3, [r3, #8]
 615 0026 9847     		blx	r3
 616 0028 0446     		mov	r4, r0
 617              	.L98:
 618 002a 2046     		mov	r0, r4
 619 002c 38BD     		pop	{r3, r4, r5, pc}
 620              	.L96:
 621 002e 4D78     		ldrb	r5, [r1, #1]	@ zero_extendqisi2
 622 0030 092D     		cmp	r5, #9
 623 0032 1DD8     		bhi	.L99
 624 0034 DFE805F0 		tbb	[pc, r5]
 625              	.L101:
 626 0038 12       		.byte	(.L107-.L101)/2
 627 0039 19       		.byte	(.L106-.L101)/2
 628 003a 1C       		.byte	(.L99-.L101)/2
 629 003b 16       		.byte	(.L105-.L101)/2
 630 003c 1C       		.byte	(.L99-.L101)/2
 631 003d 08       		.byte	(.L104-.L101)/2
 632 003e 05       		.byte	(.L103-.L101)/2
 633 003f 1C       		.byte	(.L99-.L101)/2
 634 0040 0F       		.byte	(.L102-.L101)/2
 635 0041 0B       		.byte	(.L100-.L101)/2
 636              		.p2align 1
 637              	.L103:
 638 0042 FFF7FEFF 		bl	USBD_GetDescriptor
 639 0046 F0E7     		b	.L98
 640              	.L104:
 641 0048 FFF7FEFF 		bl	USBD_SetAddress
 642 004c EDE7     		b	.L98
 643              	.L100:
 644 004e FFF7FEFF 		bl	USBD_SetConfig
 645 0052 0446     		mov	r4, r0
 646 0054 E9E7     		b	.L98
 647              	.L102:
 648 0056 FFF7FEFF 		bl	USBD_GetConfig
ARM GAS  C:\Users\kroko\AppData\Local\Temp\ccgRiGst.s 			page 12


 649 005a E6E7     		b	.L98
 650              	.L107:
 651 005c FFF7FEFF 		bl	USBD_GetStatus
 652 0060 2C46     		mov	r4, r5
 653 0062 E2E7     		b	.L98
 654              	.L105:
 655 0064 FFF7FEFF 		bl	USBD_SetFeature
 656 0068 DFE7     		b	.L98
 657              	.L106:
 658 006a FFF7FEFF 		bl	USBD_ClrFeature
 659 006e DCE7     		b	.L98
 660              	.L99:
 661 0070 FFF7FEFF 		bl	USBD_CtlError
 662 0074 D9E7     		b	.L98
 664              		.section	.text.USBD_StdItfReq,"ax",%progbits
 665              		.align	1
 666              		.global	USBD_StdItfReq
 667              		.syntax unified
 668              		.thumb
 669              		.thumb_func
 671              	USBD_StdItfReq:
 672              		@ args = 0, pretend = 0, frame = 0
 673              		@ frame_needed = 0, uses_anonymous_args = 0
 674 0000 70B5     		push	{r4, r5, r6, lr}
 675 0002 0546     		mov	r5, r0
 676 0004 0C46     		mov	r4, r1
 677 0006 0B78     		ldrb	r3, [r1]	@ zero_extendqisi2
 678 0008 03F06003 		and	r3, r3, #96
 679 000c 202B     		cmp	r3, #32
 680 000e 07D0     		beq	.L111
 681 0010 402B     		cmp	r3, #64
 682 0012 05D0     		beq	.L111
 683 0014 23B1     		cbz	r3, .L111
 684 0016 FFF7FEFF 		bl	USBD_CtlError
 685 001a 0026     		movs	r6, #0
 686              	.L116:
 687 001c 3046     		mov	r0, r6
 688 001e 70BD     		pop	{r4, r5, r6, pc}
 689              	.L111:
 690 0020 95F89C32 		ldrb	r3, [r5, #668]	@ zero_extendqisi2
 691 0024 013B     		subs	r3, r3, #1
 692 0026 022B     		cmp	r3, #2
 693 0028 26D8     		bhi	.L113
 694 002a 2179     		ldrb	r1, [r4, #4]	@ zero_extendqisi2
 695 002c 0129     		cmp	r1, #1
 696 002e 05D9     		bls	.L120
 697 0030 2146     		mov	r1, r4
 698 0032 2846     		mov	r0, r5
 699 0034 FFF7FEFF 		bl	USBD_CtlError
 700 0038 0026     		movs	r6, #0
 701 003a EFE7     		b	.L116
 702              	.L120:
 703 003c 2846     		mov	r0, r5
 704 003e FFF7FEFF 		bl	USBD_CoreFindIF
 705 0042 68B9     		cbnz	r0, .L117
 706 0044 00F1AE02 		add	r2, r0, #174
 707 0048 55F82220 		ldr	r2, [r5, r2, lsl #2]
ARM GAS  C:\Users\kroko\AppData\Local\Temp\ccgRiGst.s 			page 13


 708 004c 9168     		ldr	r1, [r2, #8]
 709 004e 89B1     		cbz	r1, .L118
 710 0050 C5F8D402 		str	r0, [r5, #724]
 711 0054 9368     		ldr	r3, [r2, #8]
 712 0056 2146     		mov	r1, r4
 713 0058 2846     		mov	r0, r5
 714 005a 9847     		blx	r3
 715 005c 0646     		mov	r6, r0
 716 005e 00E0     		b	.L115
 717              	.L117:
 718 0060 0326     		movs	r6, #3
 719              	.L115:
 720 0062 E388     		ldrh	r3, [r4, #6]
 721 0064 002B     		cmp	r3, #0
 722 0066 D9D1     		bne	.L116
 723 0068 002E     		cmp	r6, #0
 724 006a D7D1     		bne	.L116
 725 006c 2846     		mov	r0, r5
 726 006e FFF7FEFF 		bl	USBD_CtlSendStatus
 727 0072 D3E7     		b	.L116
 728              	.L118:
 729 0074 0326     		movs	r6, #3
 730 0076 F4E7     		b	.L115
 731              	.L113:
 732 0078 2146     		mov	r1, r4
 733 007a 2846     		mov	r0, r5
 734 007c FFF7FEFF 		bl	USBD_CtlError
 735 0080 0026     		movs	r6, #0
 736 0082 CBE7     		b	.L116
 738              		.section	.text.USBD_StdEPReq,"ax",%progbits
 739              		.align	1
 740              		.global	USBD_StdEPReq
 741              		.syntax unified
 742              		.thumb
 743              		.thumb_func
 745              	USBD_StdEPReq:
 746              		@ args = 0, pretend = 0, frame = 0
 747              		@ frame_needed = 0, uses_anonymous_args = 0
 748 0000 2DE9F041 		push	{r4, r5, r6, r7, r8, lr}
 749 0004 0646     		mov	r6, r0
 750 0006 0D46     		mov	r5, r1
 751 0008 8B88     		ldrh	r3, [r1, #4]
 752 000a DFB2     		uxtb	r7, r3
 753 000c 0C78     		ldrb	r4, [r1]	@ zero_extendqisi2
 754 000e 04F06004 		and	r4, r4, #96
 755 0012 202C     		cmp	r4, #32
 756 0014 08D0     		beq	.L122
 757 0016 402C     		cmp	r4, #64
 758 0018 06D0     		beq	.L122
 759 001a DCB1     		cbz	r4, .L123
 760 001c FFF7FEFF 		bl	USBD_CtlError
 761 0020 0024     		movs	r4, #0
 762              	.L125:
 763 0022 2046     		mov	r0, r4
 764 0024 BDE8F081 		pop	{r4, r5, r6, r7, r8, pc}
 765              	.L122:
 766 0028 3946     		mov	r1, r7
ARM GAS  C:\Users\kroko\AppData\Local\Temp\ccgRiGst.s 			page 14


 767 002a 3046     		mov	r0, r6
 768 002c FFF7FEFF 		bl	USBD_CoreFindEP
 769 0030 0446     		mov	r4, r0
 770 0032 0028     		cmp	r0, #0
 771 0034 40F0FC80 		bne	.L154
 772 0038 C6F8D402 		str	r0, [r6, #724]
 773 003c 00F1AE03 		add	r3, r0, #174
 774 0040 56F82330 		ldr	r3, [r6, r3, lsl #2]
 775 0044 9B68     		ldr	r3, [r3, #8]
 776 0046 002B     		cmp	r3, #0
 777 0048 EBD0     		beq	.L125
 778 004a 2946     		mov	r1, r5
 779 004c 3046     		mov	r0, r6
 780 004e 9847     		blx	r3
 781 0050 0446     		mov	r4, r0
 782 0052 E6E7     		b	.L125
 783              	.L123:
 784 0054 91F80180 		ldrb	r8, [r1, #1]	@ zero_extendqisi2
 785 0058 B8F1010F 		cmp	r8, #1
 786 005c 31D0     		beq	.L126
 787 005e B8F1030F 		cmp	r8, #3
 788 0062 05D0     		beq	.L127
 789 0064 B8F1000F 		cmp	r8, #0
 790 0068 67D0     		beq	.L128
 791 006a FFF7FEFF 		bl	USBD_CtlError
 792 006e D8E7     		b	.L125
 793              	.L127:
 794 0070 90F89C32 		ldrb	r3, [r0, #668]	@ zero_extendqisi2
 795 0074 DAB2     		uxtb	r2, r3
 796 0076 022B     		cmp	r3, #2
 797 0078 04D0     		beq	.L130
 798 007a 032A     		cmp	r2, #3
 799 007c 12D0     		beq	.L131
 800 007e FFF7FEFF 		bl	USBD_CtlError
 801 0082 CEE7     		b	.L125
 802              	.L130:
 803 0084 0FB1     		cbz	r7, .L133
 804 0086 802F     		cmp	r7, #128
 805 0088 04D1     		bne	.L162
 806              	.L133:
 807 008a 2946     		mov	r1, r5
 808 008c 3046     		mov	r0, r6
 809 008e FFF7FEFF 		bl	USBD_CtlError
 810 0092 C6E7     		b	.L125
 811              	.L162:
 812 0094 3946     		mov	r1, r7
 813 0096 FFF7FEFF 		bl	USBD_LL_StallEP
 814 009a 8021     		movs	r1, #128
 815 009c 3046     		mov	r0, r6
 816 009e FFF7FEFF 		bl	USBD_LL_StallEP
 817 00a2 BEE7     		b	.L125
 818              	.L131:
 819 00a4 4B88     		ldrh	r3, [r1, #2]
 820 00a6 23B9     		cbnz	r3, .L134
 821 00a8 1FB1     		cbz	r7, .L134
 822 00aa 802F     		cmp	r7, #128
 823 00ac 01D0     		beq	.L134
ARM GAS  C:\Users\kroko\AppData\Local\Temp\ccgRiGst.s 			page 15


 824 00ae CB88     		ldrh	r3, [r1, #6]
 825 00b0 1BB1     		cbz	r3, .L163
 826              	.L134:
 827 00b2 3046     		mov	r0, r6
 828 00b4 FFF7FEFF 		bl	USBD_CtlSendStatus
 829 00b8 B3E7     		b	.L125
 830              	.L163:
 831 00ba 3946     		mov	r1, r7
 832 00bc FFF7FEFF 		bl	USBD_LL_StallEP
 833 00c0 F7E7     		b	.L134
 834              	.L126:
 835 00c2 90F89C32 		ldrb	r3, [r0, #668]	@ zero_extendqisi2
 836 00c6 DAB2     		uxtb	r2, r3
 837 00c8 022B     		cmp	r3, #2
 838 00ca 04D0     		beq	.L135
 839 00cc 032A     		cmp	r2, #3
 840 00ce 12D0     		beq	.L136
 841 00d0 FFF7FEFF 		bl	USBD_CtlError
 842 00d4 A5E7     		b	.L125
 843              	.L135:
 844 00d6 0FB1     		cbz	r7, .L138
 845 00d8 802F     		cmp	r7, #128
 846 00da 04D1     		bne	.L164
 847              	.L138:
 848 00dc 2946     		mov	r1, r5
 849 00de 3046     		mov	r0, r6
 850 00e0 FFF7FEFF 		bl	USBD_CtlError
 851 00e4 9DE7     		b	.L125
 852              	.L164:
 853 00e6 3946     		mov	r1, r7
 854 00e8 FFF7FEFF 		bl	USBD_LL_StallEP
 855 00ec 8021     		movs	r1, #128
 856 00ee 3046     		mov	r0, r6
 857 00f0 FFF7FEFF 		bl	USBD_LL_StallEP
 858 00f4 95E7     		b	.L125
 859              	.L136:
 860 00f6 4B88     		ldrh	r3, [r1, #2]
 861 00f8 002B     		cmp	r3, #0
 862 00fa 92D1     		bne	.L125
 863 00fc 17F07F0F 		tst	r7, #127
 864 0100 17D1     		bne	.L165
 865              	.L139:
 866 0102 3046     		mov	r0, r6
 867 0104 FFF7FEFF 		bl	USBD_CtlSendStatus
 868 0108 3946     		mov	r1, r7
 869 010a 3046     		mov	r0, r6
 870 010c FFF7FEFF 		bl	USBD_CoreFindEP
 871 0110 0028     		cmp	r0, #0
 872 0112 86D1     		bne	.L125
 873 0114 C6F8D402 		str	r0, [r6, #724]
 874 0118 00F1AE02 		add	r2, r0, #174
 875 011c 56F82220 		ldr	r2, [r6, r2, lsl #2]
 876 0120 9268     		ldr	r2, [r2, #8]
 877 0122 002A     		cmp	r2, #0
 878 0124 00F08680 		beq	.L155
 879 0128 2946     		mov	r1, r5
 880 012a 3046     		mov	r0, r6
ARM GAS  C:\Users\kroko\AppData\Local\Temp\ccgRiGst.s 			page 16


 881 012c 9047     		blx	r2
 882 012e 0446     		mov	r4, r0
 883 0130 77E7     		b	.L125
 884              	.L165:
 885 0132 3946     		mov	r1, r7
 886 0134 FFF7FEFF 		bl	USBD_LL_ClearStallEP
 887 0138 E3E7     		b	.L139
 888              	.L128:
 889 013a 90F89C22 		ldrb	r2, [r0, #668]	@ zero_extendqisi2
 890 013e D1B2     		uxtb	r1, r2
 891 0140 022A     		cmp	r2, #2
 892 0142 06D0     		beq	.L140
 893 0144 0329     		cmp	r1, #3
 894 0146 29D0     		beq	.L141
 895 0148 2946     		mov	r1, r5
 896 014a FFF7FEFF 		bl	USBD_CtlError
 897 014e 4446     		mov	r4, r8
 898 0150 67E7     		b	.L125
 899              	.L140:
 900 0152 0FB1     		cbz	r7, .L143
 901 0154 802F     		cmp	r7, #128
 902 0156 13D1     		bne	.L166
 903              	.L143:
 904 0158 13F0800F 		tst	r3, #128
 905 015c 15D1     		bne	.L167
 906 015e 07F07F07 		and	r7, r7, #127
 907 0162 07EB8707 		add	r7, r7, r7, lsl #2
 908 0166 B900     		lsls	r1, r7, #2
 909 0168 01F5A871 		add	r1, r1, #336
 910 016c 3144     		add	r1, r1, r6
 911 016e 0431     		adds	r1, r1, #4
 912              	.L145:
 913 0170 0023     		movs	r3, #0
 914 0172 0B60     		str	r3, [r1]
 915 0174 0222     		movs	r2, #2
 916 0176 3046     		mov	r0, r6
 917 0178 FFF7FEFF 		bl	USBD_CtlSendData
 918 017c 4446     		mov	r4, r8
 919 017e 50E7     		b	.L125
 920              	.L166:
 921 0180 2946     		mov	r1, r5
 922 0182 FFF7FEFF 		bl	USBD_CtlError
 923 0186 4446     		mov	r4, r8
 924 0188 4BE7     		b	.L125
 925              	.L167:
 926 018a 07F07F07 		and	r7, r7, #127
 927 018e 07EB8707 		add	r7, r7, r7, lsl #2
 928 0192 B900     		lsls	r1, r7, #2
 929 0194 1031     		adds	r1, r1, #16
 930 0196 3144     		add	r1, r1, r6
 931 0198 0431     		adds	r1, r1, #4
 932 019a E9E7     		b	.L145
 933              	.L141:
 934 019c 5BB2     		sxtb	r3, r3
 935 019e 002B     		cmp	r3, #0
 936 01a0 1FDB     		blt	.L168
 937 01a2 07F00F02 		and	r2, r7, #15
ARM GAS  C:\Users\kroko\AppData\Local\Temp\ccgRiGst.s 			page 17


 938 01a6 02EB8202 		add	r2, r2, r2, lsl #2
 939 01aa 00EB8202 		add	r2, r0, r2, lsl #2
 940 01ae B2F86421 		ldrh	r2, [r2, #356]
 941 01b2 22B3     		cbz	r2, .L169
 942              	.L147:
 943 01b4 002B     		cmp	r3, #0
 944 01b6 27DB     		blt	.L170
 945 01b8 07F07F03 		and	r3, r7, #127
 946 01bc 03EB8303 		add	r3, r3, r3, lsl #2
 947 01c0 9C00     		lsls	r4, r3, #2
 948 01c2 04F5A874 		add	r4, r4, #336
 949 01c6 3444     		add	r4, r4, r6
 950 01c8 0434     		adds	r4, r4, #4
 951              	.L149:
 952 01ca 0FB1     		cbz	r7, .L150
 953 01cc 802F     		cmp	r7, #128
 954 01ce 24D1     		bne	.L151
 955              	.L150:
 956 01d0 0023     		movs	r3, #0
 957 01d2 2360     		str	r3, [r4]
 958              	.L152:
 959 01d4 0222     		movs	r2, #2
 960 01d6 2146     		mov	r1, r4
 961 01d8 3046     		mov	r0, r6
 962 01da FFF7FEFF 		bl	USBD_CtlSendData
 963 01de 4446     		mov	r4, r8
 964 01e0 1FE7     		b	.L125
 965              	.L168:
 966 01e2 07F00F02 		and	r2, r7, #15
 967 01e6 02EB8202 		add	r2, r2, r2, lsl #2
 968 01ea 00EB8202 		add	r2, r0, r2, lsl #2
 969 01ee 928C     		ldrh	r2, [r2, #36]
 970 01f0 002A     		cmp	r2, #0
 971 01f2 DFD1     		bne	.L147
 972 01f4 2946     		mov	r1, r5
 973 01f6 FFF7FEFF 		bl	USBD_CtlError
 974 01fa 4446     		mov	r4, r8
 975 01fc 11E7     		b	.L125
 976              	.L169:
 977 01fe 2946     		mov	r1, r5
 978 0200 FFF7FEFF 		bl	USBD_CtlError
 979 0204 4446     		mov	r4, r8
 980 0206 0CE7     		b	.L125
 981              	.L170:
 982 0208 07F07F03 		and	r3, r7, #127
 983 020c 03EB8303 		add	r3, r3, r3, lsl #2
 984 0210 9C00     		lsls	r4, r3, #2
 985 0212 1034     		adds	r4, r4, #16
 986 0214 3444     		add	r4, r4, r6
 987 0216 0434     		adds	r4, r4, #4
 988 0218 D7E7     		b	.L149
 989              	.L151:
 990 021a 3946     		mov	r1, r7
 991 021c 3046     		mov	r0, r6
 992 021e FFF7FEFF 		bl	USBD_LL_IsStallEP
 993 0222 10B1     		cbz	r0, .L153
 994 0224 0123     		movs	r3, #1
ARM GAS  C:\Users\kroko\AppData\Local\Temp\ccgRiGst.s 			page 18


 995 0226 2360     		str	r3, [r4]
 996 0228 D4E7     		b	.L152
 997              	.L153:
 998 022a 0023     		movs	r3, #0
 999 022c 2360     		str	r3, [r4]
 1000 022e D1E7     		b	.L152
 1001              	.L154:
 1002 0230 0024     		movs	r4, #0
 1003 0232 F6E6     		b	.L125
 1004              	.L155:
 1005 0234 0446     		mov	r4, r0
 1006 0236 F4E6     		b	.L125
 1008              		.section	.text.USBD_GetString,"ax",%progbits
 1009              		.align	1
 1010              		.global	USBD_GetString
 1011              		.syntax unified
 1012              		.thumb
 1013              		.thumb_func
 1015              	USBD_GetString:
 1016              		@ args = 0, pretend = 0, frame = 0
 1017              		@ frame_needed = 0, uses_anonymous_args = 0
 1018 0000 00B3     		cbz	r0, .L178
 1019 0002 70B5     		push	{r4, r5, r6, lr}
 1020 0004 0D46     		mov	r5, r1
 1021 0006 1646     		mov	r6, r2
 1022 0008 0446     		mov	r4, r0
 1023 000a FFF7FEFF 		bl	USBD_GetLen
 1024 000e 0130     		adds	r0, r0, #1
 1025 0010 4300     		lsls	r3, r0, #1
 1026 0012 B3F5007F 		cmp	r3, #512
 1027 0016 06D8     		bhi	.L176
 1028 0018 9BB2     		uxth	r3, r3
 1029              	.L173:
 1030 001a 3380     		strh	r3, [r6]	@ movhi
 1031 001c 2B70     		strb	r3, [r5]
 1032 001e 0323     		movs	r3, #3
 1033 0020 6B70     		strb	r3, [r5, #1]
 1034 0022 0223     		movs	r3, #2
 1035 0024 0AE0     		b	.L174
 1036              	.L176:
 1037 0026 4FF40073 		mov	r3, #512
 1038 002a F6E7     		b	.L173
 1039              	.L175:
 1040 002c EA54     		strb	r2, [r5, r3]
 1041 002e 0134     		adds	r4, r4, #1
 1042 0030 5A1C     		adds	r2, r3, #1
 1043 0032 D2B2     		uxtb	r2, r2
 1044 0034 0021     		movs	r1, #0
 1045 0036 A954     		strb	r1, [r5, r2]
 1046 0038 0233     		adds	r3, r3, #2
 1047 003a DBB2     		uxtb	r3, r3
 1048              	.L174:
 1049 003c 2278     		ldrb	r2, [r4]	@ zero_extendqisi2
 1050 003e 002A     		cmp	r2, #0
 1051 0040 F4D1     		bne	.L175
 1052 0042 70BD     		pop	{r4, r5, r6, pc}
 1053              	.L178:
ARM GAS  C:\Users\kroko\AppData\Local\Temp\ccgRiGst.s 			page 19


 1054 0044 7047     		bx	lr
 1056              		.section	.bss.cfgidx.0,"aw",%nobits
 1059              	cfgidx.0:
 1060 0000 00       		.space	1
 1061              		.ident	"GCC: (Arm GNU Toolchain 14.2.Rel1 (Build arm-14.52)) 14.2.1 20241119"
ARM GAS  C:\Users\kroko\AppData\Local\Temp\ccgRiGst.s 			page 20


DEFINED SYMBOLS
                            *ABS*:00000000 usbd_ctlreq.c
C:\Users\kroko\AppData\Local\Temp\ccgRiGst.s:18     .text.USBD_GetLen:00000000 $t
C:\Users\kroko\AppData\Local\Temp\ccgRiGst.s:23     .text.USBD_GetLen:00000000 USBD_GetLen
C:\Users\kroko\AppData\Local\Temp\ccgRiGst.s:41     .text.USBD_ParseSetupRequest:00000000 $t
C:\Users\kroko\AppData\Local\Temp\ccgRiGst.s:47     .text.USBD_ParseSetupRequest:00000000 USBD_ParseSetupRequest
C:\Users\kroko\AppData\Local\Temp\ccgRiGst.s:70     .text.USBD_CtlError:00000000 $t
C:\Users\kroko\AppData\Local\Temp\ccgRiGst.s:76     .text.USBD_CtlError:00000000 USBD_CtlError
C:\Users\kroko\AppData\Local\Temp\ccgRiGst.s:89     .text.USBD_GetDescriptor:00000000 $t
C:\Users\kroko\AppData\Local\Temp\ccgRiGst.s:94     .text.USBD_GetDescriptor:00000000 USBD_GetDescriptor
C:\Users\kroko\AppData\Local\Temp\ccgRiGst.s:110    .text.USBD_GetDescriptor:0000001e $d
C:\Users\kroko\AppData\Local\Temp\ccgRiGst.s:183    .text.USBD_GetDescriptor:000000ae $d
C:\Users\kroko\AppData\Local\Temp\ccgRiGst.s:189    .text.USBD_GetDescriptor:000000b4 $t
C:\Users\kroko\AppData\Local\Temp\ccgRiGst.s:310    .text.USBD_SetAddress:00000000 $t
C:\Users\kroko\AppData\Local\Temp\ccgRiGst.s:315    .text.USBD_SetAddress:00000000 USBD_SetAddress
C:\Users\kroko\AppData\Local\Temp\ccgRiGst.s:354    .text.USBD_SetConfig:00000000 $t
C:\Users\kroko\AppData\Local\Temp\ccgRiGst.s:359    .text.USBD_SetConfig:00000000 USBD_SetConfig
C:\Users\kroko\AppData\Local\Temp\ccgRiGst.s:454    .text.USBD_SetConfig:000000c8 $d
C:\Users\kroko\AppData\Local\Temp\ccgRiGst.s:1059   .bss.cfgidx.0:00000000 cfgidx.0
C:\Users\kroko\AppData\Local\Temp\ccgRiGst.s:457    .text.USBD_GetConfig:00000000 $t
C:\Users\kroko\AppData\Local\Temp\ccgRiGst.s:462    .text.USBD_GetConfig:00000000 USBD_GetConfig
C:\Users\kroko\AppData\Local\Temp\ccgRiGst.s:497    .text.USBD_GetStatus:00000000 $t
C:\Users\kroko\AppData\Local\Temp\ccgRiGst.s:502    .text.USBD_GetStatus:00000000 USBD_GetStatus
C:\Users\kroko\AppData\Local\Temp\ccgRiGst.s:533    .text.USBD_SetFeature:00000000 $t
C:\Users\kroko\AppData\Local\Temp\ccgRiGst.s:538    .text.USBD_SetFeature:00000000 USBD_SetFeature
C:\Users\kroko\AppData\Local\Temp\ccgRiGst.s:562    .text.USBD_ClrFeature:00000000 $t
C:\Users\kroko\AppData\Local\Temp\ccgRiGst.s:567    .text.USBD_ClrFeature:00000000 USBD_ClrFeature
C:\Users\kroko\AppData\Local\Temp\ccgRiGst.s:590    .text.USBD_StdDevReq:00000000 $t
C:\Users\kroko\AppData\Local\Temp\ccgRiGst.s:596    .text.USBD_StdDevReq:00000000 USBD_StdDevReq
C:\Users\kroko\AppData\Local\Temp\ccgRiGst.s:626    .text.USBD_StdDevReq:00000038 $d
C:\Users\kroko\AppData\Local\Temp\ccgRiGst.s:636    .text.USBD_StdDevReq:00000042 $t
C:\Users\kroko\AppData\Local\Temp\ccgRiGst.s:665    .text.USBD_StdItfReq:00000000 $t
C:\Users\kroko\AppData\Local\Temp\ccgRiGst.s:671    .text.USBD_StdItfReq:00000000 USBD_StdItfReq
C:\Users\kroko\AppData\Local\Temp\ccgRiGst.s:739    .text.USBD_StdEPReq:00000000 $t
C:\Users\kroko\AppData\Local\Temp\ccgRiGst.s:745    .text.USBD_StdEPReq:00000000 USBD_StdEPReq
C:\Users\kroko\AppData\Local\Temp\ccgRiGst.s:1009   .text.USBD_GetString:00000000 $t
C:\Users\kroko\AppData\Local\Temp\ccgRiGst.s:1015   .text.USBD_GetString:00000000 USBD_GetString
C:\Users\kroko\AppData\Local\Temp\ccgRiGst.s:1060   .bss.cfgidx.0:00000000 $d
C:\Users\kroko\AppData\Local\Temp\ccgRiGst.s:125    .text.USBD_GetDescriptor:0000002d $d
C:\Users\kroko\AppData\Local\Temp\ccgRiGst.s:125    .text.USBD_GetDescriptor:0000002e $t

UNDEFINED SYMBOLS
USBD_LL_StallEP
USBD_CtlSendData
USBD_CtlSendStatus
USBD_LL_SetUSBAddress
USBD_ClrClassConfig
USBD_SetClassConfig
USBD_CoreFindIF
USBD_CoreFindEP
USBD_LL_ClearStallEP
USBD_LL_IsStallEP
