ARM GAS  C:\Users\kroko\AppData\Local\Temp\ccGn0cDk.s 			page 1


   1              		.cpu cortex-m4
   2              		.arch armv7e-m
   3              		.fpu fpv4-sp-d16
   4              		.eabi_attribute 27, 1
   5              		.eabi_attribute 28, 1
   6              		.eabi_attribute 20, 1
   7              		.eabi_attribute 21, 1
   8              		.eabi_attribute 23, 3
   9              		.eabi_attribute 24, 1
  10              		.eabi_attribute 25, 1
  11              		.eabi_attribute 26, 1
  12              		.eabi_attribute 30, 1
  13              		.eabi_attribute 34, 1
  14              		.eabi_attribute 18, 4
  15              		.file	"usbd_core.c"
  16              		.text
  17              		.section	.text.USBD_Init,"ax",%progbits
  18              		.align	1
  19              		.global	USBD_Init
  20              		.syntax unified
  21              		.thumb
  22              		.thumb_func
  24              	USBD_Init:
  25              		@ args = 0, pretend = 0, frame = 0
  26              		@ frame_needed = 0, uses_anonymous_args = 0
  27 0000 98B1     		cbz	r0, .L4
  28 0002 08B5     		push	{r3, lr}
  29 0004 0346     		mov	r3, r0
  30 0006 0020     		movs	r0, #0
  31 0008 C3F8B802 		str	r0, [r3, #696]
  32 000c C3F8C402 		str	r0, [r3, #708]
  33 0010 C3F8D002 		str	r0, [r3, #720]
  34 0014 09B1     		cbz	r1, .L3
  35 0016 C3F8B412 		str	r1, [r3, #692]
  36              	.L3:
  37 001a 0121     		movs	r1, #1
  38 001c 83F89C12 		strb	r1, [r3, #668]
  39 0020 1A70     		strb	r2, [r3]
  40 0022 1846     		mov	r0, r3
  41 0024 FFF7FEFF 		bl	USBD_LL_Init
  42 0028 08BD     		pop	{r3, pc}
  43              	.L4:
  44 002a 0320     		movs	r0, #3
  45 002c 7047     		bx	lr
  47              		.section	.text.USBD_DeInit,"ax",%progbits
  48              		.align	1
  49              		.global	USBD_DeInit
  50              		.syntax unified
  51              		.thumb
  52              		.thumb_func
  54              	USBD_DeInit:
  55              		@ args = 0, pretend = 0, frame = 0
  56              		@ frame_needed = 0, uses_anonymous_args = 0
  57 0000 10B5     		push	{r4, lr}
  58 0002 0446     		mov	r4, r0
  59 0004 FFF7FEFF 		bl	USBD_LL_Stop
  60 0008 0123     		movs	r3, #1
ARM GAS  C:\Users\kroko\AppData\Local\Temp\ccGn0cDk.s 			page 2


  61 000a 84F89C32 		strb	r3, [r4, #668]
  62 000e D4F8B832 		ldr	r3, [r4, #696]
  63 0012 1BB1     		cbz	r3, .L10
  64 0014 5B68     		ldr	r3, [r3, #4]
  65 0016 2179     		ldrb	r1, [r4, #4]	@ zero_extendqisi2
  66 0018 2046     		mov	r0, r4
  67 001a 9847     		blx	r3
  68              	.L10:
  69 001c 0023     		movs	r3, #0
  70 001e C4F8C432 		str	r3, [r4, #708]
  71 0022 C4F8B432 		str	r3, [r4, #692]
  72 0026 C4F8D032 		str	r3, [r4, #720]
  73 002a 2046     		mov	r0, r4
  74 002c FFF7FEFF 		bl	USBD_LL_DeInit
  75 0030 10BD     		pop	{r4, pc}
  77              		.section	.text.USBD_RegisterClass,"ax",%progbits
  78              		.align	1
  79              		.global	USBD_RegisterClass
  80              		.syntax unified
  81              		.thumb
  82              		.thumb_func
  84              	USBD_RegisterClass:
  85              		@ args = 0, pretend = 0, frame = 8
  86              		@ frame_needed = 0, uses_anonymous_args = 0
  87 0000 10B5     		push	{r4, lr}
  88 0002 82B0     		sub	sp, sp, #8
  89 0004 0023     		movs	r3, #0
  90 0006 ADF80630 		strh	r3, [sp, #6]	@ movhi
  91 000a B9B1     		cbz	r1, .L15
  92 000c 0446     		mov	r4, r0
  93 000e C0F8B812 		str	r1, [r0, #696]
  94 0012 D0F8D422 		ldr	r2, [r0, #724]
  95 0016 CB6A     		ldr	r3, [r1, #44]
  96 0018 43B1     		cbz	r3, .L14
  97 001a AE32     		adds	r2, r2, #174
  98 001c 50F82230 		ldr	r3, [r0, r2, lsl #2]
  99 0020 DB6A     		ldr	r3, [r3, #44]
 100 0022 0DF10600 		add	r0, sp, #6
 101 0026 9847     		blx	r3
 102 0028 C4F8D002 		str	r0, [r4, #720]
 103              	.L14:
 104 002c D4F8D832 		ldr	r3, [r4, #728]
 105 0030 0133     		adds	r3, r3, #1
 106 0032 C4F8D832 		str	r3, [r4, #728]
 107 0036 0020     		movs	r0, #0
 108              	.L13:
 109 0038 02B0     		add	sp, sp, #8
 110              		@ sp needed
 111 003a 10BD     		pop	{r4, pc}
 112              	.L15:
 113 003c 0320     		movs	r0, #3
 114 003e FBE7     		b	.L13
 116              		.section	.text.USBD_Start,"ax",%progbits
 117              		.align	1
 118              		.global	USBD_Start
 119              		.syntax unified
 120              		.thumb
ARM GAS  C:\Users\kroko\AppData\Local\Temp\ccGn0cDk.s 			page 3


 121              		.thumb_func
 123              	USBD_Start:
 124              		@ args = 0, pretend = 0, frame = 0
 125              		@ frame_needed = 0, uses_anonymous_args = 0
 126 0000 08B5     		push	{r3, lr}
 127 0002 FFF7FEFF 		bl	USBD_LL_Start
 128 0006 08BD     		pop	{r3, pc}
 130              		.section	.text.USBD_Stop,"ax",%progbits
 131              		.align	1
 132              		.global	USBD_Stop
 133              		.syntax unified
 134              		.thumb
 135              		.thumb_func
 137              	USBD_Stop:
 138              		@ args = 0, pretend = 0, frame = 0
 139              		@ frame_needed = 0, uses_anonymous_args = 0
 140 0000 10B5     		push	{r4, lr}
 141 0002 0446     		mov	r4, r0
 142 0004 FFF7FEFF 		bl	USBD_LL_Stop
 143 0008 D4F8B832 		ldr	r3, [r4, #696]
 144 000c 1BB1     		cbz	r3, .L20
 145 000e 5B68     		ldr	r3, [r3, #4]
 146 0010 2179     		ldrb	r1, [r4, #4]	@ zero_extendqisi2
 147 0012 2046     		mov	r0, r4
 148 0014 9847     		blx	r3
 149              	.L20:
 150 0016 0020     		movs	r0, #0
 151 0018 10BD     		pop	{r4, pc}
 153              		.section	.text.USBD_RunTestMode,"ax",%progbits
 154              		.align	1
 155              		.global	USBD_RunTestMode
 156              		.syntax unified
 157              		.thumb
 158              		.thumb_func
 160              	USBD_RunTestMode:
 161              		@ args = 0, pretend = 0, frame = 0
 162              		@ frame_needed = 0, uses_anonymous_args = 0
 163              		@ link register save eliminated.
 164 0000 0020     		movs	r0, #0
 165 0002 7047     		bx	lr
 167              		.section	.text.USBD_SetClassConfig,"ax",%progbits
 168              		.align	1
 169              		.global	USBD_SetClassConfig
 170              		.syntax unified
 171              		.thumb
 172              		.thumb_func
 174              	USBD_SetClassConfig:
 175              		@ args = 0, pretend = 0, frame = 0
 176              		@ frame_needed = 0, uses_anonymous_args = 0
 177 0000 08B5     		push	{r3, lr}
 178 0002 D0F8B832 		ldr	r3, [r0, #696]
 179 0006 13B1     		cbz	r3, .L25
 180 0008 1B68     		ldr	r3, [r3]
 181 000a 9847     		blx	r3
 182              	.L24:
 183 000c 08BD     		pop	{r3, pc}
 184              	.L25:
ARM GAS  C:\Users\kroko\AppData\Local\Temp\ccGn0cDk.s 			page 4


 185 000e 0020     		movs	r0, #0
 186 0010 FCE7     		b	.L24
 188              		.section	.text.USBD_ClrClassConfig,"ax",%progbits
 189              		.align	1
 190              		.global	USBD_ClrClassConfig
 191              		.syntax unified
 192              		.thumb
 193              		.thumb_func
 195              	USBD_ClrClassConfig:
 196              		@ args = 0, pretend = 0, frame = 0
 197              		@ frame_needed = 0, uses_anonymous_args = 0
 198 0000 08B5     		push	{r3, lr}
 199 0002 D0F8B832 		ldr	r3, [r0, #696]
 200 0006 5B68     		ldr	r3, [r3, #4]
 201 0008 9847     		blx	r3
 202 000a 00B9     		cbnz	r0, .L31
 203              	.L28:
 204 000c 08BD     		pop	{r3, pc}
 205              	.L31:
 206 000e 0320     		movs	r0, #3
 207 0010 FCE7     		b	.L28
 209              		.section	.text.USBD_LL_SetupStage,"ax",%progbits
 210              		.align	1
 211              		.global	USBD_LL_SetupStage
 212              		.syntax unified
 213              		.thumb
 214              		.thumb_func
 216              	USBD_LL_SetupStage:
 217              		@ args = 0, pretend = 0, frame = 0
 218              		@ frame_needed = 0, uses_anonymous_args = 0
 219 0000 38B5     		push	{r3, r4, r5, lr}
 220 0002 0446     		mov	r4, r0
 221 0004 00F2AA25 		addw	r5, r0, #682
 222 0008 2846     		mov	r0, r5
 223 000a FFF7FEFF 		bl	USBD_ParseSetupRequest
 224 000e 0123     		movs	r3, #1
 225 0010 C4F89432 		str	r3, [r4, #660]
 226 0014 B4F8B032 		ldrh	r3, [r4, #688]
 227 0018 C4F89832 		str	r3, [r4, #664]
 228 001c 94F8AA12 		ldrb	r1, [r4, #682]	@ zero_extendqisi2
 229 0020 01F01F03 		and	r3, r1, #31
 230 0024 012B     		cmp	r3, #1
 231 0026 07D0     		beq	.L33
 232 0028 022B     		cmp	r3, #2
 233 002a 0AD0     		beq	.L34
 234 002c 73B9     		cbnz	r3, .L35
 235 002e 2946     		mov	r1, r5
 236 0030 2046     		mov	r0, r4
 237 0032 FFF7FEFF 		bl	USBD_StdDevReq
 238              	.L36:
 239 0036 38BD     		pop	{r3, r4, r5, pc}
 240              	.L33:
 241 0038 2946     		mov	r1, r5
 242 003a 2046     		mov	r0, r4
 243 003c FFF7FEFF 		bl	USBD_StdItfReq
 244 0040 F9E7     		b	.L36
 245              	.L34:
ARM GAS  C:\Users\kroko\AppData\Local\Temp\ccGn0cDk.s 			page 5


 246 0042 2946     		mov	r1, r5
 247 0044 2046     		mov	r0, r4
 248 0046 FFF7FEFF 		bl	USBD_StdEPReq
 249 004a F4E7     		b	.L36
 250              	.L35:
 251 004c 01F08001 		and	r1, r1, #128
 252 0050 2046     		mov	r0, r4
 253 0052 FFF7FEFF 		bl	USBD_LL_StallEP
 254 0056 EEE7     		b	.L36
 256              		.section	.text.USBD_LL_Reset,"ax",%progbits
 257              		.align	1
 258              		.global	USBD_LL_Reset
 259              		.syntax unified
 260              		.thumb
 261              		.thumb_func
 263              	USBD_LL_Reset:
 264              		@ args = 0, pretend = 0, frame = 0
 265              		@ frame_needed = 0, uses_anonymous_args = 0
 266 0000 F8B5     		push	{r3, r4, r5, r6, r7, lr}
 267 0002 0446     		mov	r4, r0
 268 0004 0123     		movs	r3, #1
 269 0006 80F89C32 		strb	r3, [r0, #668]
 270 000a 0023     		movs	r3, #0
 271 000c C0F89432 		str	r3, [r0, #660]
 272 0010 4360     		str	r3, [r0, #4]
 273 0012 C0F8A432 		str	r3, [r0, #676]
 274 0016 80F8A032 		strb	r3, [r0, #672]
 275 001a D0F8B832 		ldr	r3, [r0, #696]
 276 001e DBB1     		cbz	r3, .L40
 277 0020 5B68     		ldr	r3, [r3, #4]
 278 0022 DBB1     		cbz	r3, .L41
 279 0024 0021     		movs	r1, #0
 280 0026 9847     		blx	r3
 281 0028 0746     		mov	r7, r0
 282 002a C8B9     		cbnz	r0, .L44
 283              	.L39:
 284 002c 4023     		movs	r3, #64
 285 002e 0022     		movs	r2, #0
 286 0030 1146     		mov	r1, r2
 287 0032 2046     		mov	r0, r4
 288 0034 FFF7FEFF 		bl	USBD_LL_OpenEP
 289 0038 0126     		movs	r6, #1
 290 003a A4F86461 		strh	r6, [r4, #356]	@ movhi
 291 003e 4025     		movs	r5, #64
 292 0040 C4F86051 		str	r5, [r4, #352]
 293 0044 2B46     		mov	r3, r5
 294 0046 0022     		movs	r2, #0
 295 0048 8021     		movs	r1, #128
 296 004a 2046     		mov	r0, r4
 297 004c FFF7FEFF 		bl	USBD_LL_OpenEP
 298 0050 A684     		strh	r6, [r4, #36]	@ movhi
 299 0052 2562     		str	r5, [r4, #32]
 300 0054 3846     		mov	r0, r7
 301 0056 F8BD     		pop	{r3, r4, r5, r6, r7, pc}
 302              	.L40:
 303 0058 0027     		movs	r7, #0
 304 005a E7E7     		b	.L39
ARM GAS  C:\Users\kroko\AppData\Local\Temp\ccGn0cDk.s 			page 6


 305              	.L41:
 306 005c 0027     		movs	r7, #0
 307 005e E5E7     		b	.L39
 308              	.L44:
 309 0060 0327     		movs	r7, #3
 310 0062 E3E7     		b	.L39
 312              		.section	.text.USBD_LL_SetSpeed,"ax",%progbits
 313              		.align	1
 314              		.global	USBD_LL_SetSpeed
 315              		.syntax unified
 316              		.thumb
 317              		.thumb_func
 319              	USBD_LL_SetSpeed:
 320              		@ args = 0, pretend = 0, frame = 0
 321              		@ frame_needed = 0, uses_anonymous_args = 0
 322              		@ link register save eliminated.
 323 0000 0174     		strb	r1, [r0, #16]
 324 0002 0020     		movs	r0, #0
 325 0004 7047     		bx	lr
 327              		.section	.text.USBD_LL_Suspend,"ax",%progbits
 328              		.align	1
 329              		.global	USBD_LL_Suspend
 330              		.syntax unified
 331              		.thumb
 332              		.thumb_func
 334              	USBD_LL_Suspend:
 335              		@ args = 0, pretend = 0, frame = 0
 336              		@ frame_needed = 0, uses_anonymous_args = 0
 337              		@ link register save eliminated.
 338 0000 90F89C32 		ldrb	r3, [r0, #668]	@ zero_extendqisi2
 339 0004 042B     		cmp	r3, #4
 340 0006 04D0     		beq	.L47
 341 0008 90F89C32 		ldrb	r3, [r0, #668]	@ zero_extendqisi2
 342 000c DBB2     		uxtb	r3, r3
 343 000e 80F89D32 		strb	r3, [r0, #669]
 344              	.L47:
 345 0012 0423     		movs	r3, #4
 346 0014 80F89C32 		strb	r3, [r0, #668]
 347 0018 0020     		movs	r0, #0
 348 001a 7047     		bx	lr
 350              		.section	.text.USBD_LL_Resume,"ax",%progbits
 351              		.align	1
 352              		.global	USBD_LL_Resume
 353              		.syntax unified
 354              		.thumb
 355              		.thumb_func
 357              	USBD_LL_Resume:
 358              		@ args = 0, pretend = 0, frame = 0
 359              		@ frame_needed = 0, uses_anonymous_args = 0
 360              		@ link register save eliminated.
 361 0000 90F89C32 		ldrb	r3, [r0, #668]	@ zero_extendqisi2
 362 0004 042B     		cmp	r3, #4
 363 0006 01D0     		beq	.L50
 364              	.L49:
 365 0008 0020     		movs	r0, #0
 366 000a 7047     		bx	lr
 367              	.L50:
ARM GAS  C:\Users\kroko\AppData\Local\Temp\ccGn0cDk.s 			page 7


 368 000c 90F89D32 		ldrb	r3, [r0, #669]	@ zero_extendqisi2
 369 0010 DBB2     		uxtb	r3, r3
 370 0012 80F89C32 		strb	r3, [r0, #668]
 371 0016 F7E7     		b	.L49
 373              		.section	.text.USBD_LL_SOF,"ax",%progbits
 374              		.align	1
 375              		.global	USBD_LL_SOF
 376              		.syntax unified
 377              		.thumb
 378              		.thumb_func
 380              	USBD_LL_SOF:
 381              		@ args = 0, pretend = 0, frame = 0
 382              		@ frame_needed = 0, uses_anonymous_args = 0
 383 0000 08B5     		push	{r3, lr}
 384 0002 90F89C32 		ldrb	r3, [r0, #668]	@ zero_extendqisi2
 385 0006 032B     		cmp	r3, #3
 386 0008 01D0     		beq	.L54
 387              	.L52:
 388 000a 0020     		movs	r0, #0
 389 000c 08BD     		pop	{r3, pc}
 390              	.L54:
 391 000e D0F8B832 		ldr	r3, [r0, #696]
 392 0012 002B     		cmp	r3, #0
 393 0014 F9D0     		beq	.L52
 394 0016 DB69     		ldr	r3, [r3, #28]
 395 0018 002B     		cmp	r3, #0
 396 001a F6D0     		beq	.L52
 397 001c 9847     		blx	r3
 398 001e F4E7     		b	.L52
 400              		.section	.text.USBD_LL_IsoINIncomplete,"ax",%progbits
 401              		.align	1
 402              		.global	USBD_LL_IsoINIncomplete
 403              		.syntax unified
 404              		.thumb
 405              		.thumb_func
 407              	USBD_LL_IsoINIncomplete:
 408              		@ args = 0, pretend = 0, frame = 0
 409              		@ frame_needed = 0, uses_anonymous_args = 0
 410 0000 08B5     		push	{r3, lr}
 411 0002 D0F8D432 		ldr	r3, [r0, #724]
 412 0006 AE33     		adds	r3, r3, #174
 413 0008 50F82330 		ldr	r3, [r0, r3, lsl #2]
 414 000c 53B1     		cbz	r3, .L57
 415 000e 90F89C22 		ldrb	r2, [r0, #668]	@ zero_extendqisi2
 416 0012 032A     		cmp	r2, #3
 417 0014 01D0     		beq	.L61
 418 0016 0020     		movs	r0, #0
 419              	.L56:
 420 0018 08BD     		pop	{r3, pc}
 421              	.L61:
 422 001a 1B6A     		ldr	r3, [r3, #32]
 423 001c 23B1     		cbz	r3, .L59
 424 001e 9847     		blx	r3
 425 0020 0020     		movs	r0, #0
 426 0022 F9E7     		b	.L56
 427              	.L57:
 428 0024 0320     		movs	r0, #3
ARM GAS  C:\Users\kroko\AppData\Local\Temp\ccGn0cDk.s 			page 8


 429 0026 F7E7     		b	.L56
 430              	.L59:
 431 0028 0020     		movs	r0, #0
 432 002a F5E7     		b	.L56
 434              		.section	.text.USBD_LL_IsoOUTIncomplete,"ax",%progbits
 435              		.align	1
 436              		.global	USBD_LL_IsoOUTIncomplete
 437              		.syntax unified
 438              		.thumb
 439              		.thumb_func
 441              	USBD_LL_IsoOUTIncomplete:
 442              		@ args = 0, pretend = 0, frame = 0
 443              		@ frame_needed = 0, uses_anonymous_args = 0
 444 0000 08B5     		push	{r3, lr}
 445 0002 D0F8D432 		ldr	r3, [r0, #724]
 446 0006 AE33     		adds	r3, r3, #174
 447 0008 50F82330 		ldr	r3, [r0, r3, lsl #2]
 448 000c 53B1     		cbz	r3, .L64
 449 000e 90F89C22 		ldrb	r2, [r0, #668]	@ zero_extendqisi2
 450 0012 032A     		cmp	r2, #3
 451 0014 01D0     		beq	.L68
 452 0016 0020     		movs	r0, #0
 453              	.L63:
 454 0018 08BD     		pop	{r3, pc}
 455              	.L68:
 456 001a 5B6A     		ldr	r3, [r3, #36]
 457 001c 23B1     		cbz	r3, .L66
 458 001e 9847     		blx	r3
 459 0020 0020     		movs	r0, #0
 460 0022 F9E7     		b	.L63
 461              	.L64:
 462 0024 0320     		movs	r0, #3
 463 0026 F7E7     		b	.L63
 464              	.L66:
 465 0028 0020     		movs	r0, #0
 466 002a F5E7     		b	.L63
 468              		.section	.text.USBD_LL_DevConnected,"ax",%progbits
 469              		.align	1
 470              		.global	USBD_LL_DevConnected
 471              		.syntax unified
 472              		.thumb
 473              		.thumb_func
 475              	USBD_LL_DevConnected:
 476              		@ args = 0, pretend = 0, frame = 0
 477              		@ frame_needed = 0, uses_anonymous_args = 0
 478              		@ link register save eliminated.
 479 0000 0020     		movs	r0, #0
 480 0002 7047     		bx	lr
 482              		.section	.text.USBD_LL_DevDisconnected,"ax",%progbits
 483              		.align	1
 484              		.global	USBD_LL_DevDisconnected
 485              		.syntax unified
 486              		.thumb
 487              		.thumb_func
 489              	USBD_LL_DevDisconnected:
 490              		@ args = 0, pretend = 0, frame = 0
 491              		@ frame_needed = 0, uses_anonymous_args = 0
ARM GAS  C:\Users\kroko\AppData\Local\Temp\ccGn0cDk.s 			page 9


 492 0000 08B5     		push	{r3, lr}
 493 0002 0123     		movs	r3, #1
 494 0004 80F89C32 		strb	r3, [r0, #668]
 495 0008 D0F8B832 		ldr	r3, [r0, #696]
 496 000c 23B1     		cbz	r3, .L72
 497 000e 5B68     		ldr	r3, [r3, #4]
 498 0010 0179     		ldrb	r1, [r0, #4]	@ zero_extendqisi2
 499 0012 9847     		blx	r3
 500 0014 10B9     		cbnz	r0, .L75
 501              	.L71:
 502 0016 08BD     		pop	{r3, pc}
 503              	.L72:
 504 0018 0020     		movs	r0, #0
 505 001a FCE7     		b	.L71
 506              	.L75:
 507 001c 0320     		movs	r0, #3
 508 001e FAE7     		b	.L71
 510              		.section	.text.USBD_CoreFindIF,"ax",%progbits
 511              		.align	1
 512              		.global	USBD_CoreFindIF
 513              		.syntax unified
 514              		.thumb
 515              		.thumb_func
 517              	USBD_CoreFindIF:
 518              		@ args = 0, pretend = 0, frame = 0
 519              		@ frame_needed = 0, uses_anonymous_args = 0
 520              		@ link register save eliminated.
 521 0000 0020     		movs	r0, #0
 522 0002 7047     		bx	lr
 524              		.section	.text.USBD_CoreFindEP,"ax",%progbits
 525              		.align	1
 526              		.global	USBD_CoreFindEP
 527              		.syntax unified
 528              		.thumb
 529              		.thumb_func
 531              	USBD_CoreFindEP:
 532              		@ args = 0, pretend = 0, frame = 0
 533              		@ frame_needed = 0, uses_anonymous_args = 0
 534              		@ link register save eliminated.
 535 0000 0020     		movs	r0, #0
 536 0002 7047     		bx	lr
 538              		.section	.text.USBD_LL_DataOutStage,"ax",%progbits
 539              		.align	1
 540              		.global	USBD_LL_DataOutStage
 541              		.syntax unified
 542              		.thumb
 543              		.thumb_func
 545              	USBD_LL_DataOutStage:
 546              		@ args = 0, pretend = 0, frame = 0
 547              		@ frame_needed = 0, uses_anonymous_args = 0
 548 0000 38B5     		push	{r3, r4, r5, lr}
 549 0002 0446     		mov	r4, r0
 550 0004 0D46     		mov	r5, r1
 551 0006 0029     		cmp	r1, #0
 552 0008 41D1     		bne	.L79
 553 000a 1346     		mov	r3, r2
 554 000c D0F89422 		ldr	r2, [r0, #660]
ARM GAS  C:\Users\kroko\AppData\Local\Temp\ccGn0cDk.s 			page 10


 555 0010 032A     		cmp	r2, #3
 556 0012 01D0     		beq	.L90
 557 0014 0846     		mov	r0, r1
 558              	.L80:
 559 0016 38BD     		pop	{r3, r4, r5, pc}
 560              	.L90:
 561 0018 D0F85C11 		ldr	r1, [r0, #348]
 562 001c D0F86021 		ldr	r2, [r0, #352]
 563 0020 9142     		cmp	r1, r2
 564 0022 09D8     		bhi	.L91
 565 0024 90F8AA32 		ldrb	r3, [r0, #682]	@ zero_extendqisi2
 566 0028 03F01F03 		and	r3, r3, #31
 567 002c 012B     		cmp	r3, #1
 568 002e 0ED0     		beq	.L82
 569 0030 022B     		cmp	r3, #2
 570 0032 1AD0     		beq	.L83
 571 0034 2846     		mov	r0, r5
 572 0036 0FE0     		b	.L84
 573              	.L91:
 574 0038 891A     		subs	r1, r1, r2
 575 003a C0F85C11 		str	r1, [r0, #348]
 576 003e 8A42     		cmp	r2, r1
 577 0040 28BF     		it	cs
 578 0042 0A46     		movcs	r2, r1
 579 0044 1946     		mov	r1, r3
 580 0046 FFF7FEFF 		bl	USBD_CtlContinueRx
 581 004a 2846     		mov	r0, r5
 582 004c E3E7     		b	.L80
 583              	.L82:
 584 004e 90F8AE12 		ldrb	r1, [r0, #686]	@ zero_extendqisi2
 585 0052 FFF7FEFF 		bl	USBD_CoreFindIF
 586              	.L85:
 587 0056 18B9     		cbnz	r0, .L86
 588              	.L84:
 589 0058 94F89C32 		ldrb	r3, [r4, #668]	@ zero_extendqisi2
 590 005c 032B     		cmp	r3, #3
 591 005e 09D0     		beq	.L92
 592              	.L86:
 593 0060 2046     		mov	r0, r4
 594 0062 FFF7FEFF 		bl	USBD_CtlSendStatus
 595 0066 2846     		mov	r0, r5
 596 0068 D5E7     		b	.L80
 597              	.L83:
 598 006a 90F8AE12 		ldrb	r1, [r0, #686]	@ zero_extendqisi2
 599 006e FFF7FEFF 		bl	USBD_CoreFindEP
 600 0072 F0E7     		b	.L85
 601              	.L92:
 602 0074 00F1AE03 		add	r3, r0, #174
 603 0078 54F82330 		ldr	r3, [r4, r3, lsl #2]
 604 007c 1A69     		ldr	r2, [r3, #16]
 605 007e 002A     		cmp	r2, #0
 606 0080 EED0     		beq	.L86
 607 0082 C4F8D402 		str	r0, [r4, #724]
 608 0086 1B69     		ldr	r3, [r3, #16]
 609 0088 2046     		mov	r0, r4
 610 008a 9847     		blx	r3
 611 008c E8E7     		b	.L86
ARM GAS  C:\Users\kroko\AppData\Local\Temp\ccGn0cDk.s 			page 11


 612              	.L79:
 613 008e 01F07F01 		and	r1, r1, #127
 614 0092 FFF7FEFF 		bl	USBD_CoreFindEP
 615 0096 88B9     		cbnz	r0, .L88
 616 0098 94F89C32 		ldrb	r3, [r4, #668]	@ zero_extendqisi2
 617 009c 032B     		cmp	r3, #3
 618 009e BAD1     		bne	.L80
 619 00a0 00F1AE03 		add	r3, r0, #174
 620 00a4 54F82330 		ldr	r3, [r4, r3, lsl #2]
 621 00a8 9A69     		ldr	r2, [r3, #24]
 622 00aa 002A     		cmp	r2, #0
 623 00ac B3D0     		beq	.L80
 624 00ae C4F8D402 		str	r0, [r4, #724]
 625 00b2 9B69     		ldr	r3, [r3, #24]
 626 00b4 2946     		mov	r1, r5
 627 00b6 2046     		mov	r0, r4
 628 00b8 9847     		blx	r3
 629 00ba ACE7     		b	.L80
 630              	.L88:
 631 00bc 0020     		movs	r0, #0
 632 00be AAE7     		b	.L80
 634              		.section	.text.USBD_LL_DataInStage,"ax",%progbits
 635              		.align	1
 636              		.global	USBD_LL_DataInStage
 637              		.syntax unified
 638              		.thumb
 639              		.thumb_func
 641              	USBD_LL_DataInStage:
 642              		@ args = 0, pretend = 0, frame = 0
 643              		@ frame_needed = 0, uses_anonymous_args = 0
 644 0000 38B5     		push	{r3, r4, r5, lr}
 645 0002 0446     		mov	r4, r0
 646 0004 0D46     		mov	r5, r1
 647 0006 0029     		cmp	r1, #0
 648 0008 4AD1     		bne	.L94
 649 000a 1346     		mov	r3, r2
 650 000c D0F89422 		ldr	r2, [r0, #660]
 651 0010 022A     		cmp	r2, #2
 652 0012 07D0     		beq	.L102
 653              	.L95:
 654 0014 94F8A002 		ldrb	r0, [r4, #672]	@ zero_extendqisi2
 655 0018 18B1     		cbz	r0, .L99
 656 001a 0023     		movs	r3, #0
 657 001c 84F8A032 		strb	r3, [r4, #672]
 658 0020 2846     		mov	r0, r5
 659              	.L99:
 660 0022 38BD     		pop	{r3, r4, r5, pc}
 661              	.L102:
 662 0024 C269     		ldr	r2, [r0, #28]
 663 0026 016A     		ldr	r1, [r0, #32]
 664 0028 8A42     		cmp	r2, r1
 665 002a 0DD8     		bhi	.L103
 666 002c 8A42     		cmp	r2, r1
 667 002e 17D0     		beq	.L104
 668              	.L97:
 669 0030 94F89C32 		ldrb	r3, [r4, #668]	@ zero_extendqisi2
 670 0034 032B     		cmp	r3, #3
ARM GAS  C:\Users\kroko\AppData\Local\Temp\ccGn0cDk.s 			page 12


 671 0036 27D0     		beq	.L105
 672              	.L98:
 673 0038 8021     		movs	r1, #128
 674 003a 2046     		mov	r0, r4
 675 003c FFF7FEFF 		bl	USBD_LL_StallEP
 676 0040 2046     		mov	r0, r4
 677 0042 FFF7FEFF 		bl	USBD_CtlReceiveStatus
 678 0046 E5E7     		b	.L95
 679              	.L103:
 680 0048 521A     		subs	r2, r2, r1
 681 004a C261     		str	r2, [r0, #28]
 682 004c 1946     		mov	r1, r3
 683 004e FFF7FEFF 		bl	USBD_CtlContinueSendData
 684 0052 0023     		movs	r3, #0
 685 0054 1A46     		mov	r2, r3
 686 0056 1946     		mov	r1, r3
 687 0058 2046     		mov	r0, r4
 688 005a FFF7FEFF 		bl	USBD_LL_PrepareReceive
 689 005e D9E7     		b	.L95
 690              	.L104:
 691 0060 8369     		ldr	r3, [r0, #24]
 692 0062 9942     		cmp	r1, r3
 693 0064 E4D8     		bhi	.L97
 694 0066 D0F89822 		ldr	r2, [r0, #664]
 695 006a 9342     		cmp	r3, r2
 696 006c E0D2     		bcs	.L97
 697 006e 0022     		movs	r2, #0
 698 0070 1146     		mov	r1, r2
 699 0072 FFF7FEFF 		bl	USBD_CtlContinueSendData
 700 0076 0021     		movs	r1, #0
 701 0078 C4F89812 		str	r1, [r4, #664]
 702 007c 0B46     		mov	r3, r1
 703 007e 0A46     		mov	r2, r1
 704 0080 2046     		mov	r0, r4
 705 0082 FFF7FEFF 		bl	USBD_LL_PrepareReceive
 706 0086 C5E7     		b	.L95
 707              	.L105:
 708 0088 D4F8B832 		ldr	r3, [r4, #696]
 709 008c DA68     		ldr	r2, [r3, #12]
 710 008e 002A     		cmp	r2, #0
 711 0090 D2D0     		beq	.L98
 712 0092 0022     		movs	r2, #0
 713 0094 C4F8D422 		str	r2, [r4, #724]
 714 0098 DB68     		ldr	r3, [r3, #12]
 715 009a 2046     		mov	r0, r4
 716 009c 9847     		blx	r3
 717 009e CBE7     		b	.L98
 718              	.L94:
 719 00a0 41F08001 		orr	r1, r1, #128
 720 00a4 FFF7FEFF 		bl	USBD_CoreFindEP
 721 00a8 88B9     		cbnz	r0, .L100
 722 00aa 94F89C32 		ldrb	r3, [r4, #668]	@ zero_extendqisi2
 723 00ae 032B     		cmp	r3, #3
 724 00b0 B7D1     		bne	.L99
 725 00b2 00F1AE03 		add	r3, r0, #174
 726 00b6 54F82330 		ldr	r3, [r4, r3, lsl #2]
 727 00ba 5A69     		ldr	r2, [r3, #20]
ARM GAS  C:\Users\kroko\AppData\Local\Temp\ccGn0cDk.s 			page 13


 728 00bc 002A     		cmp	r2, #0
 729 00be B0D0     		beq	.L99
 730 00c0 C4F8D402 		str	r0, [r4, #724]
 731 00c4 5B69     		ldr	r3, [r3, #20]
 732 00c6 2946     		mov	r1, r5
 733 00c8 2046     		mov	r0, r4
 734 00ca 9847     		blx	r3
 735 00cc A9E7     		b	.L99
 736              	.L100:
 737 00ce 0020     		movs	r0, #0
 738 00d0 A7E7     		b	.L99
 740              		.section	.text.USBD_GetNextDesc,"ax",%progbits
 741              		.align	1
 742              		.global	USBD_GetNextDesc
 743              		.syntax unified
 744              		.thumb
 745              		.thumb_func
 747              	USBD_GetNextDesc:
 748              		@ args = 0, pretend = 0, frame = 0
 749              		@ frame_needed = 0, uses_anonymous_args = 0
 750              		@ link register save eliminated.
 751 0000 0B88     		ldrh	r3, [r1]
 752 0002 0278     		ldrb	r2, [r0]	@ zero_extendqisi2
 753 0004 1344     		add	r3, r3, r2
 754 0006 0B80     		strh	r3, [r1]	@ movhi
 755 0008 0378     		ldrb	r3, [r0]	@ zero_extendqisi2
 756 000a 1844     		add	r0, r0, r3
 757 000c 7047     		bx	lr
 759              		.section	.text.USBD_GetEpDesc,"ax",%progbits
 760              		.align	1
 761              		.global	USBD_GetEpDesc
 762              		.syntax unified
 763              		.thumb
 764              		.thumb_func
 766              	USBD_GetEpDesc:
 767              		@ args = 0, pretend = 0, frame = 8
 768              		@ frame_needed = 0, uses_anonymous_args = 0
 769 0000 4288     		ldrh	r2, [r0, #2]	@ unaligned
 770 0002 0378     		ldrb	r3, [r0]	@ zero_extendqisi2
 771 0004 9A42     		cmp	r2, r3
 772 0006 18D9     		bls	.L111
 773 0008 30B5     		push	{r4, r5, lr}
 774 000a 83B0     		sub	sp, sp, #12
 775 000c 0446     		mov	r4, r0
 776 000e 0D46     		mov	r5, r1
 777 0010 ADF80630 		strh	r3, [sp, #6]	@ movhi
 778              	.L109:
 779 0014 6388     		ldrh	r3, [r4, #2]	@ unaligned
 780 0016 BDF80620 		ldrh	r2, [sp, #6]
 781 001a 9A42     		cmp	r2, r3
 782 001c 0AD2     		bcs	.L116
 783 001e 0DF10601 		add	r1, sp, #6
 784 0022 FFF7FEFF 		bl	USBD_GetNextDesc
 785 0026 4378     		ldrb	r3, [r0, #1]	@ zero_extendqisi2
 786 0028 052B     		cmp	r3, #5
 787 002a F3D1     		bne	.L109
 788 002c 8378     		ldrb	r3, [r0, #2]	@ zero_extendqisi2
ARM GAS  C:\Users\kroko\AppData\Local\Temp\ccGn0cDk.s 			page 14


 789 002e AB42     		cmp	r3, r5
 790 0030 F0D1     		bne	.L109
 791 0032 00E0     		b	.L107
 792              	.L116:
 793 0034 0020     		movs	r0, #0
 794              	.L107:
 795 0036 03B0     		add	sp, sp, #12
 796              		@ sp needed
 797 0038 30BD     		pop	{r4, r5, pc}
 798              	.L111:
 799 003a 0020     		movs	r0, #0
 800 003c 7047     		bx	lr
 802              		.ident	"GCC: (Arm GNU Toolchain 14.2.Rel1 (Build arm-14.52)) 14.2.1 20241119"
ARM GAS  C:\Users\kroko\AppData\Local\Temp\ccGn0cDk.s 			page 15


DEFINED SYMBOLS
                            *ABS*:00000000 usbd_core.c
C:\Users\kroko\AppData\Local\Temp\ccGn0cDk.s:18     .text.USBD_Init:00000000 $t
C:\Users\kroko\AppData\Local\Temp\ccGn0cDk.s:24     .text.USBD_Init:00000000 USBD_Init
C:\Users\kroko\AppData\Local\Temp\ccGn0cDk.s:48     .text.USBD_DeInit:00000000 $t
C:\Users\kroko\AppData\Local\Temp\ccGn0cDk.s:54     .text.USBD_DeInit:00000000 USBD_DeInit
C:\Users\kroko\AppData\Local\Temp\ccGn0cDk.s:78     .text.USBD_RegisterClass:00000000 $t
C:\Users\kroko\AppData\Local\Temp\ccGn0cDk.s:84     .text.USBD_RegisterClass:00000000 USBD_RegisterClass
C:\Users\kroko\AppData\Local\Temp\ccGn0cDk.s:117    .text.USBD_Start:00000000 $t
C:\Users\kroko\AppData\Local\Temp\ccGn0cDk.s:123    .text.USBD_Start:00000000 USBD_Start
C:\Users\kroko\AppData\Local\Temp\ccGn0cDk.s:131    .text.USBD_Stop:00000000 $t
C:\Users\kroko\AppData\Local\Temp\ccGn0cDk.s:137    .text.USBD_Stop:00000000 USBD_Stop
C:\Users\kroko\AppData\Local\Temp\ccGn0cDk.s:154    .text.USBD_RunTestMode:00000000 $t
C:\Users\kroko\AppData\Local\Temp\ccGn0cDk.s:160    .text.USBD_RunTestMode:00000000 USBD_RunTestMode
C:\Users\kroko\AppData\Local\Temp\ccGn0cDk.s:168    .text.USBD_SetClassConfig:00000000 $t
C:\Users\kroko\AppData\Local\Temp\ccGn0cDk.s:174    .text.USBD_SetClassConfig:00000000 USBD_SetClassConfig
C:\Users\kroko\AppData\Local\Temp\ccGn0cDk.s:189    .text.USBD_ClrClassConfig:00000000 $t
C:\Users\kroko\AppData\Local\Temp\ccGn0cDk.s:195    .text.USBD_ClrClassConfig:00000000 USBD_ClrClassConfig
C:\Users\kroko\AppData\Local\Temp\ccGn0cDk.s:210    .text.USBD_LL_SetupStage:00000000 $t
C:\Users\kroko\AppData\Local\Temp\ccGn0cDk.s:216    .text.USBD_LL_SetupStage:00000000 USBD_LL_SetupStage
C:\Users\kroko\AppData\Local\Temp\ccGn0cDk.s:257    .text.USBD_LL_Reset:00000000 $t
C:\Users\kroko\AppData\Local\Temp\ccGn0cDk.s:263    .text.USBD_LL_Reset:00000000 USBD_LL_Reset
C:\Users\kroko\AppData\Local\Temp\ccGn0cDk.s:313    .text.USBD_LL_SetSpeed:00000000 $t
C:\Users\kroko\AppData\Local\Temp\ccGn0cDk.s:319    .text.USBD_LL_SetSpeed:00000000 USBD_LL_SetSpeed
C:\Users\kroko\AppData\Local\Temp\ccGn0cDk.s:328    .text.USBD_LL_Suspend:00000000 $t
C:\Users\kroko\AppData\Local\Temp\ccGn0cDk.s:334    .text.USBD_LL_Suspend:00000000 USBD_LL_Suspend
C:\Users\kroko\AppData\Local\Temp\ccGn0cDk.s:351    .text.USBD_LL_Resume:00000000 $t
C:\Users\kroko\AppData\Local\Temp\ccGn0cDk.s:357    .text.USBD_LL_Resume:00000000 USBD_LL_Resume
C:\Users\kroko\AppData\Local\Temp\ccGn0cDk.s:374    .text.USBD_LL_SOF:00000000 $t
C:\Users\kroko\AppData\Local\Temp\ccGn0cDk.s:380    .text.USBD_LL_SOF:00000000 USBD_LL_SOF
C:\Users\kroko\AppData\Local\Temp\ccGn0cDk.s:401    .text.USBD_LL_IsoINIncomplete:00000000 $t
C:\Users\kroko\AppData\Local\Temp\ccGn0cDk.s:407    .text.USBD_LL_IsoINIncomplete:00000000 USBD_LL_IsoINIncomplete
C:\Users\kroko\AppData\Local\Temp\ccGn0cDk.s:435    .text.USBD_LL_IsoOUTIncomplete:00000000 $t
C:\Users\kroko\AppData\Local\Temp\ccGn0cDk.s:441    .text.USBD_LL_IsoOUTIncomplete:00000000 USBD_LL_IsoOUTIncomplete
C:\Users\kroko\AppData\Local\Temp\ccGn0cDk.s:469    .text.USBD_LL_DevConnected:00000000 $t
C:\Users\kroko\AppData\Local\Temp\ccGn0cDk.s:475    .text.USBD_LL_DevConnected:00000000 USBD_LL_DevConnected
C:\Users\kroko\AppData\Local\Temp\ccGn0cDk.s:483    .text.USBD_LL_DevDisconnected:00000000 $t
C:\Users\kroko\AppData\Local\Temp\ccGn0cDk.s:489    .text.USBD_LL_DevDisconnected:00000000 USBD_LL_DevDisconnected
C:\Users\kroko\AppData\Local\Temp\ccGn0cDk.s:511    .text.USBD_CoreFindIF:00000000 $t
C:\Users\kroko\AppData\Local\Temp\ccGn0cDk.s:517    .text.USBD_CoreFindIF:00000000 USBD_CoreFindIF
C:\Users\kroko\AppData\Local\Temp\ccGn0cDk.s:525    .text.USBD_CoreFindEP:00000000 $t
C:\Users\kroko\AppData\Local\Temp\ccGn0cDk.s:531    .text.USBD_CoreFindEP:00000000 USBD_CoreFindEP
C:\Users\kroko\AppData\Local\Temp\ccGn0cDk.s:539    .text.USBD_LL_DataOutStage:00000000 $t
C:\Users\kroko\AppData\Local\Temp\ccGn0cDk.s:545    .text.USBD_LL_DataOutStage:00000000 USBD_LL_DataOutStage
C:\Users\kroko\AppData\Local\Temp\ccGn0cDk.s:635    .text.USBD_LL_DataInStage:00000000 $t
C:\Users\kroko\AppData\Local\Temp\ccGn0cDk.s:641    .text.USBD_LL_DataInStage:00000000 USBD_LL_DataInStage
C:\Users\kroko\AppData\Local\Temp\ccGn0cDk.s:741    .text.USBD_GetNextDesc:00000000 $t
C:\Users\kroko\AppData\Local\Temp\ccGn0cDk.s:747    .text.USBD_GetNextDesc:00000000 USBD_GetNextDesc
C:\Users\kroko\AppData\Local\Temp\ccGn0cDk.s:760    .text.USBD_GetEpDesc:00000000 $t
C:\Users\kroko\AppData\Local\Temp\ccGn0cDk.s:766    .text.USBD_GetEpDesc:00000000 USBD_GetEpDesc

UNDEFINED SYMBOLS
USBD_LL_Init
USBD_LL_Stop
USBD_LL_DeInit
USBD_LL_Start
USBD_ParseSetupRequest
ARM GAS  C:\Users\kroko\AppData\Local\Temp\ccGn0cDk.s 			page 16


USBD_StdDevReq
USBD_StdItfReq
USBD_StdEPReq
USBD_LL_StallEP
USBD_LL_OpenEP
USBD_CtlContinueRx
USBD_CtlSendStatus
USBD_CtlReceiveStatus
USBD_CtlContinueSendData
USBD_LL_PrepareReceive
